
Fixed structural parameters:
  gamma_k     = 0.112077
  gamma_l     = 0.855870
  rho         = 0.815675
  sigma_eps   = 0.038731
  sigma_fixed = 3.147246  (fixed = mu/(mu-1) from ACF markup)
  exit_rate   = 0.057326

Calibration targets (base period):
  med_capx/rev = 0.0451
  pct_neg      = 10.8140%

Normalization: phi_0 = 0.0000  (base period)
Fixed:         sigma = 3.147246  (from structural_parameters)

Loaded initial guesses from /gpfs/projects/p32386/Demand_Shifting/data/calibrated_investment_params.csv:
  alpha_a_init = 0.463670
  alpha_k_init = 0.826898

============================================================
Phase 1: Solve for alpha_a, alpha_k  (2 params, 2 moments)
  phi_0  = 0.0000  (normalized)
  sigma  = 3.147246  (fixed from structural_parameters)
  Targets: capx/rev=0.0451  pct_neg@1980=10.81%
============================================================
aa=0.4681 ak=0.5776 | inv=0.0307 pct=11.65% | ||res||=0.328541
aa=0.1300 ak=0.4093 | inv=0.0207 pct=5.73% | ||res||=0.715925
aa=0.5016 ak=0.2725 | inv=0.0139 pct=13.08% | ||res||=0.723291
aa=0.2725 ak=0.4766 | inv=0.0245 pct=5.73% | ||res||=0.655041
aa=0.6745 ak=0.2279 | inv=0.0116 pct=18.40% | ||res||=1.020790
aa=0.2386 ak=0.7820 | inv=0.0407 pct=5.73% | ||res||=0.479619
aa=0.3446 ak=0.1761 | inv=0.0088 pct=11.10% | ||res||=0.805675
aa=0.8546 ak=0.5970 | inv=0.0351 pct=28.43% | ||res||=1.644289
aa=0.7643 ak=0.6747 | inv=0.0396 pct=24.34% | ||res||=1.256636
aa=0.6466 ak=0.8433 | inv=0.0488 pct=20.03% | ||res||=0.856476
aa=0.1102 ak=0.2770 | inv=0.0138 pct=5.73% | ||res||=0.837388
aa=0.2396 ak=0.5417 | inv=0.0279 pct=5.73% | ||res||=0.604782
aa=0.3093 ak=0.7190 | inv=0.0378 pct=5.73% | ||res||=0.497064
aa=0.3946 ak=0.3595 | inv=0.0184 pct=11.14% | ||res||=0.592113
aa=0.4181 ak=0.7858 | inv=0.0423 pct=6.91% | ||res||=0.365916
aa=0.3593 ak=0.8433 | inv=0.0449 pct=6.25% | ||res||=0.422092
aa=0.7256 ak=0.4828 | inv=0.0264 pct=21.28% | ||res||=1.052940
aa=0.8323 ak=0.5033 | inv=0.0284 pct=26.53% | ||res||=1.499450
aa=0.8066 ak=0.4476 | inv=0.0247 pct=25.33% | ||res||=1.416468
aa=0.7126 ak=0.8024 | inv=0.0474 pct=21.86% | ||res||=1.022731
aa=0.5572 ak=0.2725 | inv=0.0139 pct=16.23% | ||res||=0.853412
aa=0.3593 ak=0.6141 | inv=0.0324 pct=6.50% | ||res||=0.488140
aa=0.5885 ak=0.4766 | inv=0.0254 pct=16.23% | ||res||=0.664728
aa=0.3093 ak=0.5008 | inv=0.0259 pct=5.73% | ||res||=0.633848
aa=0.2396 ak=0.6129 | inv=0.0316 pct=5.73% | ||res||=0.556336
aa=0.2596 ak=0.6544 | inv=0.0341 pct=5.73% | ||res||=0.529431
aa=0.4401 ak=0.4093 | inv=0.0212 pct=11.14% | ||res||=0.530841
aa=0.4009 ak=0.4084 | inv=0.0210 pct=11.14% | ||res||=0.533725
aa=0.4072 ak=0.3685 | inv=0.0189 pct=11.14% | ||res||=0.580717
aa=0.5778 ak=0.6342 | inv=0.0346 pct=16.28% | ||res||=0.556468
aa=0.5098 ak=0.6813 | inv=0.0371 pct=14.17% | ||res||=0.357192
aa=0.3673 ak=0.5264 | inv=0.0274 pct=7.87% | ||res||=0.476718
aa=0.3557 ak=0.6678 | inv=0.0352 pct=6.08% | ||res||=0.489299
aa=0.5588 ak=0.3559 | inv=0.0185 pct=16.23% | ||res||=0.773932
aa=0.2774 ak=0.6071 | inv=0.0315 pct=5.73% | ||res||=0.557859
aa=0.3681 ak=0.7190 | inv=0.0382 pct=7.16% | ||res||=0.370338
aa=0.2858 ak=0.7521 | inv=0.0395 pct=5.73% | ||res||=0.485706
aa=0.5778 ak=0.6913 | inv=0.0382 pct=16.25% | ||res||=0.524508
aa=0.5189 ak=0.7521 | inv=0.0413 pct=14.78% | ||res||=0.375861
aa=0.7504 ak=0.5954 | inv=0.0337 pct=22.97% | ||res||=1.152146
aa=0.5248 ak=0.6476 | inv=0.0348 pct=15.32% | ||res||=0.474842
aa=0.2386 ak=0.5312 | inv=0.0273 pct=5.73% | ||res||=0.612881
aa=0.5193 ak=0.7253 | inv=0.0398 pct=14.84% | ||res||=0.389947
aa=0.5193 ak=0.7253 | inv=0.0398 pct=14.84% | ||res||=0.389947
aa=0.4169 ak=0.4299 | inv=0.0223 pct=11.14% | ||res||=0.506577
aa=0.2774 ak=0.6744 | inv=0.0351 pct=5.73% | ||res||=0.519260
aa=0.3876 ak=0.7373 | inv=0.0394 pct=7.34% | ||res||=0.344675
aa=0.4731 ak=0.3795 | inv=0.0196 pct=11.17% | ||res||=0.565408
aa=0.6434 ak=0.5589 | inv=0.0305 pct=18.24% | ||res||=0.758728
aa=0.5486 ak=0.7521 | inv=0.0417 pct=15.95% | ||res||=0.481057
aa=0.4635 ak=0.6422 | inv=0.0346 pct=11.20% | ||res||=0.234518
aa=0.4681 ak=0.4604 | inv=0.0241 pct=11.18% | ||res||=0.466650
aa=0.4945 ak=0.6682 | inv=0.0362 pct=13.07% | ||res||=0.286627
aa=0.4945 ak=0.6682 | inv=0.0362 pct=13.07% | ||res||=0.286627
aa=0.3899 ak=0.6617 | inv=0.0350 pct=8.23% | ||res||=0.326912
aa=0.3899 ak=0.6617 | inv=0.0350 pct=8.23% | ||res||=0.326912
aa=0.3690 ak=0.6279 | inv=0.0330 pct=7.33% | ||res||=0.419451
aa=0.2386 ak=0.5681 | inv=0.0293 pct=5.73% | ||res||=0.585481
aa=0.5316 ak=0.5264 | inv=0.0280 pct=16.18% | ||res||=0.623718
aa=0.5873 ak=0.8433 | inv=0.0478 pct=16.33% | ||res||=0.513707
