
Fixed structural parameters:
  gamma_k   = 0.112077
  gamma_l   = 0.855870
  rho       = 0.815675
  sigma_eps = 0.038731
  exit_rate = 0.057326

Calibrated params: alpha_a=0.463670  alpha_k=0.826898

============================================================
Sigma scan: 20 points in [1.1, 15.0]
  phi=0, alpha_a=0.4637, alpha_k=0.8269
============================================================

Numba JIT warmup — compiling @njit functions on tiny 3x3x3 grid...
Numba JIT warmup complete.

Solving anchor: sigma_lo = 1.1000...
  lo anchor: W=0.0599  c=0.1352  P_M=4.2908
Solving anchor: sigma_hi = 15.0000...
  hi anchor: W=0.7752  c=0.8635  P_M=0.8245

Launching Pool with 20 workers for 20 sigma values...

  sigma=1.1000: W=0.0599  c=0.1352  P_M=4.2908  pct_neg=13.24%  res=9.35e-11  ok=True
  sigma=15.0000: W=0.7752  c=0.8635  P_M=0.8245  pct_neg=5.73%  res=8.41e-14  ok=True
  sigma=14.2684: W=0.7721  c=0.8613  P_M=0.8452  pct_neg=5.73%  res=3.38e-12  ok=True
  sigma=13.5368: W=0.7686  c=0.8589  P_M=0.8677  pct_neg=5.73%  res=1.32e-13  ok=True
  sigma=12.8053: W=0.7648  c=0.8563  P_M=0.8922  pct_neg=5.73%  res=3.62e-15  ok=True
  sigma=12.0737: W=0.7605  c=0.8533  P_M=0.9192  pct_neg=5.73%  res=1.28e-11  ok=True
  sigma=11.3421: W=0.7557  c=0.8499  P_M=0.9490  pct_neg=5.73%  res=4.95e-15  ok=True
  sigma=10.6105: W=0.7503  c=0.8462  P_M=0.9821  pct_neg=5.73%  res=2.76e-15  ok=True
  sigma=9.8789: W=0.7440  c=0.8419  P_M=1.0192  pct_neg=5.73%  res=1.62e-11  ok=True
  sigma=1.8316: W=0.3523  c=0.5343  P_M=2.7964  pct_neg=15.58%  res=1.68e-12  ok=True
  sigma=9.1474: W=0.7368  c=0.8369  P_M=1.0611  pct_neg=5.73%  res=6.18e-12  ok=True
  sigma=8.4158: W=0.7284  c=0.8311  P_M=1.1090  pct_neg=5.73%  res=1.98e-10  ok=True
  sigma=2.5632: W=0.4889  c=0.6565  P_M=2.2190  pct_neg=13.35%  res=3.38e-15  ok=True
  sigma=7.6842: W=0.7184  c=0.8242  P_M=1.1643  pct_neg=5.73%  res=9.33e-15  ok=True
  sigma=6.9526: W=0.7063  c=0.8159  P_M=1.2292  pct_neg=5.93%  res=6.64e-13  ok=True
  sigma=3.2947: W=0.5654  c=0.7160  P_M=1.8925  pct_neg=8.62%  res=3.86e-15  ok=True
  sigma=6.2211: W=0.6913  c=0.8056  P_M=1.3068  pct_neg=5.79%  res=6.48e-15  ok=True
  sigma=4.0263: W=0.6141  c=0.7515  P_M=1.6766  pct_neg=7.20%  res=3.78e-11  ok=True
  sigma=5.4895: W=0.6725  c=0.7926  P_M=1.4015  pct_neg=6.40%  res=2.04e-12  ok=True
  sigma=4.7579: W=0.6478  c=0.7754  P_M=1.5206  pct_neg=6.67%  res=2.93e-15  ok=True

Saved 20 equilibria → ./data/data/clean/eqm_sigma_path.pkl

     sigma         W     c_agg       P_M   pct_neg        ok
    1.1000    0.0599    0.1352    4.2908      nan%  True
    1.8316    0.3523    0.5343    2.7964      nan%  True
    2.5632    0.4889    0.6565    2.2190      nan%  True
    3.2947    0.5654    0.7160    1.8925      nan%  True
    4.0263    0.6141    0.7515    1.6766      nan%  True
    4.7579    0.6478    0.7754    1.5206      nan%  True
    5.4895    0.6725    0.7926    1.4015      nan%  True
    6.2211    0.6913    0.8056    1.3068      nan%  True
    6.9526    0.7063    0.8159    1.2292      nan%  True
    7.6842    0.7184    0.8242    1.1643      nan%  True
    8.4158    0.7284    0.8311    1.1090      nan%  True
    9.1474    0.7368    0.8369    1.0611      nan%  True
    9.8789    0.7440    0.8419    1.0192      nan%  True
   10.6105    0.7503    0.8462    0.9821      nan%  True
   11.3421    0.7557    0.8499    0.9490      nan%  True
   12.0737    0.7605    0.8533    0.9192      nan%  True
   12.8053    0.7648    0.8563    0.8922      nan%  True
   13.5368    0.7686    0.8589    0.8677      nan%  True
   14.2684    0.7721    0.8613    0.8452      nan%  True
   15.0000    0.7752    0.8635    0.8245      nan%  True

Fixed structural parameters:
  gamma_k     = 0.112077
  gamma_l     = 0.855870
  rho         = 0.815675
  sigma       = 3.147246  (fixed markup, from ACF)
  sigma_eps_0 = 0.038731  (base period, for JIT warmup)
  exit_rate   = 0.057326

Calibrated params: alpha_a=0.463670  alpha_k=0.826898

============================================================
Sigma_eps scan: 20 points in [0.01, 1.0]
  phi=0, sigma=3.1472, alpha_a=0.4637, alpha_k=0.8269
============================================================

Numba JIT warmup — compiling @njit functions on tiny 3x3x3 grid...
Numba JIT warmup complete.

Solving anchor: sigma_eps_lo = 0.0100...
  lo anchor: W=0.5524  c=0.7062  P_M=1.9479
Solving anchor: sigma_eps_hi = 1.0000...
