
Fixed structural parameters:
  gamma_k     = 0.112026
  gamma_l     = 0.855904
  rho         = 0.815676
  sigma_eps   = 0.038788
  sigma_fixed = 3.144978  (fixed = mu/(mu-1) from ACF markup)
  exit_rate   = 0.057401

Calibration targets (base period):
  med_sga/rev  = 0.0433
  med_capx/rev = 0.0451
  pct_neg      = 10.8529%

Loaded pct_neg by year: 40 years (1980-2019)
Loaded coef_1980 = 0.807577 (from sales_elasticity_m_by_year.csv)

Loaded initial guesses from /gpfs/projects/p32386/Demand_Shifting/calibrated_investment_params.csv:
  alpha_a_init = 0.172749
  alpha_k_init = 0.805817
  phi_init     = 0.057184
  sigma_init   = 3.117382

============================================================
Phase 1: Solve for alpha_a, alpha_k, phi, sigma  (4 params, 3 moments)
  Targets: adv/rev=0.0433  capx/rev=0.0451  pct_neg@1980=10.85%
  sigma_fixed (reference, not imposed) = 3.144978
============================================================
aa=0.3252 ak=0.5494 phi=-0.0557 sigma=7.1856 | adv=0.0308 inv=0.0369 pct=5.74% | ||res||=5.112832
aa=0.2518 ak=0.2028 phi=-0.4735 sigma=5.4799 | adv=0.0164 inv=0.0120 pct=0.16% | ||res||=10.688362
aa=0.3509 ak=0.2357 phi=-0.2759 sigma=9.4134 | adv=0.0189 inv=0.0158 pct=5.74% | ||res||=5.112952
aa=0.4256 ak=0.6250 phi=0.1603 sigma=5.5621 | adv=0.0682 inv=0.0428 pct=9.10% | ||res||=1.753423
aa=0.3024 ak=0.1905 phi=0.0083 sigma=7.8984 | adv=0.0275 inv=0.0126 pct=5.74% | ||res||=5.112938
aa=0.3818 ak=0.5886 phi=0.1329 sigma=5.0705 | adv=0.0640 inv=0.0384 pct=9.35% | ||res||=1.503446
aa=0.4415 ak=0.7668 phi=-0.1489 sigma=3.3718 | adv=0.0798 inv=0.0409 pct=5.74% | ||res||=5.111670
aa=0.4954 ak=0.4815 phi=-0.0323 sigma=3.5060 | adv=0.1006 inv=0.0265 pct=11.20% | ||res||=0.348467
aa=0.2291 ak=0.4309 phi=0.3591 sigma=4.5441 | adv=0.0508 inv=0.0266 pct=6.38% | ||res||=4.475857
aa=0.1231 ak=0.3779 phi=0.2158 sigma=9.6264 | adv=0.0110 inv=0.0263 pct=5.74% | ||res||=5.112946
aa=0.5262 ak=0.3333 phi=-0.1601 sigma=7.6352 | adv=0.0418 inv=0.0221 pct=7.96% | ||res||=2.892073
aa=0.5173 ak=0.4597 phi=0.0943 sigma=7.7771 | adv=0.0555 inv=0.0325 pct=11.15% | ||res||=0.298282
aa=0.4078 ak=0.7285 phi=-0.0160 sigma=8.3472 | adv=0.0355 inv=0.0523 pct=5.74% | ||res||=5.112821
aa=0.6446 ak=0.1542 phi=-0.4495 sigma=6.3266 | adv=0.0386 inv=0.0095 pct=5.74% | ||res||=5.112924
aa=0.2613 ak=0.7502 phi=-0.3450 sigma=8.2704 | adv=0.0143 inv=0.0482 pct=0.52% | ||res||=10.337618
aa=0.6006 ak=0.3099 phi=-0.3677 sigma=7.2718 | adv=0.0366 inv=0.0199 pct=5.74% | ||res||=5.112877
aa=0.4601 ak=0.5265 phi=0.0530 sigma=9.0014 | adv=0.0403 inv=0.0380 pct=6.25% | ||res||=4.601920
aa=0.2122 ak=0.1190 phi=0.4746 sigma=6.4924 | adv=0.0353 inv=0.0076 pct=6.27% | ||res||=4.587806
aa=0.1520 ak=0.7179 phi=-0.2172 sigma=6.6229 | adv=0.0124 inv=0.0450 pct=5.74% | ||res||=5.112903
aa=0.5577 ak=0.7941 phi=-0.2491 sigma=4.7633 | adv=0.0632 inv=0.0476 pct=5.74% | ||res||=5.112773
aa=0.3788 ak=0.6415 phi=-0.2579 sigma=2.4119 | adv=0.0803 inv=0.0269 pct=5.74% | ||res||=5.112977
aa=0.1766 ak=0.5712 phi=0.0432 sigma=6.0980 | adv=0.0213 inv=0.0369 pct=5.74% | ||res||=5.112864
aa=0.1075 ak=0.1642 phi=0.4152 sigma=6.9206 | adv=0.0156 inv=0.0106 pct=5.74% | ||res||=5.113001
aa=0.1861 ak=0.6127 phi=0.3104 sigma=8.9315 | adv=0.0199 inv=0.0443 pct=5.74% | ||res||=5.112864
aa=0.7624 ak=0.1231 phi=-0.4205 sigma=9.2568 | adv=0.0335 inv=0.0082 pct=10.70% | ||res||=0.156469
aa=0.7401 ak=0.2790 phi=-0.3098 sigma=5.7635 | adv=0.0628 inv=0.0171 pct=11.15% | ||res||=0.299777
aa=0.5905 ak=0.5125 phi=0.2473 sigma=4.2147 | adv=0.1483 inv=0.0338 pct=21.82% | ||res||=10.967671
aa=0.8410 ak=0.6762 phi=-0.1043 sigma=5.1547 | adv=0.1174 inv=0.0458 pct=18.74% | ||res||=7.892326
aa=0.7161 ak=0.6837 phi=-0.3892 sigma=8.5812 | adv=0.0362 inv=0.0451 pct=5.76% | ||res||=5.088468
aa=0.6382 ak=0.4763 phi=-0.0965 sigma=1.6272 | adv=0.2512 inv=0.0135 pct=16.25% | ||res||=5.402122
aa=0.2861 ak=0.8456 phi=0.4477 sigma=2.8843 | adv=0.1117 inv=0.0435 pct=13.80% | ||res||=2.944499
aa=0.7246 ak=0.2409 phi=-0.1758 sigma=1.8966 | adv=0.2185 inv=0.0081 pct=16.25% | ||res||=5.400859
aa=0.6786 ak=0.2820 phi=0.2955 sigma=3.9480 | adv=0.1990 inv=0.0172 pct=28.55% | ||res||=17.697376
aa=0.7904 ak=0.3437 phi=0.1822 sigma=3.8182 | adv=0.2257 inv=0.0213 pct=31.65% | ||res||=20.797921
aa=0.8257 ak=0.8952 phi=-0.4817 sigma=2.1311 | adv=0.1277 inv=0.0302 pct=5.77% | ||res||=5.084876
aa=0.5752 ak=0.4054 phi=0.3874 sigma=2.6404 | adv=0.2761 inv=0.0214 pct=30.47% | ||res||=19.620990
aa=0.6961 ak=0.8207 phi=0.1006 sigma=3.0237 | adv=0.2208 inv=0.0512 pct=26.14% | ||res||=15.288405
aa=0.8192 ak=0.8050 phi=0.2580 sigma=9.9422 | adv=0.1016 inv=0.0828 pct=18.95% | ||res||=8.094648
aa=0.4210 ak=0.3936 phi=-0.1564 sigma=6.7458 | adv=0.0376 inv=0.0255 pct=5.74% | ||res||=5.112851
aa=0.2842 ak=0.2649 phi=-0.3703 sigma=6.9206 | adv=0.0178 inv=0.0167 pct=5.74% | ||res||=5.112952
aa=0.2480 ak=0.3099 phi=-0.3677 sigma=6.8721 | adv=0.0157 inv=0.0195 pct=5.58% | ||res||=5.277609
aa=0.4542 ak=0.3057 phi=-0.0542 sigma=7.6584 | adv=0.0407 inv=0.0204 pct=5.98% | ||res||=4.869919
aa=0.2518 ak=0.2428 phi=-0.1877 sigma=6.7649 | adv=0.0211 inv=0.0154 pct=5.74% | ||res||=5.112945
aa=0.3252 ak=0.3169 phi=0.4298 sigma=7.1856 | adv=0.0491 inv=0.0218 pct=10.93% | ||res||=0.084825
aa=0.5745 ak=0.4815 phi=-0.4842 sigma=4.3993 | adv=0.0458 inv=0.0266 pct=5.74% | ||res||=5.112844
aa=0.5742 ak=0.6441 phi=-0.2692 sigma=5.9629 | adv=0.0505 inv=0.0407 pct=5.74% | ||res||=5.112709
aa=0.3416 ak=0.2357 phi=-0.1620 sigma=7.7216 | adv=0.0262 inv=0.0154 pct=5.74% | ||res||=5.112925
aa=0.5542 ak=0.2224 phi=0.0300 sigma=9.0033 | adv=0.0468 inv=0.0152 pct=11.15% | ||res||=0.299342
aa=0.4655 ak=0.3381 phi=-0.3097 sigma=2.6404 | adv=0.0835 inv=0.0151 pct=5.74% | ||res||=5.113056
aa=0.5173 ak=0.4597 phi=0.0943 sigma=5.5196 | adv=0.0787 inv=0.0303 pct=12.24% | ||res||=1.387107
aa=0.4378 ak=0.5443 phi=-0.1601 sigma=7.6352 | adv=0.0347 inv=0.0366 pct=5.74% | ||res||=5.112825
aa=0.4078 ak=0.4539 phi=0.3319 sigma=7.1916 | adv=0.0586 inv=0.0325 pct=11.14% | ||res||=0.291544
aa=0.6382 ak=0.3302 phi=-0.3008 sigma=8.0673 | adv=0.0394 inv=0.0218 pct=6.22% | ||res||=4.635697
aa=0.3045 ak=0.7941 phi=-0.1918 sigma=5.7329 | adv=0.0304 inv=0.0494 pct=5.74% | ||res||=5.112829
aa=0.5290 ak=0.2198 phi=-0.2966 sigma=2.2717 | adv=0.1122 inv=0.0087 pct=9.18% | ||res||=1.672564
aa=0.6814 ak=0.6250 phi=-0.0490 sigma=7.1786 | adv=0.0703 inv=0.0447 pct=12.05% | ||res||=1.198503
aa=0.6446 ak=0.3119 phi=-0.4495 sigma=6.9850 | adv=0.0352 inv=0.0196 pct=5.74% | ||res||=5.112877
aa=0.8934 ak=0.2255 phi=-0.4415 sigma=2.7051 | adv=0.1223 inv=0.0100 pct=11.15% | ||res||=0.310134
aa=0.2078 ak=0.1940 phi=0.2473 sigma=4.2147 | adv=0.0444 inv=0.0110 pct=5.74% | ||res||=5.112885
aa=0.6173 ak=0.2398 phi=-0.1685 sigma=9.2568 | adv=0.0401 inv=0.0163 pct=11.03% | ||res||=0.180979
aa=0.7161 ak=0.5283 phi=0.1208 sigma=8.5812 | adv=0.0769 inv=0.0402 pct=15.63% | ||res||=4.778245
aa=0.3886 ak=0.8247 phi=0.2699 sigma=6.2314 | adv=0.0621 inv=0.0622 pct=6.20% | ||res||=4.653521
aa=0.7286 ak=0.5776 phi=0.2147 sigma=7.2447 | adv=0.1090 inv=0.0461 pct=20.29% | ||res||=9.432643
aa=0.1520 ak=0.7179 phi=0.3187 sigma=6.6229 | adv=0.0218 inv=0.0498 pct=5.74% | ||res||=5.112858
aa=0.3024 ak=0.6261 phi=0.0083 sigma=2.0944 | adv=0.1039 inv=0.0245 pct=6.75% | ||res||=4.108047
aa=0.8740 ak=0.5826 phi=-0.2047 sigma=4.3664 | adv=0.1197 inv=0.0349 pct=16.95% | ||res||=6.097519
aa=0.8802 ak=0.1081 phi=-0.2700 sigma=8.8887 | adv=0.0527 inv=0.0073 pct=5.41% | ||res||=5.442090
aa=0.8309 ak=0.6297 phi=-0.3628 sigma=6.5639 | adv=0.0579 inv=0.0399 pct=11.15% | ||res||=0.292604
aa=0.7916 ak=0.5879 phi=-0.2938 sigma=4.5441 | adv=0.0879 inv=0.0344 pct=11.69% | ||res||=0.841731
aa=0.8442 ak=0.7126 phi=-0.2255 sigma=5.7820 | adv=0.0855 inv=0.0467 pct=14.91% | ||res||=4.060585
aa=0.7809 ak=0.6230 phi=0.1714 sigma=5.3533 | adv=0.1630 inv=0.0479 pct=25.79% | ||res||=14.932794
aa=0.6710 ak=0.2882 phi=0.1822 sigma=3.8182 | adv=0.1724 inv=0.0169 pct=23.98% | ||res||=13.122794
aa=0.6121 ak=0.5212 phi=0.4746 sigma=4.6047 | adv=0.1975 inv=0.0395 pct=31.58% | ||res||=20.730317
aa=0.7476 ak=0.6071 phi=0.2667 sigma=8.3669 | adv=0.1045 inv=0.0517 pct=19.85% | ||res||=8.996606
aa=0.7837 ak=0.2409 phi=0.1380 sigma=3.6835 | adv=0.2066 inv=0.0138 pct=27.76% | ||res||=16.906913
aa=0.7284 ak=0.8456 phi=-0.0761 sigma=8.8795 | adv=0.0606 inv=0.0665 pct=10.91% | ||res||=0.061666
aa=0.8867 ak=0.4921 phi=0.1596 sigma=8.8651 | adv=0.1054 inv=0.0393 pct=22.81% | ||res||=11.954359
aa=0.7388 ak=0.2635 phi=0.4055 sigma=2.1311 | adv=0.7477 inv=0.0128 pct=63.31% | ||res||=52.460966
aa=0.5193 ak=0.3057 phi=-0.2451 sigma=8.7437 | adv=0.0319 inv=0.0205 pct=5.74% | ||res||=5.112882
aa=0.3252 ak=0.3169 phi=0.1101 sigma=7.1856 | adv=0.0366 inv=0.0211 pct=5.74% | ||res||=5.112871
aa=0.6432 ak=0.1000 phi=-0.0483 sigma=7.8350 | adv=0.0571 inv=0.0068 pct=11.15% | ||res||=0.300596
aa=0.5712 ak=0.5879 phi=-0.2938 sigma=4.5441 | adv=0.0628 inv=0.0341 pct=5.74% | ||res||=5.110088
aa=0.4365 ak=0.6250 phi=0.2753 sigma=6.2265 | adv=0.0708 inv=0.0457 pct=10.93% | ||res||=0.083509
aa=0.4792 ak=0.6188 phi=0.0799 sigma=6.4924 | adv=0.0609 inv=0.0434 pct=9.30% | ||res||=1.555456
aa=0.5180 ak=0.5608 phi=-0.3097 sigma=8.5287 | adv=0.0298 inv=0.0375 pct=5.74% | ||res||=5.112834
aa=0.6234 ak=0.5163 phi=-0.1877 sigma=6.7649 | adv=0.0548 inv=0.0341 pct=10.34% | ||res||=0.515385
aa=0.5313 ak=0.8439 phi=-0.4415 sigma=3.9010 | adv=0.0514 inv=0.0432 pct=5.74% | ||res||=5.112817
aa=0.4333 ak=0.7992 phi=-0.4346 sigma=8.8484 | adv=0.0192 inv=0.0512 pct=0.04% | ||res||=10.815833
aa=0.5743 ak=0.4402 phi=-0.0323 sigma=3.5060 | adv=0.1183 inv=0.0243 pct=15.61% | ||res||=4.760799
aa=0.6446 ak=0.2023 phi=0.0660 sigma=6.9850 | adv=0.0745 inv=0.0133 pct=12.56% | ||res||=1.708308
aa=0.6233 ak=0.6347 phi=-0.3098 sigma=9.5124 | adv=0.0325 inv=0.0434 pct=5.74% | ||res||=5.112806
aa=0.6860 ak=0.2213 phi=-0.0489 sigma=7.1410 | adv=0.0680 inv=0.0145 pct=11.16% | ||res||=0.311855
aa=0.1569 ak=0.7744 phi=-0.3514 sigma=7.6922 | adv=0.0091 inv=0.0484 pct=0.00% | ||res||=10.852996
aa=0.6729 ak=0.1552 phi=-0.2463 sigma=6.2314 | adv=0.0578 inv=0.0096 pct=11.15% | ||res||=0.300283
aa=0.5564 ak=0.6261 phi=-0.1948 sigma=2.0944 | adv=0.1502 inv=0.0238 pct=10.11% | ||res||=0.750744
aa=0.4601 ak=0.8599 phi=-0.1288 sigma=9.6117 | adv=0.0306 inv=0.0622 pct=5.74% | ||res||=5.112855
aa=0.7161 ak=0.5283 phi=0.0638 sigma=8.5812 | adv=0.0714 inv=0.0395 pct=14.15% | ||res||=3.298201
aa=0.7664 ak=0.6968 phi=-0.3008 sigma=1.8194 | adv=0.1965 inv=0.0217 pct=13.02% | ||res||=2.172852
aa=0.6833 ak=0.5213 phi=0.0144 sigma=4.3236 | adv=0.1271 inv=0.0328 pct=18.15% | ||res||=7.296165
aa=0.2842 ak=0.8939 phi=0.0873 sigma=7.0645 | adv=0.0320 inv=0.0630 pct=5.74% | ||res||=5.112854
aa=0.6215 ak=0.7124 phi=0.0821 sigma=6.9783 | adv=0.0783 inv=0.0543 pct=11.55% | ||res||=0.694587
aa=0.5480 ak=0.7487 phi=-0.4205 sigma=9.2568 | adv=0.0240 inv=0.0489 pct=5.70% | ||res||=5.149985
aa=0.6549 ak=0.7169 phi=0.0943 sigma=7.7771 | adv=0.0761 inv=0.0565 pct=13.03% | ||res||=2.175239
aa=0.5577 ak=0.7941 phi=-0.0031 sigma=4.7633 | adv=0.0902 inv=0.0529 pct=12.79% | ||res||=1.942476
aa=0.8972 ak=0.5069 phi=-0.2190 sigma=4.2147 | adv=0.1241 inv=0.0295 pct=16.78% | ||res||=5.928912
aa=0.6006 ak=0.8007 phi=-0.3677 sigma=7.2718 | adv=0.0369 inv=0.0511 pct=5.74% | ||res||=5.112818
aa=0.5604 ak=0.8526 phi=0.0146 sigma=5.8088 | adv=0.0767 inv=0.0614 pct=10.54% | ||res||=0.317616
aa=0.7090 ak=0.6808 phi=-0.2868 sigma=8.7776 | adv=0.0420 inv=0.0467 pct=6.57% | ||res||=4.287377
aa=0.7934 ak=0.7566 phi=0.0292 sigma=4.9800 | adv=0.1446 inv=0.0567 pct=22.92% | ||res||=12.067301
aa=0.7090 ak=0.6808 phi=-0.2868 sigma=8.7776 | adv=0.0420 inv=0.0467 pct=6.57% | ||res||=4.287377
aa=0.8630 ak=0.5758 phi=0.1714 sigma=9.2760 | adv=0.1005 inv=0.0483 pct=20.95% | ||res||=10.094656
aa=0.8022 ak=0.8567 phi=-0.4651 sigma=6.4879 | adv=0.0455 inv=0.0511 pct=6.15% | ||res||=4.707128
aa=0.7454 ak=0.8572 phi=-0.1721 sigma=8.9614 | adv=0.0531 inv=0.0641 pct=10.82% | ||res||=0.037237
aa=0.7895 ak=0.8599 phi=-0.1288 sigma=9.6117 | adv=0.0571 inv=0.0671 pct=10.90% | ||res||=0.056840
aa=0.7807 ak=0.8445 phi=0.0400 sigma=2.2717 | adv=0.3081 inv=0.0430 pct=29.98% | ||res||=19.125449
BAD EQM! Bounds: m=0.000 k=0.000
aa=0.7687 ak=0.8637 phi=0.1822 sigma=9.0283 | adv=0.0972 inv=0.0860 pct=13.63% | ||res||=2.773442
aa=0.8257 ak=0.8952 phi=-0.0361 sigma=2.1311 | adv=0.3011 inv=0.0407 pct=27.91% | ||res||=17.062088
BAD EQM! Bounds: m=0.058 k=0.000
aa=0.8371 ak=0.8345 phi=0.1558 sigma=8.5587 | adv=0.1100 inv=0.0826 pct=19.94% | ||res||=9.085398
aa=0.4078 ak=0.4539 phi=-0.1841 sigma=5.3403 | adv=0.0443 inv=0.0278 pct=5.74% | ||res||=5.112840
aa=0.4542 ak=0.3057 phi=0.1011 sigma=8.0579 | adv=0.0461 inv=0.0209 pct=11.15% | ||res||=0.298196
aa=0.5542 ak=0.2224 phi=-0.0706 sigma=8.4180 | adv=0.0446 inv=0.0149 pct=11.13% | ||res||=0.282348
aa=0.4365 ak=0.6390 phi=-0.0748 sigma=7.9059 | adv=0.0375 inv=0.0444 pct=5.74% | ||res||=5.112814
aa=0.5180 ak=0.6760 phi=-0.2032 sigma=7.4602 | adv=0.0401 inv=0.0455 pct=5.74% | ||res||=5.112808
aa=0.5564 ak=0.6118 phi=-0.4639 sigma=2.0944 | adv=0.0947 inv=0.0219 pct=5.74% | ||res||=5.113121
aa=0.6006 ak=0.5189 phi=-0.3677 sigma=9.7781 | adv=0.0276 inv=0.0351 pct=5.74% | ||res||=5.112844
aa=0.3385 ak=0.5265 phi=0.0530 sigma=3.8617 | adv=0.0673 inv=0.0303 pct=5.77% | ||res||=5.078937
aa=0.5936 ak=0.6188 phi=0.0799 sigma=7.0169 | adv=0.0723 inv=0.0452 pct=11.60% | ||res||=0.742999
aa=0.1956 ak=0.5581 phi=-0.3933 sigma=3.6823 | adv=0.0219 inv=0.0289 pct=5.74% | ||res||=5.112880
aa=0.5526 ak=0.6628 phi=-0.1489 sigma=3.3718 | adv=0.1010 inv=0.0357 pct=10.31% | ||res||=0.547051
aa=0.1385 ak=0.7533 phi=-0.3768 sigma=6.1955 | adv=0.0095 inv=0.0449 pct=0.00% | ||res||=10.852994
aa=0.7372 ak=0.2860 phi=-0.2740 sigma=7.5685 | adv=0.0508 inv=0.0187 pct=11.15% | ||res||=0.299089
aa=0.7240 ak=0.5163 phi=-0.1208 sigma=5.6825 | adv=0.0850 inv=0.0339 pct=14.15% | ||res||=3.292998
aa=0.6860 ak=0.5408 phi=-0.2898 sigma=7.1410 | adv=0.0491 inv=0.0355 pct=10.22% | ||res||=0.628299
aa=0.5205 ak=0.8832 phi=-0.1174 sigma=7.3533 | adv=0.0466 inv=0.0624 pct=5.74% | ||res||=5.112814
aa=0.7003 ak=0.5323 phi=-0.0815 sigma=8.3348 | adv=0.0590 inv=0.0380 pct=11.16% | ||res||=0.307630
aa=0.7465 ak=0.7138 phi=-0.2592 sigma=6.2892 | adv=0.0645 inv=0.0466 pct=10.41% | ||res||=0.439792
aa=0.8130 ak=0.5552 phi=-0.2463 sigma=7.7773 | adv=0.0586 inv=0.0377 pct=11.15% | ||res||=0.298476
aa=0.7426 ak=0.7243 phi=-0.2348 sigma=6.6239 | adv=0.0637 inv=0.0486 pct=10.69% | ||res||=0.162683
aa=0.5604 ak=0.8526 phi=-0.4316 sigma=7.2398 | adv=0.0305 inv=0.0527 pct=5.74% | ||res||=5.112832
aa=0.7426 ak=0.6333 phi=-0.2348 sigma=6.6239 | adv=0.0634 inv=0.0419 pct=11.11% | ||res||=0.257508
aa=0.8442 ak=0.7264 phi=-0.2255 sigma=3.8992 | adv=0.1239 inv=0.0419 pct=15.08% | ||res||=4.228509
aa=0.8674 ak=0.5348 phi=-0.2235 sigma=5.1205 | adv=0.0985 inv=0.0333 pct=16.03% | ||res||=5.181091
aa=0.4954 ak=0.8563 phi=-0.1778 sigma=9.1830 | adv=0.0325 inv=0.0608 pct=5.74% | ||res||=5.112846
aa=0.7676 ak=0.5879 phi=-0.0458 sigma=8.5891 | adv=0.0675 inv=0.0435 pct=13.09% | ||res||=2.241747
aa=0.7664 ak=0.6968 phi=-0.2355 sigma=9.3165 | adv=0.0470 inv=0.0493 pct=8.96% | ||res||=1.894122
aa=0.8840 ak=0.6536 phi=-0.2074 sigma=9.9709 | adv=0.0548 inv=0.0477 pct=10.73% | ||res||=0.127807
aa=0.8804 ak=0.4793 phi=-0.4333 sigma=8.5935 | adv=0.0419 inv=0.0315 pct=11.03% | ||res||=0.177953
aa=0.8567 ak=0.7140 phi=-0.2620 sigma=9.6264 | adv=0.0497 inv=0.0505 pct=11.03% | ||res||=0.177151
aa=0.7332 ak=0.7712 phi=-0.2628 sigma=9.0283 | adv=0.0442 inv=0.0539 pct=7.09% | ||res||=3.758293
aa=0.6841 ak=0.8428 phi=-0.2490 sigma=8.2276 | adv=0.0461 inv=0.0585 pct=5.77% | ||res||=5.085081
aa=0.8060 ak=0.7831 phi=-0.1963 sigma=8.2878 | adv=0.0600 inv=0.0566 pct=11.06% | ||res||=0.208113
aa=0.8429 ak=0.8597 phi=-0.2706 sigma=4.1140 | adv=0.1085 inv=0.0496 pct=11.56% | ||res||=0.706665
aa=0.7573 ak=0.8991 phi=-0.0761 sigma=7.0412 | adv=0.0811 inv=0.0681 pct=12.45% | ||res||=1.593281
aa=0.8093 ak=0.7659 phi=-0.3189 sigma=8.1898 | adv=0.0496 inv=0.0517 pct=8.94% | ||res||=1.909300
aa=0.6827 ak=0.8927 phi=-0.0264 sigma=8.5812 | adv=0.0624 inv=0.0718 pct=10.52% | ||res||=0.336725
aa=0.7481 ak=0.8957 phi=-0.0995 sigma=2.2863 | adv=0.2195 inv=0.0396 pct=20.92% | ||res||=10.065303
aa=0.8257 ak=0.8952 phi=-0.0258 sigma=7.7710 | adv=0.0909 inv=0.0766 pct=12.68% | ||res||=1.823356
aa=0.4480 ak=0.3341 phi=0.0069 sigma=6.1361 | adv=0.0540 inv=0.0216 pct=10.61% | ||res||=0.244034
aa=0.4078 ak=0.2427 phi=-0.0530 sigma=7.2024 | adv=0.0386 inv=0.0158 pct=5.74% | ||res||=5.112232
aa=0.4874 ak=0.1912 phi=0.2029 sigma=8.4180 | adv=0.0522 inv=0.0130 pct=11.15% | ||res||=0.299688
aa=0.4765 ak=0.6250 phi=0.0346 sigma=5.8770 | adv=0.0635 inv=0.0422 pct=9.84% | ||res||=1.008528
aa=0.5076 ak=0.6383 phi=0.0043 sigma=8.6938 | adv=0.0443 inv=0.0465 pct=6.86% | ||res||=3.988330
aa=0.2067 ak=0.6533 phi=-0.0910 sigma=8.2576 | adv=0.0161 inv=0.0441 pct=5.74% | ||res||=5.112883
aa=0.4862 ak=0.5886 phi=-0.0474 sigma=9.0792 | adv=0.0377 inv=0.0421 pct=5.75% | ||res||=5.107816
aa=0.4475 ak=0.4815 phi=0.3318 sigma=7.8029 | adv=0.0600 inv=0.0354 pct=11.26% | ||res||=0.407168
aa=0.5805 ak=0.2860 phi=0.0338 sigma=6.5598 | adv=0.0688 inv=0.0188 pct=11.16% | ||res||=0.306708
aa=0.5414 ak=0.4844 phi=-0.0076 sigma=7.8962 | adv=0.0511 inv=0.0340 pct=9.91% | ||res||=0.938430
aa=0.1854 ak=0.2089 phi=0.1496 sigma=8.8780 | adv=0.0171 inv=0.0141 pct=5.74% | ||res||=5.112971
aa=0.7070 ak=0.2213 phi=-0.1896 sigma=4.9137 | adv=0.0840 inv=0.0131 pct=11.18% | ||res||=0.329393
aa=0.6054 ak=0.6554 phi=-0.2032 sigma=7.4602 | adv=0.0474 inv=0.0445 pct=6.55% | ||res||=4.305247
aa=0.6655 ak=0.2365 phi=-0.1489 sigma=7.1378 | adv=0.0578 inv=0.0154 pct=11.15% | ||res||=0.299657
aa=0.5977 ak=0.7654 phi=0.1555 sigma=9.6645 | adv=0.0585 inv=0.0632 pct=10.71% | ||res||=0.146333
aa=0.2164 ak=0.8952 phi=-0.2621 sigma=7.7710 | adv=0.0143 inv=0.0578 pct=5.74% | ||res||=5.112908
aa=0.4738 ak=0.8117 phi=-0.2074 sigma=8.5673 | adv=0.0317 inv=0.0560 pct=5.74% | ||res||=5.112835
aa=0.5598 ak=0.7192 phi=0.1521 sigma=8.3898 | adv=0.0618 inv=0.0568 pct=10.98% | ||res||=0.128134
aa=0.7916 ak=0.7175 phi=-0.0152 sigma=5.3961 | adv=0.1220 inv=0.0521 pct=19.62% | ||res||=8.770602
aa=0.1275 ak=0.6112 phi=-0.2255 sigma=2.1923 | adv=0.0309 inv=0.0237 pct=5.74% | ||res||=5.112870
aa=0.5590 ak=0.5102 phi=0.4395 sigma=6.5639 | adv=0.1079 inv=0.0395 pct=20.17% | ||res||=9.321687
aa=0.7625 ak=0.7183 phi=-0.0545 sigma=9.8065 | adv=0.0587 inv=0.0557 pct=11.14% | ||res||=0.290084
aa=0.7211 ak=0.7140 phi=-0.1158 sigma=8.5918 | adv=0.0573 inv=0.0525 pct=11.11% | ||res||=0.258793
aa=0.7576 ak=0.6171 phi=0.0409 sigma=8.9553 | adv=0.0722 inv=0.0480 pct=14.49% | ||res||=3.641910
aa=0.8130 ak=0.5552 phi=-0.2937 sigma=8.8356 | adv=0.0478 inv=0.0379 pct=11.15% | ||res||=0.297553
aa=0.5577 ak=0.7830 phi=-0.2374 sigma=7.6822 | adv=0.0402 inv=0.0529 pct=5.74% | ||res||=5.112817
aa=0.7239 ak=0.7124 phi=-0.1948 sigma=6.3147 | adv=0.0691 inv=0.0479 pct=11.15% | ||res||=0.297486
aa=0.5936 ak=0.8609 phi=0.1284 sigma=8.3977 | adv=0.0659 inv=0.0718 pct=10.64% | ||res||=0.214959
aa=0.7003 ak=0.7207 phi=-0.0815 sigma=7.6646 | adv=0.0657 inv=0.0529 pct=11.06% | ||res||=0.208062
aa=0.6901 ak=0.6820 phi=-0.0595 sigma=9.0911 | adv=0.0555 inv=0.0511 pct=11.13% | ||res||=0.276343
aa=0.8320 ak=0.5754 phi=0.0774 sigma=7.7771 | adv=0.1002 inv=0.0450 pct=19.94% | ||res||=9.091639
aa=0.7932 ak=0.7119 phi=-0.2403 sigma=5.9940 | adv=0.0748 inv=0.0466 pct=11.72% | ||res||=0.871793
aa=0.8804 ak=0.8017 phi=-0.3877 sigma=5.9896 | adv=0.0644 inv=0.0486 pct=11.14% | ||res||=0.287207
aa=0.6151 ak=0.8637 phi=-0.0347 sigma=7.5219 | adv=0.0620 inv=0.0656 pct=10.32% | ||res||=0.532832
aa=0.7803 ak=0.8914 phi=-0.4205 sigma=7.1828 | adv=0.0439 inv=0.0554 pct=5.74% | ||res||=5.111845
aa=0.5925 ak=0.8456 phi=-0.0761 sigma=8.8795 | adv=0.0473 inv=0.0637 pct=6.53% | ||res||=4.320931
aa=0.7464 ak=0.6265 phi=-0.4072 sigma=8.0260 | adv=0.0390 inv=0.0409 pct=6.02% | ||res||=4.829065
aa=0.8060 ak=0.7622 phi=-0.1963 sigma=6.8417 | adv=0.0723 inv=0.0530 pct=11.29% | ||res||=0.438688
aa=0.8252 ak=0.2307 phi=0.0512 sigma=2.3867 | adv=0.2989 inv=0.0102 pct=29.45% | ||res||=18.594430
aa=0.6731 ak=0.6661 phi=0.2121 sigma=2.4028 | adv=0.3123 inv=0.0357 pct=31.85% | ||res||=20.997342
aa=0.4858 ak=0.2224 phi=-0.2440 sigma=5.9228 | adv=0.0437 inv=0.0137 pct=5.74% | ||res||=5.112907
aa=0.4139 ak=0.6297 phi=0.2350 sigma=9.3228 | adv=0.0420 inv=0.0482 pct=5.75% | ||res||=5.102645
aa=0.2708 ak=0.6409 phi=-0.3588 sigma=5.9940 | adv=0.0200 inv=0.0389 pct=5.74% | ||res||=5.112867
aa=0.3582 ak=0.6949 phi=0.2663 sigma=6.7017 | adv=0.0520 inv=0.0509 pct=6.58% | ||res||=4.273055
aa=0.4480 ak=0.7406 phi=-0.4223 sigma=6.1361 | adv=0.0291 inv=0.0446 pct=5.74% | ||res||=5.112830
aa=0.4078 ak=0.7246 phi=0.3319 sigma=7.1916 | adv=0.0601 inv=0.0563 pct=7.63% | ||res||=3.225867
aa=0.5577 ak=0.2885 phi=-0.0031 sigma=6.9118 | adv=0.0598 inv=0.0191 pct=11.15% | ||res||=0.299417
aa=0.5173 ak=0.5066 phi=-0.2929 sigma=7.7771 | adv=0.0334 inv=0.0334 pct=5.74% | ||res||=5.112833
aa=0.5210 ak=0.6522 phi=0.0999 sigma=6.7649 | adv=0.0661 inv=0.0472 pct=11.00% | ||res||=0.145745
aa=0.5557 ak=0.6965 phi=-0.1118 sigma=6.6349 | adv=0.0555 inv=0.0475 pct=5.98% | ||res||=4.867976
aa=0.4805 ak=0.6554 phi=0.3935 sigma=6.4976 | adv=0.0867 inv=0.0516 pct=13.75% | ||res||=2.892942
aa=0.6312 ak=0.2198 phi=0.0177 sigma=9.5510 | adv=0.0500 inv=0.0152 pct=11.15% | ||res||=0.299402
aa=0.6965 ak=0.8233 phi=-0.2163 sigma=3.5060 | adv=0.1125 inv=0.0450 pct=10.92% | ||res||=0.098124
aa=0.7177 ak=0.3933 phi=0.1079 sigma=8.5935 | adv=0.0738 inv=0.0285 pct=14.54% | ||res||=3.686950
aa=0.5663 ak=0.6623 phi=-0.3164 sigma=8.7088 | adv=0.0318 inv=0.0446 pct=5.74% | ||res||=5.112823
aa=0.4817 ak=0.7911 phi=-0.3529 sigma=9.7896 | adv=0.0224 inv=0.0528 pct=5.74% | ||res||=5.113209
aa=0.5864 ak=0.7876 phi=-0.0815 sigma=7.5332 | adv=0.0546 inv=0.0573 pct=7.12% | ||res||=3.732834
aa=0.7708 ak=0.2275 phi=-0.1167 sigma=6.4787 | adv=0.0781 inv=0.0146 pct=11.83% | ||res||=0.980374
aa=0.6266 ak=0.4521 phi=-0.0347 sigma=9.5739 | adv=0.0477 inv=0.0325 pct=11.15% | ||res||=0.298126
aa=0.4365 ak=0.8726 phi=0.0650 sigma=9.2499 | adv=0.0382 inv=0.0670 pct=5.74% | ||res||=5.112860
aa=0.4109 ak=0.8456 phi=0.1312 sigma=8.2105 | adv=0.0433 inv=0.0646 pct=5.76% | ||res||=5.090866
aa=0.7549 ak=0.7124 phi=-0.4899 sigma=4.4853 | adv=0.0579 inv=0.0386 pct=5.74% | ||res||=5.112776
aa=0.5392 ak=0.8109 phi=0.1001 sigma=6.6324 | adv=0.0714 inv=0.0619 pct=11.31% | ||res||=0.459915
aa=0.8257 ak=0.2252 phi=-0.2834 sigma=7.7710 | adv=0.0551 inv=0.0147 pct=11.15% | ||res||=0.299606
aa=0.8338 ak=0.7343 phi=-0.3023 sigma=7.1410 | adv=0.0604 inv=0.0485 pct=11.15% | ||res||=0.294394
aa=0.8452 ak=0.1712 phi=-0.1591 sigma=5.8480 | adv=0.0900 inv=0.0106 pct=13.93% | ||res||=3.078908
aa=0.7654 ak=0.2047 phi=0.1521 sigma=8.3898 | adv=0.0831 inv=0.0141 pct=16.24% | ||res||=5.383948
aa=0.7916 ak=0.7489 phi=-0.3028 sigma=4.5441 | adv=0.0870 inv=0.0438 pct=11.25% | ||res||=0.401187
aa=0.8362 ak=0.2860 phi=-0.0542 sigma=3.3298 | adv=0.1833 inv=0.0152 pct=21.62% | ||res||=10.765109
aa=0.7625 ak=0.7183 phi=-0.3604 sigma=8.3231 | adv=0.0421 inv=0.0478 pct=6.49% | ||res||=4.364891
aa=0.8497 ak=0.7503 phi=-0.0595 sigma=9.5687 | adv=0.0698 inv=0.0603 pct=13.50% | ||res||=2.644506
aa=0.7371 ak=0.8258 phi=-0.1543 sigma=9.6645 | adv=0.0498 inv=0.0622 pct=9.24% | ||res||=1.608279
aa=0.7364 ak=0.8565 phi=-0.3813 sigma=9.9484 | adv=0.0325 inv=0.0577 pct=5.74% | ||res||=5.112834
BAD EQM! Bounds: m=0.012 k=0.000
aa=0.8802 ak=0.7367 phi=-0.4599 sigma=6.8348 | adv=0.0491 inv=0.0452 pct=10.53% | ||res||=0.322354
aa=0.8533 ak=0.8585 phi=-0.1963 sigma=4.9425 | adv=0.1071 inv=0.0561 pct=12.23% | ||res||=1.377658
aa=0.6827 ak=0.8927 phi=-0.1944 sigma=8.6851 | adv=0.0478 inv=0.0653 pct=6.41% | ||res||=4.443963
aa=0.5953 ak=0.8919 phi=-0.2050 sigma=9.9709 | adv=0.0351 inv=0.0650 pct=5.74% | ||res||=5.112853
aa=0.8567 ak=0.8226 phi=-0.1392 sigma=7.3661 | adv=0.0809 inv=0.0619 pct=11.68% | ||res||=0.823996
aa=0.6895 ak=0.4136 phi=0.4185 sigma=2.9508 | adv=0.3901 inv=0.0261 pct=45.67% | ||res||=34.818650
aa=0.8499 ak=0.8460 phi=0.0146 sigma=9.0941 | adv=0.0871 inv=0.0752 pct=15.46% | ||res||=4.607011
aa=0.3707 ak=0.6522 phi=0.0123 sigma=4.3011 | adv=0.0639 inv=0.0398 pct=6.29% | ||res||=4.561438
aa=0.5312 ak=0.4597 phi=-0.4875 sigma=4.0346 | adv=0.0457 inv=0.0246 pct=5.74% | ||res||=5.112852
aa=0.3252 ak=0.7093 phi=-0.2415 sigma=4.7721 | adv=0.0362 inv=0.0416 pct=5.74% | ||res||=5.112816
aa=0.2653 ak=0.6228 phi=-0.1963 sigma=7.3377 | adv=0.0204 inv=0.0406 pct=5.74% | ||res||=5.112864
aa=0.4118 ak=0.4575 phi=0.1638 sigma=4.2280 | adv=0.0859 inv=0.0278 pct=11.43% | ||res||=0.582509
aa=0.1955 ak=0.5260 phi=0.4548 sigma=6.2205 | adv=0.0339 inv=0.0362 pct=5.74% | ||res||=5.112827
aa=0.5414 ak=0.5796 phi=0.0912 sigma=7.4800 | adv=0.0613 inv=0.0421 pct=11.14% | ||res||=0.284875
aa=0.5977 ak=0.4611 phi=0.2951 sigma=3.0406 | adv=0.2236 inv=0.0264 pct=26.91% | ||res||=16.053102
aa=0.5690 ak=0.5552 phi=-0.2937 sigma=8.0761 | adv=0.0356 inv=0.0371 pct=5.74% | ||res||=5.112822
aa=0.1508 ak=0.4170 phi=0.4638 sigma=9.4885 | adv=0.0168 inv=0.0299 pct=5.74% | ||res||=5.112901
aa=0.2015 ak=0.7192 phi=-0.3506 sigma=9.8467 | adv=0.0092 inv=0.0473 pct=0.00% | ||res||=10.852995
aa=0.7590 ak=0.6496 phi=-0.3628 sigma=2.3767 | adv=0.1362 inv=0.0263 pct=11.15% | ||res||=0.312553
aa=0.5542 ak=0.3658 phi=-0.3043 sigma=8.4180 | adv=0.0325 inv=0.0243 pct=5.74% | ||res||=5.112864
aa=0.6772 ak=0.2885 phi=-0.0031 sigma=6.9118 | adv=0.0740 inv=0.0192 pct=12.06% | ||res||=1.212042
aa=0.3818 ak=0.8825 phi=0.1086 sigma=8.8962 | adv=0.0358 inv=0.0673 pct=5.74% | ||res||=5.112864
aa=0.7625 ak=0.4218 phi=-0.3508 sigma=2.9905 | adv=0.1128 inv=0.0202 pct=11.15% | ||res||=0.306834
aa=0.6159 ak=0.7343 phi=-0.2960 sigma=4.6785 | adv=0.0657 inv=0.0431 pct=5.83% | ||res||=5.020928
aa=0.7087 ak=0.3018 phi=-0.3107 sigma=5.1673 | adv=0.0667 inv=0.0180 pct=11.15% | ||res||=0.299977
aa=0.8452 ak=0.2925 phi=-0.3150 sigma=6.9509 | adv=0.0602 inv=0.0187 pct=11.15% | ||res||=0.299472
aa=0.8917 ak=0.2156 phi=0.1011 sigma=9.3291 | adv=0.0857 inv=0.0151 pct=16.72% | ||res||=5.871387
aa=0.6965 ak=0.2290 phi=-0.3680 sigma=8.9814 | adv=0.0346 inv=0.0152 pct=8.75% | ||res||=2.103956
aa=0.7759 ak=0.7207 phi=-0.0815 sigma=8.1162 | adv=0.0701 inv=0.0542 pct=11.87% | ||res||=1.022335
aa=0.6250 ak=0.8178 phi=-0.1317 sigma=6.2334 | adv=0.0659 inv=0.0563 pct=9.77% | ||res||=1.083636
aa=0.7391 ak=0.7124 phi=-0.0179 sigma=9.5157 | adv=0.0613 inv=0.0557 pct=11.17% | ||res||=0.313013
aa=0.5936 ak=0.8609 phi=-0.0390 sigma=7.5521 | adv=0.0587 inv=0.0646 pct=8.09% | ||res||=2.766038
aa=0.8719 ak=0.7266 phi=-0.1287 sigma=9.1220 | adv=0.0676 inv=0.0553 pct=13.21% | ||res||=2.357000
aa=0.5274 ak=0.8554 phi=-0.4333 sigma=8.5935 | adv=0.0241 inv=0.0546 pct=5.74% | ||res||=5.112855
aa=0.7815 ak=0.4993 phi=-0.2734 sigma=9.6264 | adv=0.0433 inv=0.0346 pct=10.58% | ||res||=0.274194
aa=0.7342 ak=0.3303 phi=-0.0264 sigma=2.5223 | adv=0.2155 inv=0.0151 pct=21.09% | ||res||=10.240642
aa=0.8469 ak=0.7939 phi=-0.2664 sigma=6.3622 | adv=0.0730 inv=0.0526 pct=11.45% | ||res||=0.595766
aa=0.7881 ak=0.3989 phi=-0.3117 sigma=7.4670 | adv=0.0524 inv=0.0261 pct=11.15% | ||res||=0.298569
aa=0.8723 ak=0.6536 phi=-0.4956 sigma=9.9709 | adv=0.0315 inv=0.0430 pct=5.74% | ||res||=5.112382
aa=0.8060 ak=0.5814 phi=0.4519 sigma=9.0112 | adv=0.1401 inv=0.0560 pct=28.53% | ||res||=17.681426
aa=0.6452 ak=0.8351 phi=-0.1489 sigma=8.7636 | adv=0.0475 inv=0.0613 pct=6.05% | ||res||=4.804258
aa=0.7916 ak=0.8608 phi=0.0505 sigma=4.5441 | adv=0.1704 inv=0.0688 pct=23.82% | ||res||=12.963155
aa=0.8218 ak=0.7957 phi=-0.0347 sigma=8.3792 | adv=0.0804 inv=0.0643 pct=12.47% | ||res||=1.622518
aa=0.7997 ak=0.8767 phi=-0.2829 sigma=8.8338 | adv=0.0482 inv=0.0618 pct=8.97% | ||res||=1.882044
aa=0.8898 ak=0.3266 phi=-0.1066 sigma=1.5021 | adv=0.3703 inv=0.0079 pct=22.21% | ||res||=11.359698
aa=0.7895 ak=0.7717 phi=0.3352 sigma=9.1901 | adv=0.1153 inv=0.0796 pct=20.47% | ||res||=9.615685
aa=0.5130 ak=0.8879 phi=0.2783 sigma=1.6887 | adv=0.3142 inv=0.0286 pct=24.30% | ||res||=13.454756
aa=0.5085 ak=0.3069 phi=-0.1948 sigma=6.5158 | adv=0.0449 inv=0.0196 pct=5.85% | ||res||=5.001671
aa=0.4924 ak=0.1580 phi=-0.3150 sigma=9.0142 | adv=0.0263 inv=0.0104 pct=5.74% | ||res||=5.112956
aa=0.3211 ak=0.7147 phi=0.2599 sigma=6.5497 | adv=0.0468 inv=0.0516 pct=5.75% | ||res||=5.101860
aa=0.5811 ak=0.5501 phi=-0.3653 sigma=5.7886 | adv=0.0447 inv=0.0336 pct=5.74% | ||res||=5.112823
aa=0.3264 ak=0.4909 phi=-0.0620 sigma=4.5175 | adv=0.0485 inv=0.0291 pct=5.74% | ||res||=5.112838
aa=0.3259 ak=0.7682 phi=-0.2374 sigma=7.1856 | adv=0.0244 inv=0.0496 pct=5.74% | ||res||=5.112847
aa=0.5151 ak=0.4624 phi=0.1004 sigma=8.9614 | adv=0.0480 inv=0.0334 pct=10.33% | ||res||=0.520143
aa=0.5577 ak=0.3682 phi=-0.1614 sigma=9.7008 | adv=0.0350 inv=0.0255 pct=5.97% | ||res||=4.882206
aa=0.3439 ak=0.8599 phi=-0.4245 sigma=9.6722 | adv=0.0142 inv=0.0555 pct=0.00% | ||res||=10.852985
aa=0.6418 ak=0.4087 phi=0.2753 sigma=7.5708 | adv=0.0900 inv=0.0302 pct=17.20% | ||res||=6.346556
aa=0.6386 ak=0.3341 phi=0.0069 sigma=8.5141 | adv=0.0571 inv=0.0232 pct=11.15% | ||res||=0.299505
aa=0.5085 ak=0.5796 phi=0.3385 sigma=6.5158 | adv=0.0867 inv=0.0439 pct=15.92% | ||res||=5.068467
aa=0.2207 ak=0.8977 phi=0.2927 sigma=9.0443 | adv=0.0232 inv=0.0685 pct=5.74% | ||res||=5.112903
aa=0.2317 ak=0.8720 phi=-0.3513 sigma=9.2568 | adv=0.0112 inv=0.0564 pct=0.00% | ||res||=10.852994
aa=0.6573 ak=0.4573 phi=-0.1001 sigma=6.9289 | adv=0.0639 inv=0.0309 pct=11.15% | ||res||=0.300909
aa=0.1556 ak=0.8600 phi=-0.2620 sigma=8.3264 | adv=0.0096 inv=0.0555 pct=0.00% | ||res||=10.852648
aa=0.5936 ak=0.6773 phi=0.1284 sigma=9.1337 | adv=0.0588 inv=0.0533 pct=10.97% | ||res||=0.119464
aa=0.1607 ak=0.6294 phi=-0.2718 sigma=9.0911 | adv=0.0089 inv=0.0416 pct=0.00% | ||res||=10.852996
aa=0.6312 ak=0.7131 phi=0.0761 sigma=7.4197 | adv=0.0744 inv=0.0548 pct=11.86% | ||res||=1.003209
aa=0.6795 ak=0.4521 phi=-0.0415 sigma=8.9469 | adv=0.0554 inv=0.0323 pct=11.15% | ||res||=0.298992
aa=0.8408 ak=0.2365 phi=-0.2642 sigma=8.3024 | adv=0.0545 inv=0.0157 pct=11.15% | ||res||=0.299484
aa=0.6688 ak=0.4586 phi=-0.1613 sigma=8.5935 | adv=0.0484 inv=0.0317 pct=11.15% | ||res||=0.298130
aa=0.6907 ak=0.3535 phi=0.0106 sigma=7.6633 | adv=0.0700 inv=0.0244 pct=12.12% | ||res||=1.270914
aa=0.6702 ak=0.7461 phi=0.0146 sigma=6.1157 | adv=0.0901 inv=0.0551 pct=12.42% | ||res||=1.563331
aa=0.7932 ak=0.2316 phi=-0.2403 sigma=7.7900 | adv=0.0562 inv=0.0152 pct=11.15% | ||res||=0.299601
aa=0.5173 ak=0.8777 phi=0.2040 sigma=7.9740 | adv=0.0639 inv=0.0733 pct=8.57% | ||res||=2.284029
aa=0.8864 ak=0.1114 phi=-0.4104 sigma=8.5812 | adv=0.0436 inv=0.0075 pct=5.93% | ||res||=4.927080
aa=0.8921 ak=0.2252 phi=-0.2834 sigma=9.0480 | adv=0.0524 inv=0.0151 pct=5.45% | ||res||=5.405255
aa=0.5552 ak=0.8233 phi=-0.0270 sigma=8.0979 | adv=0.0514 inv=0.0616 pct=6.24% | ||res||=4.613175
aa=0.7770 ak=0.5994 phi=-0.1930 sigma=7.1118 | adv=0.0665 inv=0.0410 pct=11.47% | ||res||=0.622080
aa=0.6916 ak=0.7183 phi=-0.3119 sigma=7.8269 | adv=0.0439 inv=0.0481 pct=5.76% | ||res||=5.093223
aa=0.6916 ak=0.8215 phi=-0.3119 sigma=8.0579 | adv=0.0426 inv=0.0550 pct=5.74% | ||res||=5.108118
aa=0.8102 ak=0.7543 phi=-0.0134 sigma=5.3900 | adv=0.1273 inv=0.0562 pct=21.08% | ||res||=10.231303
aa=0.7209 ak=0.7192 phi=0.1521 sigma=8.3898 | adv=0.0867 inv=0.0605 pct=13.75% | ||res||=2.897948
aa=0.7871 ak=0.4650 phi=-0.1154 sigma=8.4180 | adv=0.0633 inv=0.0327 pct=11.23% | ||res||=0.373097
aa=0.6725 ak=0.8293 phi=0.1555 sigma=8.6928 | adv=0.0777 inv=0.0728 pct=11.02% | ||res||=0.170592
aa=0.6248 ak=0.8404 phi=0.2428 sigma=9.9913 | adv=0.0679 inv=0.0770 pct=10.88% | ||res||=0.048330
aa=0.7026 ak=0.8456 phi=-0.3921 sigma=9.9124 | adv=0.0305 inv=0.0565 pct=5.74% | ||res||=5.112839
aa=0.8610 ak=0.6227 phi=-0.2937 sigma=7.7710 | adv=0.0582 inv=0.0419 pct=11.16% | ||res||=0.307289
aa=0.6293 ak=0.6780 phi=0.4995 sigma=3.7361 | adv=0.3014 inv=0.0558 pct=41.39% | ||res||=30.539066
aa=0.2711 ak=0.1046 phi=-0.4961 sigma=7.1856 | adv=0.0130 inv=0.0068 pct=0.00% | ||res||=10.853051
aa=0.5604 ak=0.2461 phi=0.1120 sigma=9.9080 | adv=0.0471 inv=0.0173 pct=11.15% | ||res||=0.299147
aa=0.6001 ak=0.1383 phi=-0.0347 sigma=9.5739 | adv=0.0441 inv=0.0094 pct=11.15% | ||res||=0.299961
aa=0.4365 ak=0.6640 phi=0.2068 sigma=6.2265 | adv=0.0661 inv=0.0480 pct=9.69% | ||res||=1.164963
aa=0.5598 ak=0.6172 phi=-0.0237 sigma=8.1561 | adv=0.0509 inv=0.0445 pct=9.28% | ||res||=1.570318
aa=0.6827 ak=0.2815 phi=-0.2852 sigma=9.0615 | adv=0.0386 inv=0.0189 pct=8.86% | ||res||=1.995217
aa=0.6801 ak=0.2618 phi=0.1284 sigma=5.9742 | adv=0.1016 inv=0.0171 pct=16.72% | ||res||=5.867922
aa=0.5577 ak=0.2885 phi=-0.0031 sigma=8.6625 | adv=0.0476 inv=0.0198 pct=11.15% | ||res||=0.297762
aa=0.6638 ak=0.6649 phi=-0.1963 sigma=7.2813 | adv=0.0542 inv=0.0454 pct=10.07% | ||res||=0.781835
aa=0.6765 ak=0.6046 phi=-0.0409 sigma=9.1046 | adv=0.0551 inv=0.0446 pct=11.09% | ||res||=0.239531
aa=0.6312 ak=0.6679 phi=0.0370 sigma=9.5510 | adv=0.0539 inv=0.0514 pct=11.09% | ||res||=0.239595
aa=0.5700 ak=0.8386 phi=-0.4112 sigma=4.5052 | adv=0.0510 inv=0.0459 pct=5.74% | ||res||=5.112816
aa=0.7239 ak=0.7124 phi=-0.0084 sigma=5.1864 | adv=0.1130 inv=0.0502 pct=16.13% | ||res||=5.281209
aa=0.7004 ak=0.3713 phi=-0.3350 sigma=9.2477 | adv=0.0359 inv=0.0250 pct=8.27% | ||res||=2.580857
aa=0.7389 ak=0.7207 phi=-0.0815 sigma=9.0120 | adv=0.0592 inv=0.0544 pct=11.10% | ||res||=0.244283
aa=0.5542 ak=0.8157 phi=-0.1857 sigma=8.5839 | adv=0.0387 inv=0.0574 pct=5.74% | ||res||=5.112827
aa=0.7625 ak=0.7220 phi=-0.3693 sigma=9.4821 | adv=0.0364 inv=0.0489 pct=6.26% | ||res||=4.591854
aa=0.7895 ak=0.4860 phi=-0.1238 sigma=9.5978 | adv=0.0551 inv=0.0349 pct=11.15% | ||res||=0.299045
aa=0.7589 ak=0.6587 phi=-0.1739 sigma=8.7949 | adv=0.0541 inv=0.0472 pct=10.25% | ||res||=0.602171
aa=0.7300 ak=0.4780 phi=-0.0595 sigma=9.0911 | adv=0.0580 inv=0.0344 pct=11.20% | ||res||=0.349155
aa=0.8214 ak=0.6012 phi=-0.2976 sigma=8.0579 | adv=0.0528 inv=0.0406 pct=11.15% | ||res||=0.298014
aa=0.6965 ak=0.8233 phi=-0.0278 sigma=3.5060 | adv=0.1537 inv=0.0504 pct=19.96% | ||res||=9.111574
aa=0.6841 ak=0.8615 phi=-0.0998 sigma=7.9543 | adv=0.0607 inv=0.0650 pct=10.69% | ||res||=0.163279
aa=0.6723 ak=0.8375 phi=0.0090 sigma=6.5775 | adv=0.0843 inv=0.0645 pct=11.59% | ||res||=0.736202
aa=0.8567 ak=0.7140 phi=0.0016 sigma=7.0852 | adv=0.1071 inv=0.0572 pct=18.38% | ||res||=7.529952
aa=0.7900 ak=0.7343 phi=-0.3930 sigma=7.1410 | adv=0.0477 inv=0.0468 pct=9.12% | ||res||=1.733368
aa=0.7227 ak=0.7362 phi=-0.1176 sigma=9.4464 | adv=0.0522 inv=0.0550 pct=9.11% | ||res||=1.743507
aa=0.7454 ak=0.8432 phi=-0.1881 sigma=7.6337 | adv=0.0606 inv=0.0607 pct=10.91% | ||res||=0.057359
aa=0.6520 ak=0.8393 phi=-0.0587 sigma=6.7649 | adv=0.0714 inv=0.0619 pct=10.91% | ||res||=0.061762
aa=0.6932 ak=0.8367 phi=-0.2212 sigma=5.5392 | adv=0.0723 inv=0.0541 pct=10.88% | ||res||=0.040650
aa=0.8540 ak=0.3341 phi=-0.2550 sigma=6.1361 | adv=0.0761 inv=0.0211 pct=11.22% | ||res||=0.368046
aa=0.8405 ak=0.4597 phi=-0.2222 sigma=9.4650 | adv=0.0519 inv=0.0322 pct=11.15% | ||res||=0.298234
aa=0.7932 ak=0.8337 phi=-0.1854 sigma=9.3783 | adv=0.0534 inv=0.0622 pct=10.27% | ||res||=0.580866
aa=0.6885 ak=0.8198 phi=-0.2642 sigma=4.9668 | adv=0.0738 inv=0.0502 pct=10.91% | ||res||=0.066108
aa=0.6529 ak=0.8836 phi=-0.0544 sigma=8.8818 | adv=0.0549 inv=0.0695 pct=9.94% | ||res||=0.912100
aa=0.8679 ak=0.7678 phi=-0.3292 sigma=7.4912 | adv=0.0573 inv=0.0508 pct=11.15% | ||res||=0.297489
aa=0.8990 ak=0.8657 phi=-0.4268 sigma=8.2615 | adv=0.0449 inv=0.0556 pct=9.54% | ||res||=1.313874
aa=0.8928 ak=0.8778 phi=-0.3909 sigma=9.2376 | adv=0.0431 inv=0.0586 pct=9.99% | ||res||=0.866998
aa=0.8840 ak=0.8557 phi=-0.0529 sigma=9.3241 | adv=0.0807 inv=0.0744 pct=16.27% | ||res||=5.420793
aa=0.8976 ak=0.8588 phi=-0.2914 sigma=8.5987 | adv=0.0564 inv=0.0599 pct=11.07% | ||res||=0.216006
aa=0.3818 ak=0.4985 phi=-0.2007 sigma=8.6376 | adv=0.0251 inv=0.0338 pct=5.74% | ||res||=5.112855
aa=0.4365 ak=0.6250 phi=-0.3682 sigma=5.0282 | adv=0.0380 inv=0.0364 pct=5.74% | ||res||=5.112820
aa=0.4129 ak=0.6691 phi=0.1686 sigma=6.2508 | adv=0.0592 inv=0.0475 pct=8.02% | ||res||=2.835687
aa=0.5089 ak=0.6825 phi=-0.0815 sigma=6.4304 | adv=0.0540 inv=0.0462 pct=6.74% | ||res||=4.108422
aa=0.5577 ak=0.2885 phi=-0.0031 sigma=6.6023 | adv=0.0626 inv=0.0189 pct=11.15% | ||res||=0.299662
aa=0.3651 ak=0.8670 phi=-0.4677 sigma=9.2568 | adv=0.0144 inv=0.0551 pct=0.00% | ||res||=10.852984
aa=0.5414 ak=0.7046 phi=-0.2836 sigma=8.2895 | adv=0.0335 inv=0.0474 pct=5.74% | ||res||=5.112820
aa=0.5332 ak=0.6901 phi=-0.3023 sigma=8.8472 | adv=0.0300 inv=0.0466 pct=5.74% | ||res||=5.112828
aa=0.7041 ak=0.4793 phi=-0.1580 sigma=7.7668 | adv=0.0569 inv=0.0329 pct=11.15% | ||res||=0.298437
aa=0.6840 ak=0.4729 phi=-0.2752 sigma=8.7210 | adv=0.0412 inv=0.0322 pct=7.28% | ||res||=3.571531
aa=0.8218 ak=0.3341 phi=-0.1280 sigma=6.1361 | adv=0.0884 inv=0.0216 pct=14.86% | ||res||=4.011335
aa=0.5691 ak=0.7140 phi=-0.2620 sigma=9.5957 | adv=0.0316 inv=0.0494 pct=5.74% | ||res||=5.112825
aa=0.7113 ak=0.4889 phi=-0.1875 sigma=7.8895 | adv=0.0543 inv=0.0334 pct=11.15% | ||res||=0.298257
aa=0.5604 ak=0.7950 phi=0.0600 sigma=9.9080 | adv=0.0471 inv=0.0631 pct=7.53% | ||res||=3.319316
aa=0.6885 ak=0.3584 phi=-0.0362 sigma=8.9324 | adv=0.0561 inv=0.0251 pct=11.15% | ||res||=0.298815
aa=0.6765 ak=0.6825 phi=-0.1417 sigma=2.7673 | adv=0.1531 inv=0.0337 pct=16.22% | ||res||=5.371856
aa=0.8257 ak=0.2515 phi=-0.0755 sigma=6.1569 | adv=0.0948 inv=0.0162 pct=15.94% | ||res||=5.088681
aa=0.5503 ak=0.7965 phi=0.1185 sigma=9.6547 | adv=0.0508 inv=0.0646 pct=8.28% | ||res||=2.573385
aa=0.7239 ak=0.1192 phi=-0.2054 sigma=9.4875 | adv=0.0436 inv=0.0081 pct=11.15% | ||res||=0.300116
aa=0.8444 ak=0.6250 phi=-0.4149 sigma=5.1409 | adv=0.0673 inv=0.0365 pct=11.15% | ||res||=0.298782
aa=0.7454 ak=0.7344 phi=-0.2630 sigma=7.5789 | adv=0.0534 inv=0.0498 pct=11.00% | ||res||=0.146255
aa=0.5728 ak=0.8708 phi=-0.2212 sigma=8.9403 | adv=0.0366 inv=0.0613 pct=5.74% | ||res||=5.112840
aa=0.6759 ak=0.7654 phi=-0.1055 sigma=9.6645 | adv=0.0481 inv=0.0574 pct=7.77% | ||res||=3.081950
aa=0.7838 ak=0.7192 phi=-0.2604 sigma=9.3098 | adv=0.0462 inv=0.0507 pct=8.99% | ||res||=1.867644
aa=0.7625 ak=0.7183 phi=-0.2199 sigma=8.5536 | adv=0.0523 inv=0.0507 pct=9.03% | ||res||=1.822196
aa=0.7114 ak=0.5647 phi=0.1256 sigma=9.5129 | adv=0.0692 inv=0.0441 pct=14.62% | ||res||=3.765910
aa=0.8348 ak=0.6012 phi=-0.2178 sigma=9.6415 | adv=0.0514 inv=0.0430 pct=11.15% | ||res||=0.298783
aa=0.7834 ak=0.4234 phi=-0.2163 sigma=7.4206 | adv=0.0611 inv=0.0283 pct=11.15% | ||res||=0.298849
aa=0.6827 ak=0.7675 phi=0.0387 sigma=8.5896 | adv=0.0676 inv=0.0616 pct=10.97% | ||res||=0.120415
aa=0.6352 ak=0.7908 phi=-0.0347 sigma=9.5739 | adv=0.0501 inv=0.0611 pct=9.93% | ||res||=0.919401
aa=0.6355 ak=0.8615 phi=-0.0531 sigma=8.5237 | adv=0.0553 inv=0.0667 pct=9.27% | ||res||=1.581176
aa=0.6370 ak=0.8365 phi=-0.0405 sigma=8.2878 | adv=0.0581 inv=0.0642 pct=10.02% | ||res||=0.829055
aa=0.6740 ak=0.8870 phi=-0.1656 sigma=9.2376 | adv=0.0464 inv=0.0661 pct=5.97% | ||res||=4.882288
aa=0.7118 ak=0.8818 phi=0.0124 sigma=9.5382 | adv=0.0629 inv=0.0744 pct=10.84% | ||res||=0.038052
aa=0.8452 ak=0.7526 phi=-0.2999 sigma=8.5972 | adv=0.0512 inv=0.0516 pct=10.11% | ||res||=0.738871
aa=0.6210 ak=0.8599 phi=-0.1061 sigma=9.6117 | adv=0.0442 inv=0.0653 pct=5.77% | ||res||=5.077997
aa=0.8405 ak=0.8452 phi=-0.2222 sigma=9.4650 | adv=0.0533 inv=0.0622 pct=10.71% | ||res||=0.140948
aa=0.8731 ak=0.8404 phi=-0.3890 sigma=9.3772 | adv=0.0415 inv=0.0560 pct=9.22% | ||res||=1.631742
aa=0.8061 ak=0.8689 phi=0.1284 sigma=9.1337 | adv=0.0962 inv=0.0849 pct=15.29% | ||res||=4.438180
aa=0.8976 ak=0.8588 phi=0.0787 sigma=6.9978 | adv=0.1458 inv=0.0885 pct=27.68% | ||res||=16.832059
aa=0.3252 ak=0.3169 phi=0.4298 sigma=8.5926 | adv=0.0408 inv=0.0224 pct=8.23% | ||res||=2.627048
aa=0.1021 ak=0.6026 phi=0.0885 sigma=6.0662 | adv=0.0128 inv=0.0388 pct=5.74% | ||res||=5.112905
aa=0.5658 ak=0.5807 phi=-0.1007 sigma=7.1338 | adv=0.0531 inv=0.0398 pct=7.99% | ||res||=2.858948
aa=0.3818 ak=0.8484 phi=0.0461 sigma=9.5030 | adv=0.0313 inv=0.0638 pct=5.74% | ||res||=5.112859
aa=0.7041 ak=0.2861 phi=-0.3909 sigma=7.9874 | adv=0.0377 inv=0.0186 pct=7.27% | ||res||=3.579374
aa=0.7126 ak=0.2316 phi=-0.1863 sigma=7.8351 | adv=0.0537 inv=0.0153 pct=11.15% | ||res||=0.299498
aa=0.6594 ak=0.7287 phi=-0.1507 sigma=6.8121 | adv=0.0619 inv=0.0503 pct=9.76% | ||res||=1.088725
aa=0.6900 ak=0.6012 phi=-0.4825 sigma=9.3424 | adv=0.0266 inv=0.0394 pct=4.52% | ||res||=6.329600
aa=0.6003 ak=0.6583 phi=-0.0661 sigma=8.8675 | adv=0.0480 inv=0.0480 pct=6.37% | ||res||=4.486318
aa=0.6539 ak=0.6820 phi=-0.0140 sigma=8.4162 | adv=0.0600 inv=0.0511 pct=11.08% | ||res||=0.231378
aa=0.6841 ak=0.4820 phi=-0.2769 sigma=6.2249 | adv=0.0572 inv=0.0307 pct=11.15% | ||res||=0.298499
aa=0.6885 ak=0.4829 phi=-0.1689 sigma=9.2458 | adv=0.0459 inv=0.0339 pct=10.67% | ||res||=0.188176
aa=0.6229 ak=0.8649 phi=0.0131 sigma=4.9516 | adv=0.1022 inv=0.0610 pct=12.17% | ||res||=1.314274
aa=0.6067 ak=0.8069 phi=0.0155 sigma=8.2051 | adv=0.0596 inv=0.0626 pct=9.96% | ||res||=0.890823
aa=0.7102 ak=0.2461 phi=-0.0739 sigma=8.3387 | adv=0.0587 inv=0.0166 pct=11.15% | ||res||=0.299618
aa=0.7602 ak=0.6410 phi=-0.0031 sigma=9.1023 | adv=0.0672 inv=0.0493 pct=13.39% | ||res||=2.539062
aa=0.5430 ak=0.8698 phi=0.1291 sigma=7.9984 | adv=0.0620 inv=0.0705 pct=8.42% | ||res||=2.429000
aa=0.5977 ak=0.7654 phi=0.1555 sigma=8.1830 | adv=0.0698 inv=0.0621 pct=11.62% | ||res||=0.766984
aa=0.7126 ak=0.8585 phi=-0.1863 sigma=7.8351 | adv=0.0563 inv=0.0618 pct=10.55% | ||res||=0.299651
aa=0.8930 ak=0.7328 phi=-0.3689 sigma=9.5268 | adv=0.0439 inv=0.0496 pct=10.64% | ||res||=0.212405
aa=0.7120 ak=0.7363 phi=-0.1591 sigma=9.2153 | adv=0.0492 inv=0.0537 pct=8.19% | ||res||=2.658856
aa=0.7630 ak=0.7675 phi=-0.2344 sigma=8.5896 | adv=0.0509 inv=0.0541 pct=8.20% | ||res||=2.655164
aa=0.8316 ak=0.5731 phi=-0.2675 sigma=9.2568 | adv=0.0489 inv=0.0399 pct=11.14% | ||res||=0.286439
aa=0.6967 ak=0.8167 phi=-0.3150 sigma=6.9509 | adv=0.0494 inv=0.0529 pct=5.88% | ||res||=4.970007
aa=0.6190 ak=0.8233 phi=0.0544 sigma=3.5060 | adv=0.1503 inv=0.0514 pct=19.76% | ||res||=8.904963
aa=0.7587 ak=0.7857 phi=-0.1847 sigma=7.4842 | adv=0.0631 inv=0.0558 pct=11.01% | ||res||=0.159220
aa=0.7423 ak=0.8297 phi=0.0069 sigma=7.0427 | adv=0.0896 inv=0.0666 pct=14.48% | ||res||=3.629970
aa=0.7044 ak=0.7985 phi=-0.3023 sigma=8.0763 | adv=0.0441 inv=0.0539 pct=5.78% | ||res||=5.071467
aa=0.8118 ak=0.8294 phi=-0.1721 sigma=7.1999 | adv=0.0731 inv=0.0600 pct=11.05% | ||res||=0.201306
aa=0.6735 ak=0.8025 phi=0.0124 sigma=3.4536 | adv=0.1593 inv=0.0493 pct=20.52% | ||res||=9.666744
aa=0.6678 ak=0.8464 phi=-0.0571 sigma=8.8162 | adv=0.0565 inv=0.0657 pct=10.60% | ||res||=0.255502
aa=0.8759 ak=0.2846 phi=-0.2738 sigma=7.6646 | adv=0.0613 inv=0.0187 pct=11.11% | ||res||=0.262648
aa=0.6162 ak=0.8470 phi=-0.0498 sigma=7.9970 | adv=0.0571 inv=0.0642 pct=9.01% | ||res||=1.844525
aa=0.7895 ak=0.7118 phi=-0.1231 sigma=9.6117 | adv=0.0563 inv=0.0534 pct=10.82% | ||res||=0.035884
aa=0.8276 ak=0.8487 phi=-0.2365 sigma=9.7558 | adv=0.0495 inv=0.0619 pct=10.15% | ||res||=0.707014
aa=0.8406 ak=0.8452 phi=-0.4031 sigma=9.4650 | adv=0.0381 inv=0.0562 pct=6.75% | ||res||=4.106586
aa=0.8976 ak=0.8657 phi=-0.2635 sigma=2.6180 | adv=0.1757 inv=0.0354 pct=15.08% | ||res||=4.226556
aa=0.6087 ak=0.6046 phi=0.0864 sigma=1.7734 | adv=0.2883 inv=0.0209 pct=21.26% | ||res||=10.413522
aa=0.8840 ak=0.7716 phi=-0.2140 sigma=9.2322 | adv=0.0589 inv=0.0565 pct=11.50% | ||res||=0.645194
aa=0.7507 ak=0.8776 phi=0.2428 sigma=8.2113 | adv=0.1151 inv=0.0916 pct=14.24% | ||res||=3.392232
aa=0.3820 ak=0.3169 phi=-0.4189 sigma=7.1830 | adv=0.0213 inv=0.0201 pct=5.74% | ||res||=5.112919
aa=0.5189 ak=0.2391 phi=-0.2212 sigma=7.0781 | adv=0.0406 inv=0.0154 pct=7.04% | ||res||=3.810240
aa=0.4106 ak=0.5773 phi=-0.4674 sigma=7.4842 | adv=0.0202 inv=0.0364 pct=0.52% | ||res||=10.337606
aa=0.4236 ak=0.6836 phi=-0.4580 sigma=9.2568 | adv=0.0172 inv=0.0444 pct=0.00% | ||res||=10.852973
aa=0.4365 ak=0.6250 phi=0.0560 sigma=9.7996 | adv=0.0351 inv=0.0460 pct=5.74% | ||res||=5.112817
aa=0.5598 ak=0.6139 phi=0.1597 sigma=8.9831 | adv=0.0572 inv=0.0472 pct=11.17% | ||res||=0.320355
aa=0.6405 ak=0.2714 phi=-0.4286 sigma=7.1410 | adv=0.0356 inv=0.0172 pct=5.74% | ||res||=5.112216
aa=0.1412 ak=0.2461 phi=-0.2077 sigma=6.2170 | adv=0.0124 inv=0.0152 pct=5.74% | ||res||=5.112991
aa=0.6483 ak=0.3957 phi=0.0923 sigma=7.5539 | adv=0.0732 inv=0.0279 pct=14.07% | ||res||=3.219384
aa=0.6841 ak=0.2297 phi=-0.4317 sigma=7.9543 | adv=0.0341 inv=0.0149 pct=6.15% | ||res||=4.706836
aa=0.7209 ak=0.1935 phi=-0.0098 sigma=9.5268 | adv=0.0561 inv=0.0133 pct=11.15% | ||res||=0.300380
aa=0.6509 ak=0.2925 phi=0.0941 sigma=8.3584 | adv=0.0655 inv=0.0204 pct=11.86% | ||res||=1.011868
aa=0.7650 ak=0.1802 phi=0.0124 sigma=9.5382 | adv=0.0614 inv=0.0124 pct=11.21% | ||res||=0.356579
aa=0.6523 ak=0.5650 phi=0.0030 sigma=8.5747 | adv=0.0593 inv=0.0415 pct=11.28% | ||res||=0.423561
aa=0.6629 ak=0.5993 phi=0.0040 sigma=7.9860 | adv=0.0654 inv=0.0440 pct=11.48% | ||res||=0.624811
aa=0.7142 ak=0.4763 phi=-0.3909 sigma=7.3440 | adv=0.0418 inv=0.0307 pct=5.86% | ||res||=4.994294
aa=0.7772 ak=0.4521 phi=-0.0472 sigma=7.3034 | adv=0.0793 inv=0.0316 pct=14.83% | ||res||=3.976044
aa=0.1992 ak=0.8375 phi=-0.2960 sigma=2.9699 | adv=0.0324 inv=0.0391 pct=5.74% | ||res||=5.112825
aa=0.6012 ak=0.7285 phi=-0.1231 sigma=8.3542 | adv=0.0474 inv=0.0522 pct=6.19% | ||res||=4.667818
aa=0.6248 ak=0.8404 phi=-0.1606 sigma=6.3695 | adv=0.0619 inv=0.0576 pct=7.97% | ||res||=2.886279
aa=0.7365 ak=0.3155 phi=0.0325 sigma=3.9143 | adv=0.1537 inv=0.0184 pct=21.06% | ||res||=10.208198
aa=0.7477 ak=0.6769 phi=-0.0621 sigma=4.0998 | adv=0.1356 inv=0.0427 pct=19.05% | ||res||=8.193724
aa=0.7074 ak=0.7666 phi=-0.0078 sigma=4.1133 | adv=0.1392 inv=0.0504 pct=18.77% | ||res||=7.913946
aa=0.6843 ak=0.6046 phi=-0.0983 sigma=9.1046 | adv=0.0516 inv=0.0439 pct=10.22% | ||res||=0.628633
aa=0.7074 ak=0.7666 phi=-0.0078 sigma=9.9709 | adv=0.0566 inv=0.0609 pct=10.99% | ||res||=0.138462
aa=0.7774 ak=0.7764 phi=-0.1117 sigma=6.1361 | adv=0.0895 inv=0.0555 pct=13.65% | ||res||=2.799138
aa=0.7774 ak=0.7764 phi=-0.1117 sigma=6.2549 | adv=0.0878 inv=0.0559 pct=13.58% | ||res||=2.731674
aa=0.7581 ak=0.7207 phi=-0.1321 sigma=8.5556 | adv=0.0596 inv=0.0530 pct=11.14% | ||res||=0.288118
aa=0.6383 ak=0.7848 phi=-0.2222 sigma=9.9352 | adv=0.0368 inv=0.0561 pct=5.81% | ||res||=5.040116
aa=0.8188 ak=0.5983 phi=-0.1451 sigma=8.5718 | adv=0.0635 inv=0.0431 pct=11.80% | ||res||=0.946229
aa=0.6965 ak=0.7919 phi=-0.1271 sigma=6.8108 | adv=0.0688 inv=0.0566 pct=11.12% | ||res||=0.266616
aa=0.7888 ak=0.4137 phi=0.0564 sigma=8.6752 | adv=0.0773 inv=0.0302 pct=14.83% | ||res||=3.973681
aa=0.7238 ak=0.7560 phi=-0.2734 sigma=5.0705 | adv=0.0751 inv=0.0465 pct=11.05% | ||res||=0.204497
aa=0.8409 ak=0.7456 phi=-0.0399 sigma=6.4670 | adv=0.1066 inv=0.0569 pct=16.35% | ||res||=5.497900
aa=0.7147 ak=0.7774 phi=0.0299 sigma=9.6379 | adv=0.0629 inv=0.0634 pct=10.98% | ||res||=0.128157
aa=0.6123 ak=0.8462 phi=0.1781 sigma=9.0344 | adv=0.0677 inv=0.0736 pct=12.23% | ||res||=1.376883
aa=0.8195 ak=0.7654 phi=0.1555 sigma=8.9124 | adv=0.0995 inv=0.0693 pct=17.85% | ||res||=6.995396
aa=0.7295 ak=0.8663 phi=-0.1420 sigma=2.8413 | adv=0.1633 inv=0.0438 pct=17.67% | ||res||=6.814507
aa=0.5921 ak=0.8588 phi=0.1300 sigma=2.1909 | adv=0.2460 inv=0.0365 pct=22.40% | ||res||=11.553431
aa=0.7044 ak=0.8009 phi=0.0655 sigma=1.9133 | adv=0.3181 inv=0.0325 pct=26.08% | ||res||=15.233822
aa=0.5577 ak=0.6126 phi=0.1729 sigma=8.3180 | adv=0.0627 inv=0.0470 pct=11.30% | ||res||=0.447632
aa=0.3345 ak=0.7466 phi=-0.2074 sigma=9.8584 | adv=0.0191 inv=0.0514 pct=5.74% | ||res||=5.112872
aa=0.5103 ak=0.4616 phi=0.1128 sigma=7.4838 | adv=0.0580 inv=0.0326 pct=11.15% | ||res||=0.298817
aa=0.4544 ak=0.7675 phi=-0.4082 sigma=8.8280 | adv=0.0213 inv=0.0497 pct=5.22% | ||res||=5.628220
aa=0.6222 ak=0.4336 phi=-0.1374 sigma=7.4141 | adv=0.0534 inv=0.0292 pct=11.14% | ||res||=0.288375
aa=0.5604 ak=0.2461 phi=-0.2868 sigma=9.3065 | adv=0.0304 inv=0.0165 pct=5.76% | ||res||=5.089968
aa=0.5792 ak=0.3419 phi=0.1204 sigma=9.2508 | adv=0.0535 inv=0.0244 pct=11.15% | ||res||=0.298723
aa=0.7534 ak=0.4548 phi=-0.0822 sigma=3.3827 | adv=0.1558 inv=0.0249 pct=19.47% | ||res||=8.620546
aa=0.7238 ak=0.6733 phi=-0.2734 sigma=5.0705 | adv=0.0748 inv=0.0411 pct=11.04% | ||res||=0.189132
aa=0.7624 ak=0.3947 phi=-0.0819 sigma=9.2171 | adv=0.0578 inv=0.0279 pct=11.15% | ||res||=0.299396
aa=0.5577 ak=0.6620 phi=-0.0217 sigma=8.6625 | adv=0.0479 inv=0.0485 pct=9.00% | ||res||=1.850627
aa=0.5977 ak=0.7654 phi=-0.4341 sigma=6.7279 | adv=0.0349 inv=0.0471 pct=5.74% | ||res||=5.112818
aa=0.6266 ak=0.7212 phi=-0.4082 sigma=8.8280 | adv=0.0296 inv=0.0472 pct=5.74% | ||res||=5.112829
aa=0.8329 ak=0.2640 phi=-0.2481 sigma=4.2441 | adv=0.1058 inv=0.0149 pct=14.05% | ||res||=3.197201
aa=0.1275 ak=0.4222 phi=-0.2606 sigma=9.3160 | adv=0.0070 inv=0.0281 pct=0.00% | ||res||=10.853015
aa=0.8955 ak=0.3640 phi=-0.4675 sigma=9.6890 | adv=0.0356 inv=0.0243 pct=8.80% | ||res||=2.054647
aa=0.7076 ak=0.3169 phi=0.0933 sigma=4.4998 | adv=0.1384 inv=0.0195 pct=20.97% | ||res||=10.119802
aa=0.6842 ak=0.5563 phi=0.0320 sigma=9.1357 | adv=0.0609 inv=0.0416 pct=11.92% | ||res||=1.068998
aa=0.6383 ak=0.7786 phi=0.0717 sigma=7.8784 | adv=0.0710 inv=0.0614 pct=11.92% | ||res||=1.069418
aa=0.8214 ak=0.3118 phi=0.0107 sigma=4.1417 | adv=0.1614 inv=0.0186 pct=22.69% | ||res||=11.834605
aa=0.8256 ak=0.2902 phi=-0.1639 sigma=8.5952 | adv=0.0602 inv=0.0198 pct=11.15% | ||res||=0.299735
aa=0.8225 ak=0.2316 phi=-0.2151 sigma=9.6505 | adv=0.0493 inv=0.0158 pct=11.15% | ||res||=0.299322
aa=0.8117 ak=0.6717 phi=-0.1288 sigma=9.6767 | adv=0.0572 inv=0.0500 pct=11.27% | ||res||=0.413102
aa=0.8415 ak=0.7124 phi=-0.2293 sigma=9.5934 | adv=0.0516 inv=0.0512 pct=10.97% | ||res||=0.119143
aa=0.7854 ak=0.6421 phi=-0.1733 sigma=8.1533 | adv=0.0607 inv=0.0455 pct=11.30% | ||res||=0.443615
aa=0.8929 ak=0.6311 phi=-0.3527 sigma=9.3734 | adv=0.0458 inv=0.0429 pct=11.13% | ||res||=0.277890
aa=0.8790 ak=0.5800 phi=-0.1723 sigma=8.9854 | adv=0.0635 inv=0.0419 pct=11.16% | ||res||=0.310523
aa=0.7616 ak=0.7218 phi=-0.0241 sigma=4.7906 | adv=0.1279 inv=0.0500 pct=18.16% | ||res||=7.311906
aa=0.7589 ak=0.6905 phi=-0.1508 sigma=6.1881 | adv=0.0800 inv=0.0472 pct=13.03% | ||res||=2.173061
aa=0.8338 ak=0.7823 phi=-0.4660 sigma=9.3437 | adv=0.0336 inv=0.0505 pct=5.74% | ||res||=5.112822
aa=0.7523 ak=0.6985 phi=0.0920 sigma=9.8333 | adv=0.0707 inv=0.0577 pct=12.42% | ||res||=1.562536
aa=0.8656 ak=0.5006 phi=-0.2978 sigma=6.4659 | adv=0.0691 inv=0.0322 pct=11.16% | ||res||=0.305575
aa=0.6835 ak=0.6080 phi=0.0001 sigma=9.6117 | adv=0.0556 inv=0.0460 pct=10.26% | ||res||=0.597671
aa=0.8088 ak=0.6654 phi=-0.0843 sigma=3.1165 | adv=0.1863 inv=0.0370 pct=22.07% | ||res||=11.216565
aa=0.6955 ak=0.7916 phi=0.0040 sigma=8.7186 | adv=0.0651 inv=0.0630 pct=10.95% | ||res||=0.099316
aa=0.7583 ak=0.7798 phi=0.0239 sigma=9.4650 | adv=0.0688 inv=0.0645 pct=11.39% | ||res||=0.537493
aa=0.6520 ak=0.8468 phi=-0.2632 sigma=6.7649 | adv=0.0519 inv=0.0561 pct=6.04% | ||res||=4.814133
aa=0.6855 ak=0.8988 phi=0.1676 sigma=5.1208 | adv=0.1482 inv=0.0771 pct=22.19% | ||res||=11.342036
aa=0.8104 ak=0.7146 phi=-0.1128 sigma=9.1257 | adv=0.0624 inv=0.0539 pct=11.71% | ||res||=0.855961
aa=0.8928 ak=0.8088 phi=-0.3700 sigma=9.3989 | adv=0.0443 inv=0.0545 pct=10.57% | ||res||=0.280487
aa=0.5604 ak=0.2461 phi=0.1120 sigma=8.4276 | adv=0.0556 inv=0.0169 pct=11.15% | ||res||=0.299412
aa=0.3900 ak=0.7530 phi=-0.3319 sigma=9.0501 | adv=0.0202 inv=0.0498 pct=5.74% | ||res||=5.112865
aa=0.4112 ak=0.8393 phi=-0.2822 sigma=6.7649 | adv=0.0308 inv=0.0533 pct=5.74% | ||res||=5.112832
aa=0.5678 ak=0.4521 phi=0.1194 sigma=8.7410 | adv=0.0562 inv=0.0328 pct=11.15% | ||res||=0.298286
aa=0.2418 ak=0.7974 phi=-0.3241 sigma=9.9661 | adv=0.0114 inv=0.0525 pct=0.00% | ||res||=10.852991
aa=0.4094 ak=0.8190 phi=-0.0409 sigma=9.1046 | adv=0.0318 inv=0.0596 pct=5.74% | ||res||=5.112844
aa=0.6642 ak=0.3169 phi=0.4298 sigma=9.6860 | adv=0.0827 inv=0.0240 pct=17.74% | ||res||=6.890756
aa=0.2982 ak=0.8765 phi=-0.3174 sigma=4.9737 | adv=0.0284 inv=0.0502 pct=5.74% | ||res||=5.112835
aa=0.7727 ak=0.2925 phi=-0.3150 sigma=6.1864 | adv=0.0609 inv=0.0182 pct=11.15% | ||res||=0.299551
aa=0.7003 ak=0.7207 phi=-0.0734 sigma=4.3460 | adv=0.1165 inv=0.0461 pct=15.13% | ||res||=4.274059
aa=0.6524 ak=0.5541 phi=-0.2293 sigma=9.9254 | adv=0.0370 inv=0.0389 pct=7.09% | ||res||=3.763287
aa=0.5577 ak=0.7082 phi=0.0172 sigma=6.5537 | adv=0.0672 inv=0.0507 pct=10.97% | ||res||=0.122091
aa=0.5525 ak=0.7259 phi=-0.3143 sigma=8.6069 | adv=0.0314 inv=0.0486 pct=5.74% | ||res||=5.112825
aa=0.7128 ak=0.3302 phi=-0.1721 sigma=8.7790 | adv=0.0494 inv=0.0225 pct=11.15% | ||res||=0.298742
aa=0.8724 ak=0.2445 phi=-0.1637 sigma=8.3898 | adv=0.0658 inv=0.0165 pct=5.95% | ||res||=4.900547
aa=0.7887 ak=0.6535 phi=-0.1963 sigma=3.9850 | adv=0.1180 inv=0.0381 pct=15.84% | ||res||=4.983882
aa=0.8492 ak=0.6220 phi=-0.2976 sigma=5.1060 | adv=0.0848 inv=0.0378 pct=12.80% | ||res||=1.945423
aa=0.8331 ak=0.6906 phi=-0.0738 sigma=5.9471 | adv=0.1064 inv=0.0496 pct=16.63% | ||res||=5.775381
aa=0.7985 ak=0.6250 phi=0.2753 sigma=7.8848 | adv=0.1252 inv=0.0558 pct=24.51% | ||res||=13.652397
aa=0.7801 ak=0.6755 phi=-0.2649 sigma=5.8710 | adv=0.0716 inv=0.0433 pct=11.22% | ||res||=0.363992
aa=0.7013 ak=0.6099 phi=-0.4040 sigma=8.6153 | adv=0.0344 inv=0.0402 pct=5.74% | ||res||=5.112621
aa=0.6955 ak=0.6674 phi=-0.1309 sigma=8.6956 | adv=0.0529 inv=0.0483 pct=8.63% | ||res||=2.227125
aa=0.8746 ak=0.5503 phi=-0.3023 sigma=9.6759 | adv=0.0471 inv=0.0382 pct=10.99% | ||res||=0.133394
aa=0.8811 ak=0.7687 phi=-0.4205 sigma=9.1756 | adv=0.0404 inv=0.0506 pct=9.37% | ||res||=1.487897
aa=0.7895 ak=0.7232 phi=-0.4543 sigma=8.7481 | adv=0.0347 inv=0.0468 pct=5.74% | ||res||=5.111165
aa=0.8856 ak=0.7478 phi=-0.1988 sigma=4.2133 | adv=0.1286 inv=0.0454 pct=15.75% | ||res||=4.897437
aa=0.7720 ak=0.7852 phi=0.0490 sigma=5.6856 | adv=0.1261 inv=0.0621 pct=20.85% | ||res||=9.996908
aa=0.7525 ak=0.6854 phi=-0.1671 sigma=7.8919 | adv=0.0605 inv=0.0487 pct=11.19% | ||res||=0.333007
aa=0.6882 ak=0.7879 phi=-0.3700 sigma=9.3989 | adv=0.0329 inv=0.0530 pct=5.74% | ||res||=5.112827
aa=0.8567 ak=0.7050 phi=-0.1886 sigma=7.9633 | adv=0.0678 inv=0.0503 pct=12.84% | ||res||=1.986849
aa=0.7367 ak=0.7908 phi=-0.0450 sigma=8.3132 | adv=0.0685 inv=0.0620 pct=10.99% | ||res||=0.139031
aa=0.7431 ak=0.7525 phi=-0.0282 sigma=9.6279 | adv=0.0605 inv=0.0594 pct=11.05% | ||res||=0.195737
aa=0.7026 ak=0.8404 phi=-0.0358 sigma=8.4952 | adv=0.0644 inv=0.0664 pct=10.86% | ||res||=0.030920
aa=0.8804 ak=0.7434 phi=-0.1456 sigma=8.4055 | adv=0.0724 inv=0.0558 pct=13.80% | ||res||=2.942423
aa=0.7205 ak=0.8452 phi=-0.0674 sigma=9.1993 | adv=0.0585 inv=0.0668 pct=10.91% | ||res||=0.063683
aa=0.8434 ak=0.7375 phi=-0.2163 sigma=9.3307 | adv=0.0544 inv=0.0534 pct=10.84% | ||res||=0.020147
aa=0.8675 ak=0.7539 phi=-0.2794 sigma=9.5044 | adv=0.0497 inv=0.0531 pct=10.87% | ||res||=0.020564
aa=0.7128 ak=0.3302 phi=0.0084 sigma=1.6959 | adv=0.3187 inv=0.0101 pct=22.11% | ||res||=11.265429
aa=0.8755 ak=0.8198 phi=-0.2642 sigma=8.3840 | adv=0.0587 inv=0.0577 pct=11.09% | ||res||=0.242321
aa=0.8659 ak=0.8588 phi=-0.2914 sigma=8.5987 | adv=0.0537 inv=0.0600 pct=11.02% | ||res||=0.164967
