
Fixed structural parameters:
  gamma_k    = 0.112026
  gamma_l    = 0.855904
  rho        = 0.815676
  sigma_eps  = 0.038788
  sigma_init = 3.144978  (initial guess; calibrated)
  exit_rate  = 0.074896

Calibration targets (base period):
  med_sga/rev  = 0.0433
  med_capx/rev = 0.0451
  pct_neg      = 10.8529%

Loaded pct_neg by year: 40 years (1980-2019)
Loaded coef_1980 = 0.807577 (from sales_elasticity_m_by_year.csv)

Loaded initial guesses from /gpfs/projects/p32386/Demand_Shifting/calibrated_investment_params.csv:
  alpha_a_init   = 0.508917
  alpha_k_init   = 0.752982
  sigma_init_cal = 3.144978

============================================================
Phase 1: Solve for alpha_a, alpha_k, sigma  (phi_0 backed out from coef_1980)
  Targets: adv/rev=0.0433  capx/rev=0.0451  pct_neg@1980=10.85%
  coef_1980 = 0.807577
============================================================
aa=0.5089 ak=0.7530 sig=3.1450 phi0=0.0572 | adv=0.1400 inv=0.0456 pct=18.35% | ||res||=2.339057
aa=0.4056 ak=0.7530 sig=3.1450 phi0=0.0572 | adv=0.1077 inv=0.0443 pct=10.68% | ||res||=1.488661
aa=0.5944 ak=0.7530 sig=3.1450 phi0=0.0572 | adv=0.1718 inv=0.0473 pct=22.25% | ||res||=3.149652
aa=0.2889 ak=0.7530 sig=3.1450 phi0=0.0572 | adv=0.0744 inv=0.0435 pct=7.49% | ||res||=0.782978
aa=0.2697 ak=0.7530 sig=3.1450 phi0=0.0572 | adv=0.0691 inv=0.0429 pct=7.49% | ||res||=0.674303
aa=0.2049 ak=0.7530 sig=3.1450 phi0=0.0572 | adv=0.0518 inv=0.0426 pct=7.49% | ||res||=0.371101
aa=0.1762 ak=0.7530 sig=3.1450 phi0=0.0572 | adv=0.0443 inv=0.0426 pct=7.49% | ||res||=0.315663
aa=0.1731 ak=0.7530 sig=3.1450 phi0=0.0572 | adv=0.0435 inv=0.0426 pct=7.49% | ||res||=0.314649
aa=0.1717 ak=0.7530 sig=3.1450 phi0=0.0572 | adv=0.0431 inv=0.0426 pct=7.49% | ||res||=0.314546
aa=0.1718 ak=0.7530 sig=3.1450 phi0=0.0572 | adv=0.0432 inv=0.0426 pct=7.49% | ||res||=0.314546
aa=0.1718 ak=0.7530 sig=3.1450 phi0=0.0572 | adv=0.0432 inv=0.0426 pct=7.49% | ||res||=0.314546
aa=0.1718 ak=0.7530 sig=3.1450 phi0=0.0572 | adv=0.0432 inv=0.0426 pct=7.49% | ||res||=0.314546
aa=0.1718 ak=0.7530 sig=3.1450 phi0=0.0572 | adv=0.0432 inv=0.0426 pct=7.49% | ||res||=0.314546
aa=0.1718 ak=0.4056 sig=3.1450 phi0=0.0572 | adv=0.0428 inv=0.0218 pct=7.49% | ||res||=0.602577
aa=0.1718 ak=0.5944 sig=3.1450 phi0=0.0572 | adv=0.0430 inv=0.0322 pct=7.49% | ||res||=0.421200
aa=0.1718 ak=0.7111 sig=3.1450 phi0=0.0572 | adv=0.0430 inv=0.0392 pct=7.49% | ||res||=0.335718
aa=0.1718 ak=0.8503 sig=3.1450 phi0=0.0572 | adv=0.0432 inv=0.0486 pct=7.49% | ||res||=0.319962
aa=0.1718 ak=0.8005 sig=3.1450 phi0=0.0572 | adv=0.0431 inv=0.0455 pct=7.49% | ||res||=0.310092
aa=0.1718 ak=0.7974 sig=3.1450 phi0=0.0572 | adv=0.0431 inv=0.0449 pct=7.49% | ||res||=0.309966
aa=0.1718 ak=0.7923 sig=3.1450 phi0=0.0572 | adv=0.0431 inv=0.0450 pct=7.49% | ||res||=0.309942
aa=0.1718 ak=0.7613 sig=3.1450 phi0=0.0572 | adv=0.0432 inv=0.0429 pct=7.49% | ||res||=0.313677
aa=0.1718 ak=0.7943 sig=3.1450 phi0=0.0572 | adv=0.0431 inv=0.0450 pct=7.49% | ||res||=0.309948
aa=0.1718 ak=0.7907 sig=3.1450 phi0=0.0572 | adv=0.0431 inv=0.0449 pct=7.49% | ||res||=0.309956
aa=0.1718 ak=0.7928 sig=3.1450 phi0=0.0572 | adv=0.0431 inv=0.0450 pct=7.49% | ||res||=0.309943
aa=0.1718 ak=0.7922 sig=3.1450 phi0=0.0572 | adv=0.0431 inv=0.0450 pct=7.49% | ||res||=0.309942
aa=0.1718 ak=0.7922 sig=3.1450 phi0=0.0572 | adv=0.0431 inv=0.0450 pct=7.49% | ||res||=0.309942
aa=0.1718 ak=0.7922 sig=3.1450 phi0=0.0572 | adv=0.0431 inv=0.0450 pct=7.49% | ||res||=0.309942
aa=0.1718 ak=0.7922 sig=3.1450 phi0=0.0572 | adv=0.0431 inv=0.0450 pct=7.49% | ||res||=0.309942
aa=0.1718 ak=0.7922 sig=8.8754 phi0=0.7240 | adv=0.0267 inv=0.0634 pct=7.49% | ||res||=0.639761
aa=0.1718 ak=0.7922 sig=13.1246 phi0=1.2185 | adv=0.0240 inv=0.0690 pct=7.49% | ||res||=0.759472
aa=0.1718 ak=0.7922 sig=6.2492 phi0=0.4184 | adv=0.0303 inv=0.0621 pct=7.49% | ||res||=0.573550
aa=0.1718 ak=0.7922 sig=4.6262 phi0=0.2295 | adv=0.0346 inv=0.0547 pct=7.49% | ||res||=0.426296
aa=0.1718 ak=0.7922 sig=3.6231 phi0=0.1128 | adv=0.0396 inv=0.0485 pct=7.49% | ||res||=0.329870
aa=0.1718 ak=0.7922 sig=3.0031 phi0=0.0407 | adv=0.0444 inv=0.0438 pct=7.49% | ||res||=0.312078
aa=0.1718 ak=0.7922 sig=3.0376 phi0=0.0447 | adv=0.0440 inv=0.0441 pct=7.49% | ||res||=0.311056
aa=0.1718 ak=0.7922 sig=3.1670 phi0=0.0597 | adv=0.0429 inv=0.0452 pct=7.49% | ||res||=0.310062
aa=0.1718 ak=0.7922 sig=3.3412 phi0=0.0800 | adv=0.0415 inv=0.0465 pct=7.49% | ||res||=0.314386
aa=0.1718 ak=0.7922 sig=3.1308 phi0=0.0555 | adv=0.0432 inv=0.0449 pct=7.49% | ||res||=0.309923
aa=0.1718 ak=0.7922 sig=3.1334 phi0=0.0558 | adv=0.0432 inv=0.0450 pct=7.49% | ||res||=0.309923
aa=0.1718 ak=0.7922 sig=3.1321 phi0=0.0557 | adv=0.0432 inv=0.0449 pct=7.49% | ||res||=0.309923
aa=0.1718 ak=0.7922 sig=3.1321 phi0=0.0557 | adv=0.0432 inv=0.0449 pct=7.49% | ||res||=0.309923
aa=0.1718 ak=0.7922 sig=3.1321 phi0=0.0557 | adv=0.0432 inv=0.0449 pct=7.49% | ||res||=0.309923
aa=0.1718 ak=0.7922 sig=3.1321 phi0=0.0557 | adv=0.0432 inv=0.0449 pct=7.49% | ||res||=0.309923
aa=0.1000 ak=0.8006 sig=3.1294 phi0=0.0554 | adv=0.0249 inv=0.0445 pct=7.49% | ||res||=0.526526
aa=0.5944 ak=0.7430 sig=3.1482 phi0=0.0576 | adv=0.1722 inv=0.0472 pct=22.39% | ||res||=3.163299
aa=0.4056 ak=0.7650 sig=3.1410 phi0=0.0567 | adv=0.1074 inv=0.0457 pct=10.50% | ||res||=1.481043
aa=0.2889 ak=0.7786 sig=3.1366 phi0=0.0562 | adv=0.0747 inv=0.0447 pct=7.49% | ||res||=0.789552
