
Fixed structural parameters:
  gamma_k    = 0.112026
  gamma_l    = 0.855904
  rho        = 0.815676
  sigma_eps  = 0.038788
  sigma_init = 3.144978  (initial guess; calibrated)
  exit_rate  = 0.074896

Calibration targets (base period):
  med_sga/rev  = 0.0433
  med_capx/rev = 0.0451
  pct_neg      = 10.8529%

Loaded pct_neg by year: 40 years (1980-2019)
Loaded coef_1980 = 0.807577 (from sales_elasticity_m_by_year.csv)

Loaded initial guesses from /gpfs/projects/p32386/Demand_Shifting/calibrated_investment_params.csv:
  alpha_a_init   = 0.172346
  alpha_k_init   = 0.802561
  sigma_init_cal = 3.138482

============================================================
Phase 1: Solve for alpha_a, alpha_k, sigma  (phi_0 backed out from coef_1980)
  Targets: adv/rev=0.0433  capx/rev=0.0451  pct_neg@1980=10.85%
  coef_1980 = 0.807577
============================================================
