
Fixed structural parameters:
  gamma_k     = 0.112026
  gamma_l     = 0.855904
  rho         = 0.815676
  sigma_eps   = 0.038788
  sigma_fixed = 3.144978  (fixed = mu/(mu-1) from ACF markup)
  exit_rate   = 0.057401

Calibration targets (base period):
  med_capx/rev = 0.0451
  pct_neg      = 10.8529%

Loaded pct_neg by year: 40 years (1980-2019)

Normalization: phi_0 = 0.0000  (base period)
Fixed:         sigma = 3.144978  (from structural_parameters)

Loaded initial guesses from /gpfs/projects/p32386/Demand_Shifting/calibrated_investment_params.csv:
  alpha_a_init = 0.172749
  alpha_k_init = 0.805817

============================================================
Phase 1: Solve for alpha_a, alpha_k  (2 params, 2 moments)
  phi_0  = 0.0000  (normalized)
  sigma  = 3.144978  (fixed from structural_parameters)
  Targets: capx/rev=0.0451  pct_neg@1980=10.85%
============================================================
aa=0.1862 ak=0.6406 | inv=0.0329 pct=5.74% | ||res||=0.543297
aa=0.4773 ak=0.6619 | inv=0.0356 pct=12.38% | ||res||=0.252273
aa=0.6837 ak=0.4716 | inv=0.0255 pct=20.76% | ||res||=1.010914
aa=0.1693 ak=0.3485 | inv=0.0176 pct=5.74% | ||res||=0.770628
aa=0.4322 ak=0.8239 | inv=0.0446 pct=6.97% | ||res||=0.358027
aa=0.7243 ak=0.1862 | inv=0.0094 pct=20.89% | ||res||=1.217339
aa=0.5245 ak=0.5056 | inv=0.0268 pct=16.00% | ||res||=0.623758
aa=0.7426 ak=0.1380 | inv=0.0069 pct=20.96% | ||res||=1.258847
aa=0.5517 ak=0.5547 | inv=0.0297 pct=16.23% | ||res||=0.601181
aa=0.8186 ak=0.4410 | inv=0.0243 pct=25.75% | ||res||=1.448327
aa=0.1150 ak=0.7068 | inv=0.0361 pct=5.74% | ||res||=0.511270
aa=0.2223 ak=0.3873 | inv=0.0197 pct=5.74% | ||res||=0.734589
aa=0.2840 ak=0.3388 | inv=0.0172 pct=5.74% | ||res||=0.778179
aa=0.3008 ak=0.7780 | inv=0.0409 pct=5.74% | ||res||=0.480109
aa=0.5982 ak=0.6114 | inv=0.0334 pct=16.80% | ||res||=0.606430
aa=0.6280 ak=0.2546 | inv=0.0130 pct=16.29% | ||res||=0.870254
aa=0.3733 ak=0.8123 | inv=0.0433 pct=6.66% | ||res||=0.387961
aa=0.3873 ak=0.1639 | inv=0.0081 pct=11.15% | ||res||=0.819913
aa=0.8322 ak=0.2883 | inv=0.0152 pct=25.17% | ||res||=1.476993
aa=0.8874 ak=0.8776 | inv=0.0613 pct=32.20% | ||res||=1.999998
aa=0.4860 ak=0.5641 | inv=0.0300 pct=11.95% | ||res||=0.349533
aa=0.1818 ak=0.6079 | inv=0.0313 pct=5.74% | ||res||=0.561849
aa=0.7113 ak=0.6068 | inv=0.0341 pct=21.49% | ||res||=1.009700
aa=0.4598 ak=0.6304 | inv=0.0335 pct=10.69% | ||res||=0.256536
aa=0.3493 ak=0.8664 | inv=0.0461 pct=5.93% | ||res||=0.454205
aa=0.7113 ak=0.4716 | inv=0.0256 pct=21.08% | ||res||=1.036091
aa=0.3927 ak=0.7150 | inv=0.0381 pct=7.58% | ||res||=0.338138
aa=0.3451 ak=0.7837 | inv=0.0416 pct=5.77% | ||res||=0.474418
aa=0.2874 ak=0.4648 | inv=0.0239 pct=5.74% | ||res||=0.665615
aa=0.3643 ak=0.7362 | inv=0.0391 pct=7.01% | ||res||=0.377210
aa=0.3063 ak=0.7347 | inv=0.0386 pct=5.74% | ||res||=0.492325
aa=0.4196 ak=0.3430 | inv=0.0175 pct=11.15% | ||res||=0.611177
aa=0.4862 ak=0.2466 | inv=0.0125 pct=11.61% | ||res||=0.726794
aa=0.6761 ak=0.2226 | inv=0.0113 pct=18.57% | ||res||=1.032294
aa=0.6314 ak=0.7199 | inv=0.0405 pct=18.72% | ||res||=0.731627
aa=0.6053 ak=0.4573 | inv=0.0243 pct=16.27% | ||res||=0.679256
aa=0.6472 ak=0.3264 | inv=0.0170 pct=17.11% | ||res||=0.848799
aa=0.5130 ak=0.8008 | inv=0.0442 pct=14.13% | ||res||=0.302614
aa=0.7711 ak=0.6018 | inv=0.0344 pct=24.27% | ||res||=1.259093
aa=0.7959 ak=0.8123 | inv=0.0504 pct=26.65% | ||res||=1.460588
aa=0.4270 ak=0.6380 | inv=0.0342 pct=8.72% | ||res||=0.311365
aa=0.3733 ak=0.6584 | inv=0.0350 pct=7.82% | ||res||=0.356841
aa=0.3493 ak=0.8141 | inv=0.0432 pct=5.92% | ||res||=0.456146
aa=0.6324 ak=0.5641 | inv=0.0307 pct=17.68% | ||res||=0.705025
aa=0.6516 ak=0.4177 | inv=0.0222 pct=18.14% | ||res||=0.841206
aa=0.4638 ak=0.7293 | inv=0.0395 pct=10.31% | ||res||=0.133766
aa=0.3118 ak=0.6406 | inv=0.0337 pct=5.74% | ||res||=0.534173
aa=0.4894 ak=0.6836 | inv=0.0369 pct=12.90% | ||res||=0.261492
aa=0.5074 ak=0.5570 | inv=0.0297 pct=12.67% | ||res||=0.379936
aa=0.5157 ak=0.6619 | inv=0.0360 pct=14.70% | ||res||=0.407426
aa=0.5046 ak=0.7373 | inv=0.0403 pct=13.61% | ||res||=0.274693
aa=0.5316 ak=0.6718 | inv=0.0365 pct=15.81% | ||res||=0.494496
aa=0.3765 ak=0.7818 | inv=0.0418 pct=6.93% | ||res||=0.369016
aa=0.3671 ak=0.6079 | inv=0.0319 pct=7.53% | ||res||=0.423392
aa=0.3476 ak=0.5428 | inv=0.0282 pct=6.35% | ||res||=0.558399
aa=0.3977 ak=0.7681 | inv=0.0411 pct=7.06% | ||res||=0.360664
aa=0.1869 ak=0.7889 | inv=0.0407 pct=5.74% | ||res||=0.480717
aa=0.6443 ak=0.7150 | inv=0.0404 pct=19.34% | ||res||=0.788720
aa=0.6867 ak=0.3449 | inv=0.0181 pct=20.39% | ||res||=1.063253
aa=0.8251 ak=0.5675 | inv=0.0326 pct=26.52% | ||res||=1.469810
aa=0.4268 ak=0.5063 | inv=0.0265 pct=11.11% | ||res||=0.412581
aa=0.4031 ak=0.7117 | inv=0.0380 pct=7.62% | ||res||=0.336937
aa=0.4545 ak=0.5575 | inv=0.0294 pct=10.91% | ||res||=0.346543
aa=0.4545 ak=0.5575 | inv=0.0294 pct=10.91% | ||res||=0.346543
aa=0.4789 ak=0.7823 | inv=0.0427 pct=12.09% | ||res||=0.125924
aa=0.6202 ak=0.7425 | inv=0.0418 pct=18.14% | ||res||=0.675675
aa=0.4928 ak=0.6009 | inv=0.0322 pct=12.49% | ||res||=0.323141
aa=0.4310 ak=0.5880 | inv=0.0311 pct=9.77% | ||res||=0.324866
aa=0.8043 ak=0.6137 | inv=0.0355 pct=26.00% | ||res||=1.411954
aa=0.4000 ak=0.5898 | inv=0.0311 pct=9.56% | ||res||=0.331912
aa=0.4107 ak=0.6079 | inv=0.0321 pct=9.21% | ||res||=0.324334
aa=0.5291 ak=0.6910 | inv=0.0378 pct=15.66% | ||res||=0.471743
aa=0.2707 ak=0.5641 | inv=0.0291 pct=5.74% | ||res||=0.588805
aa=0.5175 ak=0.7391 | inv=0.0406 pct=14.79% | ||res||=0.375851
aa=0.5074 ak=0.7401 | inv=0.0404 pct=13.73% | ||res||=0.284435
aa=0.3783 ak=0.7570 | inv=0.0403 pct=7.16% | ||res||=0.356126
aa=0.3500 ak=0.7837 | inv=0.0416 pct=5.98% | ||res||=0.455562
aa=0.5753 ak=0.6323 | inv=0.0346 pct=16.27% | ||res||=0.550979
aa=0.5694 ak=0.6989 | inv=0.0386 pct=16.22% | ||res||=0.514764
aa=0.8043 ak=0.6137 | inv=0.0355 pct=26.00% | ||res||=1.411954
aa=0.5120 ak=0.6864 | inv=0.0373 pct=14.19% | ||res||=0.352863
aa=0.4789 ak=0.7725 | inv=0.0421 pct=12.19% | ||res||=0.139453
aa=0.4905 ak=0.7748 | inv=0.0423 pct=12.90% | ||res||=0.197678
aa=0.4566 ak=0.7779 | inv=0.0422 pct=8.47% | ||res||=0.228513
aa=0.3500 ak=0.8481 | inv=0.0451 pct=5.87% | ||res||=0.459117
aa=0.4515 ak=0.8321 | inv=0.0453 pct=8.81% | ||res||=0.187863
aa=0.5611 ak=0.7463 | inv=0.0414 pct=16.11% | ||res||=0.490711
aa=0.4887 ak=0.7373 | inv=0.0402 pct=12.86% | ||res||=0.214295
aa=0.4871 ak=0.8112 | inv=0.0445 pct=13.37% | ||res||=0.232400
aa=0.4160 ak=0.7644 | inv=0.0411 pct=7.09% | ||res||=0.357493
aa=0.3900 ak=0.7729 | inv=0.0414 pct=7.01% | ||res||=0.363075
aa=0.4086 ak=0.7831 | inv=0.0421 pct=6.92% | ||res||=0.368130
aa=0.4989 ak=0.7818 | inv=0.0429 pct=13.33% | ||res||=0.233101
aa=0.4100 ak=0.7930 | inv=0.0426 pct=6.86% | ||res||=0.372244
aa=0.3930 ak=0.8061 | inv=0.0432 pct=6.73% | ||res||=0.382248
aa=0.4834 ak=0.8170 | inv=0.0448 pct=13.79% | ||res||=0.270497
aa=0.5211 ak=0.8216 | inv=0.0455 pct=14.48% | ||res||=0.334547
aa=0.5445 ak=0.8292 | inv=0.0463 pct=15.74% | ||res||=0.451530
aa=0.5227 ak=0.8380 | inv=0.0465 pct=14.54% | ||res||=0.340954
aa=0.5130 ak=0.8698 | inv=0.0482 pct=15.75% | ||res||=0.456240
aa=0.4331 ak=0.6979 | inv=0.0375 pct=7.86% | ||res||=0.323404
aa=0.4386 ak=0.8380 | inv=0.0453 pct=7.42% | ||res||=0.316647
aa=0.4806 ak=0.6832 | inv=0.0368 pct=12.53% | ||res||=0.238984
aa=0.3919 ak=0.6036 | inv=0.0318 pct=9.30% | ||res||=0.327916
aa=0.4772 ak=0.6356 | inv=0.0339 pct=12.29% | ||res||=0.280135
aa=0.4989 ak=0.7690 | inv=0.0422 pct=13.33% | ||res||=0.236943
aa=0.4448 ak=0.7391 | inv=0.0399 pct=7.62% | ||res||=0.318411
aa=0.4275 ak=0.7357 | inv=0.0396 pct=7.38% | ||res||=0.342410
aa=0.4351 ak=0.7645 | inv=0.0412 pct=7.15% | ||res||=0.351588
aa=0.4559 ak=0.7948 | inv=0.0432 pct=8.86% | ||res||=0.188330
aa=0.4311 ak=0.8066 | inv=0.0437 pct=7.09% | ||res||=0.347572
aa=0.4170 ak=0.6527 | inv=0.0348 pct=8.40% | ||res||=0.321033
aa=0.4713 ak=0.7535 | inv=0.0409 pct=11.21% | ||res||=0.097377
aa=0.4996 ak=0.8176 | inv=0.0450 pct=13.89% | ||res||=0.279851
aa=0.4160 ak=0.7604 | inv=0.0409 pct=7.13% | ||res||=0.355456
aa=0.4003 ak=0.7716 | inv=0.0413 pct=7.02% | ||res||=0.362495
aa=0.3707 ak=0.8600 | inv=0.0460 pct=6.32% | ||res||=0.418593
aa=0.5866 ak=0.7463 | inv=0.0417 pct=16.49% | ||res||=0.524954
aa=0.5623 ak=0.8112 | inv=0.0456 pct=16.13% | ||res||=0.485981
aa=0.5478 ak=0.8969 | inv=0.0504 pct=15.82% | ||res||=0.472195
aa=0.4375 ak=0.7566 | inv=0.0408 pct=7.26% | ||res||=0.344467
aa=0.4545 ak=0.7994 | inv=0.0434 pct=8.71% | ||res||=0.201281
aa=0.5270 ak=0.6616 | inv=0.0360 pct=15.10% | ||res||=0.440613
aa=0.4882 ak=0.7188 | inv=0.0391 pct=12.85% | ||res||=0.226450
aa=0.4566 ak=0.7322 | inv=0.0396 pct=8.56% | ||res||=0.243412
aa=0.4419 ak=0.7696 | inv=0.0416 pct=7.27% | ||res||=0.339203
aa=0.4236 ak=0.7845 | inv=0.0423 pct=6.93% | ||res||=0.366176
aa=0.4312 ak=0.8090 | inv=0.0437 pct=7.08% | ||res||=0.349343
aa=0.5249 ak=0.7535 | inv=0.0414 pct=15.04% | ||res||=0.394397
aa=0.4789 ak=0.6689 | inv=0.0362 pct=12.46% | ||res||=0.246134
aa=0.5212 ak=0.6531 | inv=0.0354 pct=15.08% | ||res||=0.444630
aa=0.5212 ak=0.6531 | inv=0.0354 pct=15.08% | ||res||=0.444630
aa=0.5039 ak=0.6594 | inv=0.0355 pct=13.35% | ||res||=0.313279
aa=0.5074 ak=0.7744 | inv=0.0426 pct=13.77% | ||res||=0.274740
aa=0.4766 ak=0.7604 | inv=0.0414 pct=11.75% | ||res||=0.116286
aa=0.4107 ak=0.7905 | inv=0.0426 pct=6.88% | ||res||=0.370288
aa=0.3806 ak=0.7841 | inv=0.0419 pct=6.91% | ||res||=0.370006
aa=0.5321 ak=0.7332 | inv=0.0404 pct=15.50% | ||res||=0.440638
aa=0.4815 ak=0.8871 | inv=0.0488 pct=15.02% | ||res||=0.392905
aa=0.4948 ak=0.8703 | inv=0.0480 pct=15.55% | ||res||=0.437413
aa=0.4730 ak=0.6586 | inv=0.0357 pct=12.02% | ||res||=0.234209
aa=0.4360 ak=0.7909 | inv=0.0428 pct=7.00% | ||res||=0.358905
aa=0.4842 ak=0.7188 | inv=0.0390 pct=12.63% | ||res||=0.211941
aa=0.4579 ak=0.6860 | inv=0.0369 pct=9.84% | ||res||=0.203359
aa=0.4852 ak=0.7810 | inv=0.0427 pct=12.67% | ||res||=0.175508
aa=0.4905 ak=0.7810 | inv=0.0427 pct=12.97% | ||res||=0.201393
aa=0.4657 ak=0.7320 | inv=0.0396 pct=10.80% | ||res||=0.121135
aa=0.4650 ak=0.7482 | inv=0.0406 pct=10.64% | ||res||=0.100433
aa=0.4587 ak=0.7537 | inv=0.0409 pct=8.92% | ||res||=0.200690
aa=0.4534 ak=0.8239 | inv=0.0448 pct=8.99% | ||res||=0.171616
aa=0.4372 ak=0.6270 | inv=0.0335 pct=9.15% | ||res||=0.300455
aa=0.5106 ak=0.7349 | inv=0.0402 pct=13.88% | ||res||=0.298581
aa=0.4697 ak=0.7694 | inv=0.0419 pct=10.78% | ||res||=0.070917
aa=0.4806 ak=0.8191 | inv=0.0449 pct=13.65% | ||res||=0.257843
aa=0.5073 ak=0.7336 | inv=0.0402 pct=13.73% | ||res||=0.286184
aa=0.4887 ak=0.7408 | inv=0.0404 pct=12.85% | ||res||=0.211549
aa=0.4970 ak=0.7386 | inv=0.0403 pct=13.25% | ||res||=0.244715
aa=0.4778 ak=0.7538 | inv=0.0410 pct=11.94% | ||res||=0.134996
aa=0.4545 ak=0.8421 | inv=0.0458 pct=9.80% | ||res||=0.097987
aa=0.5316 ak=0.7640 | inv=0.0423 pct=15.23% | ||res||=0.407945
