
Fixed structural parameters:
  gamma_k     = 0.112026
  gamma_l     = 0.855904
  rho         = 0.815676
  sigma_eps   = 0.038788
  sigma_fixed = 3.144978  (fixed = mu/(mu-1) from ACF markup)
  exit_rate   = 0.057401

Calibration targets (base period):
  med_capx/rev = 0.0451
  pct_neg      = 10.8529%

Loaded pct_neg by year: 40 years (1980-2019)

Normalization: phi_0 = 0.0000  (base period)
Fixed:         sigma = 3.144978  (from structural_parameters)

Loaded initial guesses from /gpfs/projects/p32386/Demand_Shifting/calibrated_investment_params.csv:
  alpha_a_init = 0.172749
  alpha_k_init = 0.805817

============================================================
Phase 1: Solve for alpha_a, alpha_k  (2 params, 2 moments)
  phi_0  = 0.0000  (normalized)
  sigma  = 3.144978  (fixed from structural_parameters)
  Targets: capx/rev=0.0451  pct_neg@1980=10.85%
============================================================
aa=0.4773 ak=0.6619 | inv=0.0356 pct=12.38% | ||res||=0.017927
aa=0.1693 ak=0.3485 | inv=0.0176 pct=5.74% | ||res||=0.058046
aa=0.4322 ak=0.8239 | inv=0.0446 pct=6.97% | ||res||=0.038844
aa=0.5517 ak=0.5547 | inv=0.0297 pct=16.23% | ||res||=0.055940
aa=0.5245 ak=0.5056 | inv=0.0268 pct=16.00% | ||res||=0.054578
aa=0.1862 ak=0.6406 | inv=0.0329 pct=5.74% | ||res||=0.052562
aa=0.1150 ak=0.7068 | inv=0.0361 pct=5.74% | ||res||=0.051906
aa=0.2223 ak=0.3873 | inv=0.0197 pct=5.74% | ||res||=0.057089
aa=0.2840 ak=0.3388 | inv=0.0172 pct=5.74% | ||res||=0.058250
aa=0.3008 ak=0.7780 | inv=0.0409 pct=5.74% | ||res||=0.051298
aa=0.5982 ak=0.6114 | inv=0.0334 pct=16.80% | ||res||=0.060630
aa=0.6280 ak=0.2546 | inv=0.0130 pct=16.29% | ||res||=0.063143
aa=0.3733 ak=0.8123 | inv=0.0433 pct=6.66% | ||res||=0.041937
aa=0.3873 ak=0.1639 | inv=0.0081 pct=11.15% | ||res||=0.037045
aa=0.6837 ak=0.4716 | inv=0.0255 pct=20.76% | ||res||=0.100996
aa=0.8322 ak=0.2883 | inv=0.0152 pct=25.17% | ||res||=0.146294
aa=0.7243 ak=0.1862 | inv=0.0094 pct=20.89% | ||res||=0.106559
aa=0.7426 ak=0.1380 | inv=0.0069 pct=20.96% | ||res||=0.108040
aa=0.8186 ak=0.4410 | inv=0.0243 pct=25.75% | ||res||=0.150455
aa=0.8874 ak=0.8776 | inv=0.0613 pct=32.20% | ||res||=0.214134
aa=0.4598 ak=0.6304 | inv=0.0335 pct=10.69% | ||res||=0.011658
aa=0.4860 ak=0.5641 | inv=0.0300 pct=11.95% | ||res||=0.018658
aa=0.1818 ak=0.6079 | inv=0.0313 pct=5.74% | ||res||=0.052957
aa=0.3927 ak=0.7150 | inv=0.0381 pct=7.58% | ||res||=0.033413
aa=0.2874 ak=0.4648 | inv=0.0239 pct=5.74% | ||res||=0.055345
aa=0.3063 ak=0.7347 | inv=0.0386 pct=5.74% | ||res||=0.051533
aa=0.3643 ak=0.7362 | inv=0.0391 pct=7.01% | ||res||=0.038835
aa=0.7113 ak=0.6068 | inv=0.0341 pct=21.49% | ||res||=0.106905
aa=0.4196 ak=0.3430 | inv=0.0175 pct=11.15% | ||res||=0.027673
aa=0.3451 ak=0.7837 | inv=0.0416 pct=5.77% | ||res||=0.050918
aa=0.4862 ak=0.2466 | inv=0.0125 pct=11.61% | ||res||=0.033475
aa=0.6761 ak=0.2226 | inv=0.0113 pct=18.57% | ||res||=0.084203
aa=0.3493 ak=0.8664 | inv=0.0461 pct=5.93% | ||res||=0.049246
aa=0.6053 ak=0.4573 | inv=0.0243 pct=16.27% | ||res||=0.058014
aa=0.7113 ak=0.4716 | inv=0.0256 pct=21.08% | ||res||=0.104064
aa=0.6314 ak=0.7199 | inv=0.0405 pct=18.72% | ||res||=0.078780
aa=0.6472 ak=0.3264 | inv=0.0170 pct=17.11% | ||res||=0.068556
aa=0.5130 ak=0.8008 | inv=0.0442 pct=14.13% | ||res||=0.032787
aa=0.7711 ak=0.6018 | inv=0.0344 pct=24.27% | ||res||=0.134625
aa=0.7959 ak=0.8123 | inv=0.0504 pct=26.65% | ||res||=0.158086
aa=0.4478 ak=0.6086 | inv=0.0324 pct=9.92% | ||res||=0.015722
aa=0.4900 ak=0.5255 | inv=0.0278 pct=11.61% | ||res||=0.018823
aa=0.4464 ak=0.6979 | inv=0.0375 pct=8.26% | ||res||=0.027032
aa=0.5381 ak=0.2383 | inv=0.0121 pct=15.77% | ||res||=0.059172
aa=0.5142 ak=0.6404 | inv=0.0349 pct=14.55% | ||res||=0.038320
aa=0.4982 ak=0.6304 | inv=0.0338 pct=12.93% | ||res||=0.023576
aa=0.4096 ak=0.6066 | inv=0.0321 pct=9.24% | ||res||=0.020719
aa=0.3376 ak=0.6079 | inv=0.0319 pct=5.79% | ||res||=0.052348
aa=0.3733 ak=0.6270 | inv=0.0329 pct=8.31% | ||res||=0.028194
aa=0.4872 ak=0.7059 | inv=0.0383 pct=12.80% | ||res||=0.020620
aa=0.3774 ak=0.4844 | inv=0.0252 pct=9.44% | ||res||=0.024382
aa=0.3682 ak=0.7149 | inv=0.0379 pct=7.20% | ||res||=0.037173
aa=0.3712 ak=0.7722 | inv=0.0412 pct=6.97% | ||res||=0.039002
aa=0.3493 ak=0.7826 | inv=0.0416 pct=5.84% | ||res||=0.050209
aa=0.2944 ak=0.2466 | inv=0.0124 pct=5.76% | ||res||=0.060492
aa=0.6029 ak=0.5641 | inv=0.0306 pct=16.76% | ||res||=0.060799
aa=0.6269 ak=0.7150 | inv=0.0401 pct=18.47% | ||res||=0.076351
aa=0.6342 ak=0.3863 | inv=0.0203 pct=16.87% | ||res||=0.065077
aa=0.6692 ak=0.3135 | inv=0.0163 pct=18.93% | ||res||=0.085722
aa=0.8077 ak=0.5360 | inv=0.0303 pct=25.82% | ||res||=0.150421
differential_evolution step 1: f(x)= 0.00013589753261775603
differential_evolution step 2: f(x)= 0.00013589753261775603

Base-period calibration result:
  success      = True
  message      = Optimization terminated successfully.
  alpha_a_cal  = 0.459850
  alpha_k_cal  = 0.630427
  residuals    = 0.00013589753261775603

Post-calibration diagnostics (base period):
  capx/rev: data=0.0451,  model=0.0335
  pct_neg:  data=10.85%, model=10.69%

--- Partial effect diagnostics at calibrated optimum ---

  Sweep alpha_a (other fixed at optimum):
aa=0.1000 ak=0.6304 | inv=0.0323 pct=5.74% | ||res||=0.052694
