
Fixed structural parameters:
  gamma_k     = 0.112026
  gamma_l     = 0.855904
  rho         = 0.815676
  sigma_eps   = 0.038788
  sigma_fixed = 3.144978  (fixed = mu/(mu-1) from ACF markup)
  exit_rate   = 0.074896

Calibration targets (base period):
  med_sga/rev  = 0.0433
  med_capx/rev = 0.0451
  pct_neg      = 10.8529%

Loaded pct_neg by year: 40 years (1980-2019)
Loaded coef_1980 = 0.807577 (from sales_elasticity_m_by_year.csv)

Loaded initial guesses from /gpfs/projects/p32386/Demand_Shifting/calibrated_investment_params.csv:
  alpha_a_init = 0.172749
  alpha_k_init = 0.805817
  phi_init     = 0.057184

============================================================
Phase 1: Solve for alpha_a, alpha_k, phi  (sigma fixed = mu/(mu-1))
  Targets: adv/rev=0.0433  capx/rev=0.0451  pct_neg@1980=10.85%
  sigma_fixed = 3.144978
============================================================
aa=0.4281 ak=0.1254 phi=-0.4615 | adv=0.0501 inv=0.0062 pct=7.49% | ||res||=0.929942
aa=0.3537 ak=0.8970 phi=-0.2796 | adv=0.0579 inv=0.0408 pct=7.49% | ||res||=0.467671
aa=0.5177 ak=0.5083 phi=-0.3158 | adv=0.0804 inv=0.0263 pct=7.49% | ||res||=1.001944
aa=0.4186 ak=0.7339 phi=-0.0772 | adv=0.0932 inv=0.0414 pct=8.31% | ||res||=1.180395
aa=0.4584 ak=0.6046 phi=-0.0247 | adv=0.1104 inv=0.0341 pct=12.18% | ||res||=1.575023
aa=0.2289 ak=0.2678 phi=-0.1064 | adv=0.0469 inv=0.0138 pct=7.49% | ||res||=0.764066
aa=0.2715 ak=0.2414 phi=0.0657 | adv=0.0689 inv=0.0126 pct=7.49% | ||res||=0.981496
aa=0.2904 ak=0.2123 phi=-0.0502 | adv=0.0642 inv=0.0109 pct=7.49% | ||res||=0.950662
aa=0.6695 ak=0.8288 phi=-0.3606 | adv=0.0964 inv=0.0426 pct=7.74% | ||res||=1.261989
aa=0.4743 ak=0.7964 phi=0.2733 | adv=0.1723 inv=0.0542 pct=23.62% | ||res||=3.209983
aa=0.5959 ak=0.3343 phi=-0.4756 | adv=0.0674 inv=0.0167 pct=7.49% | ||res||=0.896095
aa=0.5740 ak=0.7617 phi=-0.3677 | adv=0.0809 inv=0.0389 pct=7.49% | ||res||=0.933427
aa=0.5412 ak=0.4499 phi=-0.1985 | adv=0.1015 inv=0.0239 pct=13.95% | ||res||=1.453611
aa=0.1100 ak=0.1308 phi=0.2181 | adv=0.0316 inv=0.0067 pct=7.49% | ||res||=0.945718
aa=0.8366 ak=0.6406 phi=0.1442 | adv=0.3788 inv=0.0475 pct=45.54% | ||res||=8.384050
aa=0.2382 ak=0.6079 phi=0.1029 | adv=0.0631 inv=0.0343 pct=7.49% | ||res||=0.602314
aa=0.6904 ak=0.4226 phi=-0.2267 | adv=0.1255 inv=0.0224 pct=14.45% | ||res||=1.991775
aa=0.8029 ak=0.5316 phi=-0.4133 | adv=0.1026 inv=0.0269 pct=14.42% | ||res||=1.464567
aa=0.1989 ak=0.1805 phi=-0.2545 | adv=0.0331 inv=0.0091 pct=7.49% | ||res||=0.888919
aa=0.3829 ak=0.2945 phi=0.0965 | adv=0.1035 inv=0.0158 pct=14.42% | ||res||=1.569678
aa=0.3255 ak=0.4191 phi=0.3358 | adv=0.1133 inv=0.0240 pct=14.86% | ||res||=1.724144
aa=0.1549 ak=0.6675 phi=0.3954 | adv=0.0535 inv=0.0397 pct=7.49% | ||res||=0.407498
aa=0.1426 ak=0.7872 phi=0.0173 | adv=0.0337 inv=0.0433 pct=7.49% | ||res||=0.383086
aa=0.7401 ak=0.1764 phi=-0.1645 | adv=0.1461 inv=0.0090 pct=20.57% | ||res||=2.661455
aa=0.7397 ak=0.5784 phi=0.1943 | adv=0.3095 inv=0.0402 pct=39.28% | ||res||=6.685931
aa=0.6119 ak=0.3712 phi=0.4824 | adv=0.3426 inv=0.0242 pct=43.12% | ||res||=7.540031
aa=0.6437 ak=0.8553 phi=0.3236 | adv=0.3367 inv=0.0571 pct=41.14% | ||res||=7.334204
aa=0.7861 ak=0.4976 phi=0.4021 | adv=0.7104 inv=0.0369 pct=75.28% | ||res||=16.515731
aa=0.5018 ak=0.5399 phi=-0.0313 | adv=0.1206 inv=0.0302 pct=14.46% | ||res||=1.846590
aa=0.1100 ak=0.5898 phi=0.3110 | adv=0.0346 inv=0.0336 pct=7.49% | ||res||=0.448512
aa=0.2641 ak=0.6381 phi=0.1472 | adv=0.0741 inv=0.0368 pct=7.49% | ||res||=0.798023
aa=0.1549 ak=0.3973 phi=0.1247 | adv=0.0410 inv=0.0214 pct=7.49% | ||res||=0.611675
aa=0.1069 ak=0.7872 phi=-0.4869 | adv=0.0118 inv=0.0374 pct=0.00% | ||res||=1.247813
aa=0.4880 ak=0.1292 phi=0.3325 | adv=0.1781 inv=0.0068 pct=24.17% | ||res||=3.453449
aa=0.5763 ak=0.3747 phi=-0.2545 | adv=0.0991 inv=0.0195 pct=14.26% | ||res||=1.442867
aa=0.4317 ak=0.6878 phi=-0.4147 | adv=0.0557 inv=0.0343 pct=7.49% | ||res||=0.484306
aa=0.3829 ak=0.8851 phi=0.2041 | adv=0.1210 inv=0.0487 pct=14.76% | ||res||=1.832508
aa=0.3786 ak=0.7325 phi=-0.0059 | adv=0.0918 inv=0.0419 pct=8.43% | ||res||=1.143977
aa=0.2805 ak=0.5815 phi=0.1111 | adv=0.0758 inv=0.0329 pct=7.49% | ||res||=0.856798
aa=0.1818 ak=0.5083 phi=-0.3158 | adv=0.0275 inv=0.0259 pct=7.49% | ||res||=0.640340
aa=0.5519 ak=0.5218 phi=-0.1031 | adv=0.1211 inv=0.0288 pct=14.42% | ||res||=1.861775
aa=0.4777 ak=0.4226 phi=0.3333 | adv=0.1808 inv=0.0252 pct=25.55% | ||res||=3.481949
aa=0.2526 ak=0.4191 phi=0.1678 | adv=0.0718 inv=0.0231 pct=7.49% | ||res||=0.876763
aa=0.2525 ak=0.2414 phi=-0.2296 | adv=0.0437 inv=0.0123 pct=7.49% | ||res||=0.791382
aa=0.2679 ak=0.5316 phi=0.3046 | adv=0.0884 inv=0.0309 pct=11.30% | ||res||=1.089671
aa=0.8184 ak=0.1254 phi=-0.3127 | adv=0.1242 inv=0.0063 pct=14.42% | ||res||=2.084950
aa=0.1526 ak=0.7815 phi=-0.1413 | adv=0.0298 inv=0.0413 pct=7.49% | ||res||=0.447366
aa=0.1629 ak=0.7000 phi=-0.1071 | adv=0.0332 inv=0.0374 pct=7.49% | ||res||=0.423388
aa=0.1223 ak=0.5940 phi=0.1222 | adv=0.0322 inv=0.0328 pct=7.49% | ||res||=0.485760
aa=0.6308 ak=0.2424 phi=-0.0126 | adv=0.1572 inv=0.0129 pct=20.83% | ||res||=2.877123
aa=0.2544 ak=0.8654 phi=-0.0943 | adv=0.0537 inv=0.0472 pct=7.49% | ||res||=0.394558
aa=0.3362 ak=0.7617 phi=-0.0397 | adv=0.0773 inv=0.0428 pct=7.49% | ||res||=0.845610
aa=0.6437 ak=0.2189 phi=0.2294 | adv=0.2316 inv=0.0121 pct=30.91% | ||res||=4.781980
aa=0.3137 ak=0.3712 phi=-0.0413 | adv=0.0709 inv=0.0198 pct=7.49% | ||res||=0.904230
aa=0.1537 ak=0.8785 phi=0.0717 | adv=0.0386 inv=0.0496 pct=7.49% | ||res||=0.342946
aa=0.4927 ak=0.7480 phi=0.0929 | adv=0.1422 inv=0.0463 pct=19.95% | ||res||=2.433752
aa=0.8689 ak=0.6858 phi=-0.1985 | adv=0.1732 inv=0.0391 pct=21.56% | ||res||=3.162851
aa=0.7401 ak=0.8975 phi=0.1272 | adv=0.2975 inv=0.0626 pct=36.18% | ||res||=6.330842
aa=0.1200 ak=0.2945 phi=0.0965 | adv=0.0306 inv=0.0155 pct=7.49% | ||res||=0.782298
aa=0.1795 ak=0.3436 phi=0.1222 | adv=0.0476 inv=0.0184 pct=7.49% | ||res||=0.675560
aa=0.1856 ak=0.2988 phi=0.1109 | adv=0.0487 inv=0.0158 pct=7.49% | ||res||=0.729627
aa=0.1278 ak=0.6340 phi=-0.2622 | adv=0.0209 inv=0.0325 pct=7.49% | ||res||=0.663635
aa=0.3362 ak=0.6058 phi=-0.0397 | adv=0.0769 inv=0.0335 pct=7.49% | ||res||=0.875175
aa=0.3137 ak=0.2895 phi=0.2191 | adv=0.0952 inv=0.0157 pct=14.42% | ||res||=1.404737
BAD EQM! Bounds: m=0.010 k=0.000
aa=0.4390 ak=0.8056 phi=-0.0585 | adv=0.1011 inv=0.0463 pct=8.55% | ||res||=1.352140
aa=0.2847 ak=0.4735 phi=-0.4366 | adv=0.0350 inv=0.0237 pct=7.49% | ||res||=0.597668
aa=0.1466 ak=0.8497 phi=0.4514 | adv=0.0531 inv=0.0457 pct=7.49% | ||res||=0.384139
aa=0.5888 ak=0.4288 phi=0.1050 | adv=0.1761 inv=0.0248 pct=22.69% | ||res||=3.286433
aa=0.1978 ak=0.6600 phi=0.1269 | adv=0.0532 inv=0.0374 pct=7.49% | ||res||=0.421114
aa=0.3537 ak=0.3827 phi=-0.2796 | adv=0.0574 inv=0.0197 pct=7.49% | ||res||=0.721124
aa=0.4514 ak=0.2994 phi=0.4923 | adv=0.2002 inv=0.0174 pct=26.93% | ||res||=3.963977
BAD EQM! Bounds: m=0.110 k=0.000
aa=0.7244 ak=0.3198 phi=0.3226 | adv=0.3622 inv=0.0202 pct=45.00% | ||res||=8.030667
aa=0.2907 ak=0.1347 phi=-0.1985 | adv=0.0527 inv=0.0068 pct=7.49% | ||res||=0.930669
aa=0.2943 ak=0.1764 phi=-0.1901 | adv=0.0540 inv=0.0089 pct=7.49% | ||res||=0.894668
aa=0.1948 ak=0.3450 phi=-0.0287 | adv=0.0438 inv=0.0181 pct=7.49% | ||res||=0.673170
aa=0.3535 ak=0.4213 phi=-0.0943 | adv=0.0751 inv=0.0224 pct=7.49% | ||res||=0.943330
aa=0.1787 ak=0.5499 phi=-0.2723 | adv=0.0289 inv=0.0283 pct=7.49% | ||res||=0.587441
aa=0.1536 ak=0.7208 phi=-0.2811 | adv=0.0245 inv=0.0368 pct=7.49% | ||res||=0.563415
aa=0.1200 ak=0.4226 phi=-0.0876 | adv=0.0249 inv=0.0221 pct=7.49% | ||res||=0.731512
aa=0.4630 ak=0.8917 phi=-0.2264 | adv=0.0837 inv=0.0417 pct=7.49% | ||res||=0.985998
aa=0.5813 ak=0.2189 phi=0.2639 | adv=0.2097 inv=0.0120 pct=27.03% | ||res||=4.187335
aa=0.3231 ak=0.7815 phi=-0.0814 | adv=0.0702 inv=0.0432 pct=7.49% | ||res||=0.694933
aa=0.2825 ak=0.2696 phi=0.4594 | adv=0.1076 inv=0.0149 pct=14.57% | ||res||=1.664673
aa=0.5529 ak=0.8466 phi=-0.0298 | adv=0.1373 inv=0.0514 pct=15.86% | ||res||=2.224620
aa=0.5529 ak=0.8466 phi=0.1111 | adv=0.1701 inv=0.0561 pct=21.79% | ||res||=3.107541
aa=0.6065 ak=0.2123 phi=0.3034 | adv=0.2364 inv=0.0118 pct=31.87% | ||res||=4.919170
aa=0.7554 ak=0.8074 phi=0.3466 | adv=0.4891 inv=0.0652 pct=57.99% | ||res||=11.185160
aa=0.7719 ak=0.7398 phi=0.4000 | adv=0.6309 inv=0.0498 pct=81.16% | ||res||=15.040976
aa=0.3374 ak=0.1764 phi=-0.2131 | adv=0.0602 inv=0.0089 pct=7.49% | ||res||=0.944319
aa=0.5940 ak=0.4859 phi=-0.1649 | adv=0.1185 inv=0.0263 pct=14.42% | ||res||=1.816505
aa=0.1453 ak=0.1764 phi=0.0439 | adv=0.0351 inv=0.0090 pct=7.49% | ||res||=0.877848
aa=0.2149 ak=0.3101 phi=0.0755 | adv=0.0546 inv=0.0164 pct=7.49% | ||res||=0.753576
aa=0.3591 ak=0.2414 phi=-0.0438 | adv=0.0811 inv=0.0125 pct=8.63% | ||res||=1.151487
aa=0.1989 ak=0.4164 phi=-0.2545 | adv=0.0331 inv=0.0214 pct=7.49% | ||res||=0.653720
aa=0.3018 ak=0.2945 phi=-0.2023 | adv=0.0547 inv=0.0151 pct=7.49% | ||res||=0.778971
aa=0.3137 ak=0.6768 phi=-0.1131 | adv=0.0650 inv=0.0368 pct=7.49% | ||res||=0.617539
aa=0.2258 ak=0.5463 phi=-0.3874 | adv=0.0304 inv=0.0274 pct=7.49% | ||res||=0.581210
aa=0.4403 ak=0.2319 phi=-0.3646 | adv=0.0620 inv=0.0117 pct=7.49% | ||res||=0.912179
aa=0.2907 ak=0.4033 phi=-0.0296 | adv=0.0664 inv=0.0215 pct=7.49% | ||res||=0.809421
aa=0.1604 ak=0.7306 phi=0.0263 | adv=0.0384 inv=0.0403 pct=7.49% | ||res||=0.346254
aa=0.2474 ak=0.8766 phi=-0.2389 | adv=0.0427 inv=0.0400 pct=7.49% | ||res||=0.330176
aa=0.2223 ak=0.7868 phi=0.3954 | adv=0.0791 inv=0.0426 pct=9.50% | ||res||=0.838297
aa=0.1545 ak=0.8292 phi=-0.0418 | adv=0.0341 inv=0.0450 pct=7.49% | ||res||=0.375201
aa=0.2054 ak=0.2873 phi=0.3359 | adv=0.0678 inv=0.0156 pct=9.61% | ||res||=0.873302
aa=0.2365 ak=0.2123 phi=-0.4038 | adv=0.0309 inv=0.0106 pct=7.49% | ||res||=0.874016
aa=0.1466 ak=0.5161 phi=0.2220 | adv=0.0428 inv=0.0287 pct=7.49% | ||res||=0.476942
aa=0.2282 ak=0.8413 phi=-0.0876 | adv=0.0483 inv=0.0457 pct=7.49% | ||res||=0.331451
aa=0.4562 ak=0.7495 phi=-0.0896 | adv=0.1007 inv=0.0424 pct=9.35% | ||res||=1.335518
aa=0.1283 ak=0.7130 phi=0.0717 | adv=0.0320 inv=0.0395 pct=7.49% | ||res||=0.422867
aa=0.2526 ak=0.4191 phi=-0.2164 | adv=0.0447 inv=0.0217 pct=7.49% | ||res||=0.605000
aa=0.1787 ak=0.5499 phi=0.0705 | adv=0.0450 inv=0.0301 pct=7.49% | ||res||=0.455172
aa=0.2836 ak=0.8917 phi=-0.0200 | adv=0.0659 inv=0.0504 pct=7.49% | ||res||=0.619532
aa=0.1282 ak=0.6475 phi=0.3110 | adv=0.0406 inv=0.0374 pct=7.49% | ||res||=0.358729
aa=0.1113 ak=0.8585 phi=0.1960 | adv=0.0315 inv=0.0482 pct=7.49% | ||res||=0.418808
aa=0.1223 ak=0.7294 phi=0.4471 | adv=0.0435 inv=0.0439 pct=7.49% | ||res||=0.310953
aa=0.3899 ak=0.8839 phi=0.3267 | adv=0.1428 inv=0.0515 pct=20.83% | ||res||=2.479196
aa=0.7310 ak=0.6117 phi=-0.0229 | adv=0.1954 inv=0.0370 pct=26.14% | ||res||=3.790377
aa=0.6411 ak=0.7872 phi=0.3513 | adv=0.3443 inv=0.0574 pct=42.76% | ||res||=7.554314
aa=0.4860 ak=0.5886 phi=-0.2296 | adv=0.0867 inv=0.0313 pct=7.50% | ||res||=1.093637
aa=0.1331 ak=0.5952 phi=0.0067 | adv=0.0309 inv=0.0323 pct=7.49% | ||res||=0.507697
aa=0.2907 ak=0.1247 phi=-0.4481 | adv=0.0349 inv=0.0062 pct=7.49% | ||res||=0.937652
aa=0.2030 ak=0.5701 phi=0.3880 | adv=0.0707 inv=0.0335 pct=7.93% | ||res||=0.734336
aa=0.1057 ak=0.8292 phi=0.3125 | adv=0.0333 inv=0.0423 pct=7.49% | ||res||=0.390986
aa=0.1768 ak=0.7638 phi=0.1029 | adv=0.0462 inv=0.0433 pct=7.49% | ||res||=0.319392
aa=0.2137 ak=0.2707 phi=0.4514 | adv=0.0784 inv=0.0148 pct=14.42% | ||res||=1.102840
aa=0.1536 ak=0.6856 phi=-0.3811 | adv=0.0208 inv=0.0341 pct=7.49% | ||res||=0.651745
aa=0.2991 ak=0.7084 phi=0.3622 | adv=0.1071 inv=0.0443 pct=14.48% | ||res||=1.510812
aa=0.1549 ak=0.1128 phi=0.4239 | adv=0.0540 inv=0.0058 pct=7.50% | ||res||=0.956916
aa=0.1268 ak=0.6475 phi=0.3110 | adv=0.0401 inv=0.0374 pct=7.49% | ||res||=0.360858
aa=0.4098 ak=0.8766 phi=0.4066 | adv=0.1671 inv=0.0535 pct=21.38% | ||res||=3.025193
aa=0.1385 ak=0.7760 phi=0.1960 | adv=0.0394 inv=0.0448 pct=7.49% | ||res||=0.322571
aa=0.3044 ak=0.7118 phi=0.1556 | adv=0.0873 inv=0.0420 pct=8.93% | ||res||=1.034771
aa=0.1132 ak=0.6406 phi=0.4471 | adv=0.0401 inv=0.0377 pct=7.49% | ||res||=0.358273
aa=0.4483 ak=0.5316 phi=0.0493 | adv=0.1178 inv=0.0302 pct=14.80% | ||res||=1.791055
aa=0.1427 ak=0.5388 phi=0.2050 | adv=0.0410 inv=0.0300 pct=7.49% | ||res||=0.458226
aa=0.1215 ak=0.3014 phi=0.1881 | adv=0.0340 inv=0.0160 pct=7.49% | ||res||=0.746244
aa=0.1604 ak=0.3496 phi=0.1556 | adv=0.0439 inv=0.0188 pct=7.49% | ||res||=0.660572
aa=0.1258 ak=0.5499 phi=0.2124 | adv=0.0362 inv=0.0307 pct=7.49% | ||res||=0.473456
aa=0.1995 ak=0.3101 phi=0.2975 | adv=0.0634 inv=0.0168 pct=7.49% | ||res||=0.839803
aa=0.6321 ak=0.7495 phi=0.2204 | adv=0.2489 inv=0.0541 pct=32.23% | ||res||=5.145678
aa=0.1777 ak=0.8222 phi=0.2786 | adv=0.0557 inv=0.0429 pct=7.49% | ||res||=0.424682
aa=0.1019 ak=0.6659 phi=-0.3427 | adv=0.0147 inv=0.0335 pct=7.49% | ||res||=0.773592
aa=0.7257 ak=0.8012 phi=0.2030 | adv=0.3318 inv=0.0661 pct=41.25% | ||res||=7.243997
aa=0.1209 ak=0.8019 phi=0.1059 | adv=0.0313 inv=0.0450 pct=7.49% | ||res||=0.416353
aa=0.1831 ak=0.7815 phi=0.1159 | adv=0.0486 inv=0.0447 pct=7.49% | ||res||=0.333316
aa=0.2998 ak=0.6698 phi=0.2734 | adv=0.0977 inv=0.0405 pct=10.85% | ||res||=1.261720
aa=0.2265 ak=0.8287 phi=-0.0102 | adv=0.0527 inv=0.0461 pct=7.49% | ||res||=0.379750
aa=0.1629 ak=0.8609 phi=0.1711 | adv=0.0456 inv=0.0500 pct=7.49% | ||res||=0.332981
aa=0.1241 ak=0.4033 phi=0.4615 | adv=0.0445 inv=0.0226 pct=7.49% | ||res||=0.587621
aa=0.6650 ak=0.5982 phi=-0.0876 | adv=0.1539 inv=0.0344 pct=20.44% | ||res||=2.714970
aa=0.1777 ak=0.3000 phi=0.3361 | adv=0.0579 inv=0.0163 pct=7.49% | ||res||=0.786700
aa=0.1545 ak=0.6889 phi=0.3849 | adv=0.0530 inv=0.0411 pct=7.49% | ||res||=0.392174
aa=0.2943 ak=0.3495 phi=-0.1600 | adv=0.0567 inv=0.0182 pct=7.49% | ||res||=0.740058
aa=0.1826 ak=0.7872 phi=0.2088 | adv=0.0533 inv=0.0462 pct=7.49% | ||res||=0.387333
aa=0.4542 ak=0.4919 phi=0.3519 | adv=0.1750 inv=0.0302 pct=24.50% | ||res||=3.308277
aa=0.8466 ak=0.5937 phi=-0.2345 | adv=0.1546 inv=0.0325 pct=20.83% | ||res||=2.745557
aa=0.1223 ak=0.5657 phi=0.4350 | adv=0.0430 inv=0.0328 pct=7.49% | ||res||=0.412253
aa=0.1889 ak=0.5187 phi=0.3110 | adv=0.0610 inv=0.0295 pct=7.49% | ||res||=0.617911
aa=0.1038 ak=0.4326 phi=0.4784 | adv=0.0375 inv=0.0244 pct=7.49% | ||res||=0.569457
aa=0.5198 ak=0.7202 phi=-0.2656 | adv=0.0885 inv=0.0382 pct=7.49% | ||res||=1.100684
aa=0.1357 ak=0.6675 phi=0.3494 | adv=0.0445 inv=0.0391 pct=7.49% | ||res||=0.337940
aa=0.1913 ak=0.1941 phi=-0.0212 | adv=0.0433 inv=0.0099 pct=7.49% | ||res||=0.838582
aa=0.2808 ak=0.2198 phi=-0.1402 | adv=0.0553 inv=0.0112 pct=7.49% | ||res||=0.858191
aa=0.1114 ak=0.6907 phi=-0.4897 | adv=0.0123 inv=0.0334 pct=0.00% | ||res||=1.257534
aa=0.3220 ak=0.3253 phi=0.1824 | adv=0.0943 inv=0.0177 pct=14.42% | ||res||=1.365366
aa=0.6343 ak=0.8499 phi=0.4514 | adv=0.4094 inv=0.0617 pct=49.25% | ||res||=9.174472
aa=0.1604 ak=0.6913 phi=0.1279 | adv=0.0429 inv=0.0390 pct=7.49% | ||res||=0.338044
aa=0.1632 ak=0.8870 phi=0.1231 | adv=0.0435 inv=0.0510 pct=7.49% | ||res||=0.336759
aa=0.1419 ak=0.3553 phi=-0.2296 | adv=0.0244 inv=0.0182 pct=7.49% | ||res||=0.800898
aa=0.1458 ak=0.7970 phi=-0.2545 | adv=0.0242 inv=0.0409 pct=7.49% | ||res||=0.546317
aa=0.3540 ak=0.8025 phi=0.3481 | adv=0.1294 inv=0.0453 pct=20.07% | ||res||=2.162412
aa=0.1185 ak=0.7191 phi=0.4901 | adv=0.0436 inv=0.0436 pct=7.49% | ||res||=0.311722
aa=0.3761 ak=0.4682 phi=0.3793 | adv=0.1409 inv=0.0279 pct=20.83% | ||res||=2.464644
aa=0.1483 ak=0.8345 phi=-0.3427 | adv=0.0215 inv=0.0414 pct=7.49% | ||res||=0.596579
aa=0.5892 ak=0.7495 phi=0.1785 | adv=0.2056 inv=0.0509 pct=26.80% | ||res||=4.029990
aa=0.6728 ak=0.6734 phi=0.0813 | adv=0.2110 inv=0.0434 pct=27.49% | ||res||=4.166250
aa=0.1651 ak=0.4272 phi=0.3527 | adv=0.0546 inv=0.0239 pct=7.49% | ||res||=0.620539
aa=0.1357 ak=0.3632 phi=0.3494 | adv=0.0444 inv=0.0199 pct=7.49% | ||res||=0.638450
aa=0.1144 ak=0.6241 phi=-0.3229 | adv=0.0170 inv=0.0315 pct=7.49% | ||res||=0.744925
aa=0.1424 ak=0.7453 phi=-0.1501 | adv=0.0275 inv=0.0393 pct=7.49% | ||res||=0.496269
aa=0.4801 ak=0.6488 phi=0.4224 | adv=0.2120 inv=0.0443 pct=28.76% | ||res||=4.232718
aa=0.1351 ak=0.7758 phi=-0.2753 | adv=0.0217 inv=0.0394 pct=7.49% | ||res||=0.599622
aa=0.1419 ak=0.7085 phi=-0.4016 | adv=0.0185 inv=0.0350 pct=7.49% | ||res||=0.688213
aa=0.1537 ak=0.7704 phi=0.3758 | adv=0.0522 inv=0.0460 pct=7.49% | ||res||=0.373244
aa=0.2104 ak=0.4269 phi=0.3726 | adv=0.0721 inv=0.0241 pct=10.22% | ||res||=0.814112
aa=0.3523 ak=0.8497 phi=0.4514 | adv=0.1441 inv=0.0504 pct=20.83% | ||res||=2.506846
aa=0.4324 ak=0.1192 phi=-0.1646 | adv=0.0831 inv=0.0060 pct=11.78% | ||res||=1.266113
aa=0.7259 ak=0.8940 phi=-0.2593 | adv=0.1272 inv=0.0422 pct=13.90% | ||res||=1.959840
aa=0.1622 ak=0.6927 phi=-0.0200 | adv=0.0368 inv=0.0378 pct=7.49% | ||res||=0.379720
aa=0.1022 ak=0.7135 phi=0.1111 | adv=0.0265 inv=0.0397 pct=7.49% | ||res||=0.510945
aa=0.1582 ak=0.6900 phi=0.4334 | adv=0.0566 inv=0.0416 pct=7.49% | ||res||=0.443380
aa=0.1776 ak=0.2432 phi=0.2975 | adv=0.0558 inv=0.0129 pct=7.49% | ||res||=0.829201
aa=0.2068 ak=0.4282 phi=-0.0066 | adv=0.0479 inv=0.0229 pct=7.49% | ||res||=0.591180
aa=0.1804 ak=0.4458 phi=0.2218 | adv=0.0530 inv=0.0246 pct=7.49% | ||res||=0.593502
aa=0.1768 ak=0.7923 phi=0.1389 | adv=0.0480 inv=0.0456 pct=7.49% | ||res||=0.328550
aa=0.1317 ak=0.7625 phi=-0.2194 | adv=0.0230 inv=0.0394 pct=7.49% | ||res||=0.575983
aa=0.1027 ak=0.7467 phi=0.1960 | adv=0.0290 inv=0.0426 pct=7.49% | ||res||=0.456465
aa=0.1223 ak=0.7162 phi=-0.1069 | adv=0.0248 inv=0.0380 pct=7.49% | ||res||=0.549681
aa=0.1483 ak=0.7582 phi=-0.2631 | adv=0.0244 inv=0.0388 pct=7.49% | ||res||=0.553693
aa=0.1651 ak=0.8785 phi=0.3527 | adv=0.0551 inv=0.0465 pct=7.49% | ||res||=0.414910
aa=0.1257 ak=0.6577 phi=0.4860 | adv=0.0462 inv=0.0395 pct=7.49% | ||res||=0.340596
aa=0.2526 ak=0.8678 phi=0.3045 | adv=0.0834 inv=0.0467 pct=7.54% | ||res||=0.976361
aa=0.1530 ak=0.7495 phi=0.4229 | adv=0.0542 inv=0.0455 pct=7.49% | ||res||=0.399893
aa=0.6420 ak=0.4909 phi=0.0469 | adv=0.1815 inv=0.0287 pct=23.92% | ||res||=3.431905
aa=0.7994 ak=0.6668 phi=0.3306 | adv=0.6056 inv=0.0584 pct=68.77% | ||res||=14.046853
aa=0.8654 ak=0.5795 phi=0.2287 | adv=0.5545 inv=0.0447 pct=63.42% | ||res||=12.763338
aa=0.1015 ak=0.7020 phi=0.1487 | adv=0.0273 inv=0.0393 pct=7.49% | ||res||=0.498961
BAD EQM! Bounds: m=0.008 k=0.000
aa=0.1398 ak=0.6098 phi=0.3798 | adv=0.0472 inv=0.0356 pct=7.49% | ||res||=0.385248
aa=0.1206 ak=0.6107 phi=0.4169 | adv=0.0418 inv=0.0357 pct=7.49% | ||res||=0.374414
BAD EQM! Bounds: m=0.168 k=0.000
aa=0.1349 ak=0.8014 phi=0.4656 | adv=0.0492 inv=0.0428 pct=7.49% | ||res||=0.342316
aa=0.1251 ak=0.7731 phi=-0.1230 | adv=0.0249 inv=0.0409 pct=7.49% | ||res||=0.533846
aa=0.1282 ak=0.8194 phi=0.1235 | adv=0.0338 inv=0.0465 pct=7.49% | ||res||=0.380308
aa=0.1539 ak=0.8222 phi=-0.4840 | adv=0.0172 inv=0.0388 pct=7.49% | ||res||=0.692791
aa=0.3746 ak=0.7561 phi=0.3520 | adv=0.1393 inv=0.0497 pct=20.78% | ||res||=2.402134
aa=0.1370 ak=0.8637 phi=0.4230 | adv=0.0480 inv=0.0460 pct=7.49% | ||res||=0.328864
aa=0.1004 ak=0.8413 phi=-0.0876 | adv=0.0208 inv=0.0447 pct=7.49% | ||res||=0.604706
aa=0.2050 ak=0.6971 phi=0.3494 | adv=0.0691 inv=0.0419 pct=7.53% | ||res||=0.673935
aa=0.1899 ak=0.7846 phi=0.4637 | adv=0.0707 inv=0.0426 pct=7.57% | ||res||=0.702999
aa=0.5474 ak=0.5118 phi=-0.4004 | adv=0.0723 inv=0.0259 pct=7.49% | ||res||=0.851645
aa=0.1083 ak=0.7294 phi=0.4471 | adv=0.0383 inv=0.0438 pct=7.49% | ||res||=0.331606
