
Fixed structural parameters:
  gamma_k    = 0.112026
  gamma_l    = 0.855904
  rho        = 0.815676
  sigma_eps  = 0.038788
  sigma      = 3.144978
  exit_rate  = 0.074896

Calibration targets (base period):
  med_sga/rev  = 0.0433
  med_capx/rev = 0.0451
  pct_neg      = 10.8529%

Loaded pct_neg by year: 40 years (1980-2019)

Loaded initial guesses from /gpfs/projects/p32386/Demand_Shifting/calibrated_investment_params.csv:
  alpha_a_init = 0.508917
  alpha_k_init = 0.752982
  phi_0_init   = 0.242010

============================================================
Phase 1: Solve for alpha_a, alpha_k, phi_0
  Targets: adv/rev=0.0433  capx/rev=0.0451  pct_neg@1980=10.85%
============================================================
aa=0.5089 ak=0.7530 phi0=0.2420 | adv=0.1854 inv=0.0500 pct=24.40% | ||res||=3.514754
aa=0.4056 ak=0.7530 phi0=0.2420 | adv=0.1339 inv=0.0478 pct=18.57% | ||res||=2.210659
aa=0.5944 ak=0.7530 phi0=0.2420 | adv=0.2404 inv=0.0558 pct=30.60% | ||res||=4.909666
aa=0.2889 ak=0.7530 phi0=0.2420 | adv=0.0910 inv=0.0460 pct=7.88% | ||res||=1.135670
aa=0.2808 ak=0.7530 phi0=0.2420 | adv=0.0883 inv=0.0458 pct=7.75% | ||res||=1.078301
aa=0.2118 ak=0.7530 phi0=0.2420 | adv=0.0650 inv=0.0447 pct=7.49% | ||res||=0.589591
aa=0.1336 ak=0.7530 phi0=0.2420 | adv=0.0402 inv=0.0437 pct=7.49% | ||res||=0.319332
aa=0.1460 ak=0.7530 phi0=0.2420 | adv=0.0441 inv=0.0439 pct=7.49% | ||res||=0.311463
aa=0.1435 ak=0.7530 phi0=0.2420 | adv=0.0433 inv=0.0440 pct=7.49% | ||res||=0.310859
aa=0.1434 ak=0.7530 phi0=0.2420 | adv=0.0433 inv=0.0440 pct=7.49% | ||res||=0.310854
aa=0.1433 ak=0.7530 phi0=0.2420 | adv=0.0432 inv=0.0440 pct=7.49% | ||res||=0.310853
aa=0.1433 ak=0.7530 phi0=0.2420 | adv=0.0432 inv=0.0440 pct=7.49% | ||res||=0.310853
aa=0.1433 ak=0.7530 phi0=0.2420 | adv=0.0432 inv=0.0440 pct=7.49% | ||res||=0.310853
aa=0.1433 ak=0.4056 phi0=0.2420 | adv=0.0429 inv=0.0222 pct=7.49% | ||res||=0.595147
aa=0.1433 ak=0.5944 phi0=0.2420 | adv=0.0431 inv=0.0336 pct=7.49% | ||res||=0.401102
aa=0.1433 ak=0.7111 phi0=0.2420 | adv=0.0431 inv=0.0412 pct=7.49% | ||res||=0.321635
aa=0.1433 ak=0.7942 phi0=0.2420 | adv=0.0432 inv=0.0466 pct=7.49% | ||res||=0.311677
aa=0.1433 ak=0.7709 phi0=0.2420 | adv=0.0431 inv=0.0451 pct=7.49% | ||res||=0.309933
aa=0.1433 ak=0.7712 phi0=0.2420 | adv=0.0431 inv=0.0451 pct=7.49% | ||res||=0.309932
aa=0.1433 ak=0.7714 phi0=0.2420 | adv=0.0431 inv=0.0451 pct=7.49% | ||res||=0.309931
aa=0.1433 ak=0.7801 phi0=0.2420 | adv=0.0431 inv=0.0458 pct=7.49% | ||res||=0.310410
aa=0.1433 ak=0.7730 phi0=0.2420 | adv=0.0431 inv=0.0451 pct=7.49% | ||res||=0.309930
aa=0.1433 ak=0.7731 phi0=0.2420 | adv=0.0431 inv=0.0451 pct=7.49% | ||res||=0.309930
aa=0.1433 ak=0.7758 phi0=0.2420 | adv=0.0431 inv=0.0456 pct=7.49% | ||res||=0.310139
aa=0.1433 ak=0.7741 phi0=0.2420 | adv=0.0431 inv=0.0456 pct=7.49% | ||res||=0.310173
aa=0.1433 ak=0.7735 phi0=0.2420 | adv=0.0431 inv=0.0456 pct=7.49% | ||res||=0.310145
aa=0.1433 ak=0.7732 phi0=0.2420 | adv=0.0431 inv=0.0451 pct=7.49% | ||res||=0.309930
aa=0.1433 ak=0.7733 phi0=0.2420 | adv=0.0431 inv=0.0451 pct=7.49% | ||res||=0.309929
aa=0.1433 ak=0.7734 phi0=0.2420 | adv=0.0431 inv=0.0455 pct=7.49% | ||res||=0.310069
aa=0.1433 ak=0.7733 phi0=0.2420 | adv=0.0431 inv=0.0451 pct=7.49% | ||res||=0.309929
aa=0.1433 ak=0.7733 phi0=0.2420 | adv=0.0431 inv=0.0455 pct=7.49% | ||res||=0.310070
aa=0.1433 ak=0.7733 phi0=0.2420 | adv=0.0431 inv=0.0451 pct=7.49% | ||res||=0.309929
aa=0.1433 ak=0.7733 phi0=0.2420 | adv=0.0431 inv=0.0451 pct=7.49% | ||res||=0.309929
aa=0.1433 ak=0.7733 phi0=0.2420 | adv=0.0431 inv=0.0454 pct=7.49% | ||res||=0.310003
aa=0.1433 ak=0.7733 phi0=0.2420 | adv=0.0431 inv=0.0451 pct=7.49% | ||res||=0.309929
aa=0.1433 ak=0.7733 phi0=0.2420 | adv=0.0431 inv=0.0454 pct=7.49% | ||res||=0.310001
aa=0.1433 ak=0.7733 phi0=0.2420 | adv=0.0431 inv=0.0451 pct=7.49% | ||res||=0.309929
aa=0.1433 ak=0.7733 phi0=0.2420 | adv=0.0431 inv=0.0454 pct=7.49% | ||res||=0.310001
aa=0.1433 ak=0.7733 phi0=0.2420 | adv=0.0431 inv=0.0451 pct=7.49% | ||res||=0.309929
aa=0.1433 ak=0.7733 phi0=0.2420 | adv=0.0431 inv=0.0454 pct=7.49% | ||res||=0.310001
aa=0.1433 ak=0.7733 phi0=-0.1180 | adv=0.0291 inv=0.0413 pct=7.49% | ||res||=0.458786
aa=0.1433 ak=0.7733 phi0=0.1180 | adv=0.0381 inv=0.0439 pct=7.49% | ||res||=0.333240
aa=0.1433 ak=0.7733 phi0=0.2639 | adv=0.0440 inv=0.0456 pct=7.49% | ||res||=0.310579
aa=0.1433 ak=0.7733 phi0=0.2504 | adv=0.0435 inv=0.0455 pct=7.49% | ||res||=0.310116
aa=0.1433 ak=0.7733 phi0=0.2456 | adv=0.0433 inv=0.0456 pct=7.49% | ||res||=0.310132
aa=0.1433 ak=0.7733 phi0=0.2488 | adv=0.0434 inv=0.0456 pct=7.49% | ||res||=0.310113
aa=0.1433 ak=0.7733 phi0=0.2491 | adv=0.0434 inv=0.0456 pct=7.49% | ||res||=0.310113
aa=0.1433 ak=0.7733 phi0=0.2491 | adv=0.0434 inv=0.0456 pct=7.49% | ||res||=0.310113
aa=0.1433 ak=0.7733 phi0=0.2491 | adv=0.0434 inv=0.0456 pct=7.49% | ||res||=0.310113
aa=0.1000 ak=0.7757 phi0=0.2499 | adv=0.0301 inv=0.0452 pct=7.49% | ||res||=0.435395
aa=0.5944 ak=0.7482 phi0=0.2404 | adv=0.2391 inv=0.0530 pct=30.69% | ||res||=4.881362
aa=0.4056 ak=0.7587 phi0=0.2440 | adv=0.1344 inv=0.0481 pct=18.44% | ||res||=2.218180
aa=0.2889 ak=0.7652 phi0=0.2463 | adv=0.0915 inv=0.0466 pct=7.80% | ||res||=1.149565
aa=0.2792 ak=0.7658 phi0=0.2465 | adv=0.0883 inv=0.0466 pct=7.68% | ||res||=1.080215
aa=0.2108 ak=0.7696 phi0=0.2478 | adv=0.0651 inv=0.0460 pct=7.50% | ||res||=0.592214
aa=0.1321 ak=0.7739 phi0=0.2493 | adv=0.0399 inv=0.0453 pct=7.49% | ||res||=0.319419
