
Fixed structural parameters:
  gamma_k    = 0.112026
  gamma_l    = 0.855904
  rho        = 0.815676
  sigma_eps  = 0.038788
  sigma      = 3.144978
  exit_rate  = 0.074896

Calibration targets (base period):
  med_sga/rev  = 0.0433
  med_capx/rev = 0.0451
  pct_neg      = 10.8529%

Loaded pct_neg by year: 40 years (1980-2019)

Loaded initial guesses from /gpfs/projects/p32386/Demand_Shifting/calibrated_investment_params.csv:
  alpha_a_init = 0.508917
  alpha_k_init = 0.752982
  phi_0_init   = 0.242010

============================================================
Phase 1: Differential Evolution  (alpha_a, alpha_k, phi_0)
  Targets: adv/rev=0.0433  capx/rev=0.0451  pct_neg@1980=10.85%
============================================================
aa=0.6782 ak=0.2562 phi0=-0.3158 | adv=0.1066 inv=0.0131 pct=14.42% | ||res||=1.625390
aa=0.5268 ak=0.7135 phi0=0.2358 | adv=0.1943 inv=0.0479 pct=25.99% | ||res||=3.492968
aa=0.3784 ak=0.7295 phi0=-0.1645 | adv=0.0747 inv=0.0403 pct=7.49% | ||res||=0.734360
aa=0.8735 ak=0.1537 phi0=-0.3606 | adv=0.1233 inv=0.0077 pct=14.73% | ||res||=2.025936
aa=0.1067 ak=0.1510 phi0=-0.4756 | adv=0.0122 inv=0.0075 pct=0.00% | ||res||=1.106187
aa=0.1859 ak=0.2705 phi0=-0.3677 | adv=0.0262 inv=0.0136 pct=7.49% | ||res||=0.802461
aa=0.5574 ak=0.7743 phi0=0.2733 | adv=0.2373 inv=0.0570 pct=27.44% | ||res||=4.493947
aa=0.1659 ak=0.1206 phi0=-0.2545 | adv=0.0279 inv=0.0060 pct=7.49% | ||res||=0.936906
aa=0.3495 ak=0.3651 phi0=-0.0247 | adv=0.0819 inv=0.0195 pct=8.31% | ||res||=1.056163
aa=0.2691 ak=0.8882 phi0=0.2181 | adv=0.0824 inv=0.0482 pct=10.45% | ||res||=0.907307
aa=0.4936 ak=0.6313 phi0=-0.2267 | adv=0.0905 inv=0.0344 pct=7.52% | ||res||=1.115416
aa=0.3389 ak=0.6036 phi0=-0.0772 | adv=0.0746 inv=0.0334 pct=7.49% | ||res||=0.768660
aa=0.7267 ak=0.6872 phi0=-0.4133 | adv=0.0959 inv=0.0363 pct=10.17% | ||res||=1.230916
aa=0.3942 ak=0.2808 phi0=0.0965 | adv=0.1071 inv=0.0151 pct=15.11% | ||res||=1.618820
aa=0.4625 ak=0.5643 phi0=0.1943 | adv=0.1503 inv=0.0338 pct=19.79% | ||res||=2.485808
aa=0.2886 ak=0.7414 phi0=-0.2796 | adv=0.0477 inv=0.0389 pct=7.49% | ||res||=0.173562
aa=0.7606 ak=0.8620 phi0=-0.1985 | adv=0.1547 inv=0.0513 pct=18.34% | ||res||=2.577573
aa=0.3187 ak=0.4783 phi0=0.7935 | adv=0.1773 inv=0.0309 pct=26.44% | ||res||=3.116094
aa=0.6355 ak=0.3127 phi0=0.0657 | adv=0.1814 inv=0.0173 pct=22.61% | ||res||=3.251572
aa=0.4160 ak=0.8092 phi0=0.4021 | adv=0.1755 inv=0.0481 pct=20.35% | ||res||=3.057314
aa=0.1284 ak=0.7910 phi0=0.8439 | adv=0.0631 inv=0.0465 pct=9.54% | ||res||=0.458869
aa=0.4413 ak=0.3333 phi0=0.6212 | adv=0.2254 inv=0.0202 pct=32.40% | ||res||=4.248755
aa=0.6269 ak=0.1749 phi0=0.3954 | adv=0.2875 inv=0.0099 pct=37.31% | ||res||=5.700899
aa=0.7100 ak=0.5412 phi0=-0.4615 | adv=0.0845 inv=0.0272 pct=7.85% | ||res||=1.033157
aa=0.1921 ak=0.3877 phi0=0.8809 | adv=0.0996 inv=0.0231 pct=19.02% | ||res||=1.390635
aa=0.4306 ak=0.3722 phi0=0.5498 | adv=0.2046 inv=0.0225 pct=28.23% | ||res||=3.764503
aa=0.6886 ak=0.5582 phi0=-0.0502 | adv=0.1720 inv=0.0323 pct=21.47% | ||res||=2.988715
aa=0.2269 ak=0.1943 phi0=0.3358 | adv=0.0756 inv=0.0103 pct=12.26% | ||res||=1.074071
aa=0.5911 ak=0.5054 phi0=0.0173 | adv=0.1567 inv=0.0291 pct=20.12% | ||res||=2.646009
aa=0.2143 ak=0.2296 phi0=0.1029 | adv=0.0567 inv=0.0120 pct=7.49% | ||res||=0.796465
aa=0.1366 ak=0.4189 phi0=0.9002 | adv=0.0693 inv=0.0249 pct=14.34% | ||res||=0.751161
aa=0.5686 ak=0.5226 phi0=-0.1064 | adv=0.1245 inv=0.0288 pct=15.92% | ||res||=1.910045
aa=0.2503 ak=0.3151 phi0=0.9407 | adv=0.1461 inv=0.0187 pct=23.69% | ||res||=2.450294
aa=0.3124 ak=0.8270 phi0=0.6636 | adv=0.1614 inv=0.0470 pct=18.30% | ||res||=2.729226
aa=0.8255 ak=0.2118 phi0=0.1442 | adv=0.3023 inv=0.0120 pct=38.70% | ||res||=6.034297
aa=0.4797 ak=0.6460 phi0=0.7097 | adv=0.3244 inv=0.0412 pct=42.36% | ||res||=6.502669
aa=0.5264 ak=0.6648 phi0=0.8180 | adv=0.5276 inv=0.0385 pct=56.30% | ||res||=11.198649
aa=0.7868 ak=0.6765 phi0=0.3236 | adv=1.8048 inv=0.2313 pct=68.91% | ||res||=40.905811
aa=0.6033 ak=0.8329 phi0=0.4824 | adv=0.3573 inv=0.0394 pct=37.10% | ||res||=7.259553
aa=0.7441 ak=0.1169 phi0=0.4577 | adv=0.4506 inv=0.0067 pct=54.69% | ||res||=9.457069
aa=0.6611 ak=0.4364 phi0=0.6919 | adv=0.6983 inv=0.0423 pct=84.86% | ||res||=15.149947
aa=0.4316 ak=0.3722 phi0=-0.3175 | adv=0.0674 inv=0.0192 pct=7.49% | ||res||=0.801285
aa=0.4099 ak=0.3537 phi0=-0.0502 | adv=0.0938 inv=0.0189 pct=14.41% | ||res||=1.302628
aa=0.4494 ak=0.6195 phi0=-0.1636 | adv=0.0896 inv=0.0345 pct=8.29% | ||res||=1.096281
aa=0.2441 ak=0.7642 phi0=-0.3158 | adv=0.0380 inv=0.0398 pct=7.49% | ||res||=0.171617
aa=0.1284 ak=0.6195 phi0=-0.1636 | adv=0.0246 inv=0.0329 pct=7.49% | ||res||=0.509423
aa=0.6449 ak=0.8748 phi0=-0.3946 | adv=0.0903 inv=0.0395 pct=7.49% | ||res||=1.092689
aa=0.4413 ak=0.4794 phi0=-0.1820 | adv=0.0848 inv=0.0256 pct=7.51% | ||res||=1.052990
aa=0.3977 ak=0.7996 phi0=0.1773 | adv=0.1227 inv=0.0508 pct=16.73% | ||res||=1.839317
aa=0.5659 ak=0.4420 phi0=0.2500 | adv=0.2071 inv=0.0265 pct=28.32% | ||res||=3.811204
aa=0.8255 ak=0.2118 phi0=-0.2547 | adv=0.1432 inv=0.0109 pct=18.19% | ||res||=2.429739
aa=0.1659 ak=0.1206 phi0=-0.0927 | adv=0.0348 inv=0.0061 pct=7.49% | ||res||=0.888064
aa=0.5997 ak=0.4056 phi0=-0.4775 | adv=0.0696 inv=0.0205 pct=7.50% | ||res||=0.816210
aa=0.5911 ak=0.2025 phi0=-0.3707 | adv=0.0843 inv=0.0102 pct=9.16% | ||res||=1.223410
aa=0.2644 ak=0.2645 phi0=0.0335 | adv=0.0653 inv=0.0140 pct=7.49% | ||res||=0.857411
aa=0.2717 ak=0.4783 phi0=-0.3726 | adv=0.0383 inv=0.0244 pct=7.49% | ||res||=0.473853
Warning: VF EGM did not converge (final solve). sup-norm diff = 4.325e+00
BAD EQM! Bounds: m=0.707 k=0.000
aa=0.3465 ak=0.8959 phi0=0.0805 | adv=0.0935 inv=0.0561 pct=7.54% | ||res||=1.186070
aa=0.2517 ak=0.5357 phi0=-0.3997 | adv=0.0338 inv=0.0272 pct=7.49% | ||res||=0.453799
aa=0.3787 ak=0.7681 phi0=-0.2374 | adv=0.0676 inv=0.0414 pct=7.49% | ||res||=0.567912
aa=0.6244 ak=0.6872 phi0=-0.0477 | adv=0.1546 inv=0.0416 pct=17.78% | ||res||=2.574074
aa=0.4249 ak=0.5839 phi0=-0.2930 | adv=0.0694 inv=0.0307 pct=7.49% | ||res||=0.683174
aa=0.3343 ak=0.8840 phi0=0.1967 | adv=0.1028 inv=0.0484 pct=13.40% | ||res||=1.377405
aa=0.6269 ak=0.7390 phi0=0.3921 | adv=0.3333 inv=0.0566 pct=43.32% | ||res||=6.711548
aa=0.2691 ak=0.3120 phi0=0.2008 | adv=0.0796 inv=0.0169 pct=12.70% | ||res||=1.045734
aa=0.1067 ak=0.8619 phi0=0.0251 | adv=0.0257 inv=0.0488 pct=7.49% | ||res||=0.416136
aa=0.2303 ak=0.8750 phi0=-0.3606 | adv=0.0331 inv=0.0394 pct=7.49% | ||res||=0.268936
aa=0.3897 ak=0.5709 phi0=0.4256 | adv=0.1612 inv=0.0358 pct=22.36% | ||res||=2.733638
aa=0.4322 ak=0.6697 phi0=0.4636 | adv=0.1947 inv=0.0466 pct=26.71% | ||res||=3.501306
aa=0.3364 ak=0.8653 phi0=0.6538 | adv=0.1769 inv=0.0490 pct=21.54% | ||res||=3.089974
aa=0.5639 ak=0.5242 phi0=-0.4371 | adv=0.0711 inv=0.0267 pct=7.49% | ||res||=0.762276
aa=0.7967 ak=0.8063 phi0=0.0074 | adv=0.2487 inv=0.0567 pct=28.59% | ||res||=4.756591
aa=0.6985 ak=0.7494 phi0=-0.3677 | adv=0.1018 inv=0.0397 pct=9.14% | ||res||=1.357180
aa=0.2044 ak=0.4339 phi0=0.0307 | adv=0.0500 inv=0.0234 pct=7.49% | ||res||=0.506602
aa=0.3537 ak=0.3486 phi0=0.1481 | adv=0.1006 inv=0.0191 pct=14.46% | ||res||=1.444444
aa=0.1427 ak=0.7568 phi0=0.1378 | adv=0.0389 inv=0.0440 pct=7.49% | ||res||=0.108967
aa=0.5920 ak=0.7197 phi0=0.4659 | adv=0.3304 inv=0.0481 pct=42.57% | ||res||=6.640790
aa=0.5258 ak=0.6782 phi0=0.3236 | adv=0.2149 inv=0.0466 pct=30.59% | ||res||=3.970469
aa=0.2103 ak=0.6026 phi0=-0.3179 | adv=0.0323 inv=0.0315 pct=7.49% | ||res||=0.394871
aa=0.7441 ak=0.8329 phi0=-0.1631 | adv=0.1609 inv=0.0501 pct=19.10% | ||res||=2.720262
aa=0.3787 ak=0.7681 phi0=0.9407 | adv=0.2819 inv=0.0546 pct=34.87% | ||res||=5.521374
aa=0.1168 ak=0.1657 phi0=0.9518 | adv=0.0603 inv=0.0089 pct=14.42% | ||res||=0.893605
aa=0.3537 ak=0.7750 phi0=0.8170 | adv=0.2272 inv=0.0500 pct=26.86% | ||res||=4.253065
aa=0.5815 ak=0.8614 phi0=0.5248 | adv=0.3557 inv=0.0455 pct=39.36% | ||res||=7.223044
aa=0.6252 ak=0.3056 phi0=0.7097 | adv=0.6958 inv=0.0193 pct=67.68% | ||res||=15.095165
aa=0.2932 ak=0.7166 phi0=0.2721 | adv=0.0953 inv=0.0443 pct=13.19% | ||res||=1.202680
aa=0.1312 ak=0.5610 phi0=0.1930 | adv=0.0376 inv=0.0318 pct=7.49% | ||res||=0.322866
aa=0.4111 ak=0.7098 phi0=-0.2663 | adv=0.0703 inv=0.0377 pct=7.49% | ||res||=0.644811
aa=0.3278 ak=0.7414 phi0=-0.2796 | adv=0.0544 inv=0.0397 pct=7.49% | ||res||=0.285493
aa=0.4716 ak=0.5040 phi0=-0.3050 | adv=0.0754 inv=0.0263 pct=7.49% | ||res||=0.852025
aa=0.1067 ak=0.8254 phi0=-0.4784 | adv=0.0122 inv=0.0363 pct=0.00% | ||res||=0.752174
aa=0.3205 ak=0.8109 phi0=-0.0502 | adv=0.0733 inv=0.0467 pct=7.49% | ||res||=0.695673
aa=0.1191 ak=0.7327 phi0=0.1168 | adv=0.0316 inv=0.0419 pct=7.49% | ||res||=0.279884
Warning: VF EGM did not converge (final solve). sup-norm diff = 1.998e+00
BAD EQM! Bounds: m=0.382 k=0.000
aa=0.2009 ak=0.3613 phi0=0.2181 | adv=0.0595 inv=0.0197 pct=7.55% | ||res||=0.678037
aa=0.5023 ak=0.7126 phi0=0.0345 | adv=0.1333 inv=0.0423 pct=15.34% | ||res||=2.080262
aa=0.1533 ak=0.5733 phi0=0.3000 | adv=0.0489 inv=0.0333 pct=7.49% | ||res||=0.292546
aa=0.1659 ak=0.5529 phi0=0.3015 | adv=0.0533 inv=0.0316 pct=7.50% | ||res||=0.379107
BAD EQM! Bounds: m=0.000 k=0.000
aa=0.6985 ak=0.7453 phi0=-0.2930 | adv=0.1176 inv=0.0414 pct=14.45% | ||res||=1.718067
aa=0.1587 ak=0.5695 phi0=0.1481 | adv=0.0438 inv=0.0320 pct=7.49% | ||res||=0.292820
aa=0.1602 ak=0.1323 phi0=0.1736 | adv=0.0451 inv=0.0068 pct=7.49% | ||res||=0.851172
aa=0.3131 ak=0.7896 phi0=-0.0153 | adv=0.0745 inv=0.0462 pct=7.50% | ||res||=0.721489
aa=0.2926 ak=0.7642 phi0=0.4719 | adv=0.1177 inv=0.0444 pct=13.99% | ||res||=1.720455
aa=0.5815 ak=0.3502 phi0=-0.0240 | adv=0.1424 inv=0.0191 pct=18.15% | ||res||=2.362679
aa=0.4936 ak=0.7115 phi0=-0.2267 | adv=0.0906 inv=0.0391 pct=7.49% | ||res||=1.101656
aa=0.5507 ak=0.5045 phi0=0.3704 | adv=0.2413 inv=0.0330 pct=32.34% | ||res||=4.586101
aa=0.2846 ak=0.5518 phi0=0.2341 | adv=0.0884 inv=0.0325 pct=12.32% | ||res||=1.079046
aa=0.3609 ak=0.3911 phi0=0.0836 | adv=0.0960 inv=0.0213 pct=13.79% | ||res||=1.326598
aa=0.1974 ak=0.4998 phi0=0.1967 | adv=0.0577 inv=0.0279 pct=7.49% | ||res||=0.506140
aa=0.3342 ak=0.8336 phi0=0.0246 | adv=0.0836 inv=0.0499 pct=7.94% | ||res||=0.939041
aa=0.2517 ak=0.6804 phi0=0.1774 | adv=0.0731 inv=0.0406 pct=8.06% | ||res||=0.696033
aa=0.2814 ak=0.5997 phi0=0.2316 | adv=0.0870 inv=0.0351 pct=12.08% | ||res||=1.033471
aa=0.1179 ak=0.4417 phi0=0.8784 | adv=0.0585 inv=0.0262 pct=9.75% | ||res||=0.545907
aa=0.6235 ak=0.2856 phi0=-0.2652 | adv=0.1067 inv=0.0148 pct=14.42% | ||res||=1.612936
aa=0.1129 ak=0.8050 phi0=0.1967 | adv=0.0324 inv=0.0474 pct=7.49% | ||res||=0.258606
aa=0.3883 ak=0.6872 phi0=0.5398 | adv=0.1832 inv=0.0486 pct=24.01% | ||res||=3.236909
aa=0.1602 ak=0.2041 phi0=-0.3946 | adv=0.0215 inv=0.0102 pct=7.49% | ||res||=0.923754
aa=0.1110 ak=0.4322 phi0=0.1168 | adv=0.0294 inv=0.0234 pct=7.49% | ||res||=0.579868
aa=0.1113 ak=0.2118 phi0=0.3964 | adv=0.0381 inv=0.0112 pct=7.49% | ||res||=0.761769
aa=0.5911 ak=0.5990 phi0=0.4425 | adv=0.3264 inv=0.0437 pct=41.78% | ||res||=6.547695
aa=0.3762 ak=0.7864 phi0=0.3358 | adv=0.1436 inv=0.0462 pct=16.84% | ||res||=2.318316
aa=0.4413 ak=0.4794 phi0=0.6114 | adv=0.2280 inv=0.0312 pct=32.53% | ||res||=4.282530
aa=0.3784 ak=0.8292 phi0=0.5867 | adv=0.1921 inv=0.0470 pct=25.58% | ||res||=3.442220
aa=0.7270 ak=0.6800 phi0=0.2510 | adv=0.3157 inv=0.0508 pct=38.03% | ||res||=6.299625
BAD EQM! Bounds: m=0.000 k=0.000
aa=0.2886 ak=0.8240 phi0=0.6863 | adv=0.1483 inv=0.0449 pct=17.15% | ||res||=2.427068
aa=0.2158 ak=0.8151 phi0=0.9374 | adv=0.1284 inv=0.0452 pct=15.58% | ||res||=1.967763
aa=0.5264 ak=0.6648 phi0=0.3663 | adv=0.2327 inv=0.0460 pct=31.66% | ||res||=4.380221
aa=0.8981 ak=0.7027 phi0=-0.3606 | adv=0.1318 inv=0.0370 pct=16.13% | ||res||=2.052306
aa=0.7915 ak=0.6474 phi0=0.2238 | adv=0.3764 inv=0.0501 pct=46.21% | ||res||=7.704232
aa=0.7697 ak=0.2808 phi0=0.0965 | adv=0.2493 inv=0.0159 pct=32.19% | ||res||=4.808318
aa=0.7441 ak=0.5317 phi0=0.4293 | adv=0.8409 inv=0.0431 pct=70.06% | ||res||=18.435127
aa=0.3784 ak=0.6816 phi0=-0.2281 | adv=0.0683 inv=0.0367 pct=7.49% | ||res||=0.607414
aa=0.2536 ak=0.6333 phi0=-0.4133 | adv=0.0332 inv=0.0323 pct=7.49% | ||res||=0.368344
aa=0.2886 ak=0.7414 phi0=-0.4071 | adv=0.0384 inv=0.0379 pct=7.49% | ||res||=0.197576
aa=0.2476 ak=0.5229 phi0=-0.4252 | adv=0.0316 inv=0.0267 pct=7.49% | ||res||=0.489709
aa=0.4038 ak=0.5938 phi0=0.1363 | adv=0.1168 inv=0.0345 pct=15.49% | ||res||=1.714174
aa=0.2441 ak=0.6821 phi0=-0.3158 | adv=0.0380 inv=0.0355 pct=7.49% | ||res||=0.247626
aa=0.2404 ak=0.7672 phi0=-0.1671 | adv=0.0466 inv=0.0413 pct=7.49% | ||res||=0.118046
aa=0.1318 ak=0.8564 phi0=0.1589 | adv=0.0367 inv=0.0505 pct=7.49% | ||res||=0.197863
aa=0.1659 ak=0.8297 phi0=0.3783 | adv=0.0571 inv=0.0451 pct=7.53% | ||res||=0.321572
aa=0.2538 ak=0.6915 phi0=-0.1820 | adv=0.0483 inv=0.0373 pct=7.49% | ||res||=0.209025
aa=0.1265 ak=0.2118 phi0=0.1783 | adv=0.0356 inv=0.0110 pct=7.49% | ||res||=0.776078
aa=0.1133 ak=0.8336 phi0=0.1196 | adv=0.0302 inv=0.0479 pct=7.49% | ||res||=0.311305
aa=0.2182 ak=0.5155 phi0=0.6115 | adv=0.0931 inv=0.0315 pct=12.84% | ||res||=1.190597
aa=0.1415 ak=0.4502 phi0=0.3663 | adv=0.0477 inv=0.0253 pct=7.49% | ||res||=0.450332
aa=0.4490 ak=0.7305 phi0=0.2316 | adv=0.1571 inv=0.0483 pct=19.97% | ||res||=2.631770
aa=0.1533 ak=0.6474 phi0=0.1547 | adv=0.0426 inv=0.0366 pct=7.49% | ||res||=0.192515
Warning: VF EGM did not converge (final solve). sup-norm diff = 1.243e-02
BAD EQM! Bounds: m=0.000 k=0.000
aa=0.2269 ak=0.8105 phi0=0.3927 | adv=0.0812 inv=0.0452 pct=11.04% | ||res||=0.876033
aa=0.1565 ak=0.2631 phi0=-0.0772 | adv=0.0335 inv=0.0136 pct=7.49% | ||res||=0.734119
aa=0.3018 ak=0.3594 phi0=-0.1645 | adv=0.0585 inv=0.0188 pct=7.49% | ||res||=0.681242
aa=0.3676 ak=0.3635 phi0=-0.0153 | adv=0.0873 inv=0.0195 pct=14.04% | ||res||=1.166144
aa=0.1680 ak=0.7858 phi0=0.6359 | adv=0.0720 inv=0.0453 pct=9.97% | ||res||=0.663590
aa=0.1191 ak=0.8381 phi0=0.2656 | adv=0.0366 inv=0.0434 pct=7.49% | ||res||=0.162720
aa=0.1602 ak=0.2041 phi0=-0.1493 | adv=0.0312 inv=0.0104 pct=7.49% | ||res||=0.818264
aa=0.3601 ak=0.3996 phi0=0.1218 | adv=0.1001 inv=0.0221 pct=13.43% | ||res||=1.407970
aa=0.3054 ak=0.6413 phi0=0.4670 | adv=0.1214 inv=0.0417 pct=16.45% | ||res||=1.805804
aa=0.2580 ak=0.2598 phi0=-0.0452 | adv=0.0580 inv=0.0135 pct=7.49% | ||res||=0.779978
aa=0.2303 ak=0.8158 phi0=0.6706 | adv=0.1066 inv=0.0446 pct=15.25% | ||res||=1.464282
aa=0.1914 ak=0.7441 phi0=-0.3487 | adv=0.0280 inv=0.0386 pct=7.49% | ||res||=0.382369
aa=0.3833 ak=0.6367 phi0=-0.3677 | adv=0.0550 inv=0.0336 pct=7.49% | ||res||=0.372060
aa=0.4463 ak=0.6386 phi0=-0.0366 | adv=0.1056 inv=0.0372 pct=10.51% | ||res||=1.450569
aa=0.2486 ak=0.7724 phi0=0.1930 | adv=0.0735 inv=0.0470 pct=7.64% | ||res||=0.699049
aa=0.1536 ak=0.3613 phi0=0.1167 | adv=0.0408 inv=0.0193 pct=7.49% | ||res||=0.575925
aa=0.1093 ak=0.2808 phi0=0.0825 | adv=0.0279 inv=0.0148 pct=7.49% | ||res||=0.761102
aa=0.5639 ak=0.7148 phi0=-0.4371 | adv=0.0730 inv=0.0368 pct=7.49% | ||res||=0.711345
aa=0.1631 ak=0.6266 phi0=0.1773 | adv=0.0463 inv=0.0361 pct=7.49% | ||res||=0.213913
aa=0.1657 ak=0.4747 phi0=-0.3267 | adv=0.0250 inv=0.0244 pct=7.49% | ||res||=0.625039
aa=0.1147 ak=0.6528 phi0=-0.3707 | adv=0.0160 inv=0.0332 pct=7.49% | ||res||=0.683882
BAD EQM! Bounds: m=0.001 k=0.000
aa=0.1168 ak=0.8759 phi0=0.1704 | adv=0.0328 inv=0.0478 pct=7.49% | ||res||=0.252220
aa=0.4943 ak=0.5920 phi0=-0.3000 | adv=0.0803 inv=0.0316 pct=7.49% | ||res||=0.905546
aa=0.2590 ak=0.7681 phi0=-0.1126 | adv=0.0541 inv=0.0425 pct=7.49% | ||res||=0.257629
aa=0.1594 ak=0.7916 phi0=0.1693 | adv=0.0451 inv=0.0467 pct=7.49% | ||res||=0.064557
aa=0.1288 ak=0.4918 phi0=-0.0240 | adv=0.0293 inv=0.0265 pct=7.49% | ||res||=0.524883
aa=0.5987 ak=0.5820 phi0=0.2170 | adv=0.2186 inv=0.0374 pct=29.58% | ||res||=4.056972
aa=0.1409 ak=0.3086 phi0=0.7978 | adv=0.0666 inv=0.0175 pct=12.45% | ||res||=0.815053
aa=0.7098 ak=0.5734 phi0=0.4542 | adv=0.8604 inv=0.0570 pct=68.62% | ||res||=18.887154
aa=0.3768 ak=0.5602 phi0=-0.1493 | adv=0.0758 inv=0.0305 pct=7.49% | ||res||=0.817598
aa=0.5639 ak=0.8775 phi0=-0.4371 | adv=0.0727 inv=0.0390 pct=7.49% | ||res||=0.694458
aa=0.3723 ak=0.6894 phi0=0.1205 | adv=0.1050 inv=0.0426 pct=9.65% | ||res||=1.426278
aa=0.2168 ak=0.6994 phi0=0.5398 | adv=0.0879 inv=0.0450 pct=11.52% | ||res||=1.031364
aa=0.1385 ak=0.5997 phi0=0.4865 | adv=0.0518 inv=0.0361 pct=7.98% | ||res||=0.280935
aa=0.2580 ak=0.5788 phi0=-0.2036 | adv=0.0474 inv=0.0304 pct=7.49% | ||res||=0.339855
aa=0.1350 ak=0.7299 phi0=0.4907 | adv=0.0506 inv=0.0416 pct=7.85% | ||res||=0.188124
aa=0.2205 ak=0.6946 phi0=0.2968 | adv=0.0716 inv=0.0416 pct=9.27% | ||res||=0.658902
aa=0.3608 ak=0.4505 phi0=-0.0704 | adv=0.0801 inv=0.0243 pct=7.49% | ||res||=0.968407
aa=0.2862 ak=0.6509 phi0=0.4514 | adv=0.1102 inv=0.0422 pct=14.91% | ||res||=1.548365
aa=0.1288 ak=0.1569 phi0=0.0364 | adv=0.0313 inv=0.0080 pct=7.49% | ||res||=0.868086
aa=0.1830 ak=0.3765 phi0=0.4262 | adv=0.0656 inv=0.0211 pct=10.65% | ||res||=0.740333
aa=0.2860 ak=0.8790 phi0=0.0825 | adv=0.0759 inv=0.0531 pct=7.57% | ||res||=0.775046
aa=0.1147 ak=0.4219 phi0=-0.1164 | adv=0.0233 inv=0.0221 pct=7.49% | ||res||=0.687422
aa=0.1294 ak=0.7970 phi0=0.0974 | adv=0.0337 inv=0.0454 pct=7.49% | ||res||=0.223743
aa=0.2490 ak=0.4382 phi0=0.3927 | adv=0.0890 inv=0.0251 pct=13.43% | ||res||=1.145815
aa=0.1754 ak=0.7882 phi0=0.2547 | adv=0.0542 inv=0.0475 pct=7.49% | ||res||=0.259233
aa=0.1681 ak=0.2607 phi0=-0.0396 | adv=0.0376 inv=0.0135 pct=7.49% | ||res||=0.712316
aa=0.1428 ak=0.4502 phi0=0.3663 | adv=0.0481 inv=0.0253 pct=7.49% | ||res||=0.453040
aa=0.2118 ak=0.7542 phi0=-0.1059 | adv=0.0443 inv=0.0414 pct=7.49% | ||res||=0.090261
aa=0.1914 ak=0.5648 phi0=0.3433 | adv=0.0644 inv=0.0331 pct=8.25% | ||res||=0.554806
aa=0.1565 ak=0.3446 phi0=-0.0772 | adv=0.0335 inv=0.0180 pct=7.49% | ||res||=0.641386
aa=0.1733 ak=0.3287 phi0=0.3783 | adv=0.0593 inv=0.0180 pct=9.93% | ||res||=0.704560
aa=0.2517 ak=0.8583 phi0=0.2646 | adv=0.0802 inv=0.0464 pct=11.17% | ||res||=0.853154
aa=0.1732 ak=0.1554 phi0=0.0487 | adv=0.0429 inv=0.0079 pct=7.49% | ||res||=0.824563
aa=0.1202 ak=0.6296 phi0=-0.0761 | adv=0.0257 inv=0.0347 pct=7.49% | ||res||=0.467475
aa=0.5196 ak=0.8381 phi0=0.5060 | adv=0.3183 inv=0.0461 pct=32.77% | ||res||=6.356229
aa=0.7137 ak=0.7013 phi0=-0.4133 | adv=0.0943 inv=0.0364 pct=7.89% | ||res||=1.195554
aa=0.2224 ak=0.4521 phi0=-0.1671 | adv=0.0427 inv=0.0237 pct=7.49% | ||res||=0.474726
aa=0.7236 ak=0.7922 phi0=0.1967 | adv=0.3245 inv=0.0636 pct=40.40% | ||res||=6.516080
aa=0.1505 ak=0.5243 phi0=0.3066 | adv=0.0483 inv=0.0298 pct=7.49% | ||res||=0.359353
aa=0.1601 ak=0.6302 phi0=0.0235 | adv=0.0387 inv=0.0342 pct=7.49% | ||res||=0.265922
aa=0.1315 ak=0.5721 phi0=0.3442 | adv=0.0434 inv=0.0333 pct=7.49% | ||res||=0.263491
aa=0.1870 ak=0.4275 phi0=0.0437 | adv=0.0463 inv=0.0231 pct=7.49% | ||res||=0.493948
aa=0.1309 ak=0.8062 phi0=0.1773 | adv=0.0370 inv=0.0472 pct=7.49% | ||res||=0.156305
aa=0.1312 ak=0.6116 phi0=-0.2338 | adv=0.0227 inv=0.0320 pct=7.49% | ||res||=0.557100
aa=0.2034 ak=0.8750 phi0=0.3612 | adv=0.0704 inv=0.0485 pct=10.18% | ||res||=0.631504
aa=0.6215 ak=0.3594 phi0=0.2630 | adv=0.2382 inv=0.0214 pct=31.21% | ||res||=4.537863
aa=0.2063 ak=0.8958 phi0=0.3213 | adv=0.0686 inv=0.0491 pct=9.49% | ||res||=0.592272
aa=0.1594 ak=0.7452 phi0=0.6746 | adv=0.0703 inv=0.0417 pct=9.84% | ||res||=0.627459
aa=0.5395 ak=0.5982 phi0=0.4090 | adv=0.2532 inv=0.0415 pct=32.58% | ||res||=4.853769
aa=0.2188 ak=0.7642 phi0=-0.0641 | adv=0.0482 inv=0.0421 pct=7.49% | ||res||=0.136282
aa=0.2206 ak=0.8819 phi0=0.8439 | adv=0.1233 inv=0.0497 pct=14.89% | ||res||=1.850657
aa=0.1422 ak=0.8508 phi0=0.2624 | adv=0.0438 inv=0.0441 pct=7.49% | ||res||=0.041449
aa=0.3642 ak=0.8251 phi0=-0.0009 | adv=0.0890 inv=0.0490 pct=8.10% | ||res||=1.060897
aa=0.1144 ak=0.7062 phi0=0.2473 | adv=0.0345 inv=0.0413 pct=7.49% | ||res||=0.222036
aa=0.2003 ak=0.8889 phi0=-0.2748 | adv=0.0331 inv=0.0412 pct=7.49% | ||res||=0.252640
aa=0.1564 ak=0.8473 phi0=0.3783 | adv=0.0537 inv=0.0457 pct=7.49% | ||res||=0.243913
aa=0.6469 ak=0.1023 phi0=-0.0998 | adv=0.1410 inv=0.0052 pct=16.26% | ||res||=2.425018
aa=0.2401 ak=0.7642 phi0=-0.0233 | adv=0.0558 inv=0.0439 pct=7.49% | ||res||=0.291591
aa=0.2791 ak=0.6406 phi0=-0.1484 | adv=0.0555 inv=0.0345 pct=7.49% | ||res||=0.368461
aa=0.1064 ak=0.3806 phi0=0.2627 | adv=0.0324 inv=0.0207 pct=7.49% | ||res||=0.596606
aa=0.1273 ak=0.5229 phi0=-0.2085 | adv=0.0229 inv=0.0274 pct=7.49% | ||res||=0.614579
aa=0.2311 ak=0.7338 phi0=0.0051 | adv=0.0553 inv=0.0413 pct=7.49% | ||res||=0.290538
aa=0.1422 ak=0.8508 phi0=0.2624 | adv=0.0438 inv=0.0441 pct=7.49% | ||res||=0.041449
aa=0.2536 ak=0.6333 phi0=0.1539 | adv=0.0721 inv=0.0358 pct=8.38% | ||res||=0.696390
aa=0.2404 ak=0.7935 phi0=-0.1671 | adv=0.0464 inv=0.0436 pct=7.49% | ||res||=0.085640
aa=0.1270 ak=0.8048 phi0=0.1129 | adv=0.0336 inv=0.0461 pct=7.49% | ||res||=0.227169
aa=0.1565 ak=0.5188 phi0=-0.0772 | adv=0.0336 inv=0.0278 pct=7.49% | ||res||=0.445575
aa=0.1215 ak=0.1962 phi0=0.0798 | adv=0.0309 inv=0.0102 pct=7.49% | ||res||=0.826434
aa=0.1823 ak=0.5514 phi0=0.0371 | adv=0.0447 inv=0.0302 pct=7.49% | ||res||=0.334075
aa=0.1430 ak=0.2607 phi0=-0.0943 | adv=0.0299 inv=0.0134 pct=7.49% | ||res||=0.768304
aa=0.1385 ak=0.6512 phi0=0.8127 | adv=0.0667 inv=0.0358 pct=9.97% | ||res||=0.578514
aa=0.3054 ak=0.7031 phi0=0.4670 | adv=0.1231 inv=0.0463 pct=15.62% | ||res||=1.845678
aa=0.1510 ak=0.5695 phi0=-0.0583 | adv=0.0332 inv=0.0305 pct=7.49% | ||res||=0.400990
aa=0.2006 ak=0.5659 phi0=0.3847 | adv=0.0702 inv=0.0333 pct=10.69% | ||res||=0.674858
aa=0.1158 ak=0.2081 phi0=-0.0240 | adv=0.0263 inv=0.0107 pct=7.49% | ||res||=0.857566
aa=0.1592 ak=0.2638 phi0=0.1971 | adv=0.0460 inv=0.0140 pct=7.49% | ||res||=0.693295
aa=0.1974 ak=0.3679 phi0=0.3661 | adv=0.0675 inv=0.0204 pct=10.46% | ||res||=0.782711
aa=0.1289 ak=0.5839 phi0=0.3932 | adv=0.0445 inv=0.0338 pct=7.49% | ||res||=0.253892
aa=0.1794 ak=0.7979 phi0=0.1366 | adv=0.0493 inv=0.0470 pct=7.49% | ||res||=0.149995
aa=0.1427 ak=0.4686 phi0=0.5100 | adv=0.0544 inv=0.0270 pct=9.27% | ||res||=0.476215
aa=0.1939 ak=0.8372 phi0=0.6576 | adv=0.0861 inv=0.0461 pct=12.53% | ||res||=0.988545
aa=0.1294 ak=0.7849 phi0=-0.0472 | adv=0.0287 inv=0.0428 pct=7.49% | ||res||=0.341969
aa=0.1573 ak=0.7021 phi0=0.2656 | adv=0.0488 inv=0.0412 pct=7.49% | ||res||=0.157499
aa=0.1436 ak=0.7895 phi0=0.8439 | adv=0.0713 inv=0.0466 pct=14.32% | ||res||=0.649199
aa=0.1350 ak=0.8728 phi0=0.3926 | adv=0.0468 inv=0.0468 pct=7.49% | ||res||=0.096078
aa=0.1518 ak=0.2808 phi0=0.2918 | adv=0.0478 inv=0.0151 pct=7.49% | ||res||=0.674482
aa=0.2118 ak=0.2846 phi0=-0.3673 | adv=0.0299 inv=0.0143 pct=7.49% | ||res||=0.749227
aa=0.1907 ak=0.1014 phi0=0.3066 | adv=0.0611 inv=0.0052 pct=11.25% | ||res||=0.976169
aa=0.1309 ak=0.7650 phi0=0.2520 | adv=0.0399 inv=0.0453 pct=7.49% | ||res||=0.085863
aa=0.2538 ak=0.7605 phi0=-0.1820 | adv=0.0483 inv=0.0413 pct=7.49% | ||res||=0.146551
aa=0.1735 ak=0.6181 phi0=0.3302 | adv=0.0574 inv=0.0362 pct=7.76% | ||res||=0.381037
aa=0.2331 ak=0.7999 phi0=-0.3450 | adv=0.0345 inv=0.0365 pct=7.49% | ||res||=0.280479
aa=0.1992 ak=0.3744 phi0=0.1693 | adv=0.0563 inv=0.0203 pct=7.49% | ||res||=0.627843
aa=0.5536 ak=0.8628 phi0=0.3663 | adv=0.2898 inv=0.0476 pct=33.34% | ||res||=5.698975
aa=0.3724 ak=0.8928 phi0=0.7458 | adv=0.2390 inv=0.0504 pct=23.47% | ||res||=4.523420
Warning: VF EGM did not converge (final solve). sup-norm diff = 2.999e+00
BAD EQM! Bounds: m=0.899 k=0.000
aa=0.1341 ak=0.5139 phi0=0.1366 | adv=0.0364 inv=0.0283 pct=7.49% | ||res||=0.404976
aa=0.1209 ak=0.6574 phi0=0.3185 | adv=0.0390 inv=0.0389 pct=7.49% | ||res||=0.171239
aa=0.1309 ak=0.6910 phi0=-0.4252 | adv=0.0166 inv=0.0345 pct=7.49% | ||res||=0.660785
aa=0.1422 ak=0.7672 phi0=-0.0528 | adv=0.0315 inv=0.0420 pct=7.49% | ||res||=0.283139
aa=0.1213 ak=0.8889 phi0=0.2664 | adv=0.0374 inv=0.0460 pct=7.49% | ||res||=0.141560
aa=0.1208 ak=0.7583 phi0=0.3868 | adv=0.0414 inv=0.0462 pct=7.49% | ||res||=0.060286
aa=0.2998 ak=0.6486 phi0=0.0974 | adv=0.0810 inv=0.0378 pct=8.71% | ||res||=0.885348
aa=0.1621 ak=0.6163 phi0=-0.1671 | adv=0.0310 inv=0.0327 pct=7.49% | ||res||=0.395339
aa=0.2517 ak=0.4683 phi0=-0.3997 | adv=0.0337 inv=0.0240 pct=7.49% | ||res||=0.518652
aa=0.1455 ak=0.8916 phi0=0.3115 | adv=0.0470 inv=0.0472 pct=7.49% | ||res||=0.104904
aa=0.1823 ak=0.7218 phi0=-0.1935 | adv=0.0338 inv=0.0389 pct=7.49% | ||res||=0.260564
aa=0.2052 ak=0.5610 phi0=-0.1839 | adv=0.0385 inv=0.0300 pct=7.49% | ||res||=0.354461
aa=0.5112 ak=0.5585 phi0=-0.1126 | adv=0.1103 inv=0.0309 pct=12.57% | ||res||=1.579177
aa=0.5269 ak=0.8431 phi0=-0.3303 | adv=0.0821 inv=0.0390 pct=7.49% | ||res||=0.908132
aa=0.1139 ak=0.2600 phi0=0.2134 | adv=0.0331 inv=0.0138 pct=7.49% | ||res||=0.733078
aa=0.1133 ak=0.7317 phi0=0.3909 | adv=0.0389 inv=0.0447 pct=7.49% | ||res||=0.107796
aa=0.1168 ak=0.8474 phi0=0.3743 | adv=0.0396 inv=0.0454 pct=7.49% | ||res||=0.092793
aa=0.2536 ak=0.5920 phi0=0.6773 | adv=0.1174 inv=0.0376 pct=19.88% | ||res||=1.721971
aa=0.2460 ak=0.4318 phi0=-0.2301 | adv=0.0433 inv=0.0225 pct=7.49% | ||res||=0.502393
aa=0.1115 ak=0.1160 phi0=0.2284 | adv=0.0329 inv=0.0059 pct=7.49% | ||res||=0.902105
aa=0.1692 ak=0.5639 phi0=0.2663 | adv=0.0524 inv=0.0320 pct=7.49% | ||res||=0.360258
aa=0.1499 ak=0.8443 phi0=0.5324 | adv=0.0586 inv=0.0473 pct=9.15% | ||res||=0.358197
aa=0.3054 ak=0.6413 phi0=0.3727 | adv=0.1098 inv=0.0398 pct=15.71% | ||res||=1.541200
aa=0.1109 ak=0.2808 phi0=0.4965 | adv=0.0413 inv=0.0153 pct=7.49% | ||res||=0.662871
aa=0.2676 ak=0.3023 phi0=-0.1506 | adv=0.0527 inv=0.0157 pct=7.49% | ||res||=0.687312
aa=0.2673 ak=0.8229 phi0=0.0596 | adv=0.0688 inv=0.0481 pct=7.50% | ||res||=0.593307
aa=0.2188 ak=0.5931 phi0=0.3887 | adv=0.0775 inv=0.0354 pct=11.20% | ||res||=0.818753
aa=0.1288 ak=0.5479 phi0=-0.0240 | adv=0.0293 inv=0.0298 pct=7.49% | ||res||=0.468611
aa=0.2598 ak=0.6355 phi0=0.3783 | adv=0.0925 inv=0.0393 pct=13.26% | ||res||=1.144949
aa=0.2475 ak=0.7767 phi0=-0.1032 | adv=0.0522 inv=0.0437 pct=7.49% | ||res||=0.211915
aa=0.1309 ak=0.5768 phi0=0.6224 | adv=0.0544 inv=0.0346 pct=9.08% | ||res||=0.345154
aa=0.1608 ak=0.8155 phi0=0.3720 | adv=0.0552 inv=0.0439 pct=7.49% | ||res||=0.278692
aa=0.1310 ak=0.6617 phi0=0.3157 | adv=0.0423 inv=0.0388 pct=7.49% | ||res||=0.144111
aa=0.1661 ak=0.3449 phi0=0.8439 | adv=0.0824 inv=0.0200 pct=14.43% | ||res||=1.061170
aa=0.1103 ak=0.8048 phi0=0.6796 | adv=0.0476 inv=0.0437 pct=8.28% | ||res||=0.106371
aa=0.6002 ak=0.8891 phi0=0.1589 | adv=0.2285 inv=0.0511 pct=20.79% | ||res||=4.281724
aa=0.1592 ak=0.2638 phi0=0.5281 | adv=0.0615 inv=0.0144 pct=10.37% | ||res||=0.799447
aa=0.1758 ak=0.7245 phi0=0.3932 | adv=0.0617 inv=0.0442 pct=9.22% | ||res||=0.426850
aa=0.1155 ak=0.3516 phi0=0.4122 | adv=0.0402 inv=0.0193 pct=7.49% | ||res||=0.577721
aa=0.2106 ak=0.3015 phi0=-0.2036 | adv=0.0384 inv=0.0155 pct=7.49% | ||res||=0.666118
aa=0.2886 ak=0.2047 phi0=0.5137 | adv=0.1150 inv=0.0111 pct=17.80% | ||res||=1.821391
BAD EQM! Bounds: m=0.000 k=0.000
aa=0.1544 ak=0.1120 phi0=0.4217 | adv=0.0545 inv=0.0058 pct=10.30% | ||res||=0.909961
aa=0.8657 ak=0.6099 phi0=0.1547 | adv=0.3916 inv=0.0436 pct=46.93% | ||res||=8.053932
aa=0.2260 ak=0.8473 phi0=-0.2785 | adv=0.0372 inv=0.0389 pct=7.49% | ||res||=0.199330
aa=0.1271 ak=0.7854 phi0=0.3503 | adv=0.0423 inv=0.0457 pct=7.49% | ||res||=0.043220
aa=0.1422 ak=0.8508 phi0=0.3360 | adv=0.0468 inv=0.0455 pct=7.49% | ||res||=0.089383
aa=0.2399 ak=0.7339 phi0=-0.1935 | adv=0.0448 inv=0.0391 pct=7.49% | ||res||=0.140780
aa=0.1246 ak=0.7123 phi0=0.1547 | adv=0.0344 inv=0.0415 pct=7.49% | ||res||=0.222366
aa=0.2536 ak=0.6442 phi0=0.0670 | adv=0.0653 inv=0.0357 pct=7.49% | ||res||=0.550367
aa=0.1103 ak=0.8066 phi0=0.3479 | adv=0.0364 inv=0.0423 pct=7.49% | ||res||=0.174657
aa=0.1518 ak=0.7542 phi0=-0.1059 | adv=0.0315 inv=0.0416 pct=7.49% | ||res||=0.283998
aa=0.1242 ak=0.8889 phi0=0.2966 | adv=0.0394 inv=0.0461 pct=7.49% | ||res||=0.098382
aa=0.1121 ak=0.6036 phi0=0.1036 | adv=0.0293 inv=0.0343 pct=7.49% | ||res||=0.402910
aa=0.1229 ak=0.8163 phi0=0.3371 | adv=0.0403 inv=0.0426 pct=7.49% | ||res||=0.094432
aa=0.1341 ak=0.3850 phi0=0.2937 | adv=0.0422 inv=0.0211 pct=7.49% | ||res||=0.533981
aa=0.1233 ak=0.6466 phi0=-0.0121 | adv=0.0285 inv=0.0345 pct=7.49% | ||res||=0.415477
aa=0.1421 ak=0.6073 phi0=0.3090 | adv=0.0457 inv=0.0356 pct=7.49% | ||res||=0.219377
aa=0.1643 ak=0.8675 phi0=-0.0596 | adv=0.0362 inv=0.0484 pct=7.49% | ||res||=0.182923
aa=0.2053 ak=0.7781 phi0=-0.1447 | adv=0.0407 inv=0.0421 pct=7.49% | ||res||=0.094153
aa=0.1299 ak=0.6441 phi0=0.3329 | adv=0.0425 inv=0.0378 pct=7.49% | ||res||=0.165179
aa=0.1294 ak=0.7678 phi0=0.4102 | adv=0.0454 inv=0.0408 pct=7.49% | ||res||=0.111611
aa=0.3154 ak=0.4589 phi0=0.3909 | adv=0.1149 inv=0.0268 pct=16.58% | ||res||=1.702920
aa=0.2753 ak=0.7393 phi0=0.4965 | adv=0.1119 inv=0.0426 pct=13.58% | ||res||=1.585162
aa=0.1288 ak=0.7857 phi0=-0.0334 | adv=0.0290 inv=0.0435 pct=7.49% | ||res||=0.332639
aa=0.1820 ak=0.1427 phi0=0.0846 | adv=0.0469 inv=0.0073 pct=7.49% | ||res||=0.843313
aa=0.1152 ak=0.8747 phi0=0.4884 | adv=0.0430 inv=0.0481 pct=7.49% | ||res||=0.075013
aa=0.2475 ak=0.8577 phi0=0.3741 | adv=0.0883 inv=0.0479 pct=11.49% | ||res||=1.042451
aa=0.1945 ak=0.7021 phi0=-0.0777 | adv=0.0419 inv=0.0388 pct=7.49% | ||res||=0.146255
aa=0.2269 ak=0.7392 phi0=-0.0860 | adv=0.0486 inv=0.0412 pct=7.49% | ||res||=0.154594
aa=0.1423 ak=0.2014 phi0=0.4201 | adv=0.0501 inv=0.0107 pct=8.97% | ||res||=0.778959
aa=0.1455 ak=0.8883 phi0=0.3115 | adv=0.0470 inv=0.0467 pct=7.49% | ||res||=0.100155
aa=0.1648 ak=0.8081 phi0=0.2572 | adv=0.0510 inv=0.0487 pct=7.49% | ||res||=0.197834
aa=0.1818 ak=0.8997 phi0=0.2804 | adv=0.0577 inv=0.0484 pct=7.49% | ||res||=0.343101
BAD EQM! Bounds: m=0.000 k=0.000
aa=0.1134 ak=0.3493 phi0=0.1693 | adv=0.0316 inv=0.0187 pct=7.49% | ||res||=0.644464
aa=0.1945 ak=0.8508 phi0=0.1439 | adv=0.0539 inv=0.0505 pct=7.49% | ||res||=0.275772
aa=0.8764 ak=0.4397 phi0=-0.2036 | adv=0.1725 inv=0.0240 pct=21.53% | ||res||=3.023322
aa=0.1449 ak=0.7568 phi0=0.3148 | adv=0.0469 inv=0.0453 pct=7.49% | ||res||=0.089762
aa=0.1173 ak=0.8740 phi0=0.5084 | adv=0.0446 inv=0.0481 pct=7.49% | ||res||=0.080523
aa=0.1673 ak=0.3507 phi0=0.3443 | adv=0.0556 inv=0.0192 pct=9.01% | ||res||=0.640057
aa=0.1515 ak=0.8749 phi0=0.3665 | adv=0.0515 inv=0.0471 pct=7.49% | ||res||=0.198765
aa=0.1292 ak=0.7583 phi0=0.3466 | adv=0.0428 inv=0.0454 pct=7.49% | ||res||=0.036014
aa=0.1183 ak=0.7062 phi0=0.1712 | adv=0.0332 inv=0.0403 pct=7.49% | ||res||=0.258384
aa=0.1417 ak=0.5911 phi0=0.3873 | adv=0.0488 inv=0.0346 pct=7.51% | ||res||=0.267862
aa=0.5785 ak=0.4490 phi0=0.6599 | adv=0.4804 inv=0.0364 pct=54.54% | ||res||=10.109646
aa=0.1558 ak=0.7750 phi0=0.1547 | adv=0.0434 inv=0.0451 pct=7.49% | ||res||=0.033743
aa=0.1396 ak=0.7583 phi0=0.0615 | adv=0.0351 inv=0.0425 pct=7.49% | ||res||=0.199649
aa=0.1208 ak=0.6944 phi0=0.3390 | adv=0.0396 inv=0.0410 pct=7.49% | ||res||=0.128585
aa=0.1449 ak=0.6400 phi0=0.3148 | adv=0.0468 inv=0.0375 pct=7.49% | ||res||=0.188185
aa=0.1098 ak=0.6462 phi0=0.3601 | adv=0.0366 inv=0.0376 pct=7.49% | ||res||=0.229011
aa=0.1246 ak=0.5432 phi0=0.3471 | adv=0.0411 inv=0.0314 pct=7.49% | ||res||=0.309972
aa=0.1567 ak=0.6574 phi0=0.0902 | adv=0.0407 inv=0.0365 pct=7.49% | ||res||=0.201497
aa=0.2345 ak=0.7804 phi0=-0.0381 | adv=0.0535 inv=0.0441 pct=7.49% | ||res||=0.240337
aa=0.2404 ak=0.7399 phi0=-0.1671 | adv=0.0465 inv=0.0405 pct=7.49% | ||res||=0.130173
aa=0.1271 ak=0.6975 phi0=-0.0743 | adv=0.0273 inv=0.0386 pct=7.49% | ||res||=0.397686
aa=0.1420 ak=0.7062 phi0=0.2473 | adv=0.0430 inv=0.0414 pct=7.49% | ||res||=0.089027
aa=0.1999 ak=0.7412 phi0=-0.2785 | adv=0.0327 inv=0.0389 pct=7.49% | ||res||=0.281947
aa=0.1089 ak=0.6333 phi0=0.2946 | adv=0.0343 inv=0.0370 pct=7.49% | ||res||=0.277443
aa=0.1021 ak=0.7582 phi0=0.4374 | adv=0.0364 inv=0.0403 pct=7.49% | ||res||=0.194276
aa=0.2119 ak=0.7197 phi0=0.2275 | adv=0.0643 inv=0.0432 pct=7.69% | ||res||=0.488960
aa=0.1652 ak=0.7542 phi0=0.2134 | adv=0.0488 inv=0.0446 pct=7.49% | ||res||=0.132095
aa=0.1552 ak=0.7555 phi0=0.2589 | adv=0.0478 inv=0.0449 pct=7.49% | ||res||=0.109691
aa=0.1201 ak=0.2514 phi0=0.3326 | adv=0.0391 inv=0.0134 pct=7.49% | ||res||=0.709696
aa=0.2107 ak=0.7795 phi0=-0.1820 | adv=0.0398 inv=0.0418 pct=7.49% | ||res||=0.113607
aa=0.2206 ak=0.7550 phi0=0.0235 | adv=0.0539 inv=0.0438 pct=7.49% | ||res||=0.248917
aa=0.1519 ak=0.7317 phi0=0.3909 | adv=0.0526 inv=0.0446 pct=7.50% | ||res||=0.217569
aa=0.1668 ak=0.6564 phi0=0.1557 | adv=0.0465 inv=0.0384 pct=7.49% | ||res||=0.169320
aa=0.1197 ak=0.8175 phi0=0.3199 | adv=0.0386 inv=0.0425 pct=7.49% | ||res||=0.126201
aa=0.1837 ak=0.6659 phi0=0.0671 | adv=0.0468 inv=0.0388 pct=7.49% | ||res||=0.165247
BAD EQM! Bounds: m=0.000 k=0.000
aa=0.1168 ak=0.8474 phi0=0.6854 | adv=0.0508 inv=0.0485 pct=8.44% | ||res||=0.191472
aa=0.1345 ak=0.8201 phi0=0.1870 | adv=0.0384 inv=0.0482 pct=7.49% | ||res||=0.135687
aa=0.1884 ak=0.8817 phi0=0.6993 | adv=0.0866 inv=0.0477 pct=14.06% | ||res||=1.003532
aa=0.1568 ak=0.8838 phi0=0.4353 | adv=0.0568 inv=0.0471 pct=8.72% | ||res||=0.316928
aa=0.1229 ak=0.8125 phi0=0.6497 | adv=0.0521 inv=0.0470 pct=8.60% | ||res||=0.208692
aa=0.2309 ak=0.1951 phi0=-0.0998 | adv=0.0484 inv=0.0100 pct=7.49% | ||res||=0.787776
aa=0.1275 ak=0.6819 phi0=0.2396 | adv=0.0383 inv=0.0391 pct=7.49% | ||res||=0.177435
aa=0.1296 ak=0.8952 phi0=0.3593 | adv=0.0436 inv=0.0481 pct=7.49% | ||res||=0.076434
aa=0.1567 ak=0.6574 phi0=0.0902 | adv=0.0407 inv=0.0365 pct=7.49% | ||res||=0.201497
aa=0.1109 ak=0.5785 phi0=0.4965 | adv=0.0415 inv=0.0339 pct=7.49% | ||res||=0.254367
aa=0.1277 ak=0.6235 phi0=0.4517 | adv=0.0462 inv=0.0368 pct=7.51% | ||res||=0.198698
aa=0.1148 ak=0.7326 phi0=0.4023 | adv=0.0398 inv=0.0449 pct=7.49% | ||res||=0.087770
aa=0.3495 ak=0.6741 phi0=0.3329 | adv=0.1244 inv=0.0421 pct=17.34% | ||res||=1.876372
aa=0.1422 ak=0.6442 phi0=0.1894 | adv=0.0408 inv=0.0366 pct=7.49% | ||res||=0.198445
aa=0.1251 ak=0.7984 phi0=0.4102 | adv=0.0437 inv=0.0426 pct=7.49% | ||res||=0.064771
aa=0.1965 ak=0.7959 phi0=0.9314 | adv=0.1093 inv=0.0453 pct=14.84% | ||res||=1.524966
Warning: VF EGM did not converge (final solve). sup-norm diff = 2.709e-02
BAD EQM! Bounds: m=0.000 k=0.000
aa=0.2653 ak=0.7916 phi0=0.5465 | adv=0.1121 inv=0.0465 pct=14.35% | ||res||=1.589867
aa=0.5600 ak=0.7768 phi0=0.5752 | adv=0.3790 inv=0.0563 pct=39.34% | ||res||=7.764234
aa=0.4550 ak=0.8868 phi0=0.7680 | adv=0.3223 inv=0.0490 pct=38.51% | ||res||=6.451680
aa=0.1013 ak=0.6574 phi0=0.4041 | adv=0.0351 inv=0.0389 pct=7.49% | ||res||=0.236249
aa=0.1205 ak=0.7392 phi0=0.3070 | adv=0.0385 inv=0.0444 pct=7.49% | ||res||=0.116745
aa=0.1025 ak=0.7583 phi0=0.3466 | adv=0.0338 inv=0.0455 pct=7.49% | ||res||=0.221789
aa=0.1632 ak=0.7642 phi0=0.3204 | adv=0.0534 inv=0.0466 pct=7.49% | ||res||=0.237218
aa=0.1391 ak=0.8473 phi0=0.2519 | adv=0.0424 inv=0.0441 pct=7.49% | ||res||=0.045329
BAD EQM! Bounds: m=0.000 k=0.000
aa=0.1552 ak=0.7775 phi0=0.3248 | adv=0.0509 inv=0.0474 pct=7.49% | ||res||=0.185924
aa=0.1657 ak=0.7358 phi0=0.1126 | adv=0.0442 inv=0.0421 pct=7.49% | ||res||=0.075758
aa=0.2007 ak=0.6944 phi0=-0.1560 | adv=0.0391 inv=0.0371 pct=7.49% | ||res||=0.203033
aa=0.1824 ak=0.7339 phi0=-0.1935 | adv=0.0338 inv=0.0389 pct=7.49% | ||res||=0.259114
aa=0.1579 ak=0.7636 phi0=0.0997 | adv=0.0415 inv=0.0445 pct=7.49% | ||res||=0.054031
aa=0.1445 ak=0.7715 phi0=0.1589 | adv=0.0403 inv=0.0448 pct=7.49% | ||res||=0.076312
aa=0.1450 ak=0.7557 phi0=0.1966 | adv=0.0420 inv=0.0445 pct=7.49% | ||res||=0.047124
Warning: VF EGM did not converge (final solve). sup-norm diff = 2.177e-01
BAD EQM! Bounds: m=0.000 k=0.000
aa=0.2180 ak=0.7947 phi0=-0.1330 | adv=0.0441 inv=0.0436 pct=7.49% | ||res||=0.049546
aa=0.1592 ak=0.7866 phi0=-0.0051 | adv=0.0374 inv=0.0445 pct=7.49% | ||res||=0.141215
aa=0.1668 ak=0.8177 phi0=0.1985 | adv=0.0485 inv=0.0487 pct=7.49% | ||res||=0.148695
aa=0.1637 ak=0.8749 phi0=0.1848 | adv=0.0471 inv=0.0447 pct=7.49% | ||res||=0.093959
aa=0.1410 ak=0.7935 phi0=-0.1671 | adv=0.0270 inv=0.0420 pct=7.49% | ||res||=0.384287
aa=0.1083 ak=0.7872 phi0=0.4080 | adv=0.0376 inv=0.0415 pct=7.49% | ||res||=0.156998
Warning: VF EGM did not converge (final solve). sup-norm diff = 3.707e-02
BAD EQM! Bounds: m=0.000 k=0.000
aa=0.1372 ak=0.7342 phi0=0.1812 | adv=0.0390 inv=0.0426 pct=7.49% | ||res||=0.117852
aa=0.1744 ak=0.8498 phi0=0.3157 | adv=0.0569 inv=0.0458 pct=7.49% | ||res||=0.316667
aa=0.1829 ak=0.7158 phi0=0.3909 | adv=0.0642 inv=0.0441 pct=9.75% | ||res||=0.483649
aa=0.1350 ak=0.8305 phi0=0.2125 | adv=0.0396 inv=0.0496 pct=7.49% | ||res||=0.135990
aa=0.2083 ak=0.7370 phi0=-0.1568 | adv=0.0407 inv=0.0396 pct=7.49% | ||res||=0.138818
aa=0.1782 ak=0.7083 phi0=0.0262 | adv=0.0433 inv=0.0390 pct=7.49% | ||res||=0.138915
aa=0.1296 ak=0.8362 phi0=0.2246 | adv=0.0384 inv=0.0497 pct=7.49% | ||res||=0.156514
aa=0.1089 ak=0.6333 phi0=0.2042 | adv=0.0315 inv=0.0364 pct=7.49% | ||res||=0.335027
aa=0.1021 ak=0.7316 phi0=0.3797 | adv=0.0346 inv=0.0438 pct=7.49% | ||res||=0.205618
aa=0.1937 ak=0.3225 phi0=-0.0038 | adv=0.0454 inv=0.0170 pct=7.49% | ||res||=0.625547
aa=0.1413 ak=0.7984 phi0=0.0878 | adv=0.0365 inv=0.0458 pct=7.49% | ||res||=0.161200
aa=0.1266 ak=0.7147 phi0=0.2778 | adv=0.0394 inv=0.0423 pct=7.49% | ||res||=0.114592
aa=0.1697 ak=0.6636 phi0=0.3115 | adv=0.0550 inv=0.0394 pct=7.57% | ||res||=0.300257
aa=0.1472 ak=0.8525 phi0=0.1796 | adv=0.0419 inv=0.0504 pct=7.49% | ||res||=0.127118
aa=0.1603 ak=0.7610 phi0=-0.0334 | adv=0.0364 inv=0.0419 pct=7.49% | ||res||=0.177583
aa=0.1529 ak=0.6470 phi0=0.1213 | adv=0.0410 inv=0.0365 pct=7.49% | ||res||=0.199349
aa=0.2009 ak=0.7427 phi0=-0.0484 | adv=0.0450 inv=0.0415 pct=7.49% | ||res||=0.095033
aa=0.1546 ak=0.7866 phi0=-0.0051 | adv=0.0363 inv=0.0445 pct=7.49% | ||res||=0.165956
aa=0.1479 ak=0.6544 phi0=0.1132 | adv=0.0393 inv=0.0366 pct=7.49% | ||res||=0.211458
aa=0.1430 ak=0.6964 phi0=0.1288 | adv=0.0386 inv=0.0393 pct=7.49% | ||res||=0.171958
aa=0.2053 ak=0.7962 phi0=0.1025 | adv=0.0547 inv=0.0469 pct=7.49% | ||res||=0.270051
aa=0.4783 ak=0.6798 phi0=0.5013 | adv=0.2452 inv=0.0487 pct=32.60% | ||res||=4.669677
aa=0.1722 ak=0.7495 phi0=0.2624 | adv=0.0534 inv=0.0447 pct=7.49% | ||res||=0.235631
aa=0.1722 ak=0.5621 phi0=0.0787 | adv=0.0442 inv=0.0316 pct=7.49% | ||res||=0.301511
aa=0.1617 ak=0.6441 phi0=-0.0475 | adv=0.0360 inv=0.0344 pct=7.49% | ||res||=0.291736
Warning: VF EGM did not converge (final solve). sup-norm diff = 1.884e+00
BAD EQM! Bounds: m=0.448 k=0.000
aa=0.2128 ak=0.8569 phi0=-0.1122 | adv=0.0442 inv=0.0472 pct=7.49% | ||res||=0.061416
aa=0.6230 ak=0.7073 phi0=0.3790 | adv=0.3245 inv=0.0575 pct=41.07% | ||res||=6.509837
aa=0.2580 ak=0.7525 phi0=-0.3439 | adv=0.0385 inv=0.0387 pct=7.49% | ||res||=0.182687
aa=0.1109 ak=0.7926 phi0=0.1914 | adv=0.0317 inv=0.0462 pct=7.49% | ||res||=0.271728
aa=0.1261 ak=0.7739 phi0=0.4829 | adv=0.0470 inv=0.0417 pct=7.49% | ||res||=0.117976
aa=0.1299 ak=0.6793 phi0=0.5715 | adv=0.0519 inv=0.0422 pct=8.85% | ||res||=0.210974
aa=0.2329 ak=0.7370 phi0=-0.1568 | adv=0.0456 inv=0.0406 pct=7.49% | ||res||=0.117092
aa=0.1083 ak=0.6752 phi0=-0.1322 | adv=0.0216 inv=0.0367 pct=7.49% | ||res||=0.535342
aa=0.2699 ak=0.7252 phi0=-0.3451 | adv=0.0401 inv=0.0379 pct=7.49% | ||res||=0.178212
aa=0.1629 ak=0.7494 phi0=0.1667 | adv=0.0459 inv=0.0441 pct=7.49% | ||res||=0.072815
aa=0.1731 ak=0.6978 phi0=0.0142 | adv=0.0414 inv=0.0390 pct=7.49% | ||res||=0.145928
aa=0.1604 ak=0.7750 phi0=-0.1151 | adv=0.0329 inv=0.0420 pct=7.49% | ||res||=0.252409
aa=0.1542 ak=0.7484 phi0=-0.1934 | adv=0.0285 inv=0.0393 pct=7.49% | ||res||=0.367004
aa=0.2197 ak=0.7610 phi0=-0.2226 | adv=0.0392 inv=0.0406 pct=7.49% | ||res||=0.140065
aa=0.1875 ak=0.8315 phi0=0.0808 | adv=0.0485 inv=0.0485 pct=7.49% | ||res||=0.146585
aa=0.1914 ak=0.8188 phi0=-0.1334 | adv=0.0385 inv=0.0448 pct=7.49% | ||res||=0.116001
aa=0.1592 ak=0.7866 phi0=0.1506 | adv=0.0442 inv=0.0459 pct=7.49% | ||res||=0.043957
BAD EQM! Bounds: m=0.000 k=0.000
aa=0.1944 ak=0.6944 phi0=-0.3194 | adv=0.0299 inv=0.0357 pct=7.49% | ||res||=0.374416
aa=0.2323 ak=0.3251 phi0=-0.2562 | adv=0.0393 inv=0.0167 pct=7.49% | ||res||=0.637106
aa=0.1078 ak=0.7557 phi0=0.5623 | adv=0.0425 inv=0.0414 pct=7.49% | ||res||=0.088728
aa=0.1953 ak=0.8473 phi0=-0.0525 | adv=0.0435 inv=0.0476 pct=7.49% | ||res||=0.065017
aa=0.1589 ak=0.8818 phi0=0.1394 | adv=0.0436 inv=0.0526 pct=7.49% | ||res||=0.170266
aa=0.2028 ak=0.7185 phi0=0.1126 | adv=0.0543 inv=0.0415 pct=7.49% | ||res||=0.268907
aa=0.2053 ak=0.5763 phi0=-0.1447 | adv=0.0407 inv=0.0305 pct=7.49% | ||res||=0.330029
aa=0.1812 ak=0.6668 phi0=0.1589 | adv=0.0508 inv=0.0387 pct=7.49% | ||res||=0.227407
aa=0.1474 ak=0.7642 phi0=0.1065 | adv=0.0390 inv=0.0443 pct=7.49% | ||res||=0.106447
aa=0.1600 ak=0.7621 phi0=0.3926 | adv=0.0557 inv=0.0469 pct=7.53% | ||res||=0.291415
BAD EQM! Bounds: m=0.000 k=0.000
aa=0.1766 ak=0.8415 phi0=-0.1330 | adv=0.0355 inv=0.0454 pct=7.49% | ||res||=0.182455
aa=0.2404 ak=0.6611 phi0=0.2844 | adv=0.0776 inv=0.0400 pct=11.05% | ||res||=0.800911
aa=0.1921 ak=0.8747 phi0=0.4884 | adv=0.0742 inv=0.0464 pct=10.21% | ||res||=0.714556
aa=0.1303 ak=0.8335 phi0=0.2055 | adv=0.0379 inv=0.0497 pct=7.49% | ||res||=0.165457
aa=0.1652 ak=0.8952 phi0=0.1333 | adv=0.0451 inv=0.0482 pct=7.49% | ||res||=0.088963
aa=0.5576 ak=0.8525 phi0=0.3608 | adv=0.2862 inv=0.0526 pct=34.27% | ||res||=5.619206
aa=0.1599 ak=0.8644 phi0=0.2624 | adv=0.0495 inv=0.0456 pct=7.49% | ||res||=0.147650
aa=0.1703 ak=0.7339 phi0=-0.1935 | adv=0.0316 inv=0.0391 pct=7.49% | ||res||=0.303289
aa=0.1142 ak=0.7984 phi0=0.2576 | adv=0.0348 inv=0.0478 pct=7.49% | ||res||=0.208882
aa=0.1500 ak=0.5522 phi0=-0.0241 | adv=0.0342 inv=0.0301 pct=7.49% | ||res||=0.393434
aa=0.1317 ak=0.7776 phi0=0.2358 | adv=0.0395 inv=0.0457 pct=7.49% | ||res||=0.094252
aa=0.2166 ak=0.6549 phi0=-0.2524 | adv=0.0371 inv=0.0342 pct=7.49% | ||res||=0.283038
aa=0.1579 ak=0.7636 phi0=0.6440 | adv=0.0678 inv=0.0419 pct=9.71% | ||res||=0.570618
aa=0.1541 ak=0.7688 phi0=0.2421 | adv=0.0467 inv=0.0459 pct=7.49% | ||res||=0.088805
aa=0.6164 ak=0.8268 phi0=0.5084 | adv=0.3407 inv=0.0345 pct=41.33% | ||res||=6.880571
aa=0.1455 ak=0.8297 phi0=0.3115 | adv=0.0469 inv=0.0438 pct=7.49% | ||res||=0.093819
aa=0.1603 ak=0.7688 phi0=0.1818 | adv=0.0459 inv=0.0450 pct=7.49% | ||res||=0.068890
aa=0.1682 ak=0.7543 phi0=0.0477 | adv=0.0419 inv=0.0424 pct=7.49% | ||res||=0.076064
aa=0.1754 ak=0.7901 phi0=0.0841 | adv=0.0456 inv=0.0454 pct=7.49% | ||res||=0.063452
aa=0.2220 ak=0.7600 phi0=-0.1726 | adv=0.0426 inv=0.0412 pct=7.49% | ||res||=0.093475
aa=0.1271 ak=0.8551 phi0=0.3503 | adv=0.0423 inv=0.0459 pct=7.49% | ||res||=0.044841
aa=0.1698 ak=0.6934 phi0=0.0616 | adv=0.0430 inv=0.0389 pct=7.49% | ||res||=0.139949
aa=0.2404 ak=0.7651 phi0=0.2919 | adv=0.0785 inv=0.0475 pct=11.14% | ||res||=0.814716
aa=0.1579 ak=0.7602 phi0=0.4748 | adv=0.0590 inv=0.0412 pct=9.39% | ||res||=0.372237
aa=0.1310 ak=0.5233 phi0=0.0983 | adv=0.0342 inv=0.0287 pct=7.49% | ||res||=0.421005
aa=0.2128 ak=0.8517 phi0=-0.1509 | adv=0.0420 inv=0.0466 pct=7.49% | ||res||=0.055677
aa=0.1624 ak=0.7416 phi0=0.1667 | adv=0.0457 inv=0.0433 pct=7.49% | ||res||=0.076284
aa=0.1465 ak=0.7903 phi0=0.1820 | adv=0.0419 inv=0.0463 pct=7.49% | ||res||=0.053462
aa=0.1485 ak=0.8525 phi0=0.1362 | adv=0.0405 inv=0.0501 pct=7.49% | ||res||=0.134244
aa=0.2283 ak=0.7677 phi0=-0.1641 | adv=0.0443 inv=0.0414 pct=7.49% | ||res||=0.090660
aa=0.1445 ak=0.7781 phi0=0.2495 | adv=0.0441 inv=0.0466 pct=7.49% | ||res||=0.051837
aa=0.2399 ak=0.7364 phi0=-0.2025 | adv=0.0442 inv=0.0391 pct=7.49% | ||res||=0.137706
aa=0.1244 ak=0.8093 phi0=0.4478 | adv=0.0449 inv=0.0428 pct=7.49% | ||res||=0.070972
aa=0.1914 ak=0.8302 phi0=0.6014 | adv=0.0810 inv=0.0459 pct=10.54% | ||res||=0.871633
aa=0.1874 ak=0.7543 phi0=-0.2108 | adv=0.0340 inv=0.0404 pct=7.49% | ||res||=0.241405
aa=0.2237 ak=0.8137 phi0=-0.1517 | adv=0.0440 inv=0.0446 pct=7.49% | ||res||=0.039182
aa=0.1649 ak=0.7087 phi0=0.1523 | adv=0.0457 inv=0.0414 pct=7.49% | ||res||=0.104337
aa=0.1168 ak=0.6360 phi0=0.6014 | adv=0.0475 inv=0.0381 pct=8.53% | ||res||=0.182890
aa=0.1150 ak=0.7543 phi0=0.4229 | adv=0.0406 inv=0.0444 pct=7.49% | ||res||=0.072466
aa=0.1552 ak=0.8574 phi0=0.3719 | adv=0.0531 inv=0.0463 pct=7.49% | ||res||=0.229879
aa=0.2222 ak=0.7642 phi0=0.1065 | adv=0.0595 inv=0.0444 pct=7.49% | ||res||=0.377340
aa=0.1877 ak=0.7623 phi0=0.0392 | adv=0.0465 inv=0.0439 pct=7.49% | ||res||=0.084604
aa=0.1631 ak=0.7211 phi0=0.4080 | adv=0.0574 inv=0.0444 pct=8.03% | ||res||=0.328475
aa=0.1544 ak=0.8614 phi0=0.2975 | adv=0.0493 inv=0.0460 pct=7.49% | ||res||=0.144629
aa=0.2052 ak=0.8747 phi0=-0.1108 | adv=0.0427 inv=0.0481 pct=7.49% | ||res||=0.077204
aa=0.1579 ak=0.7775 phi0=0.1620 | adv=0.0443 inv=0.0455 pct=7.49% | ||res||=0.042129
aa=0.1655 ak=0.8405 phi0=0.0718 | adv=0.0423 inv=0.0488 pct=7.49% | ||res||=0.092216
aa=0.5049 ak=0.8718 phi0=0.1547 | adv=0.1677 inv=0.0505 pct=22.13% | ||res||=2.878381
aa=0.1898 ak=0.7427 phi0=-0.2137 | adv=0.0342 inv=0.0391 pct=7.49% | ||res||=0.249201
aa=0.1423 ak=0.8569 phi0=0.2068 | adv=0.0416 inv=0.0457 pct=7.49% | ||res||=0.053671
aa=0.1350 ak=0.7823 phi0=0.3926 | adv=0.0467 inv=0.0415 pct=7.49% | ||res||=0.117740
aa=0.1988 ak=0.7218 phi0=-0.1884 | adv=0.0372 inv=0.0387 pct=7.49% | ||res||=0.202167
aa=0.2008 ak=0.7382 phi0=0.0152 | adv=0.0484 inv=0.0414 pct=7.49% | ||res||=0.146318
aa=0.1598 ak=0.5556 phi0=0.3593 | adv=0.0540 inv=0.0320 pct=7.84% | ||res||=0.383300
aa=0.1841 ak=0.8473 phi0=-0.0525 | adv=0.0409 inv=0.0478 pct=7.49% | ||res||=0.088228
aa=0.2118 ak=0.8418 phi0=0.6096 | adv=0.0918 inv=0.0459 pct=11.99% | ||res||=1.120013
aa=0.1502 ak=0.8426 phi0=0.6796 | adv=0.0664 inv=0.0473 pct=9.42% | ||res||=0.535790
aa=0.6699 ak=0.7902 phi0=0.4264 | adv=0.4225 inv=0.0432 pct=52.59% | ||res||=8.769231
aa=0.5116 ak=0.8055 phi0=0.7831 | adv=0.3583 inv=0.0452 pct=45.46% | ||res||=7.286334
aa=0.6690 ak=0.8459 phi0=0.2520 | adv=0.2968 inv=0.0476 pct=35.29% | ||res||=5.861160
aa=0.1445 ak=0.7376 phi0=0.2499 | adv=0.0440 inv=0.0438 pct=7.49% | ||res||=0.047125
Warning: VF EGM did not converge (final solve). sup-norm diff = 1.339e-01
BAD EQM! Bounds: m=0.000 k=0.000
aa=0.2201 ak=0.7723 phi0=-0.1672 | adv=0.0425 inv=0.0414 pct=7.49% | ||res||=0.089133
aa=0.1440 ak=0.8525 phi0=0.1806 | adv=0.0410 inv=0.0505 pct=7.49% | ||res||=0.135300
aa=0.1300 ak=0.7573 phi0=0.3012 | adv=0.0414 inv=0.0452 pct=7.49% | ||res||=0.055178
aa=0.1150 ak=0.7682 phi0=0.1924 | adv=0.0330 inv=0.0449 pct=7.49% | ||res||=0.240495
aa=0.1981 ak=0.7358 phi0=-0.0657 | adv=0.0434 inv=0.0414 pct=7.49% | ||res||=0.087801
aa=0.1235 ak=0.7606 phi0=0.3503 | adv=0.0411 inv=0.0459 pct=7.49% | ||res||=0.064358
aa=0.1261 ak=0.7270 phi0=0.3138 | adv=0.0405 inv=0.0430 pct=7.49% | ||res||=0.084908
aa=0.1377 ak=0.7695 phi0=0.3115 | adv=0.0444 inv=0.0465 pct=7.49% | ||res||=0.052246
BAD EQM! Bounds: m=0.000 k=0.000
aa=0.1552 ak=0.8805 phi0=0.1250 | adv=0.0419 inv=0.0511 pct=7.49% | ||res||=0.141116
aa=0.1380 ak=0.7494 phi0=0.3875 | adv=0.0475 inv=0.0455 pct=7.49% | ||res||=0.103735
aa=0.1838 ak=0.7559 phi0=0.0477 | adv=0.0459 inv=0.0427 pct=7.49% | ||res||=0.086903
BAD EQM! Bounds: m=0.000 k=0.000
aa=0.1549 ak=0.7636 phi0=0.1629 | adv=0.0435 inv=0.0448 pct=7.49% | ||res||=0.034310
aa=0.1831 ak=0.7557 phi0=-0.0350 | adv=0.0416 inv=0.0417 pct=7.49% | ||res||=0.091381
aa=0.1631 ak=0.7628 phi0=0.1329 | adv=0.0445 inv=0.0445 pct=7.49% | ||res||=0.045162
aa=0.2004 ak=0.7620 phi0=-0.0358 | adv=0.0456 inv=0.0418 pct=7.49% | ||res||=0.095777
aa=0.1790 ak=0.7505 phi0=0.0437 | adv=0.0444 inv=0.0422 pct=7.49% | ||res||=0.076036
aa=0.1737 ak=0.8298 phi0=0.0191 | adv=0.0419 inv=0.0478 pct=7.49% | ||res||=0.077165
aa=0.1754 ak=0.7901 phi0=0.1925 | adv=0.0510 inv=0.0471 pct=7.49% | ||res||=0.186992
BAD EQM! Bounds: m=0.000 k=0.000
aa=0.1168 ak=0.7736 phi0=0.1507 | adv=0.0322 inv=0.0447 pct=7.49% | ||res||=0.259423
aa=0.2404 ak=0.7204 phi0=0.1072 | adv=0.0647 inv=0.0412 pct=7.49% | ||res||=0.503820
aa=0.1281 ak=0.8048 phi0=0.2920 | adv=0.0404 inv=0.0484 pct=7.49% | ||res||=0.106232
aa=0.1148 ak=0.7657 phi0=0.3681 | adv=0.0387 inv=0.0465 pct=7.49% | ||res||=0.116678
aa=0.1074 ak=0.7997 phi0=0.4426 | adv=0.0384 inv=0.0424 pct=7.49% | ||res||=0.131851
aa=0.1707 ak=0.8396 phi0=0.0690 | adv=0.0435 inv=0.0487 pct=7.49% | ||res||=0.087154
aa=0.1600 ak=0.8101 phi0=0.1044 | adv=0.0422 inv=0.0472 pct=7.49% | ||res||=0.063179
aa=0.2399 ak=0.7524 phi0=-0.2025 | adv=0.0442 inv=0.0406 pct=7.49% | ||res||=0.106459
aa=0.1886 ak=0.7795 phi0=-0.0034 | adv=0.0445 inv=0.0443 pct=7.49% | ||res||=0.047661
aa=0.1704 ak=0.8137 phi0=0.0407 | adv=0.0420 inv=0.0465 pct=7.49% | ||res||=0.055559
aa=0.1541 ak=0.7827 phi0=0.1818 | adv=0.0441 inv=0.0462 pct=7.49% | ||res||=0.045848
aa=0.1616 ak=0.7510 phi0=-0.1334 | adv=0.0324 inv=0.0411 pct=7.49% | ||res||=0.267455
aa=0.1529 ak=0.7676 phi0=0.1977 | adv=0.0444 inv=0.0451 pct=7.49% | ||res||=0.042626
aa=0.1495 ak=0.7767 phi0=0.2076 | adv=0.0438 inv=0.0458 pct=7.49% | ||res||=0.039415
BAD EQM! Bounds: m=0.000 k=0.000
aa=0.1423 ak=0.8088 phi0=0.1996 | adv=0.0412 inv=0.0482 pct=7.49% | ||res||=0.090963
aa=0.2008 ak=0.7470 phi0=-0.0422 | adv=0.0453 inv=0.0416 pct=7.49% | ||res||=0.096350
aa=0.1735 ak=0.7776 phi0=0.2358 | adv=0.0526 inv=0.0468 pct=7.49% | ||res||=0.220520
aa=0.1634 ak=0.6617 phi0=0.0947 | adv=0.0427 inv=0.0365 pct=7.49% | ||res||=0.192698
aa=0.1449 ak=0.8508 phi0=0.2444 | adv=0.0439 inv=0.0442 pct=7.49% | ||res||=0.041487
aa=0.1544 ak=0.7721 phi0=0.1090 | adv=0.0410 inv=0.0449 pct=7.49% | ||res||=0.062417
aa=0.1388 ak=0.7931 phi0=0.4080 | adv=0.0488 inv=0.0425 pct=7.49% | ||res||=0.142827
aa=0.1664 ak=0.7447 phi0=0.1160 | adv=0.0445 inv=0.0424 pct=7.49% | ||res||=0.073300
aa=0.1620 ak=0.8805 phi0=0.1250 | adv=0.0438 inv=0.0523 pct=7.49% | ||res||=0.165472
aa=0.1655 ak=0.7673 phi0=0.0392 | adv=0.0408 inv=0.0440 pct=7.49% | ||res||=0.069599
aa=0.1364 ak=0.8508 phi0=0.2325 | adv=0.0408 inv=0.0439 pct=7.49% | ||res||=0.071871
aa=0.7195 ak=0.7906 phi0=0.3827 | adv=0.3265 inv=0.0382 pct=41.43% | ||res||=6.551783
aa=0.1358 ak=0.7723 phi0=0.3012 | adv=0.0433 inv=0.0465 pct=7.49% | ||res||=0.046891
aa=0.1075 ak=0.7555 phi0=0.2589 | adv=0.0328 inv=0.0449 pct=7.49% | ||res||=0.245167
aa=0.1347 ak=0.7901 phi0=0.2632 | adv=0.0416 inv=0.0475 pct=7.49% | ||res||=0.075833
aa=0.1721 ak=0.7637 phi0=-0.0030 | adv=0.0405 inv=0.0422 pct=7.49% | ||res||=0.096042
aa=0.1420 ak=0.7583 phi0=0.2702 | adv=0.0441 inv=0.0451 pct=7.49% | ||res||=0.038157
aa=0.1331 ak=0.7947 phi0=0.2731 | adv=0.0412 inv=0.0476 pct=7.49% | ||res||=0.081445
aa=0.1407 ak=0.8451 phi0=0.2766 | adv=0.0439 inv=0.0442 pct=7.49% | ||res||=0.040962
aa=0.1715 ak=0.8018 phi0=0.3503 | adv=0.0579 inv=0.0426 pct=7.49% | ||res||=0.343031
aa=0.1519 ak=0.7429 phi0=0.2009 | adv=0.0442 inv=0.0439 pct=7.49% | ||res||=0.047323
aa=0.1277 ak=0.7587 phi0=0.2906 | adv=0.0403 inv=0.0453 pct=7.49% | ||res||=0.077504
aa=0.1292 ak=0.8405 phi0=0.3114 | adv=0.0415 inv=0.0442 pct=7.49% | ||res||=0.056594
aa=0.1719 ak=0.7711 phi0=0.0613 | adv=0.0435 inv=0.0445 pct=7.49% | ||res||=0.035965
aa=0.1649 ak=0.8101 phi0=0.0762 | adv=0.0422 inv=0.0469 pct=7.49% | ||res||=0.057568
aa=0.1445 ak=0.7803 phi0=0.3302 | adv=0.0475 inv=0.0475 pct=7.49% | ||res||=0.116034
aa=0.1963 ak=0.7759 phi0=-0.1217 | adv=0.0402 inv=0.0421 pct=7.49% | ||res||=0.101880
aa=0.1826 ak=0.7891 phi0=0.0668 | adv=0.0466 inv=0.0451 pct=7.49% | ||res||=0.084267
aa=0.1488 ak=0.8210 phi0=0.1691 | adv=0.0419 inv=0.0486 pct=7.49% | ||res||=0.091547
aa=0.1707 ak=0.7900 phi0=0.0778 | adv=0.0440 inv=0.0453 pct=7.49% | ||res||=0.038182
aa=0.1632 ak=0.8470 phi0=0.1223 | adv=0.0440 inv=0.0499 pct=7.49% | ||res||=0.113392
aa=0.1692 ak=0.8065 phi0=0.0625 | adv=0.0427 inv=0.0462 pct=7.49% | ||res||=0.044633
aa=0.1757 ak=0.7976 phi0=0.0645 | adv=0.0445 inv=0.0454 pct=7.49% | ||res||=0.044198
aa=0.1649 ak=0.7542 phi0=0.0740 | adv=0.0422 inv=0.0427 pct=7.49% | ||res||=0.067463
aa=0.1407 ak=0.8305 phi0=0.4884 | adv=0.0528 inv=0.0461 pct=8.52% | ||res||=0.222808
aa=0.3931 ak=0.7505 phi0=0.3893 | adv=0.1606 inv=0.0520 pct=20.36% | ||res||=2.716141
aa=0.1782 ak=0.7300 phi0=0.2920 | adv=0.0568 inv=0.0443 pct=7.54% | ||res||=0.314733
aa=0.1081 ak=0.8137 phi0=0.3319 | adv=0.0352 inv=0.0422 pct=7.49% | ||res||=0.201082
aa=0.1731 ak=0.7773 phi0=0.0455 | adv=0.0431 inv=0.0447 pct=7.49% | ||res||=0.034726
aa=0.1221 ak=0.7565 phi0=0.3150 | adv=0.0393 inv=0.0453 pct=7.49% | ||res||=0.097642
aa=0.1704 ak=0.7848 phi0=0.1506 | adv=0.0474 inv=0.0460 pct=7.49% | ||res||=0.103460
aa=0.2404 ak=0.7410 phi0=0.2107 | adv=0.0722 inv=0.0443 pct=7.70% | ||res||=0.669197
aa=0.1604 ak=0.7648 phi0=0.1297 | adv=0.0435 inv=0.0445 pct=7.49% | ||res||=0.036365
aa=0.1707 ak=0.7583 phi0=0.0612 | adv=0.0432 inv=0.0435 pct=7.49% | ||res||=0.048804
aa=0.1932 ak=0.7631 phi0=-0.0426 | adv=0.0436 inv=0.0419 pct=7.49% | ||res||=0.077982
aa=0.1786 ak=0.7684 phi0=0.0574 | adv=0.0451 inv=0.0443 pct=7.49% | ||res||=0.055750
aa=0.1793 ak=0.7699 phi0=0.0808 | adv=0.0464 inv=0.0446 pct=7.49% | ||res||=0.079718
aa=0.1005 ak=0.7879 phi0=-0.1334 | adv=0.0200 inv=0.0421 pct=7.49% | ||res||=0.542778
aa=0.1700 ak=0.7639 phi0=0.2495 | adv=0.0521 inv=0.0457 pct=7.49% | ||res||=0.206346
aa=0.1845 ak=0.7592 phi0=-0.0034 | adv=0.0435 inv=0.0421 pct=7.49% | ||res||=0.074552
aa=0.1377 ak=0.8228 phi0=0.2130 | adv=0.0404 inv=0.0488 pct=7.49% | ||res||=0.111607
aa=0.2004 ak=0.7372 phi0=-0.0358 | adv=0.0455 inv=0.0414 pct=7.49% | ||res||=0.101415
aa=0.1608 ak=0.7926 phi0=0.2624 | adv=0.0499 inv=0.0476 pct=7.49% | ||res||=0.165396
aa=0.1547 ak=0.8351 phi0=0.2179 | adv=0.0458 inv=0.0502 pct=7.49% | ||res||=0.132085
aa=0.1452 ak=0.7852 phi0=0.1977 | adv=0.0421 inv=0.0464 pct=7.49% | ||res||=0.052267
aa=0.1544 ak=0.8473 phi0=0.2519 | adv=0.0472 inv=0.0440 pct=7.49% | ||res||=0.099504
aa=0.1384 ak=0.7964 phi0=-0.2025 | adv=0.0252 inv=0.0420 pct=7.49% | ||res||=0.425495
aa=0.1525 ak=0.7546 phi0=-0.0422 | adv=0.0342 inv=0.0416 pct=7.49% | ||res||=0.225301
aa=0.1615 ak=0.7524 phi0=0.1399 | adv=0.0443 inv=0.0441 pct=7.49% | ||res||=0.045757
aa=0.1344 ak=0.7900 phi0=0.3280 | adv=0.0440 inv=0.0478 pct=7.49% | ||res||=0.070649
aa=0.1989 ak=0.7905 phi0=0.1090 | adv=0.0533 inv=0.0464 pct=7.49% | ||res||=0.236114
aa=0.1411 ak=0.7775 phi0=0.2654 | adv=0.0436 inv=0.0468 pct=7.49% | ||res||=0.051650
aa=0.1257 ak=0.8275 phi0=0.2778 | adv=0.0391 inv=0.0431 pct=7.49% | ||res||=0.110917
aa=0.1172 ak=0.7947 phi0=0.3215 | adv=0.0378 inv=0.0478 pct=7.49% | ||res||=0.144345
aa=0.1525 ak=0.7546 phi0=0.1189 | adv=0.0409 inv=0.0437 pct=7.49% | ||res||=0.072141
aa=0.1731 ak=0.7831 phi0=0.4203 | adv=0.0621 inv=0.0427 pct=9.62% | ||res||=0.438217
aa=0.1531 ak=0.7490 phi0=0.3012 | adv=0.0490 inv=0.0448 pct=7.49% | ||res||=0.136307
aa=0.1130 ak=0.7724 phi0=0.3466 | adv=0.0374 inv=0.0471 pct=7.49% | ||res||=0.147750
aa=0.2378 ak=0.7676 phi0=-0.2471 | adv=0.0412 inv=0.0408 pct=7.49% | ||res||=0.112061
aa=0.2404 ak=0.8217 phi0=0.2360 | adv=0.0745 inv=0.0506 pct=7.83% | ||res||=0.731196
aa=0.1310 ak=0.8258 phi0=0.3048 | adv=0.0418 inv=0.0431 pct=7.49% | ||res||=0.063986
aa=0.1787 ak=0.7334 phi0=0.0841 | adv=0.0463 inv=0.0417 pct=7.49% | ||res||=0.108188
aa=0.1991 ak=0.7147 phi0=-0.0723 | adv=0.0432 inv=0.0387 pct=7.49% | ||res||=0.144095
aa=0.2086 ak=0.7330 phi0=-0.0881 | adv=0.0445 inv=0.0410 pct=7.49% | ||res||=0.100583
aa=0.2250 ak=0.7811 phi0=-0.1104 | adv=0.0469 inv=0.0434 pct=7.49% | ||res||=0.095927
aa=0.1568 ak=0.7928 phi0=0.1830 | adv=0.0450 inv=0.0471 pct=7.49% | ||res||=0.069187
aa=0.2237 ak=0.7794 phi0=-0.1517 | adv=0.0441 inv=0.0420 pct=7.49% | ||res||=0.078892
aa=0.2250 ak=0.7811 phi0=-0.1104 | adv=0.0469 inv=0.0434 pct=7.49% | ||res||=0.095927
aa=0.1737 ak=0.7491 phi0=0.0819 | adv=0.0449 inv=0.0423 pct=7.49% | ||res||=0.079306
aa=0.1893 ak=0.8747 phi0=0.0136 | adv=0.0456 inv=0.0501 pct=7.49% | ||res||=0.128751
aa=0.2061 ak=0.8053 phi0=0.1629 | adv=0.0586 inv=0.0478 pct=7.49% | ||res||=0.360569
aa=0.1672 ak=0.8101 phi0=0.0929 | adv=0.0436 inv=0.0472 pct=7.49% | ||res||=0.058132
aa=0.1555 ak=0.7827 phi0=0.1537 | adv=0.0433 inv=0.0456 pct=7.49% | ||res||=0.035957
aa=0.1558 ak=0.7659 phi0=0.1462 | adv=0.0430 inv=0.0448 pct=7.49% | ||res||=0.034767
aa=0.1645 ak=0.8200 phi0=0.0832 | adv=0.0425 inv=0.0478 pct=7.49% | ||res||=0.072427
aa=0.2363 ak=0.7708 phi0=0.0613 | adv=0.0605 inv=0.0443 pct=7.49% | ||res||=0.398329
aa=0.1489 ak=0.7656 phi0=0.2300 | adv=0.0446 inv=0.0450 pct=7.49% | ||res||=0.045091
aa=0.1445 ak=0.8365 phi0=0.4486 | adv=0.0526 inv=0.0463 pct=7.63% | ||res||=0.218533
aa=0.1430 ak=0.7659 phi0=0.2114 | adv=0.0420 inv=0.0453 pct=7.49% | ||res||=0.045055
aa=0.4120 ak=0.7945 phi0=0.4913 | adv=0.1945 inv=0.0479 pct=20.87% | ||res||=3.496115
aa=0.1382 ak=0.7866 phi0=0.1977 | adv=0.0401 inv=0.0464 pct=7.49% | ||res||=0.086888
aa=0.1597 ak=0.7759 phi0=0.1307 | adv=0.0434 inv=0.0452 pct=7.49% | ||res||=0.033917
aa=0.1509 ak=0.7505 phi0=0.1524 | adv=0.0418 inv=0.0439 pct=7.49% | ||res||=0.054567
aa=0.1403 ak=0.7565 phi0=0.1871 | adv=0.0402 inv=0.0446 pct=7.49% | ||res||=0.079272
aa=0.1414 ak=0.7975 phi0=0.2009 | adv=0.0410 inv=0.0471 pct=7.49% | ||res||=0.078185
aa=0.1536 ak=0.8227 phi0=0.2018 | adv=0.0447 inv=0.0494 pct=7.49% | ||res||=0.107604
aa=0.1565 ak=0.8188 phi0=-0.1334 | adv=0.0314 inv=0.0444 pct=7.49% | ||res||=0.277710
aa=0.1245 ak=0.7976 phi0=0.3032 | adv=0.0396 inv=0.0479 pct=7.49% | ||res||=0.111657
aa=0.1248 ak=0.8088 phi0=0.2519 | adv=0.0379 inv=0.0480 pct=7.49% | ||res||=0.145407
aa=0.1826 ak=0.7021 phi0=-0.0042 | adv=0.0428 inv=0.0389 pct=7.49% | ||res||=0.141097
aa=0.1677 ak=0.7556 phi0=0.1239 | adv=0.0453 inv=0.0443 pct=7.49% | ||res||=0.059806
aa=0.3158 ak=0.8508 phi0=0.5357 | adv=0.1442 inv=0.0464 pct=17.66% | ||res||=2.331563
aa=0.1434 ak=0.7408 phi0=0.2199 | adv=0.0424 inv=0.0436 pct=7.49% | ||res||=0.051591
aa=0.1338 ak=0.8214 phi0=0.2845 | adv=0.0419 inv=0.0432 pct=7.49% | ||res||=0.061949
aa=0.1576 ak=0.7900 phi0=0.0887 | adv=0.0410 inv=0.0451 pct=7.49% | ||res||=0.061981
aa=0.1541 ak=0.8273 phi0=0.1640 | adv=0.0432 inv=0.0488 pct=7.49% | ||res||=0.088907
aa=0.1091 ak=0.7976 phi0=0.3352 | adv=0.0356 inv=0.0421 pct=7.49% | ||res||=0.193238
aa=0.1422 ak=0.7639 phi0=0.2550 | adv=0.0435 inv=0.0452 pct=7.49% | ||res||=0.034245
aa=0.1451 ak=0.7667 phi0=0.1902 | adv=0.0418 inv=0.0449 pct=7.49% | ||res||=0.049003
aa=0.1430 ak=0.7487 phi0=0.3014 | adv=0.0457 inv=0.0451 pct=7.49% | ||res||=0.064615
aa=0.1379 ak=0.8056 phi0=0.2621 | adv=0.0423 inv=0.0483 pct=7.49% | ||res||=0.082691
aa=0.1594 ak=0.7805 phi0=0.1452 | adv=0.0440 inv=0.0453 pct=7.49% | ||res||=0.037793
aa=0.1574 ak=0.7181 phi0=0.1079 | adv=0.0416 inv=0.0415 pct=7.49% | ||res||=0.094330
aa=0.1534 ak=0.7212 phi0=0.0574 | adv=0.0384 inv=0.0416 pct=7.49% | ||res||=0.140488
aa=0.1629 ak=0.7707 phi0=0.0538 | adv=0.0408 inv=0.0445 pct=7.49% | ||res||=0.067087
aa=0.1635 ak=0.7660 phi0=0.1463 | adv=0.0452 inv=0.0447 pct=7.49% | ||res||=0.055991
aa=0.1555 ak=0.8210 phi0=0.1691 | adv=0.0438 inv=0.0484 pct=7.49% | ||res||=0.083199
aa=0.1553 ak=0.7409 phi0=0.1923 | adv=0.0448 inv=0.0436 pct=7.49% | ||res||=0.058518
aa=0.1438 ak=0.7895 phi0=0.1658 | adv=0.0404 inv=0.0463 pct=7.49% | ||res||=0.078815
aa=0.1475 ak=0.7717 phi0=0.1798 | adv=0.0420 inv=0.0452 pct=7.49% | ||res||=0.044436
aa=0.1692 ak=0.7775 phi0=0.1620 | adv=0.0476 inv=0.0454 pct=7.49% | ||res||=0.105323
aa=0.1152 ak=0.7056 phi0=0.0195 | adv=0.0275 inv=0.0393 pct=7.49% | ||res||=0.386769
aa=0.1943 ak=0.7531 phi0=-0.0422 | adv=0.0438 inv=0.0416 pct=7.49% | ||res||=0.084762
aa=0.1655 ak=0.7206 phi0=0.0774 | adv=0.0425 inv=0.0415 pct=7.49% | ||res||=0.087173
aa=0.1730 ak=0.7777 phi0=0.0323 | adv=0.0424 inv=0.0447 pct=7.49% | ||res||=0.039950
aa=0.1244 ak=0.7717 phi0=0.3505 | adv=0.0414 inv=0.0469 pct=7.49% | ||res||=0.068159
aa=0.1544 ak=0.8090 phi0=0.1140 | adv=0.0411 inv=0.0472 pct=7.49% | ||res||=0.077612
aa=0.1604 ak=0.7648 phi0=0.1141 | adv=0.0428 inv=0.0444 pct=7.49% | ||res||=0.038192
aa=0.1592 ak=0.7505 phi0=0.1939 | adv=0.0461 inv=0.0444 pct=7.49% | ||res||=0.073697
aa=0.1495 ak=0.7795 phi0=0.1919 | adv=0.0432 inv=0.0457 pct=7.49% | ||res||=0.036589
aa=0.2167 ak=0.7827 phi0=0.2766 | adv=0.0691 inv=0.0484 pct=7.80% | ||res||=0.601710
aa=0.1608 ak=0.7901 phi0=0.1770 | adv=0.0459 inv=0.0467 pct=7.49% | ||res||=0.077579
aa=0.1475 ak=0.7726 phi0=0.2070 | adv=0.0432 inv=0.0457 pct=7.49% | ||res||=0.036224
aa=0.1159 ak=0.8358 phi0=0.4496 | adv=0.0418 inv=0.0453 pct=7.49% | ||res||=0.047640
aa=0.1719 ak=0.7818 phi0=0.3125 | adv=0.0560 inv=0.0477 pct=7.50% | ||res||=0.300835
aa=0.4797 ak=0.7501 phi0=0.4835 | adv=0.2466 inv=0.0498 pct=30.27% | ||res||=4.701932
aa=0.1743 ak=0.7622 phi0=0.0455 | adv=0.0434 inv=0.0440 pct=7.49% | ||res||=0.041041
aa=0.1818 ak=0.7340 phi0=0.0342 | adv=0.0446 inv=0.0416 pct=7.49% | ||res||=0.089253
aa=0.1373 ak=0.7893 phi0=0.2706 | adv=0.0426 inv=0.0474 pct=7.49% | ||res||=0.063872
aa=0.1155 ak=0.7333 phi0=0.2624 | adv=0.0354 inv=0.0429 pct=7.49% | ||res||=0.192010
aa=0.1475 ak=0.7127 phi0=0.2051 | adv=0.0430 inv=0.0415 pct=7.49% | ||res||=0.086106
aa=0.1277 ak=0.7860 phi0=0.2906 | adv=0.0403 inv=0.0475 pct=7.49% | ||res||=0.093980
aa=0.1355 ak=0.7348 phi0=0.3460 | adv=0.0449 inv=0.0448 pct=7.49% | ||res||=0.050914
aa=0.1326 ak=0.8382 phi0=0.2779 | adv=0.0413 inv=0.0436 pct=7.49% | ||res||=0.065613
aa=0.1685 ak=0.7947 phi0=0.0567 | adv=0.0424 inv=0.0452 pct=7.49% | ||res||=0.039584
aa=0.1546 ak=0.7676 phi0=0.1598 | adv=0.0432 inv=0.0447 pct=7.49% | ||res||=0.034455
aa=0.1408 ak=0.8473 phi0=0.2254 | adv=0.0419 inv=0.0452 pct=7.49% | ||res||=0.047177
aa=0.1731 ak=0.8210 phi0=0.1691 | adv=0.0489 inv=0.0484 pct=7.49% | ||res||=0.154242
aa=0.1584 ak=0.7648 phi0=0.1401 | adv=0.0435 inv=0.0448 pct=7.49% | ||res||=0.034249
aa=0.1448 ak=0.7664 phi0=0.2385 | adv=0.0437 inv=0.0456 pct=7.49% | ||res||=0.036574
aa=0.1338 ak=0.7370 phi0=0.2094 | adv=0.0391 inv=0.0430 pct=7.49% | ||res||=0.112514
aa=0.1543 ak=0.7639 phi0=0.2550 | adv=0.0474 inv=0.0454 pct=7.49% | ||res||=0.100118
aa=0.1543 ak=0.7826 phi0=0.1741 | adv=0.0438 inv=0.0457 pct=7.49% | ||res||=0.038507
aa=0.1619 ak=0.7659 phi0=0.1284 | adv=0.0439 inv=0.0448 pct=7.49% | ||res||=0.037169
aa=0.1438 ak=0.7463 phi0=0.2701 | adv=0.0446 inv=0.0448 pct=7.49% | ||res||=0.045665
aa=0.1632 ak=0.7250 phi0=0.1547 | adv=0.0454 inv=0.0419 pct=7.49% | ||res||=0.091111
aa=0.1499 ak=0.8398 phi0=0.1917 | adv=0.0432 inv=0.0503 pct=7.49% | ||res||=0.121165
aa=0.1891 ak=0.7773 phi0=-0.0917 | adv=0.0402 inv=0.0424 pct=7.49% | ||res||=0.099189
aa=0.1719 ak=0.7533 phi0=0.1026 | adv=0.0454 inv=0.0441 pct=7.49% | ||res||=0.063641
aa=0.1679 ak=0.7839 phi0=0.1012 | adv=0.0444 inv=0.0450 pct=7.49% | ||res||=0.041768
aa=0.1696 ak=0.7852 phi0=0.1977 | adv=0.0495 inv=0.0470 pct=7.49% | ||res||=0.153453
aa=0.1624 ak=0.8119 phi0=0.1263 | adv=0.0438 inv=0.0477 pct=7.49% | ||res||=0.068526
aa=0.1642 ak=0.7712 phi0=0.0943 | adv=0.0430 inv=0.0448 pct=7.49% | ||res||=0.034723
aa=0.1590 ak=0.7556 phi0=0.1215 | adv=0.0428 inv=0.0440 pct=7.49% | ||res||=0.043320
aa=0.1658 ak=0.8061 phi0=0.0682 | adv=0.0421 inv=0.0463 pct=7.49% | ||res||=0.051301
aa=0.1727 ak=0.7900 phi0=0.0692 | adv=0.0441 inv=0.0450 pct=7.49% | ||res||=0.038998
aa=0.1359 ak=0.7391 phi0=0.3284 | adv=0.0444 inv=0.0448 pct=7.49% | ||res||=0.042486
aa=0.1391 ak=0.7738 phi0=0.1368 | adv=0.0379 inv=0.0450 pct=7.49% | ||res||=0.128331
aa=0.1528 ak=0.7759 phi0=0.1695 | adv=0.0432 inv=0.0451 pct=7.49% | ||res||=0.033762
aa=0.1585 ak=0.7854 phi0=0.1175 | adv=0.0425 inv=0.0451 pct=7.49% | ||res||=0.037784
aa=0.1587 ak=0.7866 phi0=0.1506 | adv=0.0441 inv=0.0459 pct=7.49% | ||res||=0.042665
aa=0.1579 ak=0.7775 phi0=0.2233 | adv=0.0471 inv=0.0463 pct=7.49% | ||res||=0.097896
aa=0.1712 ak=0.7289 phi0=0.0656 | adv=0.0434 inv=0.0417 pct=7.49% | ||res||=0.082563
aa=0.1321 ak=0.7813 phi0=0.2778 | adv=0.0412 inv=0.0470 pct=7.49% | ||res||=0.072336
aa=0.1776 ak=0.7604 phi0=0.0322 | adv=0.0436 inv=0.0427 pct=7.49% | ||res||=0.063337
aa=0.1423 ak=0.7786 phi0=0.2498 | adv=0.0434 inv=0.0466 pct=7.49% | ||res||=0.048578
aa=0.1546 ak=0.7886 phi0=0.2852 | adv=0.0489 inv=0.0476 pct=7.49% | ||res||=0.144680
aa=0.1292 ak=0.7373 phi0=0.3237 | adv=0.0420 inv=0.0446 pct=7.49% | ||res||=0.046729
aa=0.1779 ak=0.7562 phi0=0.0307 | adv=0.0435 inv=0.0422 pct=7.49% | ||res||=0.072194
aa=0.1612 ak=0.7767 phi0=0.2070 | adv=0.0474 inv=0.0462 pct=7.49% | ||res||=0.102840
aa=0.1473 ak=0.8449 phi0=0.2398 | adv=0.0445 inv=0.0439 pct=7.49% | ||res||=0.050464
aa=0.1646 ak=0.7376 phi0=0.0567 | adv=0.0413 inv=0.0418 pct=7.49% | ||res||=0.092011
aa=0.1470 ak=0.8029 phi0=0.1966 | adv=0.0425 inv=0.0475 pct=7.49% | ||res||=0.067403
aa=0.1672 ak=0.7335 phi0=0.0672 | adv=0.0425 inv=0.0418 pct=7.49% | ||res||=0.081878
aa=0.1194 ak=0.8160 phi0=0.3508 | adv=0.0396 inv=0.0427 pct=7.49% | ||res||=0.105531
aa=0.1816 ak=0.7952 phi0=-0.0185 | adv=0.0419 inv=0.0446 pct=7.49% | ||res||=0.047014
aa=0.1405 ak=0.7976 phi0=0.2267 | adv=0.0417 inv=0.0475 pct=7.49% | ||res||=0.074174
aa=0.1576 ak=0.7772 phi0=0.1610 | adv=0.0442 inv=0.0455 pct=7.49% | ||res||=0.040537
aa=0.1495 ak=0.7867 phi0=0.1733 | adv=0.0424 inv=0.0462 pct=7.49% | ||res||=0.046920
aa=0.1672 ak=0.7805 phi0=0.0430 | adv=0.0415 inv=0.0448 pct=7.49% | ||res||=0.053985
aa=0.1339 ak=0.8245 phi0=0.2778 | adv=0.0417 inv=0.0431 pct=7.49% | ||res||=0.066294
aa=0.1492 ak=0.7684 phi0=0.2125 | adv=0.0439 inv=0.0451 pct=7.49% | ||res||=0.036767
aa=0.1438 ak=0.7927 phi0=0.0995 | adv=0.0376 inv=0.0452 pct=7.49% | ||res||=0.135778
aa=0.1662 ak=0.7950 phi0=0.1088 | adv=0.0443 inv=0.0462 pct=7.49% | ||res||=0.048041
aa=0.1554 ak=0.7685 phi0=0.1817 | adv=0.0444 inv=0.0451 pct=7.49% | ||res||=0.042909
aa=0.1426 ak=0.7985 phi0=0.2341 | adv=0.0427 inv=0.0474 pct=7.49% | ||res||=0.062800
aa=0.1490 ak=0.7681 phi0=0.2051 | adv=0.0435 inv=0.0451 pct=7.49% | ||res||=0.034198
aa=0.1673 ak=0.7591 phi0=0.0829 | adv=0.0433 inv=0.0441 pct=7.49% | ||res||=0.039839
aa=0.1362 ak=0.7676 phi0=0.2824 | adv=0.0427 inv=0.0458 pct=7.49% | ||res||=0.039822
aa=0.1448 ak=0.7338 phi0=0.0846 | adv=0.0373 inv=0.0418 pct=7.49% | ||res||=0.159077
aa=0.1495 ak=0.7720 phi0=0.1821 | adv=0.0427 inv=0.0452 pct=7.49% | ||res||=0.036186
aa=0.1603 ak=0.7713 phi0=0.2845 | adv=0.0507 inv=0.0468 pct=7.49% | ||res||=0.178131
aa=0.1377 ak=0.8234 phi0=0.2768 | adv=0.0429 inv=0.0434 pct=7.49% | ||res||=0.051004
aa=0.1556 ak=0.7748 phi0=0.1541 | adv=0.0433 inv=0.0451 pct=7.49% | ||res||=0.033692
aa=0.1519 ak=0.7599 phi0=0.2615 | adv=0.0469 inv=0.0454 pct=7.49% | ||res||=0.089671
aa=0.1656 ak=0.7755 phi0=0.3460 | adv=0.0555 inv=0.0476 pct=7.49% | ||res||=0.288780
aa=0.1462 ak=0.7636 phi0=0.3012 | adv=0.0468 inv=0.0461 pct=7.49% | ||res||=0.089828
aa=0.1354 ak=0.7772 phi0=0.1610 | adv=0.0378 inv=0.0455 pct=7.49% | ||res||=0.131180
aa=0.1626 ak=0.7511 phi0=0.1061 | adv=0.0431 inv=0.0429 pct=7.49% | ||res||=0.058109
aa=0.1586 ak=0.7137 phi0=0.1658 | adv=0.0445 inv=0.0414 pct=7.49% | ||res||=0.092970
aa=0.1736 ak=0.7431 phi0=0.0363 | adv=0.0427 inv=0.0419 pct=7.49% | ||res||=0.078630
aa=0.1495 ak=0.7485 phi0=0.2131 | adv=0.0440 inv=0.0444 pct=7.49% | ||res||=0.039811
aa=0.1756 ak=0.7648 phi0=0.0362 | adv=0.0433 inv=0.0440 pct=7.49% | ||res||=0.041245
aa=0.1679 ak=0.7845 phi0=0.1164 | adv=0.0451 inv=0.0456 pct=7.49% | ||res||=0.054463
aa=0.1407 ak=0.7327 phi0=0.1002 | adv=0.0369 inv=0.0418 pct=7.49% | ||res||=0.167651
aa=0.1638 ak=0.7569 phi0=0.0981 | adv=0.0430 inv=0.0442 pct=7.49% | ||res||=0.039555
aa=0.1476 ak=0.7837 phi0=0.1888 | adv=0.0425 inv=0.0463 pct=7.49% | ||res||=0.046468
aa=0.1519 ak=0.7273 phi0=0.1783 | adv=0.0432 inv=0.0421 pct=7.49% | ||res||=0.074673
aa=0.1498 ak=0.7756 phi0=0.2550 | adv=0.0460 inv=0.0466 pct=7.49% | ||res||=0.078303
aa=0.1576 ak=0.7772 phi0=0.1506 | adv=0.0437 inv=0.0451 pct=7.49% | ||res||=0.035154
aa=0.1343 ak=0.7712 phi0=0.0943 | adv=0.0350 inv=0.0447 pct=7.49% | ||res||=0.194340
aa=0.1422 ak=0.7738 phi0=0.3456 | adv=0.0473 inv=0.0470 pct=7.49% | ||res||=0.107601
aa=0.1604 ak=0.7464 phi0=0.0138 | adv=0.0384 inv=0.0418 pct=7.49% | ||res||=0.138512
aa=0.1776 ak=0.7604 phi0=0.0933 | adv=0.0466 inv=0.0443 pct=7.49% | ||res||=0.084151
aa=0.1585 ak=0.7929 phi0=0.1413 | adv=0.0436 inv=0.0462 pct=7.49% | ||res||=0.042653
aa=0.1263 ak=0.7738 phi0=0.3456 | adv=0.0419 inv=0.0473 pct=7.49% | ||res||=0.069141
aa=0.1655 ak=0.7913 phi0=0.0643 | adv=0.0420 inv=0.0450 pct=7.49% | ||res||=0.044514
aa=0.1741 ak=0.7721 phi0=0.0434 | adv=0.0432 inv=0.0443 pct=7.49% | ||res||=0.037861
aa=0.1579 ak=0.8026 phi0=0.0516 | adv=0.0393 inv=0.0458 pct=7.49% | ||res||=0.098864
aa=0.1391 ak=0.8473 phi0=0.1096 | adv=0.0368 inv=0.0492 pct=7.49% | ||res||=0.178323
aa=0.1492 ak=0.7828 phi0=0.0893 | adv=0.0388 inv=0.0448 pct=7.49% | ||res||=0.109154
aa=0.1584 ak=0.7678 phi0=0.1315 | adv=0.0431 inv=0.0448 pct=7.49% | ||res||=0.034421
aa=0.1543 ak=0.7952 phi0=-0.0185 | adv=0.0355 inv=0.0448 pct=7.49% | ||res||=0.183177
aa=0.1848 ak=0.7556 phi0=0.1215 | adv=0.0499 inv=0.0442 pct=7.49% | ||res||=0.158345
aa=0.1643 ak=0.7940 phi0=0.0891 | adv=0.0429 inv=0.0456 pct=7.49% | ||res||=0.037056
aa=0.1655 ak=0.7376 phi0=0.0942 | adv=0.0433 inv=0.0420 pct=7.49% | ||res||=0.075157
aa=0.1430 ak=0.8120 phi0=0.2245 | adv=0.0424 inv=0.0480 pct=7.49% | ||res||=0.076376
aa=0.1371 ak=0.7854 phi0=0.2514 | adv=0.0418 inv=0.0471 pct=7.49% | ||res||=0.065644
aa=0.1781 ak=0.7739 phi0=0.1284 | adv=0.0485 inv=0.0449 pct=7.49% | ||res||=0.124694
aa=0.1438 ak=0.7463 phi0=0.2200 | adv=0.0425 inv=0.0441 pct=7.49% | ||res||=0.043744
aa=0.1421 ak=0.7770 phi0=0.2356 | adv=0.0427 inv=0.0462 pct=7.49% | ||res||=0.043363
aa=0.1409 ak=0.7674 phi0=0.3012 | adv=0.0450 inv=0.0464 pct=7.49% | ||res||=0.060059
aa=0.1557 ak=0.7569 phi0=0.1376 | adv=0.0426 inv=0.0442 pct=7.49% | ||res||=0.041956
aa=0.1292 ak=0.8105 phi0=0.2109 | adv=0.0377 inv=0.0483 pct=7.49% | ||res||=0.150800
aa=0.1468 ak=0.7472 phi0=0.1598 | adv=0.0410 inv=0.0431 pct=7.49% | ||res||=0.076437
aa=0.1679 ak=0.7143 phi0=0.1012 | adv=0.0442 inv=0.0415 pct=7.49% | ||res||=0.088742
aa=0.1445 ak=0.7376 phi0=0.1154 | adv=0.0385 inv=0.0421 pct=7.49% | ||res||=0.133059
aa=0.1719 ak=0.7962 phi0=0.0389 | adv=0.0423 inv=0.0450 pct=7.49% | ||res||=0.041024
aa=0.1443 ak=0.8287 phi0=0.1175 | adv=0.0385 inv=0.0485 pct=7.49% | ||res||=0.138194
aa=0.1550 ak=0.7817 phi0=0.1757 | adv=0.0441 inv=0.0455 pct=7.49% | ||res||=0.039827
aa=0.1728 ak=0.8031 phi0=0.0413 | adv=0.0426 inv=0.0455 pct=7.49% | ||res||=0.038139
aa=0.1608 ak=0.7777 phi0=0.1289 | adv=0.0436 inv=0.0451 pct=7.49% | ||res||=0.034677
aa=0.1562 ak=0.7679 phi0=0.1402 | adv=0.0428 inv=0.0448 pct=7.49% | ||res||=0.035672
aa=0.1737 ak=0.7485 phi0=0.0319 | adv=0.0425 inv=0.0419 pct=7.49% | ||res||=0.079901
aa=0.1670 ak=0.7999 phi0=0.0627 | adv=0.0421 inv=0.0456 pct=7.49% | ||res||=0.044316
aa=0.1561 ak=0.7985 phi0=0.2341 | adv=0.0471 inv=0.0479 pct=7.49% | ||res||=0.112240
aa=0.1462 ak=0.8451 phi0=0.2766 | adv=0.0457 inv=0.0441 pct=7.49% | ||res||=0.068163
aa=0.1338 ak=0.7768 phi0=0.2498 | adv=0.0407 inv=0.0463 pct=7.49% | ||res||=0.073314
aa=0.1573 ak=0.7480 phi0=0.1607 | adv=0.0440 inv=0.0437 pct=7.49% | ||res||=0.047889
aa=0.1492 ak=0.7660 phi0=0.2125 | adv=0.0439 inv=0.0451 pct=7.49% | ||res||=0.036745
aa=0.1549 ak=0.7599 phi0=0.2804 | adv=0.0487 inv=0.0453 pct=7.49% | ||res||=0.129135
aa=0.1457 ak=0.7505 phi0=0.2573 | adv=0.0447 inv=0.0448 pct=7.49% | ||res||=0.047210
aa=0.1338 ak=0.7832 phi0=0.2378 | adv=0.0403 inv=0.0467 pct=7.49% | ||res||=0.085848
aa=0.1572 ak=0.7448 phi0=0.1542 | adv=0.0437 inv=0.0433 pct=7.49% | ||res||=0.051658
aa=0.1495 ak=0.7630 phi0=0.2955 | adv=0.0476 inv=0.0458 pct=7.49% | ||res||=0.106105
aa=0.1761 ak=0.7636 phi0=0.0055 | adv=0.0419 inv=0.0427 pct=7.49% | ||res||=0.070495
aa=0.1717 ak=0.7801 phi0=0.0365 | adv=0.0423 inv=0.0447 pct=7.49% | ||res||=0.041288
aa=0.1549 ak=0.7772 phi0=0.1771 | adv=0.0441 inv=0.0456 pct=7.49% | ||res||=0.040678
aa=0.1442 ak=0.7747 phi0=0.2385 | adv=0.0435 inv=0.0460 pct=7.49% | ||res||=0.040399
aa=0.1468 ak=0.7538 phi0=0.2386 | adv=0.0443 inv=0.0448 pct=7.49% | ||res||=0.040931
aa=0.1595 ak=0.8508 phi0=0.2624 | adv=0.0493 inv=0.0447 pct=7.49% | ||res||=0.143848
aa=0.1457 ak=0.7702 phi0=0.2118 | adv=0.0428 inv=0.0451 pct=7.49% | ||res||=0.035169
aa=0.1603 ak=0.7687 phi0=0.1204 | adv=0.0431 inv=0.0448 pct=7.49% | ||res||=0.034339
aa=0.1584 ak=0.7475 phi0=0.3756 | adv=0.0543 inv=0.0462 pct=7.50% | ||res||=0.257213
aa=0.1652 ak=0.7896 phi0=0.1215 | adv=0.0446 inv=0.0456 pct=7.49% | ||res||=0.046728
aa=0.1650 ak=0.7633 phi0=0.0953 | adv=0.0432 inv=0.0444 pct=7.49% | ||res||=0.036310
aa=0.1444 ak=0.7758 phi0=-0.0185 | adv=0.0333 inv=0.0427 pct=7.49% | ||res||=0.238748
aa=0.1316 ak=0.8305 phi0=0.2936 | adv=0.0416 inv=0.0435 pct=7.49% | ||res||=0.061949
aa=0.1891 ak=0.7916 phi0=-0.0798 | adv=0.0406 inv=0.0443 pct=7.49% | ||res||=0.071954
aa=0.1576 ak=0.7824 phi0=0.1269 | adv=0.0427 inv=0.0451 pct=7.49% | ||res||=0.036310
aa=0.1590 ak=0.8025 phi0=0.1238 | adv=0.0428 inv=0.0470 pct=7.49% | ||res||=0.055409
aa=0.1485 ak=0.8538 phi0=0.1991 | adv=0.0431 inv=0.0500 pct=7.49% | ||res||=0.114818
aa=0.1544 ak=0.7790 phi0=0.1480 | adv=0.0427 inv=0.0451 pct=7.49% | ||res||=0.036250
aa=0.1647 ak=0.7488 phi0=0.1629 | adv=0.0462 inv=0.0441 pct=7.49% | ||res||=0.079154
aa=0.1556 ak=0.7748 phi0=0.1485 | adv=0.0431 inv=0.0452 pct=7.49% | ||res||=0.034151
aa=0.1551 ak=0.7583 phi0=0.1644 | adv=0.0436 inv=0.0444 pct=7.49% | ||res||=0.037157
aa=0.1590 ak=0.7693 phi0=0.1238 | adv=0.0429 inv=0.0448 pct=7.49% | ||res||=0.035193
aa=0.1624 ak=0.7765 phi0=0.1142 | adv=0.0434 inv=0.0452 pct=7.49% | ||res||=0.033961
aa=0.1572 ak=0.7660 phi0=0.1310 | adv=0.0427 inv=0.0449 pct=7.49% | ||res||=0.036386
aa=0.1548 ak=0.7698 phi0=0.1429 | adv=0.0426 inv=0.0448 pct=7.49% | ||res||=0.037987
aa=0.1539 ak=0.7734 phi0=0.1737 | adv=0.0437 inv=0.0451 pct=7.49% | ||res||=0.034804
aa=0.1528 ak=0.7664 phi0=0.1688 | adv=0.0431 inv=0.0447 pct=7.49% | ||res||=0.034616
aa=0.1603 ak=0.7820 phi0=0.0979 | adv=0.0421 inv=0.0452 pct=7.49% | ||res||=0.042849
aa=0.1477 ak=0.7793 phi0=0.2067 | adv=0.0432 inv=0.0460 pct=7.49% | ||res||=0.039438
aa=0.1469 ak=0.7795 phi0=0.2044 | adv=0.0429 inv=0.0458 pct=7.49% | ||res||=0.038364
aa=0.1515 ak=0.7808 phi0=0.1755 | adv=0.0431 inv=0.0456 pct=7.49% | ||res||=0.036244
aa=0.1699 ak=0.7951 phi0=0.0631 | adv=0.0431 inv=0.0452 pct=7.49% | ||res||=0.033984
aa=0.1601 ak=0.7786 phi0=0.1216 | adv=0.0431 inv=0.0452 pct=7.49% | ||res||=0.033860
aa=0.1487 ak=0.7985 phi0=0.1957 | adv=0.0429 inv=0.0477 pct=7.49% | ||res||=0.068226
aa=0.1576 ak=0.7999 phi0=0.1610 | adv=0.0440 inv=0.0471 pct=7.49% | ||res||=0.057976
aa=0.1678 ak=0.7819 phi0=0.0552 | adv=0.0422 inv=0.0446 pct=7.49% | ||res||=0.042990
aa=0.1549 ak=0.7677 phi0=0.1548 | adv=0.0431 inv=0.0447 pct=7.49% | ||res||=0.034618
aa=0.1546 ak=0.7793 phi0=0.1594 | adv=0.0433 inv=0.0455 pct=7.49% | ||res||=0.034884
aa=0.1713 ak=0.7463 phi0=0.2200 | adv=0.0510 inv=0.0446 pct=7.49% | ||res||=0.181008
aa=0.1460 ak=0.7542 phi0=0.2169 | adv=0.0431 inv=0.0449 pct=7.49% | ||res||=0.034062
aa=0.1503 ak=0.7742 phi0=0.1289 | adv=0.0407 inv=0.0448 pct=7.49% | ||res||=0.068310
aa=0.1694 ak=0.7388 phi0=0.0673 | adv=0.0431 inv=0.0418 pct=7.49% | ||res||=0.079719
aa=0.1564 ak=0.7754 phi0=0.1534 | adv=0.0435 inv=0.0451 pct=7.49% | ||res||=0.034066
aa=0.1496 ak=0.7686 phi0=0.1541 | adv=0.0416 inv=0.0448 pct=7.49% | ||res||=0.052352
aa=0.1566 ak=0.7732 phi0=0.3237 | adv=0.0513 inv=0.0469 pct=7.49% | ||res||=0.192266
aa=0.1483 ak=0.7532 phi0=0.2147 | adv=0.0437 inv=0.0444 pct=7.49% | ||res||=0.037858
aa=0.1338 ak=0.7817 phi0=0.1537 | adv=0.0371 inv=0.0454 pct=7.49% | ||res||=0.147210
aa=0.1594 ak=0.7291 phi0=0.1273 | adv=0.0431 inv=0.0420 pct=7.49% | ||res||=0.076833
aa=0.1642 ak=0.7712 phi0=0.0490 | adv=0.0410 inv=0.0445 pct=7.49% | ||res||=0.064954
aa=0.1477 ak=0.7793 phi0=0.1547 | adv=0.0411 inv=0.0452 pct=7.49% | ||res||=0.061293
aa=0.1590 ak=0.7556 phi0=0.1728 | adv=0.0451 inv=0.0444 pct=7.49% | ||res||=0.055036
aa=0.1420 ak=0.8102 phi0=0.2419 | adv=0.0428 inv=0.0486 pct=7.49% | ||res||=0.085303
aa=0.1629 ak=0.7772 phi0=0.1163 | adv=0.0437 inv=0.0452 pct=7.49% | ||res||=0.034796
aa=0.1509 ak=0.8031 phi0=0.1864 | adv=0.0432 inv=0.0476 pct=7.49% | ||res||=0.065210
aa=0.1624 ak=0.7746 phi0=0.1757 | adv=0.0463 inv=0.0455 pct=7.49% | ||res||=0.076945
aa=0.1506 ak=0.7805 phi0=0.1980 | adv=0.0438 inv=0.0462 pct=7.49% | ||res||=0.043115
aa=0.1579 ak=0.7684 phi0=0.1335 | adv=0.0430 inv=0.0448 pct=7.49% | ||res||=0.034639
aa=0.1693 ak=0.7528 phi0=0.0791 | adv=0.0436 inv=0.0428 pct=7.49% | ||res||=0.060769
aa=0.1465 ak=0.8261 phi0=0.2300 | adv=0.0438 inv=0.0495 pct=7.49% | ||res||=0.104311
aa=0.1528 ak=0.8195 phi0=0.2199 | adv=0.0452 inv=0.0493 pct=7.49% | ||res||=0.109275
aa=0.1650 ak=0.7877 phi0=0.1537 | adv=0.0460 inv=0.0461 pct=7.49% | ||res||=0.074796
aa=0.1638 ak=0.7846 phi0=0.1611 | adv=0.0460 inv=0.0459 pct=7.49% | ||res||=0.073789
aa=0.1391 ak=0.7552 phi0=0.2603 | adv=0.0428 inv=0.0448 pct=7.49% | ||res||=0.036301
aa=0.1448 ak=0.7664 phi0=0.2277 | adv=0.0432 inv=0.0451 pct=7.49% | ||res||=0.033708
aa=0.1432 ak=0.7779 phi0=0.2242 | adv=0.0426 inv=0.0460 pct=7.49% | ||res||=0.042246
aa=0.1544 ak=0.7723 phi0=0.2169 | adv=0.0457 inv=0.0455 pct=7.49% | ||res||=0.065827
aa=0.1544 ak=0.7605 phi0=0.2067 | adv=0.0452 inv=0.0448 pct=7.49% | ||res||=0.056483
aa=0.1504 ak=0.7687 phi0=0.1988 | adv=0.0437 inv=0.0451 pct=7.49% | ||res||=0.035048
aa=0.1471 ak=0.7759 phi0=0.2045 | adv=0.0430 inv=0.0456 pct=7.49% | ||res||=0.036618
aa=0.1292 ak=0.7788 phi0=0.1270 | adv=0.0348 inv=0.0451 pct=7.49% | ||res||=0.198572
aa=0.1718 ak=0.7783 phi0=0.0426 | adv=0.0426 inv=0.0447 pct=7.49% | ||res||=0.037856
aa=0.1617 ak=0.7746 phi0=0.1065 | adv=0.0429 inv=0.0447 pct=7.49% | ||res||=0.035824
aa=0.1537 ak=0.7835 phi0=0.1814 | adv=0.0440 inv=0.0462 pct=7.49% | ||res||=0.044514
aa=0.1370 ak=0.7951 phi0=0.0631 | adv=0.0344 inv=0.0455 pct=7.49% | ||res||=0.207345
aa=0.1483 ak=0.7902 phi0=0.2093 | adv=0.0436 inv=0.0471 pct=7.49% | ||res||=0.055925
aa=0.1645 ak=0.7967 phi0=0.1007 | adv=0.0434 inv=0.0462 pct=7.49% | ||res||=0.042560
aa=0.1534 ak=0.7873 phi0=0.1752 | adv=0.0436 inv=0.0462 pct=7.49% | ||res||=0.042363
aa=0.1745 ak=0.7926 phi0=0.0352 | adv=0.0430 inv=0.0450 pct=7.49% | ||res||=0.034330
aa=0.1498 ak=0.7909 phi0=0.1429 | adv=0.0412 inv=0.0460 pct=7.49% | ||res||=0.062114
aa=0.1642 ak=0.7937 phi0=0.1110 | adv=0.0438 inv=0.0456 pct=7.49% | ||res||=0.037456
aa=0.1480 ak=0.7690 phi0=0.2093 | adv=0.0434 inv=0.0451 pct=7.49% | ||res||=0.033840
aa=0.1358 ak=0.7736 phi0=0.2221 | adv=0.0402 inv=0.0458 pct=7.49% | ||res||=0.079533
aa=0.1641 ak=0.7790 phi0=0.0919 | adv=0.0429 inv=0.0450 pct=7.49% | ||res||=0.034805
aa=0.1638 ak=0.7855 phi0=0.0258 | adv=0.0399 inv=0.0447 pct=7.49% | ||res||=0.086266
aa=0.1538 ak=0.7704 phi0=0.1643 | adv=0.0432 inv=0.0452 pct=7.49% | ||res||=0.033847
aa=0.1668 ak=0.7660 phi0=0.0906 | adv=0.0435 inv=0.0444 pct=7.49% | ||res||=0.037441
aa=0.1546 ak=0.7772 phi0=0.1117 | adv=0.0412 inv=0.0447 pct=7.49% | ||res||=0.059447
aa=0.1470 ak=0.7843 phi0=0.1537 | adv=0.0409 inv=0.0458 pct=7.49% | ||res||=0.067445
aa=0.1665 ak=0.7722 phi0=0.0701 | adv=0.0425 inv=0.0445 pct=7.49% | ||res||=0.040450
aa=0.1637 ak=0.7971 phi0=0.1919 | adv=0.0475 inv=0.0475 pct=7.49% | ||res||=0.115141
aa=0.1564 ak=0.7668 phi0=0.2128 | adv=0.0461 inv=0.0453 pct=7.49% | ||res||=0.074058
aa=0.1338 ak=0.8214 phi0=0.1681 | adv=0.0375 inv=0.0484 pct=7.49% | ||res||=0.155760
aa=0.1560 ak=0.7821 phi0=0.1204 | adv=0.0420 inv=0.0452 pct=7.49% | ||res||=0.045408
aa=0.1570 ak=0.7541 phi0=0.2200 | adv=0.0466 inv=0.0447 pct=7.49% | ||res||=0.083859
aa=0.1457 ak=0.7772 phi0=0.2164 | adv=0.0431 inv=0.0459 pct=7.49% | ||res||=0.038835
aa=0.1618 ak=0.7861 phi0=0.0974 | adv=0.0425 inv=0.0451 pct=7.49% | ||res||=0.037876
aa=0.1533 ak=0.7858 phi0=0.1772 | adv=0.0437 inv=0.0462 pct=7.49% | ||res||=0.042571
aa=0.1485 ak=0.8104 phi0=0.1839 | adv=0.0424 inv=0.0480 pct=7.49% | ||res||=0.076357
aa=0.1483 ak=0.7791 phi0=0.1979 | adv=0.0431 inv=0.0458 pct=7.49% | ||res||=0.037263
aa=0.1719 ak=0.7678 phi0=0.1592 | adv=0.0482 inv=0.0450 pct=7.49% | ||res||=0.118873
aa=0.1292 ak=0.7596 phi0=0.3237 | adv=0.0420 inv=0.0455 pct=7.49% | ||res||=0.046193
aa=0.1538 ak=0.7701 phi0=0.1424 | adv=0.0423 inv=0.0448 pct=7.49% | ||res||=0.041539
aa=0.1584 ak=0.7441 phi0=0.2061 | adv=0.0464 inv=0.0441 pct=7.49% | ||res||=0.081764
aa=0.1436 ak=0.7612 phi0=0.2448 | adv=0.0435 inv=0.0452 pct=7.49% | ||res||=0.034229
aa=0.1622 ak=0.7924 phi0=0.1241 | adv=0.0439 inv=0.0457 pct=7.49% | ||res||=0.038580
aa=0.1649 ak=0.7996 phi0=0.2118 | adv=0.0488 inv=0.0479 pct=7.49% | ||res||=0.145478
aa=0.1528 ak=0.7746 phi0=0.1161 | adv=0.0409 inv=0.0448 pct=7.49% | ||res||=0.065416
