
Fixed structural parameters:
  gamma_k     = 0.112026
  gamma_l     = 0.855904
  rho         = 0.815676
  sigma_eps   = 0.038788
  sigma_fixed = 3.144978  (fixed = mu/(mu-1) from ACF markup)
  exit_rate   = 0.057401

Calibration targets (base period):
  med_capx/rev = 0.0451
  pct_neg      = 10.8529%

Loaded pct_neg by year: 40 years (1980-2019)

Normalization: phi_0 = 0.0000  (base period)
Fixed:         sigma = 3.144978  (from structural_parameters)

Loaded initial guesses from /gpfs/projects/p32386/Demand_Shifting/calibrated_investment_params.csv:
  alpha_a_init = 0.172749
  alpha_k_init = 0.805817

============================================================
Phase 1: Solve for alpha_a, alpha_k  (2 params, 2 moments)
  phi_0  = 0.0000  (normalized)
  sigma  = 3.144978  (fixed from structural_parameters)
  Targets: capx/rev=0.0451  pct_neg@1980=10.85%
============================================================
aa=0.4773 ak=0.6619 | inv=0.0356 pct=12.38% | ||res||=0.252273
aa=0.1693 ak=0.3485 | inv=0.0176 pct=5.74% | ||res||=0.770628
aa=0.4322 ak=0.8239 | inv=0.0446 pct=6.97% | ||res||=0.358027
aa=0.5517 ak=0.5547 | inv=0.0297 pct=16.23% | ||res||=0.601181
aa=0.5245 ak=0.5056 | inv=0.0268 pct=16.00% | ||res||=0.623758
aa=0.1150 ak=0.7068 | inv=0.0361 pct=5.74% | ||res||=0.511270
aa=0.1862 ak=0.6406 | inv=0.0329 pct=5.74% | ||res||=0.543297
aa=0.2223 ak=0.3873 | inv=0.0197 pct=5.74% | ||res||=0.734589
aa=0.2840 ak=0.3388 | inv=0.0172 pct=5.74% | ||res||=0.778179
aa=0.3008 ak=0.7780 | inv=0.0409 pct=5.74% | ||res||=0.480109
aa=0.6280 ak=0.2546 | inv=0.0130 pct=16.29% | ||res||=0.870254
aa=0.5982 ak=0.6114 | inv=0.0334 pct=16.80% | ||res||=0.606430
aa=0.3733 ak=0.8123 | inv=0.0433 pct=6.66% | ||res||=0.387961
aa=0.3873 ak=0.1639 | inv=0.0081 pct=11.15% | ||res||=0.819913
aa=0.6837 ak=0.4716 | inv=0.0255 pct=20.76% | ||res||=1.010914
aa=0.8322 ak=0.2883 | inv=0.0152 pct=25.17% | ||res||=1.476993
aa=0.7243 ak=0.1862 | inv=0.0094 pct=20.89% | ||res||=1.217339
aa=0.7426 ak=0.1380 | inv=0.0069 pct=20.96% | ||res||=1.258847
aa=0.8186 ak=0.4410 | inv=0.0243 pct=25.75% | ||res||=1.448327
aa=0.8874 ak=0.8776 | inv=0.0613 pct=32.20% | ||res||=1.999998
aa=0.4598 ak=0.6304 | inv=0.0335 pct=10.69% | ||res||=0.256536
aa=0.4860 ak=0.5641 | inv=0.0300 pct=11.95% | ||res||=0.349533
aa=0.1818 ak=0.6079 | inv=0.0313 pct=5.74% | ||res||=0.561849
aa=0.2874 ak=0.4648 | inv=0.0239 pct=5.74% | ||res||=0.665615
aa=0.3927 ak=0.7150 | inv=0.0381 pct=7.58% | ||res||=0.338138
aa=0.3643 ak=0.7362 | inv=0.0391 pct=7.01% | ||res||=0.377210
aa=0.3063 ak=0.7347 | inv=0.0386 pct=5.74% | ||res||=0.492325
aa=0.7113 ak=0.6068 | inv=0.0341 pct=21.49% | ||res||=1.009700
aa=0.4196 ak=0.3430 | inv=0.0175 pct=11.15% | ||res||=0.611177
aa=0.4862 ak=0.2466 | inv=0.0125 pct=11.61% | ||res||=0.726794
aa=0.3451 ak=0.7837 | inv=0.0416 pct=5.77% | ||res||=0.474418
aa=0.6761 ak=0.2226 | inv=0.0113 pct=18.57% | ||res||=1.032294
aa=0.3493 ak=0.8664 | inv=0.0461 pct=5.93% | ||res||=0.454205
aa=0.6053 ak=0.4573 | inv=0.0243 pct=16.27% | ||res||=0.679256
aa=0.7113 ak=0.4716 | inv=0.0256 pct=21.08% | ||res||=1.036091
aa=0.6314 ak=0.7199 | inv=0.0405 pct=18.72% | ||res||=0.731627
aa=0.6472 ak=0.3264 | inv=0.0170 pct=17.11% | ||res||=0.848799
aa=0.5130 ak=0.8008 | inv=0.0442 pct=14.13% | ||res||=0.302614
aa=0.7711 ak=0.6018 | inv=0.0344 pct=24.27% | ||res||=1.259093
aa=0.7959 ak=0.8123 | inv=0.0504 pct=26.65% | ||res||=1.460588
aa=0.4638 ak=0.7293 | inv=0.0395 pct=10.31% | ||res||=0.133766
aa=0.5074 ak=0.5570 | inv=0.0297 pct=12.67% | ||res||=0.379936
aa=0.5157 ak=0.6619 | inv=0.0360 pct=14.70% | ||res||=0.407426
aa=0.4270 ak=0.6380 | inv=0.0342 pct=8.72% | ||res||=0.311365
aa=0.5316 ak=0.6718 | inv=0.0365 pct=15.81% | ||res||=0.494496
aa=0.4894 ak=0.6836 | inv=0.0369 pct=12.90% | ||res||=0.261492
aa=0.3671 ak=0.6079 | inv=0.0319 pct=7.53% | ||res||=0.423392
aa=0.3476 ak=0.5428 | inv=0.0282 pct=6.35% | ||res||=0.558399
aa=0.3733 ak=0.6584 | inv=0.0350 pct=7.82% | ||res||=0.356841
aa=0.3118 ak=0.6406 | inv=0.0337 pct=5.74% | ||res||=0.534173
aa=0.5046 ak=0.7373 | inv=0.0403 pct=13.61% | ||res||=0.274693
aa=0.3977 ak=0.7681 | inv=0.0411 pct=7.06% | ||res||=0.360664
aa=0.1869 ak=0.7889 | inv=0.0407 pct=5.74% | ||res||=0.480717
aa=0.3765 ak=0.7818 | inv=0.0418 pct=6.93% | ||res||=0.369016
aa=0.3493 ak=0.8141 | inv=0.0432 pct=5.92% | ||res||=0.456146
aa=0.6324 ak=0.5641 | inv=0.0307 pct=17.68% | ||res||=0.705025
aa=0.6443 ak=0.7150 | inv=0.0404 pct=19.34% | ||res||=0.788720
aa=0.6516 ak=0.4177 | inv=0.0222 pct=18.14% | ||res||=0.841206
aa=0.6867 ak=0.3449 | inv=0.0181 pct=20.39% | ||res||=1.063253
aa=0.8251 ak=0.5675 | inv=0.0326 pct=26.52% | ||res||=1.469810
aa=0.4545 ak=0.5575 | inv=0.0294 pct=10.91% | ||res||=0.346543
aa=0.4545 ak=0.5575 | inv=0.0294 pct=10.91% | ||res||=0.346543
aa=0.4310 ak=0.5880 | inv=0.0311 pct=9.77% | ||res||=0.324866
aa=0.4107 ak=0.6079 | inv=0.0321 pct=9.21% | ||res||=0.324334
aa=0.4000 ak=0.5898 | inv=0.0311 pct=9.56% | ||res||=0.331912
aa=0.5291 ak=0.6910 | inv=0.0378 pct=15.66% | ||res||=0.471743
aa=0.2707 ak=0.5641 | inv=0.0291 pct=5.74% | ||res||=0.588805
aa=0.4928 ak=0.6009 | inv=0.0322 pct=12.49% | ||res||=0.323141
aa=0.5074 ak=0.7401 | inv=0.0404 pct=13.73% | ||res||=0.284435
aa=0.5175 ak=0.7391 | inv=0.0406 pct=14.79% | ||res||=0.375851
aa=0.3783 ak=0.7570 | inv=0.0403 pct=7.16% | ||res||=0.356126
aa=0.4789 ak=0.7823 | inv=0.0427 pct=12.09% | ||res||=0.125924
aa=0.3500 ak=0.7837 | inv=0.0416 pct=5.98% | ||res||=0.455562
aa=0.4268 ak=0.5063 | inv=0.0265 pct=11.11% | ||res||=0.412581
aa=0.4031 ak=0.7117 | inv=0.0380 pct=7.62% | ||res||=0.336937
aa=0.5694 ak=0.6989 | inv=0.0386 pct=16.22% | ||res||=0.514764
aa=0.5753 ak=0.6323 | inv=0.0346 pct=16.27% | ||res||=0.550979
aa=0.6202 ak=0.7425 | inv=0.0418 pct=18.14% | ||res||=0.675675
aa=0.8043 ak=0.6137 | inv=0.0355 pct=26.00% | ||res||=1.411954
aa=0.8043 ak=0.6137 | inv=0.0355 pct=26.00% | ||res||=1.411954
aa=0.4566 ak=0.7779 | inv=0.0422 pct=8.47% | ||res||=0.228513
aa=0.4515 ak=0.8321 | inv=0.0453 pct=8.81% | ||res||=0.187863
aa=0.5120 ak=0.6864 | inv=0.0373 pct=14.19% | ||res||=0.352863
aa=0.4887 ak=0.7373 | inv=0.0402 pct=12.86% | ||res||=0.214295
aa=0.4160 ak=0.7644 | inv=0.0411 pct=7.09% | ||res||=0.357493
aa=0.3900 ak=0.7729 | inv=0.0414 pct=7.01% | ||res||=0.363075
aa=0.4789 ak=0.7725 | inv=0.0421 pct=12.19% | ||res||=0.139453
aa=0.4086 ak=0.7831 | inv=0.0421 pct=6.92% | ||res||=0.368130
aa=0.4989 ak=0.7818 | inv=0.0429 pct=13.33% | ||res||=0.233101
aa=0.4905 ak=0.7748 | inv=0.0423 pct=12.90% | ||res||=0.197678
aa=0.3930 ak=0.8061 | inv=0.0432 pct=6.73% | ||res||=0.382248
aa=0.4871 ak=0.8112 | inv=0.0445 pct=13.37% | ||res||=0.232400
aa=0.4100 ak=0.7930 | inv=0.0426 pct=6.86% | ||res||=0.372244
aa=0.4834 ak=0.8170 | inv=0.0448 pct=13.79% | ||res||=0.270497
aa=0.3500 ak=0.8481 | inv=0.0451 pct=5.87% | ||res||=0.459117
aa=0.5611 ak=0.7463 | inv=0.0414 pct=16.11% | ||res||=0.490711
aa=0.5211 ak=0.8216 | inv=0.0455 pct=14.48% | ||res||=0.334547
aa=0.5445 ak=0.8292 | inv=0.0463 pct=15.74% | ||res||=0.451530
aa=0.5227 ak=0.8380 | inv=0.0465 pct=14.54% | ||res||=0.340954
aa=0.5130 ak=0.8698 | inv=0.0482 pct=15.75% | ||res||=0.456240
aa=0.4772 ak=0.6356 | inv=0.0339 pct=12.29% | ||res||=0.280135
aa=0.4331 ak=0.6979 | inv=0.0375 pct=7.86% | ||res||=0.323404
aa=0.4448 ak=0.7391 | inv=0.0399 pct=7.62% | ||res||=0.318411
aa=0.4275 ak=0.7357 | inv=0.0396 pct=7.38% | ||res||=0.342410
aa=0.4351 ak=0.7645 | inv=0.0412 pct=7.15% | ||res||=0.351588
aa=0.4559 ak=0.7948 | inv=0.0432 pct=8.86% | ||res||=0.188330
aa=0.4311 ak=0.8066 | inv=0.0437 pct=7.09% | ||res||=0.347572
aa=0.4386 ak=0.8380 | inv=0.0453 pct=7.42% | ||res||=0.316647
aa=0.4806 ak=0.6832 | inv=0.0368 pct=12.53% | ||res||=0.238984
aa=0.4170 ak=0.6527 | inv=0.0348 pct=8.40% | ||res||=0.321033
aa=0.3919 ak=0.6036 | inv=0.0318 pct=9.30% | ||res||=0.327916
aa=0.4713 ak=0.7535 | inv=0.0409 pct=11.21% | ||res||=0.097377
aa=0.4160 ak=0.7604 | inv=0.0409 pct=7.13% | ||res||=0.355456
aa=0.4003 ak=0.7716 | inv=0.0413 pct=7.02% | ||res||=0.362495
aa=0.4989 ak=0.7690 | inv=0.0422 pct=13.33% | ||res||=0.236943
aa=0.4996 ak=0.8176 | inv=0.0450 pct=13.89% | ||res||=0.279851
aa=0.3707 ak=0.8600 | inv=0.0460 pct=6.32% | ||res||=0.418593
aa=0.5866 ak=0.7463 | inv=0.0417 pct=16.49% | ||res||=0.524954
aa=0.5623 ak=0.8112 | inv=0.0456 pct=16.13% | ||res||=0.485981
aa=0.5478 ak=0.8969 | inv=0.0504 pct=15.82% | ||res||=0.472195
aa=0.4566 ak=0.7322 | inv=0.0396 pct=8.56% | ||res||=0.243412
aa=0.4375 ak=0.7566 | inv=0.0408 pct=7.26% | ||res||=0.344467
aa=0.4236 ak=0.7845 | inv=0.0423 pct=6.93% | ||res||=0.366176
aa=0.4419 ak=0.7696 | inv=0.0416 pct=7.27% | ||res||=0.339203
aa=0.4312 ak=0.8090 | inv=0.0437 pct=7.08% | ||res||=0.349343
aa=0.4545 ak=0.7994 | inv=0.0434 pct=8.71% | ||res||=0.201281
aa=0.4789 ak=0.6689 | inv=0.0362 pct=12.46% | ||res||=0.246134
aa=0.5212 ak=0.6531 | inv=0.0354 pct=15.08% | ||res||=0.444630
aa=0.5039 ak=0.6594 | inv=0.0355 pct=13.35% | ||res||=0.313279
aa=0.5212 ak=0.6531 | inv=0.0354 pct=15.08% | ||res||=0.444630
aa=0.5270 ak=0.6616 | inv=0.0360 pct=15.10% | ||res||=0.440613
aa=0.4882 ak=0.7188 | inv=0.0391 pct=12.85% | ||res||=0.226450
aa=0.4766 ak=0.7604 | inv=0.0414 pct=11.75% | ||res||=0.116286
aa=0.3806 ak=0.7841 | inv=0.0419 pct=6.91% | ||res||=0.370006
aa=0.5074 ak=0.7744 | inv=0.0426 pct=13.77% | ||res||=0.274740
aa=0.4107 ak=0.7905 | inv=0.0426 pct=6.88% | ||res||=0.370288
aa=0.4815 ak=0.8871 | inv=0.0488 pct=15.02% | ||res||=0.392905
aa=0.5321 ak=0.7332 | inv=0.0404 pct=15.50% | ||res||=0.440638
aa=0.5249 ak=0.7535 | inv=0.0414 pct=15.04% | ||res||=0.394397
aa=0.4948 ak=0.8703 | inv=0.0480 pct=15.55% | ||res||=0.437413
aa=0.4730 ak=0.6586 | inv=0.0357 pct=12.02% | ||res||=0.234209
aa=0.4579 ak=0.6860 | inv=0.0369 pct=9.84% | ||res||=0.203359
aa=0.4657 ak=0.7320 | inv=0.0396 pct=10.80% | ||res||=0.121135
aa=0.4650 ak=0.7482 | inv=0.0406 pct=10.64% | ||res||=0.100433
aa=0.4587 ak=0.7537 | inv=0.0409 pct=8.92% | ||res||=0.200690
aa=0.4360 ak=0.7909 | inv=0.0428 pct=7.00% | ||res||=0.358905
aa=0.4534 ak=0.8239 | inv=0.0448 pct=8.99% | ||res||=0.171616
aa=0.4372 ak=0.6270 | inv=0.0335 pct=9.15% | ||res||=0.300455
aa=0.4842 ak=0.7188 | inv=0.0390 pct=12.63% | ||res||=0.211941
aa=0.4697 ak=0.7694 | inv=0.0419 pct=10.78% | ||res||=0.070917
aa=0.5106 ak=0.7349 | inv=0.0402 pct=13.88% | ||res||=0.298581
aa=0.4970 ak=0.7386 | inv=0.0403 pct=13.25% | ||res||=0.244715
aa=0.5073 ak=0.7336 | inv=0.0402 pct=13.73% | ||res||=0.286184
aa=0.4778 ak=0.7538 | inv=0.0410 pct=11.94% | ||res||=0.134996
aa=0.4887 ak=0.7408 | inv=0.0404 pct=12.85% | ||res||=0.211549
aa=0.4905 ak=0.7810 | inv=0.0427 pct=12.97% | ||res||=0.201393
aa=0.4852 ak=0.7810 | inv=0.0427 pct=12.67% | ||res||=0.175508
aa=0.4545 ak=0.8421 | inv=0.0458 pct=9.80% | ||res||=0.097987
aa=0.4806 ak=0.8191 | inv=0.0449 pct=13.65% | ||res||=0.257843
aa=0.5316 ak=0.7640 | inv=0.0423 pct=15.23% | ||res||=0.407945
aa=0.4482 ak=0.7322 | inv=0.0396 pct=7.85% | ||res||=0.302225
aa=0.4318 ak=0.7496 | inv=0.0404 pct=7.28% | ||res||=0.345303
aa=0.4555 ak=0.7477 | inv=0.0404 pct=8.48% | ||res||=0.241633
aa=0.4552 ak=0.7604 | inv=0.0412 pct=8.21% | ||res||=0.257771
aa=0.4492 ak=0.8114 | inv=0.0441 pct=7.91% | ||res||=0.271953
aa=0.4884 ak=0.6186 | inv=0.0333 pct=12.54% | ||res||=0.304412
aa=0.4924 ak=0.6314 | inv=0.0338 pct=12.75% | ||res||=0.304113
aa=0.4703 ak=0.7198 | inv=0.0389 pct=11.70% | ||res||=0.157150
aa=0.4678 ak=0.7408 | inv=0.0402 pct=11.14% | ||res||=0.111483
aa=0.4688 ak=0.7536 | inv=0.0409 pct=10.98% | ||res||=0.092197
aa=0.4622 ak=0.7691 | inv=0.0418 pct=9.99% | ||res||=0.107800
aa=0.4641 ak=0.7691 | inv=0.0418 pct=10.26% | ||res||=0.090268
aa=0.4817 ak=0.7473 | inv=0.0407 pct=12.42% | ||res||=0.174119
aa=0.4877 ak=0.7741 | inv=0.0423 pct=12.75% | ||res||=0.184692
aa=0.4864 ak=0.7880 | inv=0.0432 pct=12.72% | ||res||=0.177183
aa=0.4812 ak=0.8131 | inv=0.0445 pct=13.05% | ||res||=0.203042
aa=0.4545 ak=0.8521 | inv=0.0465 pct=9.75% | ||res||=0.106794
aa=0.4929 ak=0.8239 | inv=0.0453 pct=14.15% | ||res||=0.303484
aa=0.4890 ak=0.8241 | inv=0.0453 pct=14.01% | ||res||=0.290625
aa=0.4783 ak=0.8490 | inv=0.0464 pct=14.63% | ||res||=0.349612
aa=0.4610 ak=0.6550 | inv=0.0351 pct=10.74% | ||res||=0.220703
aa=0.4545 ak=0.6836 | inv=0.0369 pct=9.34% | ||res||=0.229188
aa=0.4622 ak=0.7158 | inv=0.0387 pct=10.08% | ||res||=0.157593
aa=0.4501 ak=0.7335 | inv=0.0396 pct=7.94% | ||res||=0.294349
aa=0.4449 ak=0.7320 | inv=0.0395 pct=7.71% | ||res||=0.314678
aa=0.4534 ak=0.8239 | inv=0.0448 pct=8.99% | ||res||=0.171735
aa=0.4811 ak=0.6830 | inv=0.0368 pct=12.55% | ||res||=0.240156
aa=0.4391 ak=0.8891 | inv=0.0483 pct=8.63% | ||res||=0.217156
aa=0.4688 ak=0.7343 | inv=0.0398 pct=11.36% | ||res||=0.124831
aa=0.4705 ak=0.7516 | inv=0.0408 pct=11.19% | ||res||=0.099222
aa=0.4912 ak=0.7082 | inv=0.0385 pct=12.99% | ||res||=0.245216
aa=0.4631 ak=0.7636 | inv=0.0415 pct=10.06% | ||res||=0.108116
aa=0.4815 ak=0.7477 | inv=0.0407 pct=12.34% | ||res||=0.166957
aa=0.4748 ak=0.7678 | inv=0.0419 pct=11.42% | ||res||=0.088268
aa=0.4820 ak=0.7621 | inv=0.0415 pct=12.42% | ||res||=0.164434
aa=0.4723 ak=0.7779 | inv=0.0424 pct=11.00% | ||res||=0.059892
aa=0.4746 ak=0.7877 | inv=0.0430 pct=11.82% | ||res||=0.100798
aa=0.4804 ak=0.8202 | inv=0.0449 pct=13.64% | ||res||=0.256401
aa=0.4884 ak=0.8321 | inv=0.0458 pct=14.56% | ||res||=0.341585
aa=0.4618 ak=0.8656 | inv=0.0473 pct=11.30% | ||res||=0.063846
aa=0.4746 ak=0.6812 | inv=0.0368 pct=12.23% | ||res||=0.222578
aa=0.4602 ak=0.7691 | inv=0.0418 pct=9.61% | ||res||=0.135227
aa=0.4576 ak=0.7923 | inv=0.0430 pct=9.26% | ||res||=0.153584
aa=0.4544 ak=0.8214 | inv=0.0448 pct=9.06% | ||res||=0.165607
aa=0.4526 ak=0.8293 | inv=0.0451 pct=8.89% | ||res||=0.181232
aa=0.4676 ak=0.7549 | inv=0.0410 pct=10.85% | ||res||=0.091210
aa=0.4932 ak=0.7006 | inv=0.0380 pct=13.07% | ||res||=0.257794
aa=0.4825 ak=0.7181 | inv=0.0390 pct=12.53% | ||res||=0.205077
aa=0.4683 ak=0.7700 | inv=0.0419 pct=10.65% | ||res||=0.072979
aa=0.4650 ak=0.7849 | inv=0.0427 pct=9.91% | ||res||=0.101254
aa=0.4666 ak=0.7695 | inv=0.0419 pct=10.49% | ||res||=0.077314
aa=0.4893 ak=0.7712 | inv=0.0422 pct=12.84% | ||res||=0.193962
aa=0.4760 ak=0.7829 | inv=0.0427 pct=11.68% | ||res||=0.092606
aa=0.4821 ak=0.8096 | inv=0.0443 pct=13.12% | ||res||=0.209407
aa=0.4709 ak=0.8130 | inv=0.0444 pct=11.39% | ||res||=0.051715
aa=0.4717 ak=0.7932 | inv=0.0433 pct=11.23% | ||res||=0.052505
aa=0.4954 ak=0.8421 | inv=0.0463 pct=15.15% | ||res||=0.396960
aa=0.4657 ak=0.8522 | inv=0.0465 pct=12.15% | ||res||=0.123242
aa=0.4695 ak=0.8540 | inv=0.0467 pct=13.24% | ||res||=0.222961
aa=0.4572 ak=0.8838 | inv=0.0482 pct=10.99% | ||res||=0.071548
aa=0.4569 ak=0.6272 | inv=0.0335 pct=10.37% | ||res||=0.261090
aa=0.4502 ak=0.7788 | inv=0.0423 pct=7.71% | ||res||=0.296458
aa=0.4544 ak=0.7959 | inv=0.0432 pct=8.49% | ||res||=0.221883
aa=0.4709 ak=0.7290 | inv=0.0395 pct=11.65% | ||res||=0.143367
aa=0.4723 ak=0.7432 | inv=0.0403 pct=11.50% | ||res||=0.120401
aa=0.4712 ak=0.7287 | inv=0.0395 pct=11.67% | ||res||=0.144491
aa=0.4722 ak=0.7823 | inv=0.0427 pct=10.88% | ||res||=0.052676
aa=0.4549 ak=0.8398 | inv=0.0458 pct=9.85% | ||res||=0.093555
aa=0.4589 ak=0.8265 | inv=0.0450 pct=9.53% | ||res||=0.122157
aa=0.4699 ak=0.7971 | inv=0.0435 pct=10.70% | ||res||=0.037876
aa=0.4548 ak=0.8496 | inv=0.0463 pct=9.80% | ||res||=0.101040
aa=0.4734 ak=0.8082 | inv=0.0442 pct=12.01% | ||res||=0.108646
aa=0.4748 ak=0.8054 | inv=0.0440 pct=12.43% | ||res||=0.147450
aa=0.4717 ak=0.8330 | inv=0.0455 pct=12.75% | ||res||=0.174898
aa=0.4701 ak=0.8313 | inv=0.0454 pct=12.31% | ||res||=0.134035
aa=0.4665 ak=0.8239 | inv=0.0450 pct=10.52% | ||res||=0.030597
aa=0.4469 ak=0.8956 | inv=0.0487 pct=9.59% | ||res||=0.141395
aa=0.4799 ak=0.8421 | inv=0.0461 pct=14.22% | ||res||=0.311067
aa=0.4585 ak=0.8853 | inv=0.0484 pct=11.04% | ||res||=0.075774
aa=0.4893 ak=0.8933 | inv=0.0492 pct=15.43% | ||res||=0.431446
aa=0.4551 ak=0.8120 | inv=0.0442 pct=8.49% | ||res||=0.218943
aa=0.4676 ak=0.7516 | inv=0.0409 pct=10.94% | ||res||=0.093555
aa=0.4666 ak=0.7704 | inv=0.0419 pct=10.47% | ||res||=0.078866
aa=0.4618 ak=0.8077 | inv=0.0441 pct=9.44% | ||res||=0.131947
aa=0.4639 ak=0.7975 | inv=0.0436 pct=9.90% | ||res||=0.094184
aa=0.4621 ak=0.8032 | inv=0.0437 pct=9.58% | ||res||=0.121459
aa=0.4708 ak=0.7779 | inv=0.0425 pct=10.71% | ||res||=0.059163
aa=0.4744 ak=0.7681 | inv=0.0419 pct=11.39% | ||res||=0.086730
aa=0.4754 ak=0.7772 | inv=0.0424 pct=11.48% | ||res||=0.082625
aa=0.4653 ak=0.8079 | inv=0.0440 pct=10.52% | ||res||=0.038598
aa=0.4617 ak=0.2248 | inv=0.0113 pct=11.15% | ||res||=0.749357
aa=0.4634 ak=0.8421 | inv=0.0460 pct=10.57% | ||res||=0.033984
aa=0.4637 ak=0.8349 | inv=0.0456 pct=10.71% | ||res||=0.017157
aa=0.4705 ak=0.8511 | inv=0.0464 pct=13.31% | ||res||=0.228881
aa=0.4667 ak=0.8611 | inv=0.0470 pct=12.62% | ||res||=0.168609
aa=0.4640 ak=0.8676 | inv=0.0473 pct=11.88% | ||res||=0.107390
aa=0.4767 ak=0.8853 | inv=0.0486 pct=14.79% | ||res||=0.371019
aa=0.4581 ak=0.8889 | inv=0.0485 pct=10.97% | ||res||=0.077223
aa=0.4651 ak=0.8823 | inv=0.0482 pct=12.86% | ||res||=0.197618
aa=0.4616 ak=0.8940 | inv=0.0488 pct=11.97% | ||res||=0.132766
aa=0.4688 ak=0.7283 | inv=0.0394 pct=11.48% | ||res||=0.137451
aa=0.4686 ak=0.7543 | inv=0.0409 pct=10.94% | ||res||=0.091638
aa=0.4690 ak=0.7510 | inv=0.0408 pct=11.06% | ||res||=0.095760
aa=0.4629 ak=0.7779 | inv=0.0424 pct=9.91% | ||res||=0.105899
aa=0.4621 ak=0.7829 | inv=0.0426 pct=9.59% | ||res||=0.128340
aa=0.4664 ak=0.7749 | inv=0.0422 pct=10.32% | ||res||=0.080919
aa=0.4641 ak=0.7939 | inv=0.0432 pct=10.01% | ||res||=0.087823
aa=0.4766 ak=0.7590 | inv=0.0414 pct=11.78% | ||res||=0.118492
aa=0.4721 ak=0.7799 | inv=0.0426 pct=10.94% | ||res||=0.055778
aa=0.4581 ak=0.8352 | inv=0.0456 pct=10.22% | ||res||=0.059631
aa=0.4561 ak=0.8488 | inv=0.0463 pct=9.86% | ||res||=0.095924
aa=0.4893 ak=0.8187 | inv=0.0450 pct=14.02% | ||res||=0.292101
aa=0.4676 ak=0.8213 | inv=0.0449 pct=10.64% | ||res||=0.020370
aa=0.4628 ak=0.8298 | inv=0.0452 pct=10.76% | ||res||=0.008659
aa=0.4698 ak=0.8429 | inv=0.0461 pct=12.94% | ||res||=0.193722
aa=0.4465 ak=0.2077 | inv=0.0104 pct=11.15% | ||res||=0.769565
aa=0.4684 ak=0.8395 | inv=0.0460 pct=12.13% | ||res||=0.119091
aa=0.4714 ak=0.8636 | inv=0.0473 pct=14.08% | ||res||=0.301403
aa=0.4699 ak=0.8656 | inv=0.0474 pct=13.98% | ||res||=0.292868
aa=0.4716 ak=0.8853 | inv=0.0485 pct=14.37% | ||res||=0.332772
aa=0.4526 ak=0.7823 | inv=0.0424 pct=7.93% | ||res||=0.275545
aa=0.4526 ak=0.8334 | inv=0.0453 pct=8.83% | ||res||=0.186836
aa=0.4695 ak=0.7710 | inv=0.0420 pct=10.72% | ||res||=0.069506
aa=0.4677 ak=0.7799 | inv=0.0424 pct=10.32% | ||res||=0.076458
aa=0.4664 ak=0.7781 | inv=0.0423 pct=10.27% | ||res||=0.081752
aa=0.4642 ak=0.7969 | inv=0.0434 pct=9.94% | ||res||=0.092395
aa=0.4637 ak=0.8150 | inv=0.0445 pct=10.11% | ||res||=0.069501
aa=0.4584 ak=0.8239 | inv=0.0449 pct=9.56% | ||res||=0.119478
aa=0.4620 ak=0.8240 | inv=0.0449 pct=9.81% | ||res||=0.096092
aa=0.4582 ak=0.8360 | inv=0.0455 pct=10.21% | ||res||=0.060423
aa=0.4676 ak=0.7971 | inv=0.0435 pct=10.30% | ||res||=0.061255
aa=0.4668 ak=0.8213 | inv=0.0449 pct=10.59% | ||res||=0.024225
aa=0.4614 ak=0.8417 | inv=0.0461 pct=10.49% | ||res||=0.040296
aa=0.4621 ak=0.8312 | inv=0.0453 pct=10.71% | ||res||=0.014062
aa=0.4661 ak=0.8296 | inv=0.0452 pct=11.23% | ||res||=0.034966
aa=0.4582 ak=0.8628 | inv=0.0471 pct=10.64% | ||res||=0.049159
aa=0.4585 ak=0.8544 | inv=0.0465 pct=9.98% | ||res||=0.086661
aa=0.4584 ak=0.8634 | inv=0.0471 pct=10.64% | ||res||=0.048373
aa=0.4617 ak=0.8671 | inv=0.0474 pct=11.27% | ||res||=0.064049
aa=0.4613 ak=0.8626 | inv=0.0470 pct=11.32% | ||res||=0.061288
aa=0.4700 ak=0.7693 | inv=0.0419 pct=10.89% | ||res||=0.070703
aa=0.4641 ak=0.7799 | inv=0.0425 pct=9.95% | ||res||=0.101205
aa=0.4691 ak=0.7679 | inv=0.0418 pct=10.77% | ||res||=0.072441
aa=0.4619 ak=0.7971 | inv=0.0433 pct=9.70% | ||res||=0.113074
aa=0.4724 ak=0.7709 | inv=0.0420 pct=11.18% | ||res||=0.074222
aa=0.4697 ak=0.7787 | inv=0.0424 pct=10.61% | ||res||=0.062362
aa=0.4582 ak=0.8296 | inv=0.0453 pct=9.43% | ||res||=0.131407
aa=0.4587 ak=0.8263 | inv=0.0450 pct=9.52% | ||res||=0.122715
aa=0.4584 ak=0.8425 | inv=0.0461 pct=10.16% | ||res||=0.067549
aa=0.4694 ak=0.7963 | inv=0.0435 pct=10.68% | ||res||=0.037736
aa=0.4717 ak=0.8001 | inv=0.0436 pct=11.10% | ||res||=0.038854
aa=0.4665 ak=0.8061 | inv=0.0439 pct=10.62% | ||res||=0.032925
aa=0.4638 ak=0.8184 | inv=0.0447 pct=10.20% | ||res||=0.061143
aa=0.4571 ak=0.8576 | inv=0.0468 pct=9.86% | ||res||=0.098929
aa=0.4634 ak=0.8213 | inv=0.0448 pct=10.11% | ||res||=0.068913
aa=0.4625 ak=0.8338 | inv=0.0456 pct=10.68% | ||res||=0.019474
aa=0.4650 ak=0.8338 | inv=0.0455 pct=11.11% | ||res||=0.025475
aa=0.4628 ak=0.8349 | inv=0.0455 pct=10.67% | ||res||=0.019113
aa=0.4612 ak=0.8419 | inv=0.0461 pct=10.48% | ||res||=0.040969
aa=0.4641 ak=0.8298 | inv=0.0453 pct=10.82% | ||res||=0.005243
aa=0.4518 ak=0.8298 | inv=0.0451 pct=8.86% | ||res||=0.183832
aa=0.4692 ak=0.7624 | inv=0.0415 pct=10.80% | ||res||=0.079370
aa=0.4537 ak=0.3691 | inv=0.0190 pct=11.15% | ||res||=0.578372
aa=0.4699 ak=0.7759 | inv=0.0423 pct=10.70% | ||res||=0.062183
aa=0.4625 ak=0.8207 | inv=0.0448 pct=9.92% | ||res||=0.086424
aa=0.4716 ak=0.7917 | inv=0.0432 pct=10.95% | ||res||=0.041791
aa=0.4724 ak=0.7916 | inv=0.0432 pct=11.30% | ||res||=0.058402
aa=0.4644 ak=0.8114 | inv=0.0443 pct=10.24% | ||res||=0.059154
aa=0.4675 ak=0.8224 | inv=0.0449 pct=10.61% | ||res||=0.022817
aa=0.4690 ak=0.8208 | inv=0.0449 pct=11.14% | ||res||=0.027006
aa=0.4702 ak=0.8278 | inv=0.0452 pct=12.35% | ||res||=0.138017
aa=0.4632 ak=0.8395 | inv=0.0458 pct=10.60% | ||res||=0.027965
aa=0.4629 ak=0.8372 | inv=0.0457 pct=10.63% | ||res||=0.025329
aa=0.4637 ak=0.8463 | inv=0.0463 pct=10.84% | ||res||=0.027010
aa=0.4603 ak=0.8487 | inv=0.0462 pct=10.33% | ||res||=0.055134
aa=0.4601 ak=0.8715 | inv=0.0476 pct=10.78% | ||res||=0.055701
aa=0.4650 ak=0.8697 | inv=0.0475 pct=12.44% | ||res||=0.156230
aa=0.4542 ak=0.8861 | inv=0.0483 pct=10.16% | ||res||=0.095841
aa=0.4580 ak=0.8769 | inv=0.0480 pct=10.61% | ||res||=0.067799
aa=0.4595 ak=0.8904 | inv=0.0487 pct=11.38% | ||res||=0.094203
aa=0.4625 ak=0.7677 | inv=0.0417 pct=10.06% | ||res||=0.105000
aa=0.4660 ak=0.7779 | inv=0.0423 pct=10.20% | ||res||=0.085808
aa=0.4682 ak=0.7823 | inv=0.0426 pct=10.39% | ||res||=0.069457
aa=0.4746 ak=0.7725 | inv=0.0421 pct=11.51% | ||res||=0.088742
aa=0.4696 ak=0.7760 | inv=0.0423 pct=10.67% | ||res||=0.062885
aa=0.4700 ak=0.8101 | inv=0.0442 pct=11.39% | ||res||=0.052988
aa=0.4663 ak=0.8066 | inv=0.0441 pct=10.60% | ||res||=0.032021
aa=0.4553 ak=0.8702 | inv=0.0474 pct=10.40% | ||res||=0.066218
aa=0.4608 ak=0.8368 | inv=0.0458 pct=10.38% | ||res||=0.046311
aa=0.4697 ak=0.8395 | inv=0.0460 pct=12.20% | ||res||=0.125517
aa=0.4664 ak=0.8244 | inv=0.0450 pct=11.33% | ||res||=0.044325
aa=0.4650 ak=0.8377 | inv=0.0457 pct=11.04% | ||res||=0.022654
aa=0.4617 ak=0.8419 | inv=0.0461 pct=10.50% | ||res||=0.039394
aa=0.4618 ak=0.8354 | inv=0.0456 pct=10.62% | ||res||=0.024307
aa=0.4652 ak=0.8417 | inv=0.0460 pct=10.99% | ||res||=0.024187
aa=0.4669 ak=0.8298 | inv=0.0453 pct=11.27% | ||res||=0.038431
aa=0.4595 ak=0.8583 | inv=0.0468 pct=10.95% | ||res||=0.038598
aa=0.4615 ak=0.8874 | inv=0.0485 pct=12.05% | ||res||=0.134071
aa=0.4604 ak=0.8863 | inv=0.0484 pct=11.48% | ||res||=0.094181
aa=0.4724 ak=0.8943 | inv=0.0490 pct=14.45% | ||res||=0.343069
aa=0.4629 ak=0.8171 | inv=0.0446 pct=10.02% | ||res||=0.077466
aa=0.4600 ak=0.8359 | inv=0.0456 pct=10.36% | ||res||=0.046661
aa=0.4686 ak=0.7931 | inv=0.0432 pct=10.48% | ||res||=0.054172
aa=0.4685 ak=0.7916 | inv=0.0431 pct=10.51% | ||res||=0.053108
aa=0.4666 ak=0.7971 | inv=0.0435 pct=10.23% | ||res||=0.066701
aa=0.4685 ak=0.7916 | inv=0.0431 pct=10.51% | ||res||=0.053108
aa=0.4656 ak=0.8125 | inv=0.0444 pct=10.43% | ||res||=0.041701
aa=0.4659 ak=0.8069 | inv=0.0440 pct=10.57% | ||res||=0.034224
aa=0.4679 ak=0.8130 | inv=0.0444 pct=10.82% | ||res||=0.015545
aa=0.4674 ak=0.8171 | inv=0.0446 pct=10.71% | ||res||=0.017323
aa=0.4675 ak=0.8175 | inv=0.0447 pct=10.71% | ||res||=0.015759
aa=0.4636 ak=0.8346 | inv=0.0455 pct=10.71% | ||res||=0.016072
aa=0.4648 ak=0.8224 | inv=0.0449 pct=10.16% | ||res||=0.063945
aa=0.4638 ak=0.8325 | inv=0.0455 pct=10.76% | ||res||=0.012374
aa=0.4626 ak=0.8331 | inv=0.0455 pct=10.70% | ||res||=0.016981
aa=0.4643 ak=0.8270 | inv=0.0451 pct=10.89% | ||res||=0.003759
aa=0.4613 ak=0.8392 | inv=0.0457 pct=10.53% | ||res||=0.032982
aa=0.4584 ak=0.8568 | inv=0.0468 pct=10.74% | ||res||=0.039171
aa=0.4580 ak=0.8702 | inv=0.0475 pct=10.71% | ||res||=0.055962
aa=0.4724 ak=0.8529 | inv=0.0467 pct=13.65% | ||res||=0.260097
aa=0.4630 ak=0.8179 | inv=0.0446 pct=10.01% | ||res||=0.078757
aa=0.4714 ak=0.7774 | inv=0.0423 pct=10.95% | ||res||=0.062166
aa=0.4585 ak=0.8349 | inv=0.0455 pct=10.24% | ||res||=0.057420
aa=0.4596 ak=0.8428 | inv=0.0461 pct=10.22% | ||res||=0.062345
aa=0.4596 ak=0.8298 | inv=0.0453 pct=9.55% | ||res||=0.120008
aa=0.4712 ak=0.7949 | inv=0.0434 pct=10.85% | ||res||=0.037678
aa=0.4581 ak=0.8484 | inv=0.0463 pct=10.07% | ||res||=0.077420
aa=0.4681 ak=0.8104 | inv=0.0442 pct=10.89% | ||res||=0.018674
aa=0.4678 ak=0.8149 | inv=0.0445 pct=10.78% | ||res||=0.014894
aa=0.4678 ak=0.8175 | inv=0.0447 pct=10.73% | ||res||=0.014538
aa=0.4650 ak=0.8197 | inv=0.0447 pct=10.23% | ||res||=0.057778
aa=0.4696 ak=0.8183 | inv=0.0447 pct=11.22% | ||res||=0.035021
aa=0.4665 ak=0.8191 | inv=0.0447 pct=10.62% | ||res||=0.023347
aa=0.4632 ak=0.8219 | inv=0.0447 pct=9.93% | ||res||=0.085773
aa=0.4638 ak=0.8289 | inv=0.0452 pct=10.83% | ||res||=0.004049
aa=0.4629 ak=0.8293 | inv=0.0452 pct=10.78% | ||res||=0.007578
aa=0.4723 ak=0.8392 | inv=0.0460 pct=13.48% | ||res||=0.242838
aa=0.4664 ak=0.8312 | inv=0.0454 pct=11.22% | ||res||=0.034506
aa=0.4587 ak=0.8680 | inv=0.0474 pct=10.77% | ||res||=0.052229
aa=0.4563 ak=0.8739 | inv=0.0478 pct=10.40% | ||res||=0.073265
aa=0.4641 ak=0.7421 | inv=0.0402 pct=10.42% | ||res||=0.115316
aa=0.4596 ak=0.8175 | inv=0.0446 pct=9.75% | ||res||=0.101967
aa=0.4580 ak=0.8310 | inv=0.0452 pct=9.39% | ||res||=0.134740
aa=0.4596 ak=0.8349 | inv=0.0456 pct=10.37% | ||res||=0.046235
aa=0.4602 ak=0.8392 | inv=0.0457 pct=10.31% | ||res||=0.052337
aa=0.4578 ak=0.8270 | inv=0.0450 pct=9.41% | ||res||=0.133208
aa=0.4684 ak=0.8058 | inv=0.0441 pct=11.01% | ||res||=0.026179
aa=0.4691 ak=0.8156 | inv=0.0446 pct=11.24% | ||res||=0.037172
aa=0.4675 ak=0.7970 | inv=0.0435 pct=10.30% | ||res||=0.061495
aa=0.4696 ak=0.8130 | inv=0.0443 pct=11.31% | ||res||=0.045468
aa=0.4722 ak=0.8184 | inv=0.0447 pct=11.81% | ||res||=0.088025
aa=0.4655 ak=0.8191 | inv=0.0447 pct=10.27% | ||res||=0.054089
aa=0.4660 ak=0.8149 | inv=0.0444 pct=10.40% | ||res||=0.044159
aa=0.4622 ak=0.8310 | inv=0.0453 pct=10.72% | ||res||=0.013632
aa=0.4650 ak=0.8374 | inv=0.0457 pct=11.05% | ||res||=0.023285
aa=0.4620 ak=0.8469 | inv=0.0463 pct=10.42% | ||res||=0.047882
aa=0.4602 ak=0.8479 | inv=0.0463 pct=10.16% | ||res||=0.069765
aa=0.4657 ak=0.8238 | inv=0.0450 pct=10.48% | ||res||=0.034280
aa=0.4602 ak=0.8448 | inv=0.0460 pct=10.21% | ||res||=0.062614
aa=0.4585 ak=0.8661 | inv=0.0473 pct=10.79% | ||res||=0.050441
aa=0.4611 ak=0.8130 | inv=0.0442 pct=9.93% | ||res||=0.087237
aa=0.4625 ak=0.8198 | inv=0.0447 pct=9.94% | ||res||=0.084578
aa=0.4601 ak=0.8409 | inv=0.0458 pct=10.27% | ||res||=0.055588
aa=0.4710 ak=0.7890 | inv=0.0431 pct=10.97% | ||res||=0.045835
aa=0.4685 ak=0.7921 | inv=0.0431 pct=10.50% | ||res||=0.054134
aa=0.4687 ak=0.8115 | inv=0.0443 pct=10.91% | ||res||=0.017803
aa=0.4695 ak=0.8082 | inv=0.0441 pct=11.03% | ||res||=0.026338
aa=0.4688 ak=0.8150 | inv=0.0446 pct=10.84% | ||res||=0.011341
aa=0.4655 ak=0.8218 | inv=0.0449 pct=10.21% | ||res||=0.059154
aa=0.4625 ak=0.8304 | inv=0.0453 pct=10.74% | ||res||=0.011143
aa=0.4644 ak=0.8219 | inv=0.0449 pct=10.15% | ||res||=0.064607
aa=0.4656 ak=0.8302 | inv=0.0453 pct=11.19% | ||res||=0.031840
aa=0.4662 ak=0.8280 | inv=0.0452 pct=11.26% | ||res||=0.037867
aa=0.4634 ak=0.8255 | inv=0.0450 pct=10.02% | ||res||=0.076756
aa=0.4626 ak=0.8286 | inv=0.0452 pct=10.78% | ||res||=0.007921
aa=0.4607 ak=0.8372 | inv=0.0458 pct=10.36% | ||res||=0.047947
aa=0.4619 ak=0.8293 | inv=0.0452 pct=10.57% | ||res||=0.026353
aa=0.4620 ak=0.8464 | inv=0.0463 pct=10.43% | ||res||=0.047672
aa=0.4637 ak=0.8638 | inv=0.0472 pct=11.91% | ||res||=0.108291
aa=0.4592 ak=0.8614 | inv=0.0470 pct=10.89% | ||res||=0.042083
aa=0.4597 ak=0.8395 | inv=0.0457 pct=10.28% | ||res||=0.054397
aa=0.4665 ak=0.8176 | inv=0.0447 pct=10.65% | ||res||=0.021106
aa=0.4676 ak=0.8153 | inv=0.0446 pct=10.76% | ||res||=0.013964
aa=0.4657 ak=0.8154 | inv=0.0444 pct=10.37% | ||res||=0.047004
aa=0.4641 ak=0.8191 | inv=0.0447 pct=10.20% | ||res||=0.061021
aa=0.4675 ak=0.8168 | inv=0.0446 pct=10.72% | ||res||=0.016191
aa=0.4650 ak=0.8215 | inv=0.0448 pct=10.19% | ||res||=0.061176
aa=0.4637 ak=0.8202 | inv=0.0448 pct=10.15% | ||res||=0.065336
aa=0.4645 ak=0.8274 | inv=0.0452 pct=10.89% | ||res||=0.003743
aa=0.4651 ak=0.8261 | inv=0.0451 pct=10.94% | ||res||=0.008167
aa=0.4646 ak=0.8256 | inv=0.0451 pct=10.08% | ||res||=0.071400
aa=0.4623 ak=0.8349 | inv=0.0455 pct=10.65% | ||res||=0.021019
aa=0.4631 ak=0.8314 | inv=0.0454 pct=10.75% | ||res||=0.012582
aa=0.4659 ak=0.8217 | inv=0.0449 pct=10.53% | ||res||=0.029739
aa=0.4644 ak=0.8290 | inv=0.0452 pct=10.85% | ||res||=0.002988
aa=0.4633 ak=0.8308 | inv=0.0453 pct=10.77% | ||res||=0.009362
aa=0.4660 ak=0.8256 | inv=0.0451 pct=11.29% | ||res||=0.040667
aa=0.4634 ak=0.8279 | inv=0.0452 pct=10.83% | ||res||=0.003305
aa=0.4606 ak=0.8418 | inv=0.0461 pct=10.28% | ||res||=0.057346
aa=0.4615 ak=0.8337 | inv=0.0455 pct=10.47% | ||res||=0.036271
aa=0.4622 ak=0.8080 | inv=0.0441 pct=10.19% | ||res||=0.064986
aa=0.4609 ak=0.8279 | inv=0.0452 pct=9.67% | ||res||=0.109242
aa=0.4593 ak=0.8436 | inv=0.0460 pct=10.19% | ||res||=0.064518
aa=0.4695 ak=0.8175 | inv=0.0446 pct=11.23% | ||res||=0.036013
aa=0.4679 ak=0.8165 | inv=0.0446 pct=10.76% | ||res||=0.013973
aa=0.4674 ak=0.8164 | inv=0.0446 pct=10.73% | ||res||=0.015672
aa=0.4685 ak=0.8193 | inv=0.0448 pct=11.14% | ||res||=0.026959
aa=0.4683 ak=0.8180 | inv=0.0447 pct=10.75% | ||res||=0.012678
aa=0.4676 ak=0.8202 | inv=0.0447 pct=10.66% | ||res||=0.018972
aa=0.4674 ak=0.8270 | inv=0.0452 pct=11.34% | ||res||=0.044695
aa=0.4637 ak=0.8289 | inv=0.0452 pct=10.82% | ||res||=0.004482
aa=0.4629 ak=0.8310 | inv=0.0453 pct=10.75% | ||res||=0.010834
aa=0.4603 ak=0.8433 | inv=0.0460 pct=10.24% | ||res||=0.060124
aa=0.4634 ak=0.8288 | inv=0.0452 pct=10.81% | ||res||=0.005189
aa=0.4644 ak=0.8287 | inv=0.0452 pct=10.86% | ||res||=0.003334
aa=0.4637 ak=0.8299 | inv=0.0453 pct=10.80% | ||res||=0.006426
aa=0.4622 ak=0.8388 | inv=0.0457 pct=10.57% | ||res||=0.029489
aa=0.4632 ak=0.8308 | inv=0.0453 pct=10.76% | ||res||=0.009808
aa=0.4641 ak=0.8475 | inv=0.0462 pct=11.66% | ||res||=0.078399
aa=0.4619 ak=0.8497 | inv=0.0463 pct=10.37% | ||res||=0.052405
aa=0.4609 ak=0.8175 | inv=0.0446 pct=9.84% | ||res||=0.094101
aa=0.4610 ak=0.8290 | inv=0.0453 pct=9.65% | ||res||=0.110759
aa=0.4674 ak=0.8186 | inv=0.0447 pct=10.68% | ||res||=0.017771
aa=0.4678 ak=0.8178 | inv=0.0447 pct=10.72% | ||res||=0.015373
aa=0.4636 ak=0.8303 | inv=0.0452 pct=10.79% | ||res||=0.006927
aa=0.4666 ak=0.8220 | inv=0.0449 pct=10.56% | ||res||=0.026912
aa=0.4637 ak=0.8308 | inv=0.0453 pct=10.79% | ||res||=0.008060
aa=0.4618 ak=0.8374 | inv=0.0458 pct=10.58% | ||res||=0.029313
aa=0.4646 ak=0.8297 | inv=0.0453 pct=10.85% | ||res||=0.004329
aa=0.4638 ak=0.8308 | inv=0.0453 pct=10.79% | ||res||=0.007887
aa=0.4639 ak=0.8271 | inv=0.0452 pct=10.87% | ||res||=0.002413
aa=0.4631 ak=0.8283 | inv=0.0453 pct=10.81% | ||res||=0.005920
aa=0.4647 ak=0.8274 | inv=0.0452 pct=10.90% | ||res||=0.004844
aa=0.4634 ak=0.8375 | inv=0.0458 pct=10.65% | ||res||=0.024142
aa=0.4625 ak=0.8419 | inv=0.0460 pct=10.53% | ||res||=0.036655
aa=0.4665 ak=0.8273 | inv=0.0452 pct=11.29% | ||res||=0.040114
aa=0.4683 ak=0.8422 | inv=0.0459 pct=12.87% | ||res||=0.187175
aa=0.4641 ak=0.8308 | inv=0.0454 pct=10.80% | ||res||=0.008770
aa=0.4646 ak=0.8286 | inv=0.0452 pct=10.87% | ||res||=0.003721
aa=0.4634 ak=0.8302 | inv=0.0453 pct=10.79% | ||res||=0.007544
aa=0.4637 ak=0.8130 | inv=0.0443 pct=10.16% | ||res||=0.065708
aa=0.4666 ak=0.8164 | inv=0.0446 pct=10.68% | ||res||=0.019664
aa=0.4665 ak=0.8192 | inv=0.0447 pct=10.62% | ||res||=0.022966
aa=0.4658 ak=0.8197 | inv=0.0448 pct=10.28% | ||res||=0.053538
aa=0.4636 ak=0.8209 | inv=0.0448 pct=10.13% | ||res||=0.067314
aa=0.4678 ak=0.8284 | inv=0.0453 pct=11.77% | ||res||=0.084241
aa=0.4648 ak=0.8246 | inv=0.0450 pct=10.11% | ||res||=0.068243
aa=0.4639 ak=0.8281 | inv=0.0452 pct=10.85% | ||res||=0.004201
aa=0.4608 ak=0.8383 | inv=0.0458 pct=10.36% | ||res||=0.048385
aa=0.4669 ak=0.8283 | inv=0.0452 pct=11.29% | ||res||=0.040475
aa=0.4629 ak=0.8293 | inv=0.0452 pct=10.78% | ||res||=0.007437
aa=0.4637 ak=0.8272 | inv=0.0452 pct=10.85% | ||res||=0.002079
aa=0.4645 ak=0.8270 | inv=0.0451 pct=10.89% | ||res||=0.004201
aa=0.4633 ak=0.8270 | inv=0.0451 pct=9.98% | ||res||=0.080385
aa=0.4641 ak=0.8274 | inv=0.0452 pct=10.87% | ||res||=0.002600
aa=0.4645 ak=0.8310 | inv=0.0454 pct=10.82% | ||res||=0.008901
aa=0.4616 ak=0.8375 | inv=0.0458 pct=10.57% | ||res||=0.030242
aa=0.4637 ak=0.8276 | inv=0.0452 pct=10.85% | ||res||=0.002202
aa=0.4615 ak=0.8327 | inv=0.0455 pct=10.49% | ||res||=0.034942
aa=0.4615 ak=0.8327 | inv=0.0455 pct=10.49% | ||res||=0.034942
aa=0.4632 ak=0.8175 | inv=0.0446 pct=10.03% | ||res||=0.076664
aa=0.4609 ak=0.8337 | inv=0.0455 pct=10.44% | ||res||=0.039268
aa=0.4611 ak=0.8335 | inv=0.0455 pct=10.46% | ||res||=0.037711
aa=0.4663 ak=0.8194 | inv=0.0447 pct=10.60% | ||res||=0.024856
aa=0.4634 ak=0.8288 | inv=0.0452 pct=10.81% | ||res||=0.005160
aa=0.4632 ak=0.8275 | inv=0.0452 pct=10.83% | ||res||=0.003327
aa=0.4633 ak=0.8279 | inv=0.0452 pct=10.82% | ||res||=0.003566
aa=0.4639 ak=0.8297 | inv=0.0453 pct=10.82% | ||res||=0.005585
aa=0.4637 ak=0.8281 | inv=0.0453 pct=10.84% | ||res||=0.004467
aa=0.4640 ak=0.8303 | inv=0.0452 pct=10.81% | ||res||=0.005382
aa=0.4635 ak=0.8293 | inv=0.0452 pct=10.80% | ||res||=0.005392
aa=0.4630 ak=0.8292 | inv=0.0452 pct=10.78% | ||res||=0.007251
aa=0.4610 ak=0.8380 | inv=0.0458 pct=10.37% | ||res||=0.047572
aa=0.4631 ak=0.8284 | inv=0.0452 pct=10.81% | ||res||=0.005948
aa=0.4628 ak=0.8255 | inv=0.0450 pct=9.98% | ||res||=0.080038
aa=0.4641 ak=0.8269 | inv=0.0451 pct=10.88% | ||res||=0.002790
aa=0.4615 ak=0.8372 | inv=0.0458 pct=10.57% | ||res||=0.030206
aa=0.4635 ak=0.8293 | inv=0.0452 pct=10.80% | ||res||=0.005392
aa=0.4641 ak=0.8260 | inv=0.0451 pct=10.04% | ||res||=0.074697
aa=0.4609 ak=0.8365 | inv=0.0456 pct=10.39% | ||res||=0.044154
aa=0.4590 ak=0.8422 | inv=0.0461 pct=10.21% | ||res||=0.063766
aa=0.4674 ak=0.8130 | inv=0.0444 pct=10.79% | ||res||=0.016169
aa=0.4675 ak=0.8178 | inv=0.0447 pct=10.70% | ||res||=0.016425
aa=0.4677 ak=0.8173 | inv=0.0446 pct=10.72% | ||res||=0.014985
aa=0.4677 ak=0.8141 | inv=0.0444 pct=10.79% | ||res||=0.015226
aa=0.4636 ak=0.8240 | inv=0.0450 pct=10.06% | ||res||=0.073354
aa=0.4678 ak=0.8254 | inv=0.0451 pct=11.81% | ||res||=0.087925
aa=0.4635 ak=0.8270 | inv=0.0451 pct=9.99% | ||res||=0.079534
aa=0.4642 ak=0.8261 | inv=0.0451 pct=10.05% | ||res||=0.074161
aa=0.4631 ak=0.8271 | inv=0.0451 pct=9.97% | ||res||=0.081514
aa=0.4640 ak=0.8239 | inv=0.0450 pct=10.08% | ||res||=0.071079
aa=0.4634 ak=0.8280 | inv=0.0452 pct=10.83% | ||res||=0.003135
aa=0.4629 ak=0.8244 | inv=0.0450 pct=9.85% | ||res||=0.092191
aa=0.4643 ak=0.8261 | inv=0.0451 pct=10.05% | ||res||=0.073571
aa=0.4639 ak=0.8267 | inv=0.0451 pct=10.87% | ||res||=0.001778
aa=0.4634 ak=0.8293 | inv=0.0452 pct=10.80% | ||res||=0.005552
aa=0.4633 ak=0.8270 | inv=0.0451 pct=9.98% | ||res||=0.080276
aa=0.4637 ak=0.8376 | inv=0.0457 pct=10.66% | ||res||=0.023200
aa=0.4636 ak=0.8263 | inv=0.0451 pct=10.01% | ||res||=0.077578
aa=0.4636 ak=0.8277 | inv=0.0452 pct=10.84% | ||res||=0.002664
aa=0.4638 ak=0.8247 | inv=0.0450 pct=10.06% | ||res||=0.073202
aa=0.4636 ak=0.8280 | inv=0.0452 pct=10.84% | ||res||=0.002456
aa=0.4637 ak=0.8267 | inv=0.0451 pct=10.01% | ||res||=0.077578
aa=0.4636 ak=0.8278 | inv=0.0452 pct=10.84% | ||res||=0.002538
aa=0.4645 ak=0.8219 | inv=0.0449 pct=10.15% | ||res||=0.064533
aa=0.4638 ak=0.8249 | inv=0.0450 pct=10.05% | ||res||=0.073664
aa=0.4641 ak=0.8288 | inv=0.0452 pct=10.84% | ||res||=0.003502
aa=0.4640 ak=0.8265 | inv=0.0451 pct=10.03% | ||res||=0.075693
aa=0.4640 ak=0.8265 | inv=0.0451 pct=10.88% | ||res||=0.002692
aa=0.4619 ak=0.8315 | inv=0.0454 pct=10.53% | ||res||=0.030830
aa=0.4637 ak=0.8269 | inv=0.0451 pct=10.86% | ||res||=0.000765
aa=0.4640 ak=0.8265 | inv=0.0451 pct=10.03% | ||res||=0.076122
aa=0.4639 ak=0.8268 | inv=0.0451 pct=10.87% | ||res||=0.001788
aa=0.4639 ak=0.8281 | inv=0.0452 pct=10.85% | ||res||=0.004200
aa=0.4639 ak=0.8281 | inv=0.0452 pct=10.85% | ||res||=0.004158
aa=0.4619 ak=0.8335 | inv=0.0455 pct=10.66% | ||res||=0.020160
aa=0.4637 ak=0.8281 | inv=0.0453 pct=10.84% | ||res||=0.004426
aa=0.4636 ak=0.8273 | inv=0.0452 pct=10.85% | ||res||=0.002067
aa=0.4642 ak=0.8248 | inv=0.0450 pct=10.08% | ||res||=0.071460
aa=0.4641 ak=0.8284 | inv=0.0452 pct=10.85% | ||res||=0.003730
aa=0.4607 ak=0.8337 | inv=0.0455 pct=10.43% | ||res||=0.039964
aa=0.4666 ak=0.8195 | inv=0.0448 pct=10.62% | ||res||=0.022472
aa=0.4631 ak=0.8254 | inv=0.0450 pct=10.00% | ||res||=0.078345
aa=0.4634 ak=0.8252 | inv=0.0450 pct=10.02% | ||res||=0.076422
aa=0.4635 ak=0.8272 | inv=0.0452 pct=10.85% | ||res||=0.002210
aa=0.4637 ak=0.8276 | inv=0.0452 pct=10.85% | ||res||=0.002300
aa=0.4639 ak=0.8261 | inv=0.0451 pct=10.03% | ||res||=0.075828
aa=0.4637 ak=0.8284 | inv=0.0452 pct=10.83% | ||res||=0.004336
aa=0.4640 ak=0.8250 | inv=0.0450 pct=10.06% | ||res||=0.072870
aa=0.4638 ak=0.8271 | inv=0.0452 pct=10.86% | ||res||=0.002208
aa=0.4632 ak=0.8266 | inv=0.0451 pct=9.98% | ||res||=0.080066
aa=0.4631 ak=0.8267 | inv=0.0451 pct=9.98% | ||res||=0.080805
aa=0.4637 ak=0.8242 | inv=0.0450 pct=10.06% | ||res||=0.073163
aa=0.4639 ak=0.8270 | inv=0.0451 pct=10.87% | ||res||=0.001800
aa=0.4632 ak=0.8274 | inv=0.0452 pct=10.83% | ||res||=0.002926
aa=0.4634 ak=0.8270 | inv=0.0451 pct=9.99% | ||res||=0.079743
aa=0.4637 ak=0.8271 | inv=0.0452 pct=10.86% | ||res||=0.002173
aa=0.4638 ak=0.8276 | inv=0.0452 pct=10.85% | ||res||=0.002580
aa=0.4638 ak=0.8288 | inv=0.0452 pct=10.83% | ||res||=0.004182
aa=0.4637 ak=0.8297 | inv=0.0453 pct=10.81% | ||res||=0.006179
aa=0.4629 ak=0.8271 | inv=0.0451 pct=9.95% | ||res||=0.082788
aa=0.4639 ak=0.8262 | inv=0.0451 pct=10.03% | ||res||=0.075788
aa=0.4641 ak=0.8260 | inv=0.0451 pct=10.05% | ||res||=0.074413
aa=0.4641 ak=0.8260 | inv=0.0451 pct=10.05% | ||res||=0.074413
aa=0.4629 ak=0.8251 | inv=0.0450 pct=10.00% | ||res||=0.078893
aa=0.4638 ak=0.8299 | inv=0.0453 pct=10.81% | ||res||=0.005862
aa=0.4637 ak=0.8269 | inv=0.0451 pct=10.86% | ||res||=0.001212
aa=0.4641 ak=0.8260 | inv=0.0451 pct=10.05% | ||res||=0.074413
aa=0.4639 ak=0.8261 | inv=0.0451 pct=10.03% | ||res||=0.075844
aa=0.4639 ak=0.8256 | inv=0.0451 pct=10.04% | ||res||=0.074910
aa=0.4634 ak=0.8240 | inv=0.0449 pct=10.05% | ||res||=0.073982
aa=0.4630 ak=0.8278 | inv=0.0452 pct=10.81% | ||res||=0.004394
aa=0.4639 ak=0.8266 | inv=0.0451 pct=10.88% | ||res||=0.002247
aa=0.4641 ak=0.8266 | inv=0.0451 pct=10.88% | ||res||=0.002920
aa=0.4644 ak=0.8272 | inv=0.0452 pct=10.89% | ||res||=0.003769
aa=0.4636 ak=0.8300 | inv=0.0453 pct=10.80% | ||res||=0.006621
aa=0.4633 ak=0.8278 | inv=0.0452 pct=10.82% | ||res||=0.003597
aa=0.4644 ak=0.8273 | inv=0.0452 pct=10.88% | ||res||=0.003496
aa=0.4636 ak=0.8266 | inv=0.0451 pct=10.01% | ||res||=0.078056
aa=0.4640 ak=0.8259 | inv=0.0451 pct=10.04% | ||res||=0.075014
aa=0.4637 ak=0.8265 | inv=0.0451 pct=10.01% | ||res||=0.077794
aa=0.4637 ak=0.8263 | inv=0.0451 pct=10.02% | ||res||=0.077017
aa=0.4634 ak=0.8269 | inv=0.0451 pct=9.99% | ||res||=0.079939
aa=0.4636 ak=0.8258 | inv=0.0451 pct=10.02% | ||res||=0.076592
aa=0.4633 ak=0.8277 | inv=0.0452 pct=10.83% | ||res||=0.003608
aa=0.4633 ak=0.8280 | inv=0.0452 pct=10.82% | ||res||=0.003723
aa=0.4639 ak=0.8268 | inv=0.0451 pct=10.87% | ||res||=0.001604
aa=0.4634 ak=0.8244 | inv=0.0450 pct=10.04% | ||res||=0.074993
aa=0.4635 ak=0.8267 | inv=0.0451 pct=10.00% | ||res||=0.078593
aa=0.4637 ak=0.8266 | inv=0.0451 pct=10.01% | ||res||=0.077777
aa=0.4633 ak=0.8272 | inv=0.0452 pct=9.97% | ||res||=0.080998
aa=0.4637 ak=0.8266 | inv=0.0451 pct=10.01% | ||res||=0.077442
aa=0.4634 ak=0.8269 | inv=0.0451 pct=9.99% | ||res||=0.079902
aa=0.4636 ak=0.8275 | inv=0.0452 pct=10.85% | ||res||=0.002382
aa=0.4639 ak=0.8283 | inv=0.0452 pct=10.84% | ||res||=0.004049
aa=0.4637 ak=0.8262 | inv=0.0451 pct=10.02% | ||res||=0.076947
aa=0.4637 ak=0.8274 | inv=0.0452 pct=10.85% | ||res||=0.002349
aa=0.4636 ak=0.8269 | inv=0.0451 pct=10.00% | ||res||=0.078492
aa=0.4641 ak=0.8264 | inv=0.0451 pct=10.04% | ||res||=0.075320
aa=0.4634 ak=0.8275 | inv=0.0452 pct=10.84% | ||res||=0.002877
aa=0.4639 ak=0.8266 | inv=0.0451 pct=10.02% | ||res||=0.076880
aa=0.4637 ak=0.8270 | inv=0.0451 pct=10.86% | ||res||=0.001480
aa=0.4638 ak=0.8264 | inv=0.0451 pct=10.02% | ||res||=0.076993
aa=0.4639 ak=0.8272 | inv=0.0452 pct=10.86% | ||res||=0.002261
aa=0.4635 ak=0.8271 | inv=0.0451 pct=10.85% | ||res||=0.001378
aa=0.4640 ak=0.8265 | inv=0.0451 pct=10.88% | ||res||=0.002675
aa=0.4638 ak=0.8268 | inv=0.0451 pct=10.87% | ||res||=0.001335
aa=0.4640 ak=0.8265 | inv=0.0451 pct=10.03% | ||res||=0.075683
aa=0.4637 ak=0.8270 | inv=0.0451 pct=10.86% | ||res||=0.001532
aa=0.4637 ak=0.8269 | inv=0.0451 pct=10.00% | ||res||=0.078413
aa=0.4634 ak=0.8269 | inv=0.0451 pct=9.99% | ||res||=0.079489
aa=0.4634 ak=0.8266 | inv=0.0451 pct=9.99% | ||res||=0.079063
aa=0.4637 ak=0.8277 | inv=0.0452 pct=10.84% | ||res||=0.002521
aa=0.4635 ak=0.8270 | inv=0.0451 pct=10.85% | ||res||=0.001391
aa=0.4636 ak=0.8279 | inv=0.0452 pct=10.84% | ||res||=0.002480
aa=0.4636 ak=0.8269 | inv=0.0451 pct=10.00% | ||res||=0.078853
aa=0.4636 ak=0.8272 | inv=0.0452 pct=10.85% | ||res||=0.002115
aa=0.4640 ak=0.8275 | inv=0.0452 pct=10.86% | ||res||=0.002291
aa=0.4639 ak=0.8268 | inv=0.0451 pct=10.87% | ||res||=0.001731
aa=0.4639 ak=0.8285 | inv=0.0452 pct=10.84% | ||res||=0.003886
aa=0.4637 ak=0.8266 | inv=0.0451 pct=10.01% | ||res||=0.077629
aa=0.4636 ak=0.8272 | inv=0.0452 pct=10.85% | ||res||=0.002102
aa=0.4640 ak=0.8277 | inv=0.0452 pct=10.86% | ||res||=0.002437
aa=0.4636 ak=0.8247 | inv=0.0450 pct=10.04% | ||res||=0.074536
aa=0.4637 ak=0.8270 | inv=0.0451 pct=10.86% | ||res||=0.001498
aa=0.4636 ak=0.8268 | inv=0.0451 pct=10.00% | ||res||=0.078493
aa=0.4638 ak=0.8270 | inv=0.0451 pct=10.86% | ||res||=0.001583
aa=0.4635 ak=0.8274 | inv=0.0452 pct=10.84% | ||res||=0.002151
aa=0.4638 ak=0.8270 | inv=0.0451 pct=10.87% | ||res||=0.001691
aa=0.4639 ak=0.8268 | inv=0.0451 pct=10.87% | ||res||=0.001670
aa=0.4636 ak=0.8269 | inv=0.0451 pct=10.86% | ||res||=0.000859
aa=0.4640 ak=0.8269 | inv=0.0451 pct=10.87% | ||res||=0.002308
aa=0.4637 ak=0.8269 | inv=0.0451 pct=10.86% | ||res||=0.001006
aa=0.4639 ak=0.8290 | inv=0.0452 pct=10.83% | ||res||=0.003810
aa=0.4637 ak=0.8268 | inv=0.0451 pct=10.01% | ||res||=0.077788
aa=0.4636 ak=0.8271 | inv=0.0452 pct=10.85% | ||res||=0.002180
aa=0.4636 ak=0.8272 | inv=0.0452 pct=10.85% | ||res||=0.002132
aa=0.4638 ak=0.8290 | inv=0.0452 pct=10.82% | ||res||=0.004139
aa=0.4637 ak=0.8270 | inv=0.0451 pct=10.86% | ||res||=0.001419
aa=0.4636 ak=0.8270 | inv=0.0451 pct=10.86% | ||res||=0.000863
aa=0.4638 ak=0.8265 | inv=0.0451 pct=10.02% | ||res||=0.077201
aa=0.4637 ak=0.8269 | inv=0.0451 pct=10.86% | ||res||=0.000974
aa=0.4637 ak=0.8266 | inv=0.0451 pct=10.01% | ||res||=0.077663
aa=0.4637 ak=0.8268 | inv=0.0451 pct=10.01% | ||res||=0.077956
aa=0.4637 ak=0.8274 | inv=0.0451 pct=10.85% | ||res||=0.001947
aa=0.4635 ak=0.8273 | inv=0.0452 pct=10.84% | ||res||=0.002209
aa=0.4635 ak=0.8271 | inv=0.0452 pct=10.85% | ||res||=0.002256
aa=0.4637 ak=0.8267 | inv=0.0451 pct=10.01% | ||res||=0.077777
aa=0.4635 ak=0.8272 | inv=0.0452 pct=10.85% | ||res||=0.002186
aa=0.4636 ak=0.8269 | inv=0.0451 pct=10.86% | ||res||=0.000877
aa=0.4635 ak=0.8271 | inv=0.0451 pct=10.85% | ||res||=0.001501
aa=0.4637 ak=0.8269 | inv=0.0451 pct=10.86% | ||res||=0.000957
aa=0.4637 ak=0.8270 | inv=0.0451 pct=10.86% | ||res||=0.001411
aa=0.4637 ak=0.8268 | inv=0.0451 pct=10.00% | ||res||=0.078137
aa=0.4637 ak=0.8266 | inv=0.0451 pct=10.01% | ||res||=0.077415
aa=0.4637 ak=0.8268 | inv=0.0451 pct=10.86% | ||res||=0.001134
aa=0.4637 ak=0.8267 | inv=0.0451 pct=10.01% | ||res||=0.077925
aa=0.4638 ak=0.8265 | inv=0.0451 pct=10.02% | ||res||=0.076955
aa=0.4639 ak=0.8266 | inv=0.0451 pct=10.02% | ||res||=0.076908
aa=0.4637 ak=0.8265 | inv=0.0451 pct=10.01% | ||res||=0.077545
aa=0.4640 ak=0.8268 | inv=0.0451 pct=10.88% | ||res||=0.002249
aa=0.4637 ak=0.8267 | inv=0.0451 pct=10.01% | ||res||=0.077761
aa=0.4637 ak=0.8266 | inv=0.0451 pct=10.01% | ||res||=0.077847
aa=0.4636 ak=0.8268 | inv=0.0451 pct=10.00% | ||res||=0.078375
aa=0.4637 ak=0.8269 | inv=0.0451 pct=10.00% | ||res||=0.078255
aa=0.4634 ak=0.8271 | inv=0.0451 pct=9.99% | ||res||=0.079967
aa=0.4635 ak=0.8270 | inv=0.0451 pct=9.99% | ||res||=0.079479
aa=0.4635 ak=0.8269 | inv=0.0451 pct=10.00% | ||res||=0.078963
aa=0.4637 ak=0.8270 | inv=0.0451 pct=10.86% | ||res||=0.001380
aa=0.4637 ak=0.8269 | inv=0.0451 pct=10.86% | ||res||=0.000654
aa=0.4637 ak=0.8268 | inv=0.0451 pct=10.86% | ||res||=0.001140
aa=0.4637 ak=0.8267 | inv=0.0451 pct=10.01% | ||res||=0.077828
aa=0.4636 ak=0.8269 | inv=0.0451 pct=10.86% | ||res||=0.000862
aa=0.4635 ak=0.8271 | inv=0.0452 pct=10.85% | ||res||=0.002243
aa=0.4637 ak=0.8271 | inv=0.0452 pct=10.86% | ||res||=0.002146
aa=0.4636 ak=0.8269 | inv=0.0451 pct=10.00% | ||res||=0.078579
aa=0.4637 ak=0.8269 | inv=0.0451 pct=10.00% | ||res||=0.078325
aa=0.4637 ak=0.8270 | inv=0.0451 pct=10.86% | ||res||=0.001453
aa=0.4636 ak=0.8269 | inv=0.0451 pct=10.00% | ||res||=0.078834
aa=0.4637 ak=0.8268 | inv=0.0451 pct=10.01% | ||res||=0.078008
aa=0.4636 ak=0.8272 | inv=0.0452 pct=10.85% | ||res||=0.002129
aa=0.4637 ak=0.8269 | inv=0.0451 pct=10.00% | ||res||=0.078209
aa=0.4638 ak=0.8269 | inv=0.0451 pct=10.87% | ||res||=0.001147
aa=0.4633 ak=0.8271 | inv=0.0451 pct=9.98% | ||res||=0.080425
aa=0.4635 ak=0.8271 | inv=0.0451 pct=10.85% | ||res||=0.001490
aa=0.4636 ak=0.8272 | inv=0.0452 pct=10.85% | ||res||=0.002144
aa=0.4637 ak=0.8270 | inv=0.0451 pct=10.86% | ||res||=0.001467
aa=0.4638 ak=0.8269 | inv=0.0451 pct=10.86% | ||res||=0.001315
aa=0.4636 ak=0.8267 | inv=0.0451 pct=10.00% | ||res||=0.078246
aa=0.4637 ak=0.8270 | inv=0.0451 pct=10.86% | ||res||=0.001402
aa=0.4635 ak=0.8269 | inv=0.0451 pct=10.00% | ||res||=0.078964
aa=0.4637 ak=0.8271 | inv=0.0452 pct=10.86% | ||res||=0.002194
aa=0.4637 ak=0.8270 | inv=0.0451 pct=10.86% | ||res||=0.001414
aa=0.4636 ak=0.8271 | inv=0.0451 pct=10.85% | ||res||=0.001351
aa=0.4637 ak=0.8268 | inv=0.0451 pct=10.00% | ||res||=0.078188
aa=0.4634 ak=0.8270 | inv=0.0451 pct=9.98% | ||res||=0.079993
aa=0.4637 ak=0.8268 | inv=0.0451 pct=10.01% | ||res||=0.077951
aa=0.4635 ak=0.8272 | inv=0.0452 pct=10.85% | ||res||=0.002278
aa=0.4636 ak=0.8271 | inv=0.0451 pct=10.85% | ||res||=0.001354
aa=0.4633 ak=0.8271 | inv=0.0451 pct=9.98% | ||res||=0.080730
aa=0.4637 ak=0.8272 | inv=0.0452 pct=10.86% | ||res||=0.002075
aa=0.4636 ak=0.8269 | inv=0.0451 pct=10.86% | ||res||=0.000859
aa=0.4638 ak=0.8266 | inv=0.0451 pct=10.02% | ||res||=0.077010
aa=0.4636 ak=0.8270 | inv=0.0451 pct=10.85% | ||res||=0.001403
aa=0.4636 ak=0.8270 | inv=0.0451 pct=10.86% | ||res||=0.001409
aa=0.4636 ak=0.8268 | inv=0.0451 pct=10.00% | ||res||=0.078410
aa=0.4636 ak=0.8269 | inv=0.0451 pct=10.00% | ||res||=0.078886
aa=0.4637 ak=0.8269 | inv=0.0451 pct=10.86% | ||res||=0.000894
aa=0.4638 ak=0.8268 | inv=0.0451 pct=10.87% | ||res||=0.001191
aa=0.4636 ak=0.8270 | inv=0.0451 pct=10.85% | ||res||=0.001389
aa=0.4637 ak=0.8269 | inv=0.0451 pct=10.86% | ||res||=0.000918
aa=0.4636 ak=0.8269 | inv=0.0451 pct=10.00% | ||res||=0.078585
aa=0.4635 ak=0.8271 | inv=0.0451 pct=10.85% | ||res||=0.001438
aa=0.4637 ak=0.8269 | inv=0.0451 pct=10.86% | ||res||=0.000992
aa=0.4637 ak=0.8267 | inv=0.0451 pct=10.01% | ||res||=0.077710
aa=0.4636 ak=0.8270 | inv=0.0451 pct=10.86% | ||res||=0.001387
aa=0.4637 ak=0.8269 | inv=0.0451 pct=10.00% | ||res||=0.078305
aa=0.4637 ak=0.8270 | inv=0.0451 pct=10.86% | ||res||=0.001431
aa=0.4637 ak=0.8268 | inv=0.0451 pct=10.01% | ||res||=0.077896
aa=0.4636 ak=0.8269 | inv=0.0451 pct=10.00% | ||res||=0.078887
aa=0.4637 ak=0.8269 | inv=0.0451 pct=10.00% | ||res||=0.078388
aa=0.4637 ak=0.8269 | inv=0.0451 pct=10.86% | ||res||=0.001107
aa=0.4636 ak=0.8269 | inv=0.0451 pct=10.00% | ||res||=0.078605
aa=0.4636 ak=0.8270 | inv=0.0451 pct=10.85% | ||res||=0.001387
aa=0.4636 ak=0.8269 | inv=0.0451 pct=10.86% | ||res||=0.000888
aa=0.4637 ak=0.8269 | inv=0.0451 pct=10.86% | ||res||=0.000819
aa=0.4637 ak=0.8270 | inv=0.0451 pct=10.86% | ||res||=0.001394
aa=0.4637 ak=0.8269 | inv=0.0451 pct=10.00% | ||res||=0.078412
aa=0.4637 ak=0.8269 | inv=0.0451 pct=10.00% | ||res||=0.078344
aa=0.4638 ak=0.8268 | inv=0.0451 pct=10.01% | ||res||=0.077721
aa=0.4637 ak=0.8269 | inv=0.0451 pct=10.86% | ||res||=0.000854
aa=0.4639 ak=0.8269 | inv=0.0451 pct=10.87% | ||res||=0.001933
aa=0.4638 ak=0.8269 | inv=0.0451 pct=10.86% | ||res||=0.001639
aa=0.4637 ak=0.8269 | inv=0.0451 pct=10.86% | ||res||=0.001227
aa=0.4637 ak=0.8269 | inv=0.0451 pct=10.00% | ||res||=0.078431
aa=0.4637 ak=0.8269 | inv=0.0451 pct=10.00% | ||res||=0.078417
aa=0.4637 ak=0.8270 | inv=0.0451 pct=10.86% | ||res||=0.001383
aa=0.4637 ak=0.8269 | inv=0.0451 pct=10.00% | ||res||=0.078345
aa=0.4637 ak=0.8269 | inv=0.0451 pct=10.86% | ||res||=0.000908
aa=0.4635 ak=0.8271 | inv=0.0451 pct=10.85% | ||res||=0.001391
differential_evolution step 1: f(x)= 0.06364174262474467
differential_evolution step 2: f(x)= 0.017893210329487097
differential_evolution step 3: f(x)= 0.015856938420868032
differential_evolution step 4: f(x)= 0.015856938420868032
differential_evolution step 5: f(x)= 0.00948222098443347
differential_evolution step 6: f(x)= 0.00948222098443347
differential_evolution step 7: f(x)= 0.005029186575263728
differential_evolution step 8: f(x)= 0.005029186575263728
differential_evolution step 9: f(x)= 0.0035870901839493994
differential_evolution step 10: f(x)= 0.0026744260849567458
differential_evolution step 11: f(x)= 0.0009361656166913943
differential_evolution step 12: f(x)= 0.00029435076928134915
differential_evolution step 13: f(x)= 7.497288632005313e-05
differential_evolution step 14: f(x)= 7.497288632005313e-05
differential_evolution step 15: f(x)= 2.749319778165932e-05
differential_evolution step 16: f(x)= 2.749319778165932e-05
differential_evolution step 17: f(x)= 2.749319778165932e-05
differential_evolution step 18: f(x)= 1.4130136498566704e-05
differential_evolution step 19: f(x)= 1.4130136498566704e-05
differential_evolution step 20: f(x)= 1.4130136498566704e-05
differential_evolution step 21: f(x)= 1.4130136498566704e-05
differential_evolution step 22: f(x)= 8.926376164862789e-06
differential_evolution step 23: f(x)= 8.926376164862789e-06
differential_evolution step 24: f(x)= 5.820865158844449e-06
differential_evolution step 25: f(x)= 4.321823587681852e-06
differential_evolution step 26: f(x)= 4.321823587681852e-06
differential_evolution step 27: f(x)= 3.1603130531491962e-06
differential_evolution step 28: f(x)= 5.847578425994768e-07
differential_evolution step 29: f(x)= 5.847578425994768e-07
differential_evolution step 30: f(x)= 5.847578425994768e-07
differential_evolution step 31: f(x)= 5.847578425994768e-07
differential_evolution step 32: f(x)= 5.847578425994768e-07
differential_evolution step 33: f(x)= 5.847578425994768e-07
differential_evolution step 34: f(x)= 5.847578425994768e-07
differential_evolution step 35: f(x)= 4.2768603539976536e-07
differential_evolution step 36: f(x)= 4.2768603539976536e-07
differential_evolution step 37: f(x)= 4.2768603539976536e-07
differential_evolution step 38: f(x)= 4.2768603539976536e-07
aa=0.1727 ak=0.8058 | inv=0.0415 pct=5.74% | ||res||=0.477696
aa=0.1814 ak=0.8058 | inv=0.0415 pct=5.74% | ||res||=0.477651
aa=0.1727 ak=0.8461 | inv=0.0434 pct=5.74% | ||res||=0.472465
aa=0.1814 ak=0.8461 | inv=0.0436 pct=5.74% | ||res||=0.472239
