
Fixed structural parameters:
  gamma_k     = 0.112077
  gamma_l     = 0.855870
  rho         = 0.815675
  sigma_eps   = 0.038731
  sigma_fixed = 3.147246  (base period, from structural_parameters)
  exit_rate   = 0.057326

Loaded calibrated params from /gpfs/projects/p32386/Demand_Shifting/data/calibrated_investment_params.csv:
  alpha_a = 0.463670
  alpha_k = 0.826898

Loaded pct_neg by year: 40 years (1980-2019)

Normalization: sigma_0 = 3.147246  (base period)

============================================================
Sigma path inversion: year-by-year brentq on pct_neg
  alpha_a = 0.463670  alpha_k = 0.826898
  sigma_0 = 3.147246  (base period, fixed from structural_parameters)
============================================================
Numba JIT warmup — compiling @njit functions on tiny 3x3x3 grid...
Numba JIT warmup complete.

Running sigma-path inversion on 52 cores (40 years)...
  [1999] sigma=2.0000 -> pct_neg=14.2508%, target=30.3493
  [1989] sigma=2.0000 -> pct_neg=14.2508%, target=21.1731
  [1998] sigma=2.0000 -> pct_neg=14.2508%, target=28.8932
  [1993] sigma=2.0000 -> pct_neg=14.2508%, target=19.7887
  [1991] sigma=2.0000 -> pct_neg=14.2508%, target=20.6702
  [1986] sigma=2.0000 -> pct_neg=14.2508%, target=25.2050
  [1992] sigma=2.0000 -> pct_neg=14.2508%, target=18.7890
  [2000] sigma=2.0000 -> pct_neg=14.2508%, target=31.9156
  [2017] sigma=2.0000 -> pct_neg=14.2508%, target=25.5001
  [1998] sigma=15.0000 -> pct_neg=5.7326%, target=28.8932
  [WARN] brentq failed for year 1998: f(a) and f(b) must have different signs  — using sigma_0 = 3.147246
  [1993] sigma=15.0000 -> pct_neg=5.7326%, target=19.7887
  [WARN] brentq failed for year 1993: f(a) and f(b) must have different signs  — using sigma_0 = 3.147246
  [1992] sigma=15.0000 -> pct_neg=5.7326%, target=18.7890
  [WARN] brentq failed for year 1992: f(a) and f(b) must have different signs  — using sigma_0 = 3.147246
  [1999] sigma=15.0000 -> pct_neg=5.7326%, target=30.3493
  [WARN] brentq failed for year 1999: f(a) and f(b) must have different signs  — using sigma_0 = 3.147246
  [1991] sigma=15.0000 -> pct_neg=5.7326%, target=20.6702
  [WARN] brentq failed for year 1991: f(a) and f(b) must have different signs  — using sigma_0 = 3.147246
  [2000] sigma=15.0000 -> pct_neg=5.7326%, target=31.9156
  [WARN] brentq failed for year 2000: f(a) and f(b) must have different signs  — using sigma_0 = 3.147246
  [1986] sigma=15.0000 -> pct_neg=5.7326%, target=25.2050
  [WARN] brentq failed for year 1986: f(a) and f(b) must have different signs  — using sigma_0 = 3.147246
  [2017] sigma=15.0000 -> pct_neg=5.7326%, target=25.5001
  [WARN] brentq failed for year 2017: f(a) and f(b) must have different signs  — using sigma_0 = 3.147246
  [1989] sigma=15.0000 -> pct_neg=5.7326%, target=21.1731
  [WARN] brentq failed for year 1989: f(a) and f(b) must have different signs  — using sigma_0 = 3.147246
  [2008] sigma=2.0000 -> pct_neg=14.2508%, target=24.7081
  [2006] sigma=2.0000 -> pct_neg=14.2508%, target=23.9826
  [2010] sigma=2.0000 -> pct_neg=14.2508%, target=20.0178
  [1982] sigma=2.0000 -> pct_neg=14.2508%, target=19.1311
  [1984] sigma=2.0000 -> pct_neg=14.2508%, target=19.7857
  [1995] sigma=2.0000 -> pct_neg=14.2508%, target=20.6513
  [2002] sigma=2.0000 -> pct_neg=14.2508%, target=29.5423
  [2012] sigma=2.0000 -> pct_neg=14.2508%, target=23.4701
  [2004] sigma=2.0000 -> pct_neg=14.2508%, target=23.2061
  [2019] sigma=2.0000 -> pct_neg=14.2508%, target=28.0429
  [1981] sigma=2.0000 -> pct_neg=14.2508%, target=12.6357
  [2007] sigma=2.0000 -> pct_neg=14.2508%, target=24.3064
  [2009] sigma=2.0000 -> pct_neg=14.2508%, target=24.0632
  [2014] sigma=2.0000 -> pct_neg=14.2508%, target=25.4821
  [2001] sigma=2.0000 -> pct_neg=14.2508%, target=32.9952
  [2018] sigma=2.0000 -> pct_neg=14.2508%, target=26.0543
  [2005] sigma=2.0000 -> pct_neg=14.2508%, target=23.4925
  [2013] sigma=2.0000 -> pct_neg=14.2508%, target=25.2620
  [2011] sigma=2.0000 -> pct_neg=14.2508%, target=20.0908
  [1996] sigma=2.0000 -> pct_neg=14.2508%, target=21.9958
  [2003] sigma=2.0000 -> pct_neg=14.2508%, target=25.0271
  [2015] sigma=2.0000 -> pct_neg=14.2508%, target=28.2410
  [2016] sigma=2.0000 -> pct_neg=14.2508%, target=27.2456
  [1994] sigma=2.0000 -> pct_neg=14.2508%, target=19.2458
  [1985] sigma=2.0000 -> pct_neg=14.2508%, target=23.2240
  [1997] sigma=2.0000 -> pct_neg=14.2508%, target=23.9137
  [1987] sigma=2.0000 -> pct_neg=14.2508%, target=23.0769
  [1990] sigma=2.0000 -> pct_neg=14.2508%, target=20.9516
  [1983] sigma=2.0000 -> pct_neg=14.2508%, target=19.8534
  [1988] sigma=2.0000 -> pct_neg=14.2508%, target=22.1420
  [2008] sigma=15.0000 -> pct_neg=5.7326%, target=24.7081
  [WARN] brentq failed for year 2008: f(a) and f(b) must have different signs  — using sigma_0 = 3.147246
  [2010] sigma=15.0000 -> pct_neg=5.7326%, target=20.0178
  [WARN] brentq failed for year 2010: f(a) and f(b) must have different signs  — using sigma_0 = 3.147246
  [1982] sigma=15.0000 -> pct_neg=5.7326%, target=19.1311
  [WARN] brentq failed for year 1982: f(a) and f(b) must have different signs  — using sigma_0 = 3.147246
  [2004] sigma=15.0000 -> pct_neg=5.7326%, target=23.2061
  [WARN] brentq failed for year 2004: f(a) and f(b) must have different signs  — using sigma_0 = 3.147246
  [1981] sigma=15.0000 -> pct_neg=5.7326%, target=12.6357
  [2007] sigma=15.0000 -> pct_neg=5.7326%, target=24.3064
  [WARN] brentq failed for year 2007: f(a) and f(b) must have different signs  — using sigma_0 = 3.147246
  [2019] sigma=15.0000 -> pct_neg=5.7326%, target=28.0429
  [WARN] brentq failed for year 2019: f(a) and f(b) must have different signs  — using sigma_0 = 3.147246
  [2009] sigma=15.0000 -> pct_neg=5.7326%, target=24.0632
  [WARN] brentq failed for year 2009: f(a) and f(b) must have different signs  — using sigma_0 = 3.147246
  [2014] sigma=15.0000 -> pct_neg=5.7326%, target=25.4821
  [WARN] brentq failed for year 2014: f(a) and f(b) must have different signs  — using sigma_0 = 3.147246
  [2006] sigma=15.0000 -> pct_neg=5.7326%, target=23.9826
  [WARN] brentq failed for year 2006: f(a) and f(b) must have different signs  — using sigma_0 = 3.147246
  [2002] sigma=15.0000 -> pct_neg=5.7326%, target=29.5423
  [WARN] brentq failed for year 2002: f(a) and f(b) must have different signs  — using sigma_0 = 3.147246
  [2012] sigma=15.0000 -> pct_neg=5.7326%, target=23.4701
  [WARN] brentq failed for year 2012: f(a) and f(b) must have different signs  — using sigma_0 = 3.147246
  [1984] sigma=15.0000 -> pct_neg=5.7326%, target=19.7857
  [WARN] brentq failed for year 1984: f(a) and f(b) must have different signs  — using sigma_0 = 3.147246
  [1995] sigma=15.0000 -> pct_neg=5.7326%, target=20.6513
  [WARN] brentq failed for year 1995: f(a) and f(b) must have different signs  — using sigma_0 = 3.147246
  [1987] sigma=15.0000 -> pct_neg=5.7326%, target=23.0769
  [WARN] brentq failed for year 1987: f(a) and f(b) must have different signs  — using sigma_0 = 3.147246
  [2011] sigma=15.0000 -> pct_neg=5.7326%, target=20.0908
  [WARN] brentq failed for year 2011: f(a) and f(b) must have different signs  — using sigma_0 = 3.147246
  [2001] sigma=15.0000 -> pct_neg=5.7326%, target=32.9952
  [WARN] brentq failed for year 2001: f(a) and f(b) must have different signs  — using sigma_0 = 3.147246
  [1996] sigma=15.0000 -> pct_neg=5.7326%, target=21.9958
  [WARN] brentq failed for year 1996: f(a) and f(b) must have different signs  — using sigma_0 = 3.147246
  [2005] sigma=15.0000 -> pct_neg=5.7326%, target=23.4925
  [WARN] brentq failed for year 2005: f(a) and f(b) must have different signs  — using sigma_0 = 3.147246
  [2015] sigma=15.0000 -> pct_neg=5.7326%, target=28.2410
  [WARN] brentq failed for year 2015: f(a) and f(b) must have different signs  — using sigma_0 = 3.147246
  [2013] sigma=15.0000 -> pct_neg=5.7326%, target=25.2620
  [WARN] brentq failed for year 2013: f(a) and f(b) must have different signs  — using sigma_0 = 3.147246
  [2018] sigma=15.0000 -> pct_neg=5.7326%, target=26.0543
  [WARN] brentq failed for year 2018: f(a) and f(b) must have different signs  — using sigma_0 = 3.147246
  [1990] sigma=15.0000 -> pct_neg=5.7326%, target=20.9516
  [WARN] brentq failed for year 1990: f(a) and f(b) must have different signs  — using sigma_0 = 3.147246
  [2016] sigma=15.0000 -> pct_neg=5.7326%, target=27.2456
  [WARN] brentq failed for year 2016: f(a) and f(b) must have different signs  — using sigma_0 = 3.147246
  [1994] sigma=15.0000 -> pct_neg=5.7326%, target=19.2458
  [WARN] brentq failed for year 1994: f(a) and f(b) must have different signs  — using sigma_0 = 3.147246
  [1985] sigma=15.0000 -> pct_neg=5.7326%, target=23.2240
  [WARN] brentq failed for year 1985: f(a) and f(b) must have different signs  — using sigma_0 = 3.147246
  [1997] sigma=15.0000 -> pct_neg=5.7326%, target=23.9137
  [WARN] brentq failed for year 1997: f(a) and f(b) must have different signs  — using sigma_0 = 3.147246
  [1983] sigma=15.0000 -> pct_neg=5.7326%, target=19.8534
  [WARN] brentq failed for year 1983: f(a) and f(b) must have different signs  — using sigma_0 = 3.147246
  [2003] sigma=15.0000 -> pct_neg=5.7326%, target=25.0271
  [WARN] brentq failed for year 2003: f(a) and f(b) must have different signs  — using sigma_0 = 3.147246
  [1981] sigma=4.4649 -> pct_neg=6.8427%, target=12.6357
  [1988] sigma=15.0000 -> pct_neg=5.7326%, target=22.1420
  [WARN] brentq failed for year 1988: f(a) and f(b) must have different signs  — using sigma_0 = 3.147246
  [1981] sigma=2.5374 -> pct_neg=13.1424%, target=12.6357
  [1981] sigma=2.7633 -> pct_neg=12.9781%, target=12.6357
  [1981] sigma=3.6141 -> pct_neg=7.6824%, target=12.6357
  [1981] sigma=2.8183 -> pct_neg=11.8593%, target=12.6357
